#
# A fatal error has been detected by the Java Runtime Environment:
#
#  EXCEPTION_ACCESS_VIOLATION (0xc0000005) at pc=0x00007ffb44b55bb6, pid=17108, tid=8776
#
# JRE version: OpenJDK Runtime Environment Corretto-11.0.14.10.1 (11.0.14.1+10) (build 11.0.14.1+10-LTS)
# Java VM: OpenJDK 64-Bit Server VM Corretto-11.0.14.10.1 (11.0.14.1+10-LTS, mixed mode, tiered, compressed oops, g1 gc, windows-amd64)
# Problematic frame:
# C  [ntdll.dll+0x25bb6]
#
# No core dump will be written. Minidumps are not enabled by default on client versions of Windows
#
# If you would like to submit a bug report, please visit:
#   https://github.com/corretto/corretto-11/issues/
# The crash happened outside the Java Virtual Machine in native code.
# See problematic frame for where to report the bug.
#

---------------  S U M M A R Y ------------

Command Line: -Dfile.encoding=windows-1252 -Duser.country=US -Duser.language=en -Duser.variant Main

Host: Intel(R) Core(TM) i7-9750H CPU @ 2.60GHz, 12 cores, 31G,  Windows 10 , 64 bit Build 19041 (10.0.19041.1706)
Time: Tue May 24 23:55:59 2022 GTB Daylight Time elapsed time: 47.532523 seconds (0d 0h 0m 47s)

---------------  T H R E A D  ---------------

Current thread (0x000002459dc3c800):  JavaThread "main" [_thread_in_native, id=8776, stack(0x00000095ad400000,0x00000095ad500000)]

Stack: [0x00000095ad400000,0x00000095ad500000],  sp=0x00000095ad4fee00,  free space=1019k
Native frames: (J=compiled Java code, j=interpreted, Vv=VM code, C=native code)
C  [ntdll.dll+0x25bb6]
C  [ntdll.dll+0x247b1]
C  [lwjgl.dll+0x325e4]

Java frames: (J=compiled Java code, j=interpreted, Vv=VM code)
j  org.lwjgl.system.libc.LibCStdlib.nfree(J)V+0
j  org.lwjgl.system.MemoryManage$StdlibAllocator.free(J)V+1
j  org.lwjgl.system.MemoryUtil.nmemFree(J)V+4
j  org.lwjgl.system.MemoryUtil.memFree(Ljava/nio/Buffer;)V+14
j  Managers.Renderer.Clear()V+18
j  game.Game.run()V+593
j  Main.main([Ljava/lang/String;)V+17
v  ~StubRoutines::call_stub

siginfo: EXCEPTION_ACCESS_VIOLATION (0xc0000005), reading address 0x00000245cef9ffff


Register to memory mapping:

RIP=0x00007ffb44b55bb6 ntdll.dll
RAX=0x0 is NULL
RBX=0x000002459c0f0000 points into unknown readable memory: 0x0000000000000000 | 00 00 00 00 00 00 00 00
RCX=0x000002459c0f0000 points into unknown readable memory: 0x0000000000000000 | 00 00 00 00 00 00 00 00
RDX=0x00000245cefa0000 points into unknown readable memory: 0xba360b613b19999a | 9a 99 19 3b 61 0b 36 ba
RSP=0x00000095ad4fee00 is pointing into the stack for thread: 0x000002459dc3c800
RBP=0x0 is NULL
RSI=0x000002459c0f0000 points into unknown readable memory: 0x0000000000000000 | 00 00 00 00 00 00 00 00
RDI=0x0 is NULL
R8 =0x0 is NULL
R9 =0x0 is NULL
R10=0x00000245a638f748 is at code_begin+1000 in an Interpreter codelet
method entry point (kind = native)  [0x00000245a638f360, 0x00000245a638fe00]  2720 bytes
R11=0x00000006219d07c8 is an oop: java.lang.Class 
{0x00000006219d07c8} - klass: 'java/lang/Class'
R12=0x0 is NULL
R13=0x00000245cefa0000 points into unknown readable memory: 0xba360b613b19999a | 9a 99 19 3b 61 0b 36 ba
R14=0x00000245cef9fff0 is an unknown value
R15=0x000002459dc3c800 is a thread


Registers:
RAX=0x0000000000000000, RBX=0x000002459c0f0000, RCX=0x000002459c0f0000, RDX=0x00000245cefa0000
RSP=0x00000095ad4fee00, RBP=0x0000000000000000, RSI=0x000002459c0f0000, RDI=0x0000000000000000
R8 =0x0000000000000000, R9 =0x0000000000000000, R10=0x00000245a638f748, R11=0x00000006219d07c8
R12=0x0000000000000000, R13=0x00000245cefa0000, R14=0x00000245cef9fff0, R15=0x000002459dc3c800
RIP=0x00007ffb44b55bb6, EFLAGS=0x0000000000010246

Top of Stack: (sp=0x00000095ad4fee00)
0x00000095ad4fee00:   000002459dc3c800 00000000000000b6
0x00000095ad4fee10:   00000008000c0a98 00000095ad4ff170
0x00000095ad4fee20:   0000000000000000 00000245d5295be8
0x00000095ad4fee30:   000002459dc3c800 00007ffae4daeac4
0x00000095ad4fee40:   00000245d5295be8 0000000000001000
0x00000095ad4fee50:   00000095ad4fef80 000002459dc3c800
0x00000095ad4fee60:   000002459dc30a00 0000000000000000
0x00000095ad4fee70:   0000000000001000 00007ffae4ed7ca8
0x00000095ad4fee80:   00000245cc22d608 00000095ad4ff170
0x00000095ad4fee90:   000002459dc3c800 00000095ad4fefd8
0x00000095ad4feea0:   00000245cc3e55b0 0000000000000000
0x00000095ad4feeb0:   00000245cefa0000 00007ffb44b547b1
0x00000095ad4feec0:   000000009dc30a00 000002459c0f0000
0x00000095ad4feed0:   00000095ad4fefb0 0000000000000000
0x00000095ad4feee0:   0000000000000000 0000000800000000
0x00000095ad4feef0:   0000000000000042 00007ffaecdf25e4 

Instructions: (pc=0x00007ffb44b55bb6)
0x00007ffb44b55ab6:   85 c0 0f 85 03 0e 08 00 b9 80 03 fe 7f 40 38 39
0x00007ffb44b55ac6:   0f 84 2f fe ff ff e9 0c 0e 08 00 45 33 c0 48 8b
0x00007ffb44b55ad6:   d3 49 8b ce e8 c1 0e fe ff e8 6c ed ff ff 85 c0
0x00007ffb44b55ae6:   0f 85 9b 0e 08 00 b9 80 03 fe 7f 40 38 39 0f 84
0x00007ffb44b55af6:   01 fe ff ff e9 a4 0e 08 00 41 b8 02 00 00 00 e9
0x00007ffb44b55b06:   60 fc ff ff f7 41 74 00 00 00 01 75 4e f6 41 78
0x00007ffb44b55b16:   01 0f 85 2d 0f 08 00 41 f6 c5 0f 0f 84 87 00 00
0x00007ffb44b55b26:   00 45 33 c9 48 89 7c 24 28 4d 8b c5 48 89 7c 24
0x00007ffb44b55b36:   20 48 8b d6 41 8d 49 09 e8 79 83 0e 00 4d 85 f6
0x00007ffb44b55b46:   0f 84 0b 0f 08 00 41 80 7d ff 05 0f 84 31 0f 08
0x00007ffb44b55b56:   00 41 38 7e 0f 0f 8c 96 10 08 00 8b d5 4d 8b cd
0x00007ffb44b55b66:   83 ca 02 4d 8b c6 48 8b ce e8 8c 00 00 00 44 0f
0x00007ffb44b55b76:   b6 f8 84 c0 0f 84 9b fd ff ff 48 8b 84 24 e0 00
0x00007ffb44b55b86:   00 00 48 85 c0 74 03 66 89 38 4d 85 e4 74 04 49
0x00007ffb44b55b96:   89 3c 24 48 8b ce e8 7f ec ff ff 85 c0 0f 84 72
0x00007ffb44b55ba6:   fd ff ff e9 9a 15 08 00 4c 8d 72 f0 41 0f 0d 0e
0x00007ffb44b55bb6:   41 80 7e 0f 05 75 0c 41 0f b6 46 0e 48 c1 e0 04
0x00007ffb44b55bc6:   4c 2b f0 41 f6 46 0f 3f 0f 85 6f ff ff ff 45 33
0x00007ffb44b55bd6:   c9 48 89 7c 24 28 4d 8b c6 48 89 7c 24 20 48 8b
0x00007ffb44b55be6:   d6 41 8d 49 08 e8 cc 82 0e 00 4c 8b f7 e9 4b ff
0x00007ffb44b55bf6:   ff ff cc cc cc cc cc cc cc cc 48 89 5c 24 10 48
0x00007ffb44b55c06:   89 74 24 20 4c 89 44 24 18 48 89 4c 24 08 57 41
0x00007ffb44b55c16:   54 41 55 41 56 41 57 48 81 ec 80 01 00 00 4d 8b
0x00007ffb44b55c26:   f8 8b fa 48 8b d9 41 b4 01 44 88 64 24 41 c6 44
0x00007ffb44b55c36:   24 40 00 c7 44 24 74 01 00 00 00 45 33 ed 4c 89
0x00007ffb44b55c46:   ac 24 88 00 00 00 66 44 89 6c 24 44 49 3b c8 75
0x00007ffb44b55c56:   39 4c 89 6c 24 28 4c 89 6c 24 20 45 33 c9 48 8b
0x00007ffb44b55c66:   d1 41 8d 4d 09 e8 4c 82 0e 00 33 c0 4c 8d 9c 24
0x00007ffb44b55c76:   80 01 00 00 49 8b 5b 38 49 8b 73 48 49 8b e3 41
0x00007ffb44b55c86:   5f 41 5e 41 5d 41 5c 5f c3 cc 0b 79 74 f7 c7 60
0x00007ffb44b55c96:   0f 01 7d 74 28 45 32 e4 44 88 64 24 41 41 b8 04
0x00007ffb44b55ca6:   00 00 00 f7 c7 00 00 00 61 74 18 0f ba e7 1c 72 


Stack slot to memory mapping:
stack at sp + 0 slots: 0x000002459dc3c800 is a thread
stack at sp + 1 slots: 0x00000000000000b6 is an unknown value
stack at sp + 2 slots: 0x00000008000c0a98 is a pointer to class: 
Managers.Renderer {0x00000008000c0aa0}
stack at sp + 3 slots: 0x00000095ad4ff170 is pointing into the stack for thread: 0x000002459dc3c800
stack at sp + 4 slots: 0x0 is NULL
stack at sp + 5 slots: 0x00000245d5295be8 is pointing into metadata
stack at sp + 6 slots: 0x000002459dc3c800 is a thread
stack at sp + 7 slots: 0x00007ffae4daeac4 jvm.dll


---------------  P R O C E S S  ---------------

Threads class SMR info:
_java_thread_list=0x00000245ccf2e560, length=10, elements={
0x000002459dc3c800, 0x00000245cc63f000, 0x00000245cc648000, 0x00000245cc69b800,
0x00000245cc69d800, 0x00000245cc69e800, 0x00000245cc6ac800, 0x00000245cc6bc000,
0x00000245cc6c0000, 0x00000245cc833800
}

Java Threads: ( => current thread )
=>0x000002459dc3c800 JavaThread "main" [_thread_in_native, id=8776, stack(0x00000095ad400000,0x00000095ad500000)]
  0x00000245cc63f000 JavaThread "Reference Handler" daemon [_thread_blocked, id=13740, stack(0x00000095adb00000,0x00000095adc00000)]
  0x00000245cc648000 JavaThread "Finalizer" daemon [_thread_blocked, id=13892, stack(0x00000095adc00000,0x00000095add00000)]
  0x00000245cc69b800 JavaThread "Signal Dispatcher" daemon [_thread_blocked, id=10168, stack(0x00000095add00000,0x00000095ade00000)]
  0x00000245cc69d800 JavaThread "Attach Listener" daemon [_thread_blocked, id=16668, stack(0x00000095ade00000,0x00000095adf00000)]
  0x00000245cc69e800 JavaThread "Service Thread" daemon [_thread_blocked, id=12888, stack(0x00000095adf00000,0x00000095ae000000)]
  0x00000245cc6ac800 JavaThread "C2 CompilerThread0" daemon [_thread_blocked, id=2660, stack(0x00000095ae000000,0x00000095ae100000)]
  0x00000245cc6bc000 JavaThread "C1 CompilerThread0" daemon [_thread_blocked, id=1144, stack(0x00000095ae100000,0x00000095ae200000)]
  0x00000245cc6c0000 JavaThread "Sweeper thread" daemon [_thread_blocked, id=14192, stack(0x00000095ae200000,0x00000095ae300000)]
  0x00000245cc833800 JavaThread "Common-Cleaner" daemon [_thread_blocked, id=9496, stack(0x00000095ae400000,0x00000095ae500000)]

Other Threads:
  0x00000245cc61b000 VMThread "VM Thread" [stack: 0x00000095ada00000,0x00000095adb00000] [id=1236]
  0x00000245cc81e000 WatcherThread [stack: 0x00000095ae300000,0x00000095ae400000] [id=4172]
  0x000002459dc55000 GCTaskThread "GC Thread#0" [stack: 0x00000095ad500000,0x00000095ad600000] [id=10048]
  0x000002459dcd5800 ConcurrentGCThread "G1 Main Marker" [stack: 0x00000095ad600000,0x00000095ad700000] [id=3228]
  0x000002459dcd7000 ConcurrentGCThread "G1 Conc#0" [stack: 0x00000095ad700000,0x00000095ad800000] [id=5924]
  0x00000245cbc7b000 ConcurrentGCThread "G1 Refine#0" [stack: 0x00000095ad800000,0x00000095ad900000] [id=7012]
  0x00000245cbc7e000 ConcurrentGCThread "G1 Young RemSet Sampling" [stack: 0x00000095ad900000,0x00000095ada00000] [id=9824]

Threads with active compile tasks:

VM state:not at safepoint (normal execution)

VM Mutex/Monitor currently owned by a thread: None

Heap address: 0x0000000601e00000, size: 8162 MB, Compressed Oops mode: Zero based, Oop shift amount: 3
Narrow klass base: 0x0000000800000000, Narrow klass shift: 0
Compressed class space size: 1073741824 Address: 0x0000000800000000

Heap:
 garbage-first heap   total 524288K, used 14336K [0x0000000601e00000, 0x0000000800000000)
  region size 2048K, 9 young (18432K), 0 survivors (0K)
 Metaspace       used 12801K, capacity 13090K, committed 13184K, reserved 1060864K
  class space    used 1018K, capacity 1115K, committed 1152K, reserved 1048576K
Heap Regions: E=young(eden), S=young(survivor), O=old, HS=humongous(starts), HC=humongous(continues), CS=collection set, F=free, A=archive, TAMS=top-at-mark-start (previous, next)
|   0|0x0000000601e00000, 0x0000000601e00000, 0x0000000602000000|  0%| F|  |TAMS 0x0000000601e00000, 0x0000000601e00000| Untracked 
|   1|0x0000000602000000, 0x0000000602000000, 0x0000000602200000|  0%| F|  |TAMS 0x0000000602000000, 0x0000000602000000| Untracked 
|   2|0x0000000602200000, 0x0000000602200000, 0x0000000602400000|  0%| F|  |TAMS 0x0000000602200000, 0x0000000602200000| Untracked 
|   3|0x0000000602400000, 0x0000000602400000, 0x0000000602600000|  0%| F|  |TAMS 0x0000000602400000, 0x0000000602400000| Untracked 
|   4|0x0000000602600000, 0x0000000602600000, 0x0000000602800000|  0%| F|  |TAMS 0x0000000602600000, 0x0000000602600000| Untracked 
|   5|0x0000000602800000, 0x0000000602800000, 0x0000000602a00000|  0%| F|  |TAMS 0x0000000602800000, 0x0000000602800000| Untracked 
|   6|0x0000000602a00000, 0x0000000602a00000, 0x0000000602c00000|  0%| F|  |TAMS 0x0000000602a00000, 0x0000000602a00000| Untracked 
|   7|0x0000000602c00000, 0x0000000602c00000, 0x0000000602e00000|  0%| F|  |TAMS 0x0000000602c00000, 0x0000000602c00000| Untracked 
|   8|0x0000000602e00000, 0x0000000602e00000, 0x0000000603000000|  0%| F|  |TAMS 0x0000000602e00000, 0x0000000602e00000| Untracked 
|   9|0x0000000603000000, 0x0000000603000000, 0x0000000603200000|  0%| F|  |TAMS 0x0000000603000000, 0x0000000603000000| Untracked 
|  10|0x0000000603200000, 0x0000000603200000, 0x0000000603400000|  0%| F|  |TAMS 0x0000000603200000, 0x0000000603200000| Untracked 
|  11|0x0000000603400000, 0x0000000603400000, 0x0000000603600000|  0%| F|  |TAMS 0x0000000603400000, 0x0000000603400000| Untracked 
|  12|0x0000000603600000, 0x0000000603600000, 0x0000000603800000|  0%| F|  |TAMS 0x0000000603600000, 0x0000000603600000| Untracked 
|  13|0x0000000603800000, 0x0000000603800000, 0x0000000603a00000|  0%| F|  |TAMS 0x0000000603800000, 0x0000000603800000| Untracked 
|  14|0x0000000603a00000, 0x0000000603a00000, 0x0000000603c00000|  0%| F|  |TAMS 0x0000000603a00000, 0x0000000603a00000| Untracked 
|  15|0x0000000603c00000, 0x0000000603c00000, 0x0000000603e00000|  0%| F|  |TAMS 0x0000000603c00000, 0x0000000603c00000| Untracked 
|  16|0x0000000603e00000, 0x0000000603e00000, 0x0000000604000000|  0%| F|  |TAMS 0x0000000603e00000, 0x0000000603e00000| Untracked 
|  17|0x0000000604000000, 0x0000000604000000, 0x0000000604200000|  0%| F|  |TAMS 0x0000000604000000, 0x0000000604000000| Untracked 
|  18|0x0000000604200000, 0x0000000604200000, 0x0000000604400000|  0%| F|  |TAMS 0x0000000604200000, 0x0000000604200000| Untracked 
|  19|0x0000000604400000, 0x0000000604400000, 0x0000000604600000|  0%| F|  |TAMS 0x0000000604400000, 0x0000000604400000| Untracked 
|  20|0x0000000604600000, 0x0000000604600000, 0x0000000604800000|  0%| F|  |TAMS 0x0000000604600000, 0x0000000604600000| Untracked 
|  21|0x0000000604800000, 0x0000000604800000, 0x0000000604a00000|  0%| F|  |TAMS 0x0000000604800000, 0x0000000604800000| Untracked 
|  22|0x0000000604a00000, 0x0000000604a00000, 0x0000000604c00000|  0%| F|  |TAMS 0x0000000604a00000, 0x0000000604a00000| Untracked 
|  23|0x0000000604c00000, 0x0000000604c00000, 0x0000000604e00000|  0%| F|  |TAMS 0x0000000604c00000, 0x0000000604c00000| Untracked 
|  24|0x0000000604e00000, 0x0000000604e00000, 0x0000000605000000|  0%| F|  |TAMS 0x0000000604e00000, 0x0000000604e00000| Untracked 
|  25|0x0000000605000000, 0x0000000605000000, 0x0000000605200000|  0%| F|  |TAMS 0x0000000605000000, 0x0000000605000000| Untracked 
|  26|0x0000000605200000, 0x0000000605200000, 0x0000000605400000|  0%| F|  |TAMS 0x0000000605200000, 0x0000000605200000| Untracked 
|  27|0x0000000605400000, 0x0000000605400000, 0x0000000605600000|  0%| F|  |TAMS 0x0000000605400000, 0x0000000605400000| Untracked 
|  28|0x0000000605600000, 0x0000000605600000, 0x0000000605800000|  0%| F|  |TAMS 0x0000000605600000, 0x0000000605600000| Untracked 
|  29|0x0000000605800000, 0x0000000605800000, 0x0000000605a00000|  0%| F|  |TAMS 0x0000000605800000, 0x0000000605800000| Untracked 
|  30|0x0000000605a00000, 0x0000000605a00000, 0x0000000605c00000|  0%| F|  |TAMS 0x0000000605a00000, 0x0000000605a00000| Untracked 
|  31|0x0000000605c00000, 0x0000000605c00000, 0x0000000605e00000|  0%| F|  |TAMS 0x0000000605c00000, 0x0000000605c00000| Untracked 
|  32|0x0000000605e00000, 0x0000000605e00000, 0x0000000606000000|  0%| F|  |TAMS 0x0000000605e00000, 0x0000000605e00000| Untracked 
|  33|0x0000000606000000, 0x0000000606000000, 0x0000000606200000|  0%| F|  |TAMS 0x0000000606000000, 0x0000000606000000| Untracked 
|  34|0x0000000606200000, 0x0000000606200000, 0x0000000606400000|  0%| F|  |TAMS 0x0000000606200000, 0x0000000606200000| Untracked 
|  35|0x0000000606400000, 0x0000000606400000, 0x0000000606600000|  0%| F|  |TAMS 0x0000000606400000, 0x0000000606400000| Untracked 
|  36|0x0000000606600000, 0x0000000606600000, 0x0000000606800000|  0%| F|  |TAMS 0x0000000606600000, 0x0000000606600000| Untracked 
|  37|0x0000000606800000, 0x0000000606800000, 0x0000000606a00000|  0%| F|  |TAMS 0x0000000606800000, 0x0000000606800000| Untracked 
|  38|0x0000000606a00000, 0x0000000606a00000, 0x0000000606c00000|  0%| F|  |TAMS 0x0000000606a00000, 0x0000000606a00000| Untracked 
|  39|0x0000000606c00000, 0x0000000606c00000, 0x0000000606e00000|  0%| F|  |TAMS 0x0000000606c00000, 0x0000000606c00000| Untracked 
|  40|0x0000000606e00000, 0x0000000606e00000, 0x0000000607000000|  0%| F|  |TAMS 0x0000000606e00000, 0x0000000606e00000| Untracked 
|  41|0x0000000607000000, 0x0000000607000000, 0x0000000607200000|  0%| F|  |TAMS 0x0000000607000000, 0x0000000607000000| Untracked 
|  42|0x0000000607200000, 0x0000000607200000, 0x0000000607400000|  0%| F|  |TAMS 0x0000000607200000, 0x0000000607200000| Untracked 
|  43|0x0000000607400000, 0x0000000607400000, 0x0000000607600000|  0%| F|  |TAMS 0x0000000607400000, 0x0000000607400000| Untracked 
|  44|0x0000000607600000, 0x0000000607600000, 0x0000000607800000|  0%| F|  |TAMS 0x0000000607600000, 0x0000000607600000| Untracked 
|  45|0x0000000607800000, 0x0000000607800000, 0x0000000607a00000|  0%| F|  |TAMS 0x0000000607800000, 0x0000000607800000| Untracked 
|  46|0x0000000607a00000, 0x0000000607a00000, 0x0000000607c00000|  0%| F|  |TAMS 0x0000000607a00000, 0x0000000607a00000| Untracked 
|  47|0x0000000607c00000, 0x0000000607c00000, 0x0000000607e00000|  0%| F|  |TAMS 0x0000000607c00000, 0x0000000607c00000| Untracked 
|  48|0x0000000607e00000, 0x0000000607e00000, 0x0000000608000000|  0%| F|  |TAMS 0x0000000607e00000, 0x0000000607e00000| Untracked 
|  49|0x0000000608000000, 0x0000000608000000, 0x0000000608200000|  0%| F|  |TAMS 0x0000000608000000, 0x0000000608000000| Untracked 
|  50|0x0000000608200000, 0x0000000608200000, 0x0000000608400000|  0%| F|  |TAMS 0x0000000608200000, 0x0000000608200000| Untracked 
|  51|0x0000000608400000, 0x0000000608400000, 0x0000000608600000|  0%| F|  |TAMS 0x0000000608400000, 0x0000000608400000| Untracked 
|  52|0x0000000608600000, 0x0000000608600000, 0x0000000608800000|  0%| F|  |TAMS 0x0000000608600000, 0x0000000608600000| Untracked 
|  53|0x0000000608800000, 0x0000000608800000, 0x0000000608a00000|  0%| F|  |TAMS 0x0000000608800000, 0x0000000608800000| Untracked 
|  54|0x0000000608a00000, 0x0000000608a00000, 0x0000000608c00000|  0%| F|  |TAMS 0x0000000608a00000, 0x0000000608a00000| Untracked 
|  55|0x0000000608c00000, 0x0000000608c00000, 0x0000000608e00000|  0%| F|  |TAMS 0x0000000608c00000, 0x0000000608c00000| Untracked 
|  56|0x0000000608e00000, 0x0000000608e00000, 0x0000000609000000|  0%| F|  |TAMS 0x0000000608e00000, 0x0000000608e00000| Untracked 
|  57|0x0000000609000000, 0x0000000609000000, 0x0000000609200000|  0%| F|  |TAMS 0x0000000609000000, 0x0000000609000000| Untracked 
|  58|0x0000000609200000, 0x0000000609200000, 0x0000000609400000|  0%| F|  |TAMS 0x0000000609200000, 0x0000000609200000| Untracked 
|  59|0x0000000609400000, 0x0000000609400000, 0x0000000609600000|  0%| F|  |TAMS 0x0000000609400000, 0x0000000609400000| Untracked 
|  60|0x0000000609600000, 0x0000000609600000, 0x0000000609800000|  0%| F|  |TAMS 0x0000000609600000, 0x0000000609600000| Untracked 
|  61|0x0000000609800000, 0x0000000609800000, 0x0000000609a00000|  0%| F|  |TAMS 0x0000000609800000, 0x0000000609800000| Untracked 
|  62|0x0000000609a00000, 0x0000000609a00000, 0x0000000609c00000|  0%| F|  |TAMS 0x0000000609a00000, 0x0000000609a00000| Untracked 
|  63|0x0000000609c00000, 0x0000000609c00000, 0x0000000609e00000|  0%| F|  |TAMS 0x0000000609c00000, 0x0000000609c00000| Untracked 
|  64|0x0000000609e00000, 0x0000000609e00000, 0x000000060a000000|  0%| F|  |TAMS 0x0000000609e00000, 0x0000000609e00000| Untracked 
|  65|0x000000060a000000, 0x000000060a000000, 0x000000060a200000|  0%| F|  |TAMS 0x000000060a000000, 0x000000060a000000| Untracked 
|  66|0x000000060a200000, 0x000000060a200000, 0x000000060a400000|  0%| F|  |TAMS 0x000000060a200000, 0x000000060a200000| Untracked 
|  67|0x000000060a400000, 0x000000060a400000, 0x000000060a600000|  0%| F|  |TAMS 0x000000060a400000, 0x000000060a400000| Untracked 
|  68|0x000000060a600000, 0x000000060a600000, 0x000000060a800000|  0%| F|  |TAMS 0x000000060a600000, 0x000000060a600000| Untracked 
|  69|0x000000060a800000, 0x000000060a800000, 0x000000060aa00000|  0%| F|  |TAMS 0x000000060a800000, 0x000000060a800000| Untracked 
|  70|0x000000060aa00000, 0x000000060aa00000, 0x000000060ac00000|  0%| F|  |TAMS 0x000000060aa00000, 0x000000060aa00000| Untracked 
|  71|0x000000060ac00000, 0x000000060ac00000, 0x000000060ae00000|  0%| F|  |TAMS 0x000000060ac00000, 0x000000060ac00000| Untracked 
|  72|0x000000060ae00000, 0x000000060ae00000, 0x000000060b000000|  0%| F|  |TAMS 0x000000060ae00000, 0x000000060ae00000| Untracked 
|  73|0x000000060b000000, 0x000000060b000000, 0x000000060b200000|  0%| F|  |TAMS 0x000000060b000000, 0x000000060b000000| Untracked 
|  74|0x000000060b200000, 0x000000060b200000, 0x000000060b400000|  0%| F|  |TAMS 0x000000060b200000, 0x000000060b200000| Untracked 
|  75|0x000000060b400000, 0x000000060b400000, 0x000000060b600000|  0%| F|  |TAMS 0x000000060b400000, 0x000000060b400000| Untracked 
|  76|0x000000060b600000, 0x000000060b600000, 0x000000060b800000|  0%| F|  |TAMS 0x000000060b600000, 0x000000060b600000| Untracked 
|  77|0x000000060b800000, 0x000000060b800000, 0x000000060ba00000|  0%| F|  |TAMS 0x000000060b800000, 0x000000060b800000| Untracked 
|  78|0x000000060ba00000, 0x000000060ba00000, 0x000000060bc00000|  0%| F|  |TAMS 0x000000060ba00000, 0x000000060ba00000| Untracked 
|  79|0x000000060bc00000, 0x000000060bc00000, 0x000000060be00000|  0%| F|  |TAMS 0x000000060bc00000, 0x000000060bc00000| Untracked 
|  80|0x000000060be00000, 0x000000060be00000, 0x000000060c000000|  0%| F|  |TAMS 0x000000060be00000, 0x000000060be00000| Untracked 
|  81|0x000000060c000000, 0x000000060c000000, 0x000000060c200000|  0%| F|  |TAMS 0x000000060c000000, 0x000000060c000000| Untracked 
|  82|0x000000060c200000, 0x000000060c200000, 0x000000060c400000|  0%| F|  |TAMS 0x000000060c200000, 0x000000060c200000| Untracked 
|  83|0x000000060c400000, 0x000000060c400000, 0x000000060c600000|  0%| F|  |TAMS 0x000000060c400000, 0x000000060c400000| Untracked 
|  84|0x000000060c600000, 0x000000060c600000, 0x000000060c800000|  0%| F|  |TAMS 0x000000060c600000, 0x000000060c600000| Untracked 
|  85|0x000000060c800000, 0x000000060c800000, 0x000000060ca00000|  0%| F|  |TAMS 0x000000060c800000, 0x000000060c800000| Untracked 
|  86|0x000000060ca00000, 0x000000060ca00000, 0x000000060cc00000|  0%| F|  |TAMS 0x000000060ca00000, 0x000000060ca00000| Untracked 
|  87|0x000000060cc00000, 0x000000060cc00000, 0x000000060ce00000|  0%| F|  |TAMS 0x000000060cc00000, 0x000000060cc00000| Untracked 
|  88|0x000000060ce00000, 0x000000060ce00000, 0x000000060d000000|  0%| F|  |TAMS 0x000000060ce00000, 0x000000060ce00000| Untracked 
|  89|0x000000060d000000, 0x000000060d000000, 0x000000060d200000|  0%| F|  |TAMS 0x000000060d000000, 0x000000060d000000| Untracked 
|  90|0x000000060d200000, 0x000000060d200000, 0x000000060d400000|  0%| F|  |TAMS 0x000000060d200000, 0x000000060d200000| Untracked 
|  91|0x000000060d400000, 0x000000060d400000, 0x000000060d600000|  0%| F|  |TAMS 0x000000060d400000, 0x000000060d400000| Untracked 
|  92|0x000000060d600000, 0x000000060d600000, 0x000000060d800000|  0%| F|  |TAMS 0x000000060d600000, 0x000000060d600000| Untracked 
|  93|0x000000060d800000, 0x000000060d800000, 0x000000060da00000|  0%| F|  |TAMS 0x000000060d800000, 0x000000060d800000| Untracked 
|  94|0x000000060da00000, 0x000000060da00000, 0x000000060dc00000|  0%| F|  |TAMS 0x000000060da00000, 0x000000060da00000| Untracked 
|  95|0x000000060dc00000, 0x000000060dc00000, 0x000000060de00000|  0%| F|  |TAMS 0x000000060dc00000, 0x000000060dc00000| Untracked 
|  96|0x000000060de00000, 0x000000060de00000, 0x000000060e000000|  0%| F|  |TAMS 0x000000060de00000, 0x000000060de00000| Untracked 
|  97|0x000000060e000000, 0x000000060e000000, 0x000000060e200000|  0%| F|  |TAMS 0x000000060e000000, 0x000000060e000000| Untracked 
|  98|0x000000060e200000, 0x000000060e200000, 0x000000060e400000|  0%| F|  |TAMS 0x000000060e200000, 0x000000060e200000| Untracked 
|  99|0x000000060e400000, 0x000000060e400000, 0x000000060e600000|  0%| F|  |TAMS 0x000000060e400000, 0x000000060e400000| Untracked 
| 100|0x000000060e600000, 0x000000060e600000, 0x000000060e800000|  0%| F|  |TAMS 0x000000060e600000, 0x000000060e600000| Untracked 
| 101|0x000000060e800000, 0x000000060e800000, 0x000000060ea00000|  0%| F|  |TAMS 0x000000060e800000, 0x000000060e800000| Untracked 
| 102|0x000000060ea00000, 0x000000060ea00000, 0x000000060ec00000|  0%| F|  |TAMS 0x000000060ea00000, 0x000000060ea00000| Untracked 
| 103|0x000000060ec00000, 0x000000060ec00000, 0x000000060ee00000|  0%| F|  |TAMS 0x000000060ec00000, 0x000000060ec00000| Untracked 
| 104|0x000000060ee00000, 0x000000060ee00000, 0x000000060f000000|  0%| F|  |TAMS 0x000000060ee00000, 0x000000060ee00000| Untracked 
| 105|0x000000060f000000, 0x000000060f000000, 0x000000060f200000|  0%| F|  |TAMS 0x000000060f000000, 0x000000060f000000| Untracked 
| 106|0x000000060f200000, 0x000000060f200000, 0x000000060f400000|  0%| F|  |TAMS 0x000000060f200000, 0x000000060f200000| Untracked 
| 107|0x000000060f400000, 0x000000060f400000, 0x000000060f600000|  0%| F|  |TAMS 0x000000060f400000, 0x000000060f400000| Untracked 
| 108|0x000000060f600000, 0x000000060f600000, 0x000000060f800000|  0%| F|  |TAMS 0x000000060f600000, 0x000000060f600000| Untracked 
| 109|0x000000060f800000, 0x000000060f800000, 0x000000060fa00000|  0%| F|  |TAMS 0x000000060f800000, 0x000000060f800000| Untracked 
| 110|0x000000060fa00000, 0x000000060fa00000, 0x000000060fc00000|  0%| F|  |TAMS 0x000000060fa00000, 0x000000060fa00000| Untracked 
| 111|0x000000060fc00000, 0x000000060fc00000, 0x000000060fe00000|  0%| F|  |TAMS 0x000000060fc00000, 0x000000060fc00000| Untracked 
| 112|0x000000060fe00000, 0x000000060fe00000, 0x0000000610000000|  0%| F|  |TAMS 0x000000060fe00000, 0x000000060fe00000| Untracked 
| 113|0x0000000610000000, 0x0000000610000000, 0x0000000610200000|  0%| F|  |TAMS 0x0000000610000000, 0x0000000610000000| Untracked 
| 114|0x0000000610200000, 0x0000000610200000, 0x0000000610400000|  0%| F|  |TAMS 0x0000000610200000, 0x0000000610200000| Untracked 
| 115|0x0000000610400000, 0x0000000610400000, 0x0000000610600000|  0%| F|  |TAMS 0x0000000610400000, 0x0000000610400000| Untracked 
| 116|0x0000000610600000, 0x0000000610600000, 0x0000000610800000|  0%| F|  |TAMS 0x0000000610600000, 0x0000000610600000| Untracked 
| 117|0x0000000610800000, 0x0000000610800000, 0x0000000610a00000|  0%| F|  |TAMS 0x0000000610800000, 0x0000000610800000| Untracked 
| 118|0x0000000610a00000, 0x0000000610a00000, 0x0000000610c00000|  0%| F|  |TAMS 0x0000000610a00000, 0x0000000610a00000| Untracked 
| 119|0x0000000610c00000, 0x0000000610c00000, 0x0000000610e00000|  0%| F|  |TAMS 0x0000000610c00000, 0x0000000610c00000| Untracked 
| 120|0x0000000610e00000, 0x0000000610e00000, 0x0000000611000000|  0%| F|  |TAMS 0x0000000610e00000, 0x0000000610e00000| Untracked 
| 121|0x0000000611000000, 0x0000000611000000, 0x0000000611200000|  0%| F|  |TAMS 0x0000000611000000, 0x0000000611000000| Untracked 
| 122|0x0000000611200000, 0x0000000611200000, 0x0000000611400000|  0%| F|  |TAMS 0x0000000611200000, 0x0000000611200000| Untracked 
| 123|0x0000000611400000, 0x0000000611400000, 0x0000000611600000|  0%| F|  |TAMS 0x0000000611400000, 0x0000000611400000| Untracked 
| 124|0x0000000611600000, 0x0000000611600000, 0x0000000611800000|  0%| F|  |TAMS 0x0000000611600000, 0x0000000611600000| Untracked 
| 125|0x0000000611800000, 0x0000000611800000, 0x0000000611a00000|  0%| F|  |TAMS 0x0000000611800000, 0x0000000611800000| Untracked 
| 126|0x0000000611a00000, 0x0000000611a00000, 0x0000000611c00000|  0%| F|  |TAMS 0x0000000611a00000, 0x0000000611a00000| Untracked 
| 127|0x0000000611c00000, 0x0000000611c00000, 0x0000000611e00000|  0%| F|  |TAMS 0x0000000611c00000, 0x0000000611c00000| Untracked 
| 128|0x0000000611e00000, 0x0000000611e00000, 0x0000000612000000|  0%| F|  |TAMS 0x0000000611e00000, 0x0000000611e00000| Untracked 
| 129|0x0000000612000000, 0x0000000612000000, 0x0000000612200000|  0%| F|  |TAMS 0x0000000612000000, 0x0000000612000000| Untracked 
| 130|0x0000000612200000, 0x0000000612200000, 0x0000000612400000|  0%| F|  |TAMS 0x0000000612200000, 0x0000000612200000| Untracked 
| 131|0x0000000612400000, 0x0000000612400000, 0x0000000612600000|  0%| F|  |TAMS 0x0000000612400000, 0x0000000612400000| Untracked 
| 132|0x0000000612600000, 0x0000000612600000, 0x0000000612800000|  0%| F|  |TAMS 0x0000000612600000, 0x0000000612600000| Untracked 
| 133|0x0000000612800000, 0x0000000612800000, 0x0000000612a00000|  0%| F|  |TAMS 0x0000000612800000, 0x0000000612800000| Untracked 
| 134|0x0000000612a00000, 0x0000000612a00000, 0x0000000612c00000|  0%| F|  |TAMS 0x0000000612a00000, 0x0000000612a00000| Untracked 
| 135|0x0000000612c00000, 0x0000000612c00000, 0x0000000612e00000|  0%| F|  |TAMS 0x0000000612c00000, 0x0000000612c00000| Untracked 
| 136|0x0000000612e00000, 0x0000000612e00000, 0x0000000613000000|  0%| F|  |TAMS 0x0000000612e00000, 0x0000000612e00000| Untracked 
| 137|0x0000000613000000, 0x0000000613000000, 0x0000000613200000|  0%| F|  |TAMS 0x0000000613000000, 0x0000000613000000| Untracked 
| 138|0x0000000613200000, 0x0000000613200000, 0x0000000613400000|  0%| F|  |TAMS 0x0000000613200000, 0x0000000613200000| Untracked 
| 139|0x0000000613400000, 0x0000000613400000, 0x0000000613600000|  0%| F|  |TAMS 0x0000000613400000, 0x0000000613400000| Untracked 
| 140|0x0000000613600000, 0x0000000613600000, 0x0000000613800000|  0%| F|  |TAMS 0x0000000613600000, 0x0000000613600000| Untracked 
| 141|0x0000000613800000, 0x0000000613800000, 0x0000000613a00000|  0%| F|  |TAMS 0x0000000613800000, 0x0000000613800000| Untracked 
| 142|0x0000000613a00000, 0x0000000613a00000, 0x0000000613c00000|  0%| F|  |TAMS 0x0000000613a00000, 0x0000000613a00000| Untracked 
| 143|0x0000000613c00000, 0x0000000613c00000, 0x0000000613e00000|  0%| F|  |TAMS 0x0000000613c00000, 0x0000000613c00000| Untracked 
| 144|0x0000000613e00000, 0x0000000613e00000, 0x0000000614000000|  0%| F|  |TAMS 0x0000000613e00000, 0x0000000613e00000| Untracked 
| 145|0x0000000614000000, 0x0000000614000000, 0x0000000614200000|  0%| F|  |TAMS 0x0000000614000000, 0x0000000614000000| Untracked 
| 146|0x0000000614200000, 0x0000000614200000, 0x0000000614400000|  0%| F|  |TAMS 0x0000000614200000, 0x0000000614200000| Untracked 
| 147|0x0000000614400000, 0x0000000614400000, 0x0000000614600000|  0%| F|  |TAMS 0x0000000614400000, 0x0000000614400000| Untracked 
| 148|0x0000000614600000, 0x0000000614600000, 0x0000000614800000|  0%| F|  |TAMS 0x0000000614600000, 0x0000000614600000| Untracked 
| 149|0x0000000614800000, 0x0000000614800000, 0x0000000614a00000|  0%| F|  |TAMS 0x0000000614800000, 0x0000000614800000| Untracked 
| 150|0x0000000614a00000, 0x0000000614a00000, 0x0000000614c00000|  0%| F|  |TAMS 0x0000000614a00000, 0x0000000614a00000| Untracked 
| 151|0x0000000614c00000, 0x0000000614c00000, 0x0000000614e00000|  0%| F|  |TAMS 0x0000000614c00000, 0x0000000614c00000| Untracked 
| 152|0x0000000614e00000, 0x0000000614e00000, 0x0000000615000000|  0%| F|  |TAMS 0x0000000614e00000, 0x0000000614e00000| Untracked 
| 153|0x0000000615000000, 0x0000000615000000, 0x0000000615200000|  0%| F|  |TAMS 0x0000000615000000, 0x0000000615000000| Untracked 
| 154|0x0000000615200000, 0x0000000615200000, 0x0000000615400000|  0%| F|  |TAMS 0x0000000615200000, 0x0000000615200000| Untracked 
| 155|0x0000000615400000, 0x0000000615400000, 0x0000000615600000|  0%| F|  |TAMS 0x0000000615400000, 0x0000000615400000| Untracked 
| 156|0x0000000615600000, 0x0000000615600000, 0x0000000615800000|  0%| F|  |TAMS 0x0000000615600000, 0x0000000615600000| Untracked 
| 157|0x0000000615800000, 0x0000000615800000, 0x0000000615a00000|  0%| F|  |TAMS 0x0000000615800000, 0x0000000615800000| Untracked 
| 158|0x0000000615a00000, 0x0000000615a00000, 0x0000000615c00000|  0%| F|  |TAMS 0x0000000615a00000, 0x0000000615a00000| Untracked 
| 159|0x0000000615c00000, 0x0000000615c00000, 0x0000000615e00000|  0%| F|  |TAMS 0x0000000615c00000, 0x0000000615c00000| Untracked 
| 160|0x0000000615e00000, 0x0000000615e00000, 0x0000000616000000|  0%| F|  |TAMS 0x0000000615e00000, 0x0000000615e00000| Untracked 
| 161|0x0000000616000000, 0x0000000616000000, 0x0000000616200000|  0%| F|  |TAMS 0x0000000616000000, 0x0000000616000000| Untracked 
| 162|0x0000000616200000, 0x0000000616200000, 0x0000000616400000|  0%| F|  |TAMS 0x0000000616200000, 0x0000000616200000| Untracked 
| 163|0x0000000616400000, 0x0000000616400000, 0x0000000616600000|  0%| F|  |TAMS 0x0000000616400000, 0x0000000616400000| Untracked 
| 164|0x0000000616600000, 0x0000000616600000, 0x0000000616800000|  0%| F|  |TAMS 0x0000000616600000, 0x0000000616600000| Untracked 
| 165|0x0000000616800000, 0x0000000616800000, 0x0000000616a00000|  0%| F|  |TAMS 0x0000000616800000, 0x0000000616800000| Untracked 
| 166|0x0000000616a00000, 0x0000000616a00000, 0x0000000616c00000|  0%| F|  |TAMS 0x0000000616a00000, 0x0000000616a00000| Untracked 
| 167|0x0000000616c00000, 0x0000000616c00000, 0x0000000616e00000|  0%| F|  |TAMS 0x0000000616c00000, 0x0000000616c00000| Untracked 
| 168|0x0000000616e00000, 0x0000000616e00000, 0x0000000617000000|  0%| F|  |TAMS 0x0000000616e00000, 0x0000000616e00000| Untracked 
| 169|0x0000000617000000, 0x0000000617000000, 0x0000000617200000|  0%| F|  |TAMS 0x0000000617000000, 0x0000000617000000| Untracked 
| 170|0x0000000617200000, 0x0000000617200000, 0x0000000617400000|  0%| F|  |TAMS 0x0000000617200000, 0x0000000617200000| Untracked 
| 171|0x0000000617400000, 0x0000000617400000, 0x0000000617600000|  0%| F|  |TAMS 0x0000000617400000, 0x0000000617400000| Untracked 
| 172|0x0000000617600000, 0x0000000617600000, 0x0000000617800000|  0%| F|  |TAMS 0x0000000617600000, 0x0000000617600000| Untracked 
| 173|0x0000000617800000, 0x0000000617800000, 0x0000000617a00000|  0%| F|  |TAMS 0x0000000617800000, 0x0000000617800000| Untracked 
| 174|0x0000000617a00000, 0x0000000617a00000, 0x0000000617c00000|  0%| F|  |TAMS 0x0000000617a00000, 0x0000000617a00000| Untracked 
| 175|0x0000000617c00000, 0x0000000617c00000, 0x0000000617e00000|  0%| F|  |TAMS 0x0000000617c00000, 0x0000000617c00000| Untracked 
| 176|0x0000000617e00000, 0x0000000617e00000, 0x0000000618000000|  0%| F|  |TAMS 0x0000000617e00000, 0x0000000617e00000| Untracked 
| 177|0x0000000618000000, 0x0000000618000000, 0x0000000618200000|  0%| F|  |TAMS 0x0000000618000000, 0x0000000618000000| Untracked 
| 178|0x0000000618200000, 0x0000000618200000, 0x0000000618400000|  0%| F|  |TAMS 0x0000000618200000, 0x0000000618200000| Untracked 
| 179|0x0000000618400000, 0x0000000618400000, 0x0000000618600000|  0%| F|  |TAMS 0x0000000618400000, 0x0000000618400000| Untracked 
| 180|0x0000000618600000, 0x0000000618600000, 0x0000000618800000|  0%| F|  |TAMS 0x0000000618600000, 0x0000000618600000| Untracked 
| 181|0x0000000618800000, 0x0000000618800000, 0x0000000618a00000|  0%| F|  |TAMS 0x0000000618800000, 0x0000000618800000| Untracked 
| 182|0x0000000618a00000, 0x0000000618a00000, 0x0000000618c00000|  0%| F|  |TAMS 0x0000000618a00000, 0x0000000618a00000| Untracked 
| 183|0x0000000618c00000, 0x0000000618c00000, 0x0000000618e00000|  0%| F|  |TAMS 0x0000000618c00000, 0x0000000618c00000| Untracked 
| 184|0x0000000618e00000, 0x0000000618e00000, 0x0000000619000000|  0%| F|  |TAMS 0x0000000618e00000, 0x0000000618e00000| Untracked 
| 185|0x0000000619000000, 0x0000000619000000, 0x0000000619200000|  0%| F|  |TAMS 0x0000000619000000, 0x0000000619000000| Untracked 
| 186|0x0000000619200000, 0x0000000619200000, 0x0000000619400000|  0%| F|  |TAMS 0x0000000619200000, 0x0000000619200000| Untracked 
| 187|0x0000000619400000, 0x0000000619400000, 0x0000000619600000|  0%| F|  |TAMS 0x0000000619400000, 0x0000000619400000| Untracked 
| 188|0x0000000619600000, 0x0000000619600000, 0x0000000619800000|  0%| F|  |TAMS 0x0000000619600000, 0x0000000619600000| Untracked 
| 189|0x0000000619800000, 0x0000000619800000, 0x0000000619a00000|  0%| F|  |TAMS 0x0000000619800000, 0x0000000619800000| Untracked 
| 190|0x0000000619a00000, 0x0000000619a00000, 0x0000000619c00000|  0%| F|  |TAMS 0x0000000619a00000, 0x0000000619a00000| Untracked 
| 191|0x0000000619c00000, 0x0000000619c00000, 0x0000000619e00000|  0%| F|  |TAMS 0x0000000619c00000, 0x0000000619c00000| Untracked 
| 192|0x0000000619e00000, 0x0000000619e00000, 0x000000061a000000|  0%| F|  |TAMS 0x0000000619e00000, 0x0000000619e00000| Untracked 
| 193|0x000000061a000000, 0x000000061a000000, 0x000000061a200000|  0%| F|  |TAMS 0x000000061a000000, 0x000000061a000000| Untracked 
| 194|0x000000061a200000, 0x000000061a200000, 0x000000061a400000|  0%| F|  |TAMS 0x000000061a200000, 0x000000061a200000| Untracked 
| 195|0x000000061a400000, 0x000000061a400000, 0x000000061a600000|  0%| F|  |TAMS 0x000000061a400000, 0x000000061a400000| Untracked 
| 196|0x000000061a600000, 0x000000061a600000, 0x000000061a800000|  0%| F|  |TAMS 0x000000061a600000, 0x000000061a600000| Untracked 
| 197|0x000000061a800000, 0x000000061a800000, 0x000000061aa00000|  0%| F|  |TAMS 0x000000061a800000, 0x000000061a800000| Untracked 
| 198|0x000000061aa00000, 0x000000061aa00000, 0x000000061ac00000|  0%| F|  |TAMS 0x000000061aa00000, 0x000000061aa00000| Untracked 
| 199|0x000000061ac00000, 0x000000061ac00000, 0x000000061ae00000|  0%| F|  |TAMS 0x000000061ac00000, 0x000000061ac00000| Untracked 
| 200|0x000000061ae00000, 0x000000061ae00000, 0x000000061b000000|  0%| F|  |TAMS 0x000000061ae00000, 0x000000061ae00000| Untracked 
| 201|0x000000061b000000, 0x000000061b000000, 0x000000061b200000|  0%| F|  |TAMS 0x000000061b000000, 0x000000061b000000| Untracked 
| 202|0x000000061b200000, 0x000000061b200000, 0x000000061b400000|  0%| F|  |TAMS 0x000000061b200000, 0x000000061b200000| Untracked 
| 203|0x000000061b400000, 0x000000061b400000, 0x000000061b600000|  0%| F|  |TAMS 0x000000061b400000, 0x000000061b400000| Untracked 
| 204|0x000000061b600000, 0x000000061b600000, 0x000000061b800000|  0%| F|  |TAMS 0x000000061b600000, 0x000000061b600000| Untracked 
| 205|0x000000061b800000, 0x000000061b800000, 0x000000061ba00000|  0%| F|  |TAMS 0x000000061b800000, 0x000000061b800000| Untracked 
| 206|0x000000061ba00000, 0x000000061ba00000, 0x000000061bc00000|  0%| F|  |TAMS 0x000000061ba00000, 0x000000061ba00000| Untracked 
| 207|0x000000061bc00000, 0x000000061bc00000, 0x000000061be00000|  0%| F|  |TAMS 0x000000061bc00000, 0x000000061bc00000| Untracked 
| 208|0x000000061be00000, 0x000000061be00000, 0x000000061c000000|  0%| F|  |TAMS 0x000000061be00000, 0x000000061be00000| Untracked 
| 209|0x000000061c000000, 0x000000061c000000, 0x000000061c200000|  0%| F|  |TAMS 0x000000061c000000, 0x000000061c000000| Untracked 
| 210|0x000000061c200000, 0x000000061c200000, 0x000000061c400000|  0%| F|  |TAMS 0x000000061c200000, 0x000000061c200000| Untracked 
| 211|0x000000061c400000, 0x000000061c400000, 0x000000061c600000|  0%| F|  |TAMS 0x000000061c400000, 0x000000061c400000| Untracked 
| 212|0x000000061c600000, 0x000000061c600000, 0x000000061c800000|  0%| F|  |TAMS 0x000000061c600000, 0x000000061c600000| Untracked 
| 213|0x000000061c800000, 0x000000061c800000, 0x000000061ca00000|  0%| F|  |TAMS 0x000000061c800000, 0x000000061c800000| Untracked 
| 214|0x000000061ca00000, 0x000000061ca00000, 0x000000061cc00000|  0%| F|  |TAMS 0x000000061ca00000, 0x000000061ca00000| Untracked 
| 215|0x000000061cc00000, 0x000000061cc00000, 0x000000061ce00000|  0%| F|  |TAMS 0x000000061cc00000, 0x000000061cc00000| Untracked 
| 216|0x000000061ce00000, 0x000000061ce00000, 0x000000061d000000|  0%| F|  |TAMS 0x000000061ce00000, 0x000000061ce00000| Untracked 
| 217|0x000000061d000000, 0x000000061d000000, 0x000000061d200000|  0%| F|  |TAMS 0x000000061d000000, 0x000000061d000000| Untracked 
| 218|0x000000061d200000, 0x000000061d200000, 0x000000061d400000|  0%| F|  |TAMS 0x000000061d200000, 0x000000061d200000| Untracked 
| 219|0x000000061d400000, 0x000000061d400000, 0x000000061d600000|  0%| F|  |TAMS 0x000000061d400000, 0x000000061d400000| Untracked 
| 220|0x000000061d600000, 0x000000061d600000, 0x000000061d800000|  0%| F|  |TAMS 0x000000061d600000, 0x000000061d600000| Untracked 
| 221|0x000000061d800000, 0x000000061d800000, 0x000000061da00000|  0%| F|  |TAMS 0x000000061d800000, 0x000000061d800000| Untracked 
| 222|0x000000061da00000, 0x000000061da00000, 0x000000061dc00000|  0%| F|  |TAMS 0x000000061da00000, 0x000000061da00000| Untracked 
| 223|0x000000061dc00000, 0x000000061dc00000, 0x000000061de00000|  0%| F|  |TAMS 0x000000061dc00000, 0x000000061dc00000| Untracked 
| 224|0x000000061de00000, 0x000000061de00000, 0x000000061e000000|  0%| F|  |TAMS 0x000000061de00000, 0x000000061de00000| Untracked 
| 225|0x000000061e000000, 0x000000061e000000, 0x000000061e200000|  0%| F|  |TAMS 0x000000061e000000, 0x000000061e000000| Untracked 
| 226|0x000000061e200000, 0x000000061e200000, 0x000000061e400000|  0%| F|  |TAMS 0x000000061e200000, 0x000000061e200000| Untracked 
| 227|0x000000061e400000, 0x000000061e400000, 0x000000061e600000|  0%| F|  |TAMS 0x000000061e400000, 0x000000061e400000| Untracked 
| 228|0x000000061e600000, 0x000000061e600000, 0x000000061e800000|  0%| F|  |TAMS 0x000000061e600000, 0x000000061e600000| Untracked 
| 229|0x000000061e800000, 0x000000061e800000, 0x000000061ea00000|  0%| F|  |TAMS 0x000000061e800000, 0x000000061e800000| Untracked 
| 230|0x000000061ea00000, 0x000000061ea00000, 0x000000061ec00000|  0%| F|  |TAMS 0x000000061ea00000, 0x000000061ea00000| Untracked 
| 231|0x000000061ec00000, 0x000000061ec00000, 0x000000061ee00000|  0%| F|  |TAMS 0x000000061ec00000, 0x000000061ec00000| Untracked 
| 232|0x000000061ee00000, 0x000000061ee00000, 0x000000061f000000|  0%| F|  |TAMS 0x000000061ee00000, 0x000000061ee00000| Untracked 
| 233|0x000000061f000000, 0x000000061f000000, 0x000000061f200000|  0%| F|  |TAMS 0x000000061f000000, 0x000000061f000000| Untracked 
| 234|0x000000061f200000, 0x000000061f200000, 0x000000061f400000|  0%| F|  |TAMS 0x000000061f200000, 0x000000061f200000| Untracked 
| 235|0x000000061f400000, 0x000000061f400000, 0x000000061f600000|  0%| F|  |TAMS 0x000000061f400000, 0x000000061f400000| Untracked 
| 236|0x000000061f600000, 0x000000061f600000, 0x000000061f800000|  0%| F|  |TAMS 0x000000061f600000, 0x000000061f600000| Untracked 
| 237|0x000000061f800000, 0x000000061f800000, 0x000000061fa00000|  0%| F|  |TAMS 0x000000061f800000, 0x000000061f800000| Untracked 
| 238|0x000000061fa00000, 0x000000061fa00000, 0x000000061fc00000|  0%| F|  |TAMS 0x000000061fa00000, 0x000000061fa00000| Untracked 
| 239|0x000000061fc00000, 0x000000061fc00000, 0x000000061fe00000|  0%| F|  |TAMS 0x000000061fc00000, 0x000000061fc00000| Untracked 
| 240|0x000000061fe00000, 0x000000061fe00000, 0x0000000620000000|  0%| F|  |TAMS 0x000000061fe00000, 0x000000061fe00000| Untracked 
| 241|0x0000000620000000, 0x0000000620000000, 0x0000000620200000|  0%| F|  |TAMS 0x0000000620000000, 0x0000000620000000| Untracked 
| 242|0x0000000620200000, 0x0000000620200000, 0x0000000620400000|  0%| F|  |TAMS 0x0000000620200000, 0x0000000620200000| Untracked 
| 243|0x0000000620400000, 0x0000000620400000, 0x0000000620600000|  0%| F|  |TAMS 0x0000000620400000, 0x0000000620400000| Untracked 
| 244|0x0000000620600000, 0x0000000620600000, 0x0000000620800000|  0%| F|  |TAMS 0x0000000620600000, 0x0000000620600000| Untracked 
| 245|0x0000000620800000, 0x0000000620800000, 0x0000000620a00000|  0%| F|  |TAMS 0x0000000620800000, 0x0000000620800000| Untracked 
| 246|0x0000000620a00000, 0x0000000620a00000, 0x0000000620c00000|  0%| F|  |TAMS 0x0000000620a00000, 0x0000000620a00000| Untracked 
| 247|0x0000000620c00000, 0x0000000620dec108, 0x0000000620e00000| 96%| E|  |TAMS 0x0000000620c00000, 0x0000000620c00000| Complete 
| 248|0x0000000620e00000, 0x0000000621000000, 0x0000000621000000|100%| E|CS|TAMS 0x0000000620e00000, 0x0000000620e00000| Complete 
| 249|0x0000000621000000, 0x0000000621200000, 0x0000000621200000|100%| E|CS|TAMS 0x0000000621000000, 0x0000000621000000| Complete 
| 250|0x0000000621200000, 0x0000000621400000, 0x0000000621400000|100%| E|CS|TAMS 0x0000000621200000, 0x0000000621200000| Complete 
| 251|0x0000000621400000, 0x00000006215ff918, 0x0000000621600000| 99%| E|  |TAMS 0x0000000621400000, 0x0000000621400000| Complete 
| 252|0x0000000621600000, 0x0000000621800000, 0x0000000621800000|100%| E|CS|TAMS 0x0000000621600000, 0x0000000621600000| Complete 
| 253|0x0000000621800000, 0x0000000621a00000, 0x0000000621a00000|100%| E|CS|TAMS 0x0000000621800000, 0x0000000621800000| Complete 
| 254|0x0000000621a00000, 0x0000000621c00000, 0x0000000621c00000|100%| E|CS|TAMS 0x0000000621a00000, 0x0000000621a00000| Complete 
| 255|0x0000000621c00000, 0x0000000621e00000, 0x0000000621e00000|100%| E|CS|TAMS 0x0000000621c00000, 0x0000000621c00000| Complete 

Card table byte_map: [0x00000245b7020000,0x00000245b8020000] _byte_map_base: 0x00000245b4011000

Marking Bits (Prev, Next): (CMBitMap*) 0x000002459dcc4b88, (CMBitMap*) 0x000002459dcc4bc0
 Prev Bits: [0x00000245b9020000, 0x00000245c0fa8000)
 Next Bits: [0x00000245c0fb0000, 0x00000245c8f38000)

Polling page: 0x000002459c3f0000

Metaspace:

Usage:
  Non-class:     11.69 MB capacity,    11.51 MB ( 98%) used,   173.48 KB (  1%) free+waste,    18.31 KB ( <1%) overhead. 
      Class:      1.09 MB capacity,  1018.55 KB ( 91%) used,    88.26 KB (  8%) free+waste,     8.19 KB ( <1%) overhead. 
       Both:     12.78 MB capacity,    12.50 MB ( 98%) used,   261.73 KB (  2%) free+waste,    26.50 KB ( <1%) overhead. 

Virtual space:
  Non-class space:       12.00 MB reserved,      11.75 MB ( 98%) committed 
      Class space:        1.00 GB reserved,       1.13 MB ( <1%) committed 
             Both:        1.01 GB reserved,      12.88 MB (  1%) committed 

Chunk freelists:
   Non-Class:  57.00 KB
       Class:  5.00 KB
        Both:  62.00 KB

MaxMetaspaceSize: 17179869184.00 GB
CompressedClassSpaceSize: 1.00 GB
Initial GC threshold: 20.80 MB
Current GC threshold: 20.80 MB
CDS: off

CodeHeap 'non-profiled nmethods': size=120000Kb used=349Kb max_used=349Kb free=119650Kb
 bounds [0x00000245ade50000, 0x00000245ae0c0000, 0x00000245b5380000]
CodeHeap 'profiled nmethods': size=120000Kb used=1633Kb max_used=1633Kb free=118366Kb
 bounds [0x00000245a6920000, 0x00000245a6b90000, 0x00000245ade50000]
CodeHeap 'non-nmethods': size=5760Kb used=1602Kb max_used=1620Kb free=4158Kb
 bounds [0x00000245a6380000, 0x00000245a65f0000, 0x00000245a6920000]
 total_blobs=2024 nmethods=1019 adapters=918
 compilation: enabled
              stopped_count=0, restarted_count=0
 full_count=0

Compilation events (20 events):
Event: 10.065 Thread 0x00000245cc6bc000 1010       3       renderer.Texture::Bind (18 bytes)
Event: 10.065 Thread 0x00000245cc6bc000 nmethod 1010 0x00000245a6ab7c10 code [0x00000245a6ab7de0, 0x00000245a6ab7ff8]
Event: 14.012 Thread 0x00000245cc6ac800 1011       4       java.nio.MappedByteBuffer::flip (5 bytes)
Event: 14.013 Thread 0x00000245cc6ac800 nmethod 1011 0x00000245adea2490 code [0x00000245adea2620, 0x00000245adea2698]
Event: 14.530 Thread 0x00000245cc6ac800 1012       4       org.lwjgl.system.APIUtil::apiGetMappedBuffer (51 bytes)
Event: 14.531 Thread 0x00000245cc6ac800 nmethod 1012 0x00000245adea2790 code [0x00000245adea2920, 0x00000245adea29d8]
Event: 14.830 Thread 0x00000245cc6ac800 1013       4       java.nio.MappedByteBuffer::clear (5 bytes)
Event: 14.831 Thread 0x00000245cc6ac800 nmethod 1013 0x00000245adea2b10 code [0x00000245adea2ca0, 0x00000245adea2d18]
Event: 15.164 Thread 0x00000245cc6ac800 1014       4       java.util.ArrayList$Itr::hasNext (20 bytes)
Event: 15.165 Thread 0x00000245cc6ac800 nmethod 1014 0x00000245adea2e10 code [0x00000245adea2fa0, 0x00000245adea3038]
Event: 16.964 Thread 0x00000245cc6ac800 1015       4       Managers.Renderer::Present (222 bytes)
Event: 16.970 Thread 0x00000245cc6ac800 nmethod 1015 0x00000245adea3110 code [0x00000245adea33a0, 0x00000245adea3948]
Event: 18.512 Thread 0x00000245cc6ac800 1016       4       java.util.ArrayList$Itr::next (66 bytes)
Event: 18.514 Thread 0x00000245cc6ac800 nmethod 1016 0x00000245adea4010 code [0x00000245adea41a0, 0x00000245adea42b8]
Event: 19.478 Thread 0x00000245cc6ac800 1017       4       game.menu.Button::show (123 bytes)
Event: 19.512 Thread 0x00000245cc6ac800 nmethod 1017 0x00000245adea4410 code [0x00000245adea4800, 0x00000245adea6028]
Event: 24.998 Thread 0x00000245cc6ac800 1018       4       game.WindowTimer::Instance (4 bytes)
Event: 24.999 Thread 0x00000245cc6ac800 nmethod 1018 0x00000245adea7390 code [0x00000245adea7520, 0x00000245adea7578]
Event: 47.480 Thread 0x00000245cc6bc000 1019       3       java.util.concurrent.ConcurrentHashMap::sumCount (60 bytes)
Event: 47.481 Thread 0x00000245cc6bc000 nmethod 1019 0x00000245a6ab8110 code [0x00000245a6ab82c0, 0x00000245a6ab8518]

GC Heap History (0 events):
No events

Deoptimization events (20 events):
Event: 0.265 Thread 0x000002459dc3c800 DEOPT PACKING pc=0x00000245a69635c2 sp=0x00000095ad4f96e0
Event: 0.265 Thread 0x000002459dc3c800 DEOPT UNPACKING pc=0x00000245a63ca95e sp=0x00000095ad4f8b48 mode 0
Event: 0.277 Thread 0x000002459dc3c800 DEOPT PACKING pc=0x00000245a6948750 sp=0x00000095ad4fbbd0
Event: 0.277 Thread 0x000002459dc3c800 DEOPT UNPACKING pc=0x00000245a63ca95e sp=0x00000095ad4fb058 mode 0
Event: 0.300 Thread 0x000002459dc3c800 Uncommon trap: trap_request=0xffffff4d fr.pc=0x00000245ade67b80 relative=0x0000000000000060
Event: 0.300 Thread 0x000002459dc3c800 Uncommon trap: reason=unstable_if action=reinterpret pc=0x00000245ade67b80 method=java.io.WinNTFileSystem.isSlash(C)Z @ 9 c2
Event: 0.300 Thread 0x000002459dc3c800 DEOPT PACKING pc=0x00000245ade67b80 sp=0x00000095ad4fbad0
Event: 0.300 Thread 0x000002459dc3c800 DEOPT UNPACKING pc=0x00000245a63ca1af sp=0x00000095ad4fba58 mode 2
Event: 0.674 Thread 0x000002459dc3c800 Uncommon trap: trap_request=0xffffff5c fr.pc=0x00000245ade78978 relative=0x0000000000000058
Event: 0.674 Thread 0x000002459dc3c800 Uncommon trap: reason=speculate_null_assert action=make_not_entrant pc=0x00000245ade78978 method=sun.misc.Unsafe.getLong(Ljava/lang/Object;J)J @ 5 c2
Event: 0.674 Thread 0x000002459dc3c800 DEOPT PACKING pc=0x00000245ade78978 sp=0x00000095ad4feb50
Event: 0.674 Thread 0x000002459dc3c800 DEOPT UNPACKING pc=0x00000245a63ca1af sp=0x00000095ad4fead8 mode 2
Event: 0.783 Thread 0x000002459dc3c800 DEOPT PACKING pc=0x00000245a695617f sp=0x00000095ad4fd9f0
Event: 0.783 Thread 0x000002459dc3c800 DEOPT UNPACKING pc=0x00000245a63ca95e sp=0x00000095ad4fce68 mode 0
Event: 1.525 Thread 0x000002459dc3c800 DEOPT PACKING pc=0x00000245a6a8e0ce sp=0x00000095ad4fea00
Event: 1.525 Thread 0x000002459dc3c800 DEOPT UNPACKING pc=0x00000245a63ca95e sp=0x00000095ad4fdf08 mode 0
Event: 1.530 Thread 0x000002459dc3c800 Uncommon trap: trap_request=0xffffff4d fr.pc=0x00000245ade993cc relative=0x000000000000076c
Event: 1.530 Thread 0x000002459dc3c800 Uncommon trap: reason=unstable_if action=reinterpret pc=0x00000245ade993cc method=org.sqlite.SQLiteJDBCLoader.contentsEquals(Ljava/io/InputStream;Ljava/io/InputStream;)Z @ 39 c2
Event: 1.530 Thread 0x000002459dc3c800 DEOPT PACKING pc=0x00000245ade993cc sp=0x00000095ad4fea30
Event: 1.530 Thread 0x000002459dc3c800 DEOPT UNPACKING pc=0x00000245a63ca1af sp=0x00000095ad4fea08 mode 2

Classes redefined (0 events):
No events

Internal exceptions (20 events):
Event: 0.339 Thread 0x000002459dc3c800 Exception <a 'java/security/PrivilegedActionException'{0x0000000621927718}> (0x0000000621927718) thrown at [./src/hotspot/share/prims/jvm.cpp, line 1306]
Event: 0.339 Thread 0x000002459dc3c800 Exception <a 'java/security/PrivilegedActionException'{0x00000006219279e8}> (0x00000006219279e8) thrown at [./src/hotspot/share/prims/jvm.cpp, line 1306]
Event: 0.339 Thread 0x000002459dc3c800 Exception <a 'java/security/PrivilegedActionException'{0x0000000621929828}> (0x0000000621929828) thrown at [./src/hotspot/share/prims/jvm.cpp, line 1306]
Event: 0.339 Thread 0x000002459dc3c800 Exception <a 'java/security/PrivilegedActionException'{0x0000000621929af8}> (0x0000000621929af8) thrown at [./src/hotspot/share/prims/jvm.cpp, line 1306]
Event: 0.339 Thread 0x000002459dc3c800 Exception <a 'java/security/PrivilegedActionException'{0x000000062192b938}> (0x000000062192b938) thrown at [./src/hotspot/share/prims/jvm.cpp, line 1306]
Event: 0.339 Thread 0x000002459dc3c800 Exception <a 'java/security/PrivilegedActionException'{0x000000062192bc08}> (0x000000062192bc08) thrown at [./src/hotspot/share/prims/jvm.cpp, line 1306]
Event: 0.339 Thread 0x000002459dc3c800 Exception <a 'java/security/PrivilegedActionException'{0x000000062192d9f8}> (0x000000062192d9f8) thrown at [./src/hotspot/share/prims/jvm.cpp, line 1306]
Event: 0.339 Thread 0x000002459dc3c800 Exception <a 'java/security/PrivilegedActionException'{0x000000062192dcc8}> (0x000000062192dcc8) thrown at [./src/hotspot/share/prims/jvm.cpp, line 1306]
Event: 0.369 Thread 0x000002459dc3c800 Exception <a 'sun/nio/fs/WindowsException'{0x0000000621635ba8}> (0x0000000621635ba8) thrown at [./src/hotspot/share/prims/jni.cpp, line 616]
Event: 0.369 Thread 0x000002459dc3c800 Exception <a 'sun/nio/fs/WindowsException'{0x0000000621635f08}> (0x0000000621635f08) thrown at [./src/hotspot/share/prims/jni.cpp, line 616]
Event: 0.624 Thread 0x000002459dc3c800 Exception <a 'sun/nio/fs/WindowsException'{0x00000006216e8240}> (0x00000006216e8240) thrown at [./src/hotspot/share/prims/jni.cpp, line 616]
Event: 0.624 Thread 0x000002459dc3c800 Exception <a 'sun/nio/fs/WindowsException'{0x00000006216e85e8}> (0x00000006216e85e8) thrown at [./src/hotspot/share/prims/jni.cpp, line 616]
Event: 0.628 Thread 0x000002459dc3c800 Exception <a 'sun/nio/fs/WindowsException'{0x0000000621700350}> (0x0000000621700350) thrown at [./src/hotspot/share/prims/jni.cpp, line 616]
Event: 0.628 Thread 0x000002459dc3c800 Exception <a 'sun/nio/fs/WindowsException'{0x0000000621700630}> (0x0000000621700630) thrown at [./src/hotspot/share/prims/jni.cpp, line 616]
Event: 0.713 Thread 0x000002459dc3c800 Exception <a 'java/lang/NoSuchMethodError'{0x00000006217f7ec0}: 'void java.lang.invoke.DirectMethodHandle$Holder.invokeStaticInit(java.lang.Object, long, int, int, int, int)'> (0x00000006217f7ec0) thrown at [./src/hotspot/share/interpreter/linkResolver.cpp, line 773]
Event: 0.717 Thread 0x000002459dc3c800 Exception <a 'java/lang/NoSuchMethodError'{0x00000006214083d0}: 'void java.lang.invoke.DirectMethodHandle$Holder.invokeStatic(java.lang.Object, long, int, int)'> (0x00000006214083d0) thrown at [./src/hotspot/share/interpreter/linkResolver.cpp, line 773]
Event: 0.797 Thread 0x000002459dc3c800 Exception <a 'sun/nio/fs/WindowsException'{0x00000006215abca0}> (0x00000006215abca0) thrown at [./src/hotspot/share/prims/jni.cpp, line 616]
Event: 0.797 Thread 0x000002459dc3c800 Exception <a 'sun/nio/fs/WindowsException'{0x00000006215ac020}> (0x00000006215ac020) thrown at [./src/hotspot/share/prims/jni.cpp, line 616]
Event: 1.061 Thread 0x000002459dc3c800 Exception <a 'java/lang/NoSuchMethodError'{0x0000000620f7a178}: 'java.lang.Object java.lang.invoke.DirectMethodHandle$Holder.invokeStaticInit(java.lang.Object, int, int, int, int)'> (0x0000000620f7a178) thrown at [./src/hotspot/share/interpreter/linkResolver.cpp, line 773]
Event: 1.440 Thread 0x000002459dc3c800 Exception <a 'java/lang/NoSuchMethodError'{0x0000000620c2fb58}: 'java.lang.Object java.lang.invoke.DirectMethodHandle$Holder.invokeStaticInit(java.lang.Object, java.lang.Object, int, int, int, int)'> (0x0000000620c2fb58) thrown at [./src/hotspot/share/interpreter/linkResolver.cpp, line 773]

Events (20 events):
Event: 1.558 loading class Managers/Renderer$1
Event: 1.558 loading class Managers/Renderer$1 done
Event: 1.883 Loaded shared library C:\Users\bqrry\AppData\Local\Temp\lwjglBqrry\3.3.1-build-7\lwjgl.dll
Event: 1.900 Loaded shared library C:\Users\bqrry\AppData\Local\Temp\lwjglBqrry\3.3.1-build-7\lwjgl_opengl.dll
Event: 1.906 Loaded shared library C:\Users\bqrry\AppData\Local\Temp\lwjglBqrry\3.3.1-build-7\lwjgl_opengl.dll
Event: 2.217 Loaded shared library C:\Users\bqrry\AppData\Local\Temp\lwjglBqrry\3.3.1-build-7\lwjgl_opengl.dll
Event: 2.234 Loaded shared library C:\Users\bqrry\AppData\Local\Temp\lwjglBqrry\3.3.1-build-7\lwjgl_opengl.dll
Event: 2.248 Loaded shared library C:\Users\bqrry\AppData\Local\Temp\lwjglBqrry\3.3.1-build-7\lwjgl_opengl.dll
Event: 2.256 Loaded shared library C:\Users\bqrry\AppData\Local\Temp\lwjglBqrry\3.3.1-build-7\lwjgl_opengl.dll
Event: 2.602 Loaded shared library C:\Users\bqrry\AppData\Local\Temp\lwjglBqrry\3.3.1-build-7\lwjgl_opengl.dll
Event: 2.608 Loaded shared library C:\Users\bqrry\AppData\Local\Temp\lwjglBqrry\3.3.1-build-7\lwjgl_opengl.dll
Event: 2.615 Loaded shared library C:\Users\bqrry\AppData\Local\Temp\lwjglBqrry\3.3.1-build-7\lwjgl_opengl.dll
Event: 2.622 Loaded shared library C:\Users\bqrry\AppData\Local\Temp\lwjglBqrry\3.3.1-build-7\lwjgl_opengl.dll
Event: 4.865 Loaded shared library C:\Users\bqrry\.jdks\corretto-11.0.14.1\bin\java.dll
Event: 5.783 Loaded shared library C:\Users\bqrry\AppData\Local\Temp\lwjglBqrry\3.3.1-build-7\lwjgl.dll
Event: 5.786 Loaded shared library C:\Users\bqrry\AppData\Local\Temp\lwjglBqrry\3.3.1-build-7\lwjgl.dll
Event: 7.932 Loaded shared library C:\Users\bqrry\AppData\Local\Temp\lwjglBqrry\3.3.1-build-7\lwjgl.dll
Event: 7.952 Loaded shared library C:\Users\bqrry\AppData\Local\Temp\lwjglBqrry\3.3.1-build-7\lwjgl_opengl.dll
Event: 47.480 loading class org/lwjgl/glfw/Callbacks
Event: 47.480 loading class org/lwjgl/glfw/Callbacks done


Dynamic libraries:
0x00007ff71a2e0000 - 0x00007ff71a2ed000 	C:\Users\bqrry\.jdks\corretto-11.0.14.1\bin\java.exe
0x00007ffb44b30000 - 0x00007ffb44d25000 	C:\Windows\SYSTEM32\ntdll.dll
0x00007ffb43a30000 - 0x00007ffb43aed000 	C:\Windows\System32\KERNEL32.DLL
0x00007ffb427a0000 - 0x00007ffb42a6d000 	C:\Windows\System32\KERNELBASE.dll
0x00007ffb42670000 - 0x00007ffb42770000 	C:\Windows\System32\ucrtbase.dll
0x00007ffb3ccd0000 - 0x00007ffb3cce9000 	C:\Users\bqrry\.jdks\corretto-11.0.14.1\bin\VCRUNTIME140.dll
0x00007ffb39e70000 - 0x00007ffb39e87000 	C:\Users\bqrry\.jdks\corretto-11.0.14.1\bin\jli.dll
0x00007ffb29110000 - 0x00007ffb293aa000 	C:\Windows\WinSxS\amd64_microsoft.windows.common-controls_6595b64144ccf1df_6.0.19041.1110_none_60b5254171f9507e\COMCTL32.dll
0x00007ffb431d0000 - 0x00007ffb43370000 	C:\Windows\System32\USER32.dll
0x00007ffb42b50000 - 0x00007ffb42b72000 	C:\Windows\System32\win32u.dll
0x00007ffb44150000 - 0x00007ffb441ee000 	C:\Windows\System32\msvcrt.dll
0x00007ffb42d80000 - 0x00007ffb42daa000 	C:\Windows\System32\GDI32.dll
0x00007ffb42360000 - 0x00007ffb4246b000 	C:\Windows\System32\gdi32full.dll
0x00007ffb425d0000 - 0x00007ffb4266d000 	C:\Windows\System32\msvcp_win.dll
0x00007ffb435f0000 - 0x00007ffb43620000 	C:\Windows\System32\IMM32.DLL
0x00007ffb1ea00000 - 0x00007ffb1ea9b000 	C:\Users\bqrry\.jdks\corretto-11.0.14.1\bin\msvcp140.dll
0x00007ffae4b60000 - 0x00007ffae56e3000 	C:\Users\bqrry\.jdks\corretto-11.0.14.1\bin\server\jvm.dll
0x00007ffb43850000 - 0x00007ffb438fe000 	C:\Windows\System32\ADVAPI32.dll
0x00007ffb43af0000 - 0x00007ffb43b8c000 	C:\Windows\System32\sechost.dll
0x00007ffb43900000 - 0x00007ffb43a25000 	C:\Windows\System32\RPCRT4.dll
0x00007ffb43b90000 - 0x00007ffb43b98000 	C:\Windows\System32\PSAPI.DLL
0x00007ffb3d8d0000 - 0x00007ffb3d8d9000 	C:\Windows\SYSTEM32\WSOCK32.dll
0x00007ffb3b420000 - 0x00007ffb3b42a000 	C:\Windows\SYSTEM32\VERSION.dll
0x00007ffb43710000 - 0x00007ffb4377b000 	C:\Windows\System32\WS2_32.dll
0x00007ffb38dc0000 - 0x00007ffb38de7000 	C:\Windows\SYSTEM32\WINMM.dll
0x00007ffb40a90000 - 0x00007ffb40aa2000 	C:\Windows\SYSTEM32\kernel.appcore.dll
0x00007ffb3aaf0000 - 0x00007ffb3ab00000 	C:\Users\bqrry\.jdks\corretto-11.0.14.1\bin\verify.dll
0x00007ffb3ff60000 - 0x00007ffb40144000 	C:\Windows\SYSTEM32\DBGHELP.DLL
0x00007ffb32410000 - 0x00007ffb3243c000 	C:\Windows\SYSTEM32\dbgcore.DLL
0x00007ffb42a70000 - 0x00007ffb42af2000 	C:\Windows\System32\bcryptPrimitives.dll
0x00007ffb1fa00000 - 0x00007ffb1fa28000 	C:\Users\bqrry\.jdks\corretto-11.0.14.1\bin\java.dll
0x00007ffb26800000 - 0x00007ffb2680a000 	C:\Users\bqrry\.jdks\corretto-11.0.14.1\bin\jimage.dll
0x00007ffb1e9e0000 - 0x00007ffb1e9f8000 	C:\Users\bqrry\.jdks\corretto-11.0.14.1\bin\zip.dll
0x00007ffb443a0000 - 0x00007ffb44ae4000 	C:\Windows\System32\SHELL32.dll
0x00007ffb402e0000 - 0x00007ffb40a74000 	C:\Windows\SYSTEM32\windows.storage.dll
0x00007ffb42e70000 - 0x00007ffb431c4000 	C:\Windows\System32\combase.dll
0x00007ffb41bc0000 - 0x00007ffb41bec000 	C:\Windows\SYSTEM32\Wldp.dll
0x00007ffb43420000 - 0x00007ffb434cd000 	C:\Windows\System32\SHCORE.dll
0x00007ffb42d20000 - 0x00007ffb42d75000 	C:\Windows\System32\shlwapi.dll
0x00007ffb42180000 - 0x00007ffb4219f000 	C:\Windows\SYSTEM32\profapi.dll
0x00007ffb1e7d0000 - 0x00007ffb1e7e9000 	C:\Users\bqrry\.jdks\corretto-11.0.14.1\bin\net.dll
0x00007ffb39e90000 - 0x00007ffb39f9a000 	C:\Windows\SYSTEM32\WINHTTP.dll
0x00007ffb419a0000 - 0x00007ffb41a0a000 	C:\Windows\system32\mswsock.dll
0x00007ffb1e7b0000 - 0x00007ffb1e7c3000 	C:\Users\bqrry\.jdks\corretto-11.0.14.1\bin\nio.dll
0x00007ffaecdc0000 - 0x00007ffaece35000 	C:\Users\bqrry\AppData\Local\Temp\lwjglBqrry\3.3.1-build-7\lwjgl.dll
0x00007ffaecac0000 - 0x00007ffaecb21000 	C:\Users\bqrry\AppData\Local\Temp\lwjglBqrry\3.3.1-build-7\glfw.dll
0x00007ffb1dd50000 - 0x00007ffb1dd95000 	C:\Windows\SYSTEM32\dinput8.dll
0x00007ffb3c660000 - 0x00007ffb3c671000 	C:\Windows\SYSTEM32\xinput1_4.dll
0x00007ffb42b00000 - 0x00007ffb42b4e000 	C:\Windows\System32\cfgmgr32.dll
0x00007ffb41ff0000 - 0x00007ffb4201c000 	C:\Windows\SYSTEM32\DEVOBJ.dll
0x00007ffb3f9d0000 - 0x00007ffb3f9ff000 	C:\Windows\SYSTEM32\dwmapi.dll
0x00007ffb20060000 - 0x00007ffb201b2000 	C:\Windows\SYSTEM32\inputhost.dll
0x00007ffb43780000 - 0x00007ffb4384d000 	C:\Windows\System32\OLEAUT32.dll
0x00007ffb3dce0000 - 0x00007ffb3de34000 	C:\Windows\SYSTEM32\wintypes.dll
0x00007ffb3f3e0000 - 0x00007ffb3f4d2000 	C:\Windows\SYSTEM32\CoreMessaging.dll
0x00007ffb3d970000 - 0x00007ffb3da66000 	C:\Windows\SYSTEM32\PROPSYS.dll
0x00007ffb3f080000 - 0x00007ffb3f3de000 	C:\Windows\SYSTEM32\CoreUIComponents.dll
0x00007ffb40f00000 - 0x00007ffb40f33000 	C:\Windows\SYSTEM32\ntmarta.dll
0x00007ffb3f7e0000 - 0x00007ffb3f87e000 	C:\Windows\system32\uxtheme.dll
0x00007ffb42c00000 - 0x00007ffb42d15000 	C:\Windows\System32\MSCTF.dll
0x00007ffb1b460000 - 0x00007ffb1b586000 	C:\Windows\SYSTEM32\opengl32.dll
0x00007ffb1c710000 - 0x00007ffb1c73c000 	C:\Windows\SYSTEM32\GLU32.dll
0x00007ffb43540000 - 0x00007ffb435e9000 	C:\Windows\System32\clbcatq.dll
0x00007ffad7930000 - 0x00007ffad88fa000 	C:\Windows\System32\DriverStore\FileRepository\iigd_dch.inf_amd64_5d54dd32fa1ef4d4\ig9icd64.dll
0x00007ffb43ba0000 - 0x00007ffb43cca000 	C:\Windows\System32\ole32.dll
0x00007ffb40b00000 - 0x00007ffb40bf3000 	C:\Windows\system32\dxgi.dll
0x00007ffb32110000 - 0x00007ffb3234f000 	C:\Windows\System32\DriverStore\FileRepository\iigd_dch.inf_amd64_5d54dd32fa1ef4d4\igdgmm64.dll
0x00007ffb2f490000 - 0x00007ffb32059000 	C:\Windows\System32\DriverStore\FileRepository\iigd_dch.inf_amd64_5d54dd32fa1ef4d4\igc64.dll
0x00007ffb417d0000 - 0x00007ffb4181b000 	C:\Windows\SYSTEM32\powrprof.dll
0x00007ffb41640000 - 0x00007ffb41652000 	C:\Windows\SYSTEM32\UMPDC.dll
0x00007ffb22450000 - 0x00007ffb22549000 	C:\Windows\SYSTEM32\textinputframework.dll
0x00007ffaeca10000 - 0x00007ffaeca6d000 	C:\Users\bqrry\AppData\Local\Temp\lwjglBqrry\3.3.1-build-7\lwjgl_opengl.dll
0x00007ffaec980000 - 0x00007ffaeca01000 	C:\Users\bqrry\AppData\Local\Temp\lwjglBqrry\3.3.1-build-7\lwjgl_stb.dll
0x00007ffb41c00000 - 0x00007ffb41c18000 	C:\Windows\SYSTEM32\CRYPTSP.dll
0x00007ffb412d0000 - 0x00007ffb41304000 	C:\Windows\system32\rsaenh.dll
0x00007ffb42770000 - 0x00007ffb42797000 	C:\Windows\System32\bcrypt.dll
0x00007ffb42140000 - 0x00007ffb4216e000 	C:\Windows\SYSTEM32\USERENV.dll
0x00007ffb41b30000 - 0x00007ffb41b3c000 	C:\Windows\SYSTEM32\CRYPTBASE.dll
0x00007ffb41660000 - 0x00007ffb4169b000 	C:\Windows\SYSTEM32\IPHLPAPI.DLL
0x00007ffb43530000 - 0x00007ffb43538000 	C:\Windows\System32\NSI.dll
0x00007ffb3aff0000 - 0x00007ffb3b007000 	C:\Windows\SYSTEM32\dhcpcsvc6.DLL
0x00007ffb3afd0000 - 0x00007ffb3afed000 	C:\Windows\SYSTEM32\dhcpcsvc.DLL
0x00007ffb416a0000 - 0x00007ffb4176b000 	C:\Windows\SYSTEM32\DNSAPI.dll
0x000000006d580000 - 0x000000006d63d000 	C:\Users\bqrry\AppData\Local\Temp\sqlite-3.8.11.2-9ef30c56-0e42-4a48-af40-fecd67547a80-sqlitejdbc.dll

dbghelp: loaded successfully - version: 4.0.5 - missing functions: none
symbol engine: initialized successfully - sym options: 0x614 - pdb path: .;C:\Users\bqrry\.jdks\corretto-11.0.14.1\bin;C:\Windows\SYSTEM32;C:\Windows\WinSxS\amd64_microsoft.windows.common-controls_6595b64144ccf1df_6.0.19041.1110_none_60b5254171f9507e;C:\Users\bqrry\.jdks\corretto-11.0.14.1\bin\server;C:\Users\bqrry\AppData\Local\Temp\lwjglBqrry\3.3.1-build-7;C:\Windows\System32\DriverStore\FileRepository\iigd_dch.inf_amd64_5d54dd32fa1ef4d4;C:\Users\bqrry\AppData\Local\Temp

VM Arguments:
jvm_args: -Dfile.encoding=windows-1252 -Duser.country=US -Duser.language=en -Duser.variant 
java_command: Main
java_class_path (initial): C:\Users\bqrry\Desktop\trash stuff\STUDY\PAOO\PAOO_Project\build\classes\java\main;C:\Users\bqrry\Desktop\trash stuff\STUDY\PAOO\PAOO_Project\build\resources\main;C:\Users\bqrry\.gradle\caches\modules-2\files-2.1\org.lwjgl\lwjgl-assimp\3.3.1\312072f451794f25670aebb0160ce6ec88aff842\lwjgl-assimp-3.3.1.jar;C:\Users\bqrry\.gradle\caches\modules-2\files-2.1\org.lwjgl\lwjgl-assimp\3.3.1\bfa2a0d57acbf952b716d0ad8a3acbd7ad9f5639\lwjgl-assimp-3.3.1-natives-windows.jar;C:\Users\bqrry\.gradle\caches\modules-2\files-2.1\org.lwjgl\lwjgl-glfw\3.3.1\cbac1b8d30cb4795149c1ef540f912671a8616d0\lwjgl-glfw-3.3.1.jar;C:\Users\bqrry\.gradle\caches\modules-2\files-2.1\org.lwjgl\lwjgl-glfw\3.3.1\ed892f945cf7e79c8756796f32d00fa4ceaf573b\lwjgl-glfw-3.3.1-natives-windows.jar;C:\Users\bqrry\.gradle\caches\modules-2\files-2.1\org.lwjgl\lwjgl-nfd\3.3.1\622318116996ddcff449b46cb38f0fdee39b8ac3\lwjgl-nfd-3.3.1.jar;C:\Users\bqrry\.gradle\caches\modules-2\files-2.1\org.lwjgl\lwjgl-nfd\3.3.1\869fe532a50455e8b2d924f498bfb95f80b41aed\lwjgl-nfd-3.3.1-natives-windows.jar;C:\Users\bqrry\.gradle\caches\modules-2\files-2.1\org.lwjgl\lwjgl-openal\3.3.1\2623a6b8ae1dfcd880738656a9f0243d2e6840bd\lwjgl-openal-3.3.1.jar;C:\Users\bqrry\.gradle\caches\modules-2\files-2.1\org.lwjgl\lwjgl-openal\3.3.1\30a474d0e57193d7bc128849a3ab66bc9316fdb1\lwjgl-openal-3.3.1-natives-windows.jar;C:\Users\bqrry\.gradle\caches\modules-2\files-2.1\org.lwjgl\lwjgl-opengl\3.3.1\831a5533a21a5f4f81bbc51bb13e9899319b5411\lwjgl-opengl-3.3.1.jar;C:\Users\bqrry\.gradle\caches\modules-2\files-2.1\org.lwjgl\lwjgl-opengl\3.3.1\c1807e9bd571402787d7e37e3029776ae2513bb8\lwjgl-opengl-3.3.1-natives-windows.jar;C:\Users\bqrry\.gradle\caches\modules-2\files-2.1\org.lwjgl\lwjgl-stb\3.3.1\b119297cf8ed01f247abe8685857f8e7fcf5980f\lwjgl-stb-3.3.1.jar;C:\Users\bqrry\.gradle\caches\modules-2\files-2.1\org.lwjgl\lwjgl-stb\3.3.1\86315914ac119efdb02dc9e8e978ade84f1702af\lwjgl-stb-3.3.1-natives-windows.jar;C:\Users\bqrry\.gradle\cache
Launcher Type: SUN_STANDARD

[Global flags]
     intx CICompilerCount                          = 4                                         {product} {ergonomic}
     uint ConcGCThreads                            = 3                                         {product} {ergonomic}
     uint G1ConcRefinementThreads                  = 10                                        {product} {ergonomic}
   size_t G1HeapRegionSize                         = 2097152                                   {product} {ergonomic}
    uintx GCDrainStackTargetSize                   = 64                                        {product} {ergonomic}
   size_t InitialHeapSize                          = 536870912                                 {product} {ergonomic}
   size_t MarkStackSize                            = 4194304                                   {product} {ergonomic}
   size_t MaxHeapSize                              = 8558477312                                {product} {ergonomic}
   size_t MaxNewSize                               = 5133828096                                {product} {ergonomic}
   size_t MinHeapDeltaBytes                        = 2097152                                   {product} {ergonomic}
    uintx NonNMethodCodeHeapSize                   = 5836300                                {pd product} {ergonomic}
    uintx NonProfiledCodeHeapSize                  = 122910970                              {pd product} {ergonomic}
    uintx ProfiledCodeHeapSize                     = 122910970                              {pd product} {ergonomic}
    uintx ReservedCodeCacheSize                    = 251658240                              {pd product} {ergonomic}
     bool SegmentedCodeCache                       = true                                      {product} {ergonomic}
     bool UseCompressedClassPointers               = true                                 {lp64_product} {ergonomic}
     bool UseCompressedOops                        = true                                 {lp64_product} {ergonomic}
     bool UseG1GC                                  = true                                      {product} {ergonomic}
     bool UseLargePagesIndividualAllocation        = false                                  {pd product} {ergonomic}

Logging:
Log output configuration:
 #0: stdout all=warning uptime,level,tags
 #1: stderr all=off uptime,level,tags

Environment Variables:
PATH=C:\Program Files (x86)\Common Files\Oracle\Java\javapath;C:\Program Files (x86)\VMware\VMware Workstation\bin\;C:\Windows\system32;C:\Windows;C:\Windows\System32\Wbem;C:\Windows\System32\WindowsPowerShell\v1.0\;C:\Windows\System32\OpenSSH\;C:\Program Files\NVIDIA Corporation\NVIDIA NvDLISR;C:\Program Files\Microsoft SQL Server\150\Tools\Binn\;C:\Program Files\dotnet\;C:\Program Files\Git\cmd;C:\Users\bqrry\AppData\Local\Microsoft\WindowsApps;C:\Users\bqrry\.dotnet\tools;C:\Program Files\JetBrains\IntelliJ IDEA Community Edition 2021.3.2\bin;
USERNAME=Bqrry
OS=Windows_NT
PROCESSOR_IDENTIFIER=Intel64 Family 6 Model 158 Stepping 10, GenuineIntel



---------------  S Y S T E M  ---------------

OS: Windows 10 , 64 bit Build 19041 (10.0.19041.1706)
OS uptime: 0 days 3:31 hours
Hyper-V role detected

CPU:total 12 (initial active 12) (6 cores per cpu, 2 threads per core) family 6 model 158 stepping 10 microcode 0xea, cmov, cx8, fxsr, mmx, sse, sse2, sse3, ssse3, sse4.1, sse4.2, popcnt, avx, avx2, aes, clmul, erms, 3dnowpref, lzcnt, ht, tsc, tscinvbit, bmi1, bmi2, adx, fma

Memory: 4k page, system-wide physical 32647M (22532M free)
TotalPageFile size 37511M (AvailPageFile size 25915M)
current process WorkingSet (physical memory assigned to process): 115M, peak: 153M
current process commit charge ("private bytes"): 640M, peak: 664M

vm_info: OpenJDK 64-Bit Server VM (11.0.14.1+10-LTS) for windows-amd64 JRE (11.0.14.1+10-LTS), built on Feb  8 2022 00:13:20 by "Administrator" with unknown MS VC++:1916

END.
