#
# A fatal error has been detected by the Java Runtime Environment:
#
#  EXCEPTION_ACCESS_VIOLATION (0xc0000005) at pc=0x00007ffaeac77850, pid=3508, tid=15728
#
# JRE version: OpenJDK Runtime Environment Corretto-11.0.14.10.1 (11.0.14.1+10) (build 11.0.14.1+10-LTS)
# Java VM: OpenJDK 64-Bit Server VM Corretto-11.0.14.10.1 (11.0.14.1+10-LTS, mixed mode, tiered, compressed oops, g1 gc, windows-amd64)
# Problematic frame:
# V  [jvm.dll+0x2b7850]
#
# No core dump will be written. Minidumps are not enabled by default on client versions of Windows
#
# If you would like to submit a bug report, please visit:
#   https://github.com/corretto/corretto-11/issues/
#

---------------  S U M M A R Y ------------

Command Line: -Dfile.encoding=windows-1252 -Duser.country=US -Duser.language=en -Duser.variant Main

Host: Intel(R) Core(TM) i7-9750H CPU @ 2.60GHz, 12 cores, 31G,  Windows 10 , 64 bit Build 19041 (10.0.19041.1706)
Time: Wed May 25 11:18:43 2022 GTB Daylight Time elapsed time: 7.731645 seconds (0d 0h 0m 7s)

---------------  T H R E A D  ---------------

Current thread (0x000002baeda2e800):  JavaThread "C1 CompilerThread0" daemon [_thread_in_vm, id=15728, stack(0x000000f95cf00000,0x000000f95d000000)]


Current CompileTask:
C1:   7731 1041       3       game.object.Entity.tank.Tank::CountDowns (36 bytes)

Stack: [0x000000f95cf00000,0x000000f95d000000],  sp=0x000000f95cffe220,  free space=1016k
Native frames: (J=compiled Java code, j=interpreted, Vv=VM code, C=native code)
V  [jvm.dll+0x2b7850]
V  [jvm.dll+0x7401a7]
V  [jvm.dll+0x7402b3]
V  [jvm.dll+0x1a60cb]
V  [jvm.dll+0x1bade1]
V  [jvm.dll+0x1ae4fe]
V  [jvm.dll+0x1b84e2]
V  [jvm.dll+0x1b8c23]
V  [jvm.dll+0x1a6835]
V  [jvm.dll+0x1a6432]
V  [jvm.dll+0x1bc970]
V  [jvm.dll+0x13418a]
V  [jvm.dll+0x136d69]
V  [jvm.dll+0x135234]
V  [jvm.dll+0x12ef1b]
V  [jvm.dll+0x13eeba]
V  [jvm.dll+0x12a219]
V  [jvm.dll+0x12a580]
V  [jvm.dll+0x12a83f]
V  [jvm.dll+0x129ae4]
V  [jvm.dll+0x12b9f7]
V  [jvm.dll+0x217574]
V  [jvm.dll+0x2157bb]
V  [jvm.dll+0x76e0c0]
V  [jvm.dll+0x767024]
V  [jvm.dll+0x61d486]
C  [ucrtbase.dll+0x21bb2]
C  [KERNEL32.DLL+0x17034]
C  [ntdll.dll+0x52651]


siginfo: EXCEPTION_ACCESS_VIOLATION (0xc0000005), reading address 0xffffffffffffffff


Register to memory mapping:

RIP=0x00007ffaeac77850 jvm.dll
RAX=0x000002baedb546b0 points into unknown readable memory: 0x0000000000000000 | 00 00 00 00 00 00 00 00
RBX=0x696c71732f67726e is an unknown value
RCX=0x0 is NULL
RDX=0x00000000ffffd8f1 is an unknown value
RSP=0x000000f95cffe220 is pointing into the stack for thread: 0x000002baeda2e800
RBP=0x000002baedba89b0 points into unknown readable memory: 0x6167868f00090010 | 10 00 09 00 8f 86 67 61
RSI=0x0000000620400cc8 is an oop: jdk.internal.loader.ClassLoaders$AppClassLoader 
{0x0000000620400cc8} - klass: 'jdk/internal/loader/ClassLoaders$AppClassLoader'
RDI=0x000002baed980990 points into unknown readable memory: 0x0d08004500000002 | 02 00 00 00 45 00 08 0d
R8 =0x000002baedba89b0 points into unknown readable memory: 0x6167868f00090010 | 10 00 09 00 8f 86 67 61
R9 =0x0 is NULL
R10=0x000000009d47868f is an unknown value
R11=0x000002baf42b8060 points into unknown readable memory: 0x00007ffaeb255c20 | 20 5c 25 eb fa 7f 00 00
R12=0x000000f95cffe440 is pointing into the stack for thread: 0x000002baeda2e800
R13=0x000002baeda55790 points into unknown readable memory: 0x00007ffaeb253db0 | b0 3d 25 eb fa 7f 00 00
R14=0x000002baeda2e800 is a thread
R15=0x00007ffaeb4a15b0 jvm.dll


Registers:
RAX=0x000002baedb546b0, RBX=0x696c71732f67726e, RCX=0x0000000000000000, RDX=0x00000000ffffd8f1
RSP=0x000000f95cffe220, RBP=0x000002baedba89b0, RSI=0x0000000620400cc8, RDI=0x000002baed980990
R8 =0x000002baedba89b0, R9 =0x0000000000000000, R10=0x000000009d47868f, R11=0x000002baf42b8060
R12=0x000000f95cffe440, R13=0x000002baeda55790, R14=0x000002baeda2e800, R15=0x00007ffaeb4a15b0
RIP=0x00007ffaeac77850, EFLAGS=0x0000000000010202

Top of Stack: (sp=0x000000f95cffe220)
0x000000f95cffe220:   000002baedee0000 000000f95cffe436
0x000000f95cffe230:   0000000000004b84 000002baedee5520
0x000000f95cffe240:   0000000000000000 00007ffaeb1001a7
0x000000f95cffe250:   0000000000000000 00007ffaeab79156
0x000000f95cffe260:   000002baedee5bf0 00007ffaeafaeed0
0x000000f95cffe270:   000002baeda2f340 00007ffaeb1002b3
0x000000f95cffe280:   0000000000000000 000002baedba89b0
0x000000f95cffe290:   0000000000000000 00007ffaeafaf32e
0x000000f95cffe2a0:   000002baeda2f340 000000f95cffe440
0x000000f95cffe2b0:   000002baedba89b0 000002baeda2e800
0x000000f95cffe2c0:   000002babf6fe210 00007ffaeab660cb
0x000000f95cffe2d0:   000002baeda2f340 000002baeda2f348
0x000000f95cffe2e0:   0000000000000000 0000000000000000
0x000000f95cffe2f0:   000000f95cffe3b0 00007ffaeab7d4da
0x000000f95cffe300:   000000f95cffe480 000002baeda2f340
0x000000f95cffe310:   000002baeda2f348 0000000000000000 

Instructions: (pc=0x00007ffaeac77850)
0x00007ffaeac77750:   8b bc 24 f0 00 00 00 4c 8b b4 24 f8 00 00 00 4c
0x00007ffaeac77760:   8b ac 24 00 01 00 00 4c 8b a4 24 08 01 00 00 48
0x00007ffaeac77770:   8b bc 24 10 01 00 00 48 8b b4 24 38 01 00 00 48
0x00007ffaeac77780:   8b ac 24 30 01 00 00 48 8b 9c 24 28 01 00 00 48
0x00007ffaeac77790:   8b 8c 24 e0 00 00 00 48 33 cc e8 21 6c 52 00 48
0x00007ffaeac777a0:   81 c4 18 01 00 00 c3 cc cc cc cc cc cc cc cc cc
0x00007ffaeac777b0:   48 89 5c 24 08 57 48 83 ec 20 48 8b d9 48 8b fa
0x00007ffaeac777c0:   48 8b 49 10 48 8b 01 ff 90 c8 00 00 00 48 3b f8
0x00007ffaeac777d0:   74 30 48 8b 5b 18 48 85 db 74 1a 0f 1f 44 00 00
0x00007ffaeac777e0:   48 8b cb e8 88 ad 39 00 48 3b c7 74 15 48 8b 1b
0x00007ffaeac777f0:   48 85 db 75 eb 32 c0 48 8b 5c 24 30 48 83 c4 20
0x00007ffaeac77800:   5f c3 48 8b 5c 24 30 b0 01 48 83 c4 20 5f c3 cc
0x00007ffaeac77810:   0f b6 05 79 46 7f 00 c3 cc cc cc cc cc cc cc cc
0x00007ffaeac77820:   40 53 48 83 ec 20 44 8b d2 33 d2 41 8b c2 f7 31
0x00007ffaeac77830:   48 8b 41 08 48 63 da 48 8b 1c d8 48 85 db 74 36
0x00007ffaeac77840:   0f b6 0d 84 59 7f 00 ba f1 d8 ff ff 0f 1f 40 00
0x00007ffaeac77850:   44 39 13 75 17 48 8b 43 10 4c 39 40 18 75 0d 84
0x00007ffaeac77860:   c9 74 1b 66 39 90 c8 00 00 00 75 12 48 8b 5b 08
0x00007ffaeac77870:   48 83 e3 fe 75 da 33 c0 48 83 c4 20 5b c3 80 3d
0x00007ffaeac77880:   83 36 81 00 00 74 19 4d 85 c9 74 14 49 8b 11 48
0x00007ffaeac77890:   85 d2 74 0c 48 8b cb e8 14 ff ff ff 84 c0 74 d6
0x00007ffaeac778a0:   48 8b 43 10 48 83 c4 20 5b c3 cc cc cc cc cc cc
0x00007ffaeac778b0:   48 8b 41 08 48 63 d2 48 8b 04 d0 48 85 c0 74 37
0x00007ffaeac778c0:   0f b6 15 04 59 7f 00 41 ba f1 d8 ff ff 0f 1f 00
0x00007ffaeac778d0:   44 39 00 75 18 48 8b 48 10 4c 39 49 18 75 0e 84
0x00007ffaeac778e0:   d2 74 17 66 44 39 91 c8 00 00 00 75 0d 48 8b 40
0x00007ffaeac778f0:   08 48 83 e0 fe 75 d9 33 c0 c3 48 8b c1 c3 cc cc
0x00007ffaeac77900:   48 8b 41 08 48 63 d2 48 8b 04 d0 48 85 c0 74 20
0x00007ffaeac77910:   48 8b 4c 24 28 44 39 00 75 0c 4c 39 48 10 75 06
0x00007ffaeac77920:   48 39 48 18 74 0c 48 8b 40 08 48 83 e0 fe 75 e5
0x00007ffaeac77930:   33 c0 c3 cc cc cc cc cc cc cc cc cc cc cc cc cc
0x00007ffaeac77940:   48 89 5c 24 08 57 48 83 ec 20 48 8b 42 18 48 8b 


Stack slot to memory mapping:
stack at sp + 0 slots: 0x000002baedee0000 points into unknown readable memory: 0x0000000000000000 | 00 00 00 00 00 00 00 00
stack at sp + 1 slots: 0x000000f95cffe436 is pointing into the stack for thread: 0x000002baeda2e800
stack at sp + 2 slots: 0x0000000000004b84 is an unknown value
stack at sp + 3 slots: 0x000002baedee5520 points into unknown readable memory: 0x000002baf42b97b0 | b0 97 2b f4 ba 02 00 00
stack at sp + 4 slots: 0x0 is NULL
stack at sp + 5 slots: 0x00007ffaeb1001a7 jvm.dll
stack at sp + 6 slots: 0x0 is NULL
stack at sp + 7 slots: 0x00007ffaeab79156 jvm.dll


---------------  P R O C E S S  ---------------

Threads class SMR info:
_java_thread_list=0x000002baee29f7b0, length=10, elements={
0x000002babf701000, 0x000002baed9bc800, 0x000002baed9c5800, 0x000002baeda18800,
0x000002baeda1a800, 0x000002baeda1c000, 0x000002baeda1f000, 0x000002baeda2e800,
0x000002baeda34800, 0x000002baedba7000
}

Java Threads: ( => current thread )
  0x000002babf701000 JavaThread "main" [_thread_in_native, id=8976, stack(0x000000f95c200000,0x000000f95c300000)]
  0x000002baed9bc800 JavaThread "Reference Handler" daemon [_thread_blocked, id=13720, stack(0x000000f95c900000,0x000000f95ca00000)]
  0x000002baed9c5800 JavaThread "Finalizer" daemon [_thread_blocked, id=15828, stack(0x000000f95ca00000,0x000000f95cb00000)]
  0x000002baeda18800 JavaThread "Signal Dispatcher" daemon [_thread_blocked, id=16400, stack(0x000000f95cb00000,0x000000f95cc00000)]
  0x000002baeda1a800 JavaThread "Attach Listener" daemon [_thread_blocked, id=13492, stack(0x000000f95cc00000,0x000000f95cd00000)]
  0x000002baeda1c000 JavaThread "Service Thread" daemon [_thread_blocked, id=11408, stack(0x000000f95cd00000,0x000000f95ce00000)]
  0x000002baeda1f000 JavaThread "C2 CompilerThread0" daemon [_thread_blocked, id=16080, stack(0x000000f95ce00000,0x000000f95cf00000)]
=>0x000002baeda2e800 JavaThread "C1 CompilerThread0" daemon [_thread_in_vm, id=15728, stack(0x000000f95cf00000,0x000000f95d000000)]
  0x000002baeda34800 JavaThread "Sweeper thread" daemon [_thread_blocked, id=19004, stack(0x000000f95d000000,0x000000f95d100000)]
  0x000002baedba7000 JavaThread "Common-Cleaner" daemon [_thread_blocked, id=14612, stack(0x000000f95d200000,0x000000f95d300000)]

Other Threads:
  0x000002baed999800 VMThread "VM Thread" [stack: 0x000000f95c800000,0x000000f95c900000] [id=7892]
  0x000002baedb9a000 WatcherThread [stack: 0x000000f95d100000,0x000000f95d200000] [id=19412]
  0x000002babf713800 GCTaskThread "GC Thread#0" [stack: 0x000000f95c300000,0x000000f95c400000] [id=10368]
  0x000002baf44b9800 GCTaskThread "GC Thread#1" [stack: 0x000000f95da00000,0x000000f95db00000] [id=17352]
  0x000002baf44ba000 GCTaskThread "GC Thread#2" [stack: 0x000000f95db00000,0x000000f95dc00000] [id=3712]
  0x000002baf44bb000 GCTaskThread "GC Thread#3" [stack: 0x000000f95dc00000,0x000000f95dd00000] [id=14272]
  0x000002baede49800 GCTaskThread "GC Thread#4" [stack: 0x000000f95dd00000,0x000000f95de00000] [id=19028]
  0x000002baede46800 GCTaskThread "GC Thread#5" [stack: 0x000000f95de00000,0x000000f95df00000] [id=7976]
  0x000002baede48000 GCTaskThread "GC Thread#6" [stack: 0x000000f95df00000,0x000000f95e000000] [id=12564]
  0x000002baede4a000 GCTaskThread "GC Thread#7" [stack: 0x000000f95e000000,0x000000f95e100000] [id=4984]
  0x000002baede4c800 GCTaskThread "GC Thread#8" [stack: 0x000000f95e100000,0x000000f95e200000] [id=6164]
  0x000002baede4d000 GCTaskThread "GC Thread#9" [stack: 0x000000f95e200000,0x000000f95e300000] [id=7956]
  0x000002babf796800 ConcurrentGCThread "G1 Main Marker" [stack: 0x000000f95c400000,0x000000f95c500000] [id=5832]
  0x000002babf798000 ConcurrentGCThread "G1 Conc#0" [stack: 0x000000f95c500000,0x000000f95c600000] [id=18248]
  0x000002baecffc000 ConcurrentGCThread "G1 Refine#0" [stack: 0x000000f95c600000,0x000000f95c700000] [id=15576]
  0x000002baecffd000 ConcurrentGCThread "G1 Young RemSet Sampling" [stack: 0x000000f95c700000,0x000000f95c800000] [id=16284]

Threads with active compile tasks:
C1 CompilerThread0   7933 1041       3       game.object.Entity.tank.Tank::CountDowns (36 bytes)

VM state:not at safepoint (normal execution)

VM Mutex/Monitor currently owned by a thread:  ([mutex/lock_event])
[0x000002babf6fe210] Compile_lock - owner thread: 0x000002baeda2e800

Heap address: 0x0000000601e00000, size: 8162 MB, Compressed Oops mode: Zero based, Oop shift amount: 3
Narrow klass base: 0x0000000800000000, Narrow klass shift: 0
Compressed class space size: 1073741824 Address: 0x0000000800000000

Heap:
 garbage-first heap   total 524288K, used 4536K [0x0000000601e00000, 0x0000000800000000)
  region size 2048K, 4 young (8192K), 2 survivors (4096K)
 Metaspace       used 12868K, capacity 13090K, committed 13184K, reserved 1060864K
  class space    used 1024K, capacity 1115K, committed 1152K, reserved 1048576K
Heap Regions: E=young(eden), S=young(survivor), O=old, HS=humongous(starts), HC=humongous(continues), CS=collection set, F=free, A=archive, TAMS=top-at-mark-start (previous, next)
|   0|0x0000000601e00000, 0x0000000601e00000, 0x0000000602000000|  0%| F|  |TAMS 0x0000000601e00000, 0x0000000601e00000| Untracked 
|   1|0x0000000602000000, 0x0000000602000000, 0x0000000602200000|  0%| F|  |TAMS 0x0000000602000000, 0x0000000602000000| Untracked 
|   2|0x0000000602200000, 0x0000000602200000, 0x0000000602400000|  0%| F|  |TAMS 0x0000000602200000, 0x0000000602200000| Untracked 
|   3|0x0000000602400000, 0x0000000602400000, 0x0000000602600000|  0%| F|  |TAMS 0x0000000602400000, 0x0000000602400000| Untracked 
|   4|0x0000000602600000, 0x0000000602600000, 0x0000000602800000|  0%| F|  |TAMS 0x0000000602600000, 0x0000000602600000| Untracked 
|   5|0x0000000602800000, 0x0000000602800000, 0x0000000602a00000|  0%| F|  |TAMS 0x0000000602800000, 0x0000000602800000| Untracked 
|   6|0x0000000602a00000, 0x0000000602a00000, 0x0000000602c00000|  0%| F|  |TAMS 0x0000000602a00000, 0x0000000602a00000| Untracked 
|   7|0x0000000602c00000, 0x0000000602c00000, 0x0000000602e00000|  0%| F|  |TAMS 0x0000000602c00000, 0x0000000602c00000| Untracked 
|   8|0x0000000602e00000, 0x0000000602e00000, 0x0000000603000000|  0%| F|  |TAMS 0x0000000602e00000, 0x0000000602e00000| Untracked 
|   9|0x0000000603000000, 0x0000000603000000, 0x0000000603200000|  0%| F|  |TAMS 0x0000000603000000, 0x0000000603000000| Untracked 
|  10|0x0000000603200000, 0x0000000603200000, 0x0000000603400000|  0%| F|  |TAMS 0x0000000603200000, 0x0000000603200000| Untracked 
|  11|0x0000000603400000, 0x0000000603400000, 0x0000000603600000|  0%| F|  |TAMS 0x0000000603400000, 0x0000000603400000| Untracked 
|  12|0x0000000603600000, 0x0000000603600000, 0x0000000603800000|  0%| F|  |TAMS 0x0000000603600000, 0x0000000603600000| Untracked 
|  13|0x0000000603800000, 0x0000000603800000, 0x0000000603a00000|  0%| F|  |TAMS 0x0000000603800000, 0x0000000603800000| Untracked 
|  14|0x0000000603a00000, 0x0000000603a00000, 0x0000000603c00000|  0%| F|  |TAMS 0x0000000603a00000, 0x0000000603a00000| Untracked 
|  15|0x0000000603c00000, 0x0000000603c00000, 0x0000000603e00000|  0%| F|  |TAMS 0x0000000603c00000, 0x0000000603c00000| Untracked 
|  16|0x0000000603e00000, 0x0000000603e00000, 0x0000000604000000|  0%| F|  |TAMS 0x0000000603e00000, 0x0000000603e00000| Untracked 
|  17|0x0000000604000000, 0x0000000604000000, 0x0000000604200000|  0%| F|  |TAMS 0x0000000604000000, 0x0000000604000000| Untracked 
|  18|0x0000000604200000, 0x0000000604200000, 0x0000000604400000|  0%| F|  |TAMS 0x0000000604200000, 0x0000000604200000| Untracked 
|  19|0x0000000604400000, 0x0000000604400000, 0x0000000604600000|  0%| F|  |TAMS 0x0000000604400000, 0x0000000604400000| Untracked 
|  20|0x0000000604600000, 0x0000000604600000, 0x0000000604800000|  0%| F|  |TAMS 0x0000000604600000, 0x0000000604600000| Untracked 
|  21|0x0000000604800000, 0x0000000604800000, 0x0000000604a00000|  0%| F|  |TAMS 0x0000000604800000, 0x0000000604800000| Untracked 
|  22|0x0000000604a00000, 0x0000000604a00000, 0x0000000604c00000|  0%| F|  |TAMS 0x0000000604a00000, 0x0000000604a00000| Untracked 
|  23|0x0000000604c00000, 0x0000000604c00000, 0x0000000604e00000|  0%| F|  |TAMS 0x0000000604c00000, 0x0000000604c00000| Untracked 
|  24|0x0000000604e00000, 0x0000000604e00000, 0x0000000605000000|  0%| F|  |TAMS 0x0000000604e00000, 0x0000000604e00000| Untracked 
|  25|0x0000000605000000, 0x0000000605000000, 0x0000000605200000|  0%| F|  |TAMS 0x0000000605000000, 0x0000000605000000| Untracked 
|  26|0x0000000605200000, 0x0000000605200000, 0x0000000605400000|  0%| F|  |TAMS 0x0000000605200000, 0x0000000605200000| Untracked 
|  27|0x0000000605400000, 0x0000000605400000, 0x0000000605600000|  0%| F|  |TAMS 0x0000000605400000, 0x0000000605400000| Untracked 
|  28|0x0000000605600000, 0x0000000605600000, 0x0000000605800000|  0%| F|  |TAMS 0x0000000605600000, 0x0000000605600000| Untracked 
|  29|0x0000000605800000, 0x0000000605800000, 0x0000000605a00000|  0%| F|  |TAMS 0x0000000605800000, 0x0000000605800000| Untracked 
|  30|0x0000000605a00000, 0x0000000605a00000, 0x0000000605c00000|  0%| F|  |TAMS 0x0000000605a00000, 0x0000000605a00000| Untracked 
|  31|0x0000000605c00000, 0x0000000605c00000, 0x0000000605e00000|  0%| F|  |TAMS 0x0000000605c00000, 0x0000000605c00000| Untracked 
|  32|0x0000000605e00000, 0x0000000605e00000, 0x0000000606000000|  0%| F|  |TAMS 0x0000000605e00000, 0x0000000605e00000| Untracked 
|  33|0x0000000606000000, 0x0000000606000000, 0x0000000606200000|  0%| F|  |TAMS 0x0000000606000000, 0x0000000606000000| Untracked 
|  34|0x0000000606200000, 0x0000000606200000, 0x0000000606400000|  0%| F|  |TAMS 0x0000000606200000, 0x0000000606200000| Untracked 
|  35|0x0000000606400000, 0x0000000606400000, 0x0000000606600000|  0%| F|  |TAMS 0x0000000606400000, 0x0000000606400000| Untracked 
|  36|0x0000000606600000, 0x0000000606600000, 0x0000000606800000|  0%| F|  |TAMS 0x0000000606600000, 0x0000000606600000| Untracked 
|  37|0x0000000606800000, 0x0000000606800000, 0x0000000606a00000|  0%| F|  |TAMS 0x0000000606800000, 0x0000000606800000| Untracked 
|  38|0x0000000606a00000, 0x0000000606a00000, 0x0000000606c00000|  0%| F|  |TAMS 0x0000000606a00000, 0x0000000606a00000| Untracked 
|  39|0x0000000606c00000, 0x0000000606c00000, 0x0000000606e00000|  0%| F|  |TAMS 0x0000000606c00000, 0x0000000606c00000| Untracked 
|  40|0x0000000606e00000, 0x0000000606e00000, 0x0000000607000000|  0%| F|  |TAMS 0x0000000606e00000, 0x0000000606e00000| Untracked 
|  41|0x0000000607000000, 0x0000000607000000, 0x0000000607200000|  0%| F|  |TAMS 0x0000000607000000, 0x0000000607000000| Untracked 
|  42|0x0000000607200000, 0x0000000607200000, 0x0000000607400000|  0%| F|  |TAMS 0x0000000607200000, 0x0000000607200000| Untracked 
|  43|0x0000000607400000, 0x0000000607400000, 0x0000000607600000|  0%| F|  |TAMS 0x0000000607400000, 0x0000000607400000| Untracked 
|  44|0x0000000607600000, 0x0000000607600000, 0x0000000607800000|  0%| F|  |TAMS 0x0000000607600000, 0x0000000607600000| Untracked 
|  45|0x0000000607800000, 0x0000000607800000, 0x0000000607a00000|  0%| F|  |TAMS 0x0000000607800000, 0x0000000607800000| Untracked 
|  46|0x0000000607a00000, 0x0000000607a00000, 0x0000000607c00000|  0%| F|  |TAMS 0x0000000607a00000, 0x0000000607a00000| Untracked 
|  47|0x0000000607c00000, 0x0000000607c00000, 0x0000000607e00000|  0%| F|  |TAMS 0x0000000607c00000, 0x0000000607c00000| Untracked 
|  48|0x0000000607e00000, 0x0000000607e00000, 0x0000000608000000|  0%| F|  |TAMS 0x0000000607e00000, 0x0000000607e00000| Untracked 
|  49|0x0000000608000000, 0x0000000608000000, 0x0000000608200000|  0%| F|  |TAMS 0x0000000608000000, 0x0000000608000000| Untracked 
|  50|0x0000000608200000, 0x0000000608200000, 0x0000000608400000|  0%| F|  |TAMS 0x0000000608200000, 0x0000000608200000| Untracked 
|  51|0x0000000608400000, 0x0000000608400000, 0x0000000608600000|  0%| F|  |TAMS 0x0000000608400000, 0x0000000608400000| Untracked 
|  52|0x0000000608600000, 0x0000000608600000, 0x0000000608800000|  0%| F|  |TAMS 0x0000000608600000, 0x0000000608600000| Untracked 
|  53|0x0000000608800000, 0x0000000608800000, 0x0000000608a00000|  0%| F|  |TAMS 0x0000000608800000, 0x0000000608800000| Untracked 
|  54|0x0000000608a00000, 0x0000000608a00000, 0x0000000608c00000|  0%| F|  |TAMS 0x0000000608a00000, 0x0000000608a00000| Untracked 
|  55|0x0000000608c00000, 0x0000000608c00000, 0x0000000608e00000|  0%| F|  |TAMS 0x0000000608c00000, 0x0000000608c00000| Untracked 
|  56|0x0000000608e00000, 0x0000000608e00000, 0x0000000609000000|  0%| F|  |TAMS 0x0000000608e00000, 0x0000000608e00000| Untracked 
|  57|0x0000000609000000, 0x0000000609000000, 0x0000000609200000|  0%| F|  |TAMS 0x0000000609000000, 0x0000000609000000| Untracked 
|  58|0x0000000609200000, 0x0000000609200000, 0x0000000609400000|  0%| F|  |TAMS 0x0000000609200000, 0x0000000609200000| Untracked 
|  59|0x0000000609400000, 0x0000000609400000, 0x0000000609600000|  0%| F|  |TAMS 0x0000000609400000, 0x0000000609400000| Untracked 
|  60|0x0000000609600000, 0x0000000609600000, 0x0000000609800000|  0%| F|  |TAMS 0x0000000609600000, 0x0000000609600000| Untracked 
|  61|0x0000000609800000, 0x0000000609800000, 0x0000000609a00000|  0%| F|  |TAMS 0x0000000609800000, 0x0000000609800000| Untracked 
|  62|0x0000000609a00000, 0x0000000609a00000, 0x0000000609c00000|  0%| F|  |TAMS 0x0000000609a00000, 0x0000000609a00000| Untracked 
|  63|0x0000000609c00000, 0x0000000609c00000, 0x0000000609e00000|  0%| F|  |TAMS 0x0000000609c00000, 0x0000000609c00000| Untracked 
|  64|0x0000000609e00000, 0x0000000609e00000, 0x000000060a000000|  0%| F|  |TAMS 0x0000000609e00000, 0x0000000609e00000| Untracked 
|  65|0x000000060a000000, 0x000000060a000000, 0x000000060a200000|  0%| F|  |TAMS 0x000000060a000000, 0x000000060a000000| Untracked 
|  66|0x000000060a200000, 0x000000060a200000, 0x000000060a400000|  0%| F|  |TAMS 0x000000060a200000, 0x000000060a200000| Untracked 
|  67|0x000000060a400000, 0x000000060a400000, 0x000000060a600000|  0%| F|  |TAMS 0x000000060a400000, 0x000000060a400000| Untracked 
|  68|0x000000060a600000, 0x000000060a600000, 0x000000060a800000|  0%| F|  |TAMS 0x000000060a600000, 0x000000060a600000| Untracked 
|  69|0x000000060a800000, 0x000000060a800000, 0x000000060aa00000|  0%| F|  |TAMS 0x000000060a800000, 0x000000060a800000| Untracked 
|  70|0x000000060aa00000, 0x000000060aa00000, 0x000000060ac00000|  0%| F|  |TAMS 0x000000060aa00000, 0x000000060aa00000| Untracked 
|  71|0x000000060ac00000, 0x000000060ac00000, 0x000000060ae00000|  0%| F|  |TAMS 0x000000060ac00000, 0x000000060ac00000| Untracked 
|  72|0x000000060ae00000, 0x000000060ae00000, 0x000000060b000000|  0%| F|  |TAMS 0x000000060ae00000, 0x000000060ae00000| Untracked 
|  73|0x000000060b000000, 0x000000060b000000, 0x000000060b200000|  0%| F|  |TAMS 0x000000060b000000, 0x000000060b000000| Untracked 
|  74|0x000000060b200000, 0x000000060b200000, 0x000000060b400000|  0%| F|  |TAMS 0x000000060b200000, 0x000000060b200000| Untracked 
|  75|0x000000060b400000, 0x000000060b400000, 0x000000060b600000|  0%| F|  |TAMS 0x000000060b400000, 0x000000060b400000| Untracked 
|  76|0x000000060b600000, 0x000000060b600000, 0x000000060b800000|  0%| F|  |TAMS 0x000000060b600000, 0x000000060b600000| Untracked 
|  77|0x000000060b800000, 0x000000060b800000, 0x000000060ba00000|  0%| F|  |TAMS 0x000000060b800000, 0x000000060b800000| Untracked 
|  78|0x000000060ba00000, 0x000000060ba00000, 0x000000060bc00000|  0%| F|  |TAMS 0x000000060ba00000, 0x000000060ba00000| Untracked 
|  79|0x000000060bc00000, 0x000000060bc00000, 0x000000060be00000|  0%| F|  |TAMS 0x000000060bc00000, 0x000000060bc00000| Untracked 
|  80|0x000000060be00000, 0x000000060be00000, 0x000000060c000000|  0%| F|  |TAMS 0x000000060be00000, 0x000000060be00000| Untracked 
|  81|0x000000060c000000, 0x000000060c000000, 0x000000060c200000|  0%| F|  |TAMS 0x000000060c000000, 0x000000060c000000| Untracked 
|  82|0x000000060c200000, 0x000000060c200000, 0x000000060c400000|  0%| F|  |TAMS 0x000000060c200000, 0x000000060c200000| Untracked 
|  83|0x000000060c400000, 0x000000060c400000, 0x000000060c600000|  0%| F|  |TAMS 0x000000060c400000, 0x000000060c400000| Untracked 
|  84|0x000000060c600000, 0x000000060c600000, 0x000000060c800000|  0%| F|  |TAMS 0x000000060c600000, 0x000000060c600000| Untracked 
|  85|0x000000060c800000, 0x000000060c800000, 0x000000060ca00000|  0%| F|  |TAMS 0x000000060c800000, 0x000000060c800000| Untracked 
|  86|0x000000060ca00000, 0x000000060ca00000, 0x000000060cc00000|  0%| F|  |TAMS 0x000000060ca00000, 0x000000060ca00000| Untracked 
|  87|0x000000060cc00000, 0x000000060cc00000, 0x000000060ce00000|  0%| F|  |TAMS 0x000000060cc00000, 0x000000060cc00000| Untracked 
|  88|0x000000060ce00000, 0x000000060ce00000, 0x000000060d000000|  0%| F|  |TAMS 0x000000060ce00000, 0x000000060ce00000| Untracked 
|  89|0x000000060d000000, 0x000000060d000000, 0x000000060d200000|  0%| F|  |TAMS 0x000000060d000000, 0x000000060d000000| Untracked 
|  90|0x000000060d200000, 0x000000060d200000, 0x000000060d400000|  0%| F|  |TAMS 0x000000060d200000, 0x000000060d200000| Untracked 
|  91|0x000000060d400000, 0x000000060d400000, 0x000000060d600000|  0%| F|  |TAMS 0x000000060d400000, 0x000000060d400000| Untracked 
|  92|0x000000060d600000, 0x000000060d600000, 0x000000060d800000|  0%| F|  |TAMS 0x000000060d600000, 0x000000060d600000| Untracked 
|  93|0x000000060d800000, 0x000000060d800000, 0x000000060da00000|  0%| F|  |TAMS 0x000000060d800000, 0x000000060d800000| Untracked 
|  94|0x000000060da00000, 0x000000060da00000, 0x000000060dc00000|  0%| F|  |TAMS 0x000000060da00000, 0x000000060da00000| Untracked 
|  95|0x000000060dc00000, 0x000000060dc00000, 0x000000060de00000|  0%| F|  |TAMS 0x000000060dc00000, 0x000000060dc00000| Untracked 
|  96|0x000000060de00000, 0x000000060de00000, 0x000000060e000000|  0%| F|  |TAMS 0x000000060de00000, 0x000000060de00000| Untracked 
|  97|0x000000060e000000, 0x000000060e000000, 0x000000060e200000|  0%| F|  |TAMS 0x000000060e000000, 0x000000060e000000| Untracked 
|  98|0x000000060e200000, 0x000000060e200000, 0x000000060e400000|  0%| F|  |TAMS 0x000000060e200000, 0x000000060e200000| Untracked 
|  99|0x000000060e400000, 0x000000060e400000, 0x000000060e600000|  0%| F|  |TAMS 0x000000060e400000, 0x000000060e400000| Untracked 
| 100|0x000000060e600000, 0x000000060e600000, 0x000000060e800000|  0%| F|  |TAMS 0x000000060e600000, 0x000000060e600000| Untracked 
| 101|0x000000060e800000, 0x000000060e800000, 0x000000060ea00000|  0%| F|  |TAMS 0x000000060e800000, 0x000000060e800000| Untracked 
| 102|0x000000060ea00000, 0x000000060ea00000, 0x000000060ec00000|  0%| F|  |TAMS 0x000000060ea00000, 0x000000060ea00000| Untracked 
| 103|0x000000060ec00000, 0x000000060ec00000, 0x000000060ee00000|  0%| F|  |TAMS 0x000000060ec00000, 0x000000060ec00000| Untracked 
| 104|0x000000060ee00000, 0x000000060ee00000, 0x000000060f000000|  0%| F|  |TAMS 0x000000060ee00000, 0x000000060ee00000| Untracked 
| 105|0x000000060f000000, 0x000000060f000000, 0x000000060f200000|  0%| F|  |TAMS 0x000000060f000000, 0x000000060f000000| Untracked 
| 106|0x000000060f200000, 0x000000060f200000, 0x000000060f400000|  0%| F|  |TAMS 0x000000060f200000, 0x000000060f200000| Untracked 
| 107|0x000000060f400000, 0x000000060f400000, 0x000000060f600000|  0%| F|  |TAMS 0x000000060f400000, 0x000000060f400000| Untracked 
| 108|0x000000060f600000, 0x000000060f600000, 0x000000060f800000|  0%| F|  |TAMS 0x000000060f600000, 0x000000060f600000| Untracked 
| 109|0x000000060f800000, 0x000000060f800000, 0x000000060fa00000|  0%| F|  |TAMS 0x000000060f800000, 0x000000060f800000| Untracked 
| 110|0x000000060fa00000, 0x000000060fa00000, 0x000000060fc00000|  0%| F|  |TAMS 0x000000060fa00000, 0x000000060fa00000| Untracked 
| 111|0x000000060fc00000, 0x000000060fc00000, 0x000000060fe00000|  0%| F|  |TAMS 0x000000060fc00000, 0x000000060fc00000| Untracked 
| 112|0x000000060fe00000, 0x000000060fe00000, 0x0000000610000000|  0%| F|  |TAMS 0x000000060fe00000, 0x000000060fe00000| Untracked 
| 113|0x0000000610000000, 0x0000000610000000, 0x0000000610200000|  0%| F|  |TAMS 0x0000000610000000, 0x0000000610000000| Untracked 
| 114|0x0000000610200000, 0x0000000610200000, 0x0000000610400000|  0%| F|  |TAMS 0x0000000610200000, 0x0000000610200000| Untracked 
| 115|0x0000000610400000, 0x0000000610400000, 0x0000000610600000|  0%| F|  |TAMS 0x0000000610400000, 0x0000000610400000| Untracked 
| 116|0x0000000610600000, 0x0000000610600000, 0x0000000610800000|  0%| F|  |TAMS 0x0000000610600000, 0x0000000610600000| Untracked 
| 117|0x0000000610800000, 0x0000000610800000, 0x0000000610a00000|  0%| F|  |TAMS 0x0000000610800000, 0x0000000610800000| Untracked 
| 118|0x0000000610a00000, 0x0000000610a00000, 0x0000000610c00000|  0%| F|  |TAMS 0x0000000610a00000, 0x0000000610a00000| Untracked 
| 119|0x0000000610c00000, 0x0000000610c00000, 0x0000000610e00000|  0%| F|  |TAMS 0x0000000610c00000, 0x0000000610c00000| Untracked 
| 120|0x0000000610e00000, 0x0000000610e00000, 0x0000000611000000|  0%| F|  |TAMS 0x0000000610e00000, 0x0000000610e00000| Untracked 
| 121|0x0000000611000000, 0x0000000611000000, 0x0000000611200000|  0%| F|  |TAMS 0x0000000611000000, 0x0000000611000000| Untracked 
| 122|0x0000000611200000, 0x0000000611200000, 0x0000000611400000|  0%| F|  |TAMS 0x0000000611200000, 0x0000000611200000| Untracked 
| 123|0x0000000611400000, 0x0000000611400000, 0x0000000611600000|  0%| F|  |TAMS 0x0000000611400000, 0x0000000611400000| Untracked 
| 124|0x0000000611600000, 0x0000000611600000, 0x0000000611800000|  0%| F|  |TAMS 0x0000000611600000, 0x0000000611600000| Untracked 
| 125|0x0000000611800000, 0x0000000611800000, 0x0000000611a00000|  0%| F|  |TAMS 0x0000000611800000, 0x0000000611800000| Untracked 
| 126|0x0000000611a00000, 0x0000000611a00000, 0x0000000611c00000|  0%| F|  |TAMS 0x0000000611a00000, 0x0000000611a00000| Untracked 
| 127|0x0000000611c00000, 0x0000000611c00000, 0x0000000611e00000|  0%| F|  |TAMS 0x0000000611c00000, 0x0000000611c00000| Untracked 
| 128|0x0000000611e00000, 0x0000000611e00000, 0x0000000612000000|  0%| F|  |TAMS 0x0000000611e00000, 0x0000000611e00000| Untracked 
| 129|0x0000000612000000, 0x0000000612000000, 0x0000000612200000|  0%| F|  |TAMS 0x0000000612000000, 0x0000000612000000| Untracked 
| 130|0x0000000612200000, 0x0000000612200000, 0x0000000612400000|  0%| F|  |TAMS 0x0000000612200000, 0x0000000612200000| Untracked 
| 131|0x0000000612400000, 0x0000000612400000, 0x0000000612600000|  0%| F|  |TAMS 0x0000000612400000, 0x0000000612400000| Untracked 
| 132|0x0000000612600000, 0x0000000612600000, 0x0000000612800000|  0%| F|  |TAMS 0x0000000612600000, 0x0000000612600000| Untracked 
| 133|0x0000000612800000, 0x0000000612800000, 0x0000000612a00000|  0%| F|  |TAMS 0x0000000612800000, 0x0000000612800000| Untracked 
| 134|0x0000000612a00000, 0x0000000612a00000, 0x0000000612c00000|  0%| F|  |TAMS 0x0000000612a00000, 0x0000000612a00000| Untracked 
| 135|0x0000000612c00000, 0x0000000612c00000, 0x0000000612e00000|  0%| F|  |TAMS 0x0000000612c00000, 0x0000000612c00000| Untracked 
| 136|0x0000000612e00000, 0x0000000612e00000, 0x0000000613000000|  0%| F|  |TAMS 0x0000000612e00000, 0x0000000612e00000| Untracked 
| 137|0x0000000613000000, 0x0000000613000000, 0x0000000613200000|  0%| F|  |TAMS 0x0000000613000000, 0x0000000613000000| Untracked 
| 138|0x0000000613200000, 0x0000000613200000, 0x0000000613400000|  0%| F|  |TAMS 0x0000000613200000, 0x0000000613200000| Untracked 
| 139|0x0000000613400000, 0x0000000613400000, 0x0000000613600000|  0%| F|  |TAMS 0x0000000613400000, 0x0000000613400000| Untracked 
| 140|0x0000000613600000, 0x0000000613600000, 0x0000000613800000|  0%| F|  |TAMS 0x0000000613600000, 0x0000000613600000| Untracked 
| 141|0x0000000613800000, 0x0000000613800000, 0x0000000613a00000|  0%| F|  |TAMS 0x0000000613800000, 0x0000000613800000| Untracked 
| 142|0x0000000613a00000, 0x0000000613a00000, 0x0000000613c00000|  0%| F|  |TAMS 0x0000000613a00000, 0x0000000613a00000| Untracked 
| 143|0x0000000613c00000, 0x0000000613c00000, 0x0000000613e00000|  0%| F|  |TAMS 0x0000000613c00000, 0x0000000613c00000| Untracked 
| 144|0x0000000613e00000, 0x0000000613e00000, 0x0000000614000000|  0%| F|  |TAMS 0x0000000613e00000, 0x0000000613e00000| Untracked 
| 145|0x0000000614000000, 0x0000000614000000, 0x0000000614200000|  0%| F|  |TAMS 0x0000000614000000, 0x0000000614000000| Untracked 
| 146|0x0000000614200000, 0x0000000614200000, 0x0000000614400000|  0%| F|  |TAMS 0x0000000614200000, 0x0000000614200000| Untracked 
| 147|0x0000000614400000, 0x0000000614400000, 0x0000000614600000|  0%| F|  |TAMS 0x0000000614400000, 0x0000000614400000| Untracked 
| 148|0x0000000614600000, 0x0000000614600000, 0x0000000614800000|  0%| F|  |TAMS 0x0000000614600000, 0x0000000614600000| Untracked 
| 149|0x0000000614800000, 0x0000000614800000, 0x0000000614a00000|  0%| F|  |TAMS 0x0000000614800000, 0x0000000614800000| Untracked 
| 150|0x0000000614a00000, 0x0000000614a00000, 0x0000000614c00000|  0%| F|  |TAMS 0x0000000614a00000, 0x0000000614a00000| Untracked 
| 151|0x0000000614c00000, 0x0000000614c00000, 0x0000000614e00000|  0%| F|  |TAMS 0x0000000614c00000, 0x0000000614c00000| Untracked 
| 152|0x0000000614e00000, 0x0000000614e00000, 0x0000000615000000|  0%| F|  |TAMS 0x0000000614e00000, 0x0000000614e00000| Untracked 
| 153|0x0000000615000000, 0x0000000615000000, 0x0000000615200000|  0%| F|  |TAMS 0x0000000615000000, 0x0000000615000000| Untracked 
| 154|0x0000000615200000, 0x0000000615200000, 0x0000000615400000|  0%| F|  |TAMS 0x0000000615200000, 0x0000000615200000| Untracked 
| 155|0x0000000615400000, 0x0000000615400000, 0x0000000615600000|  0%| F|  |TAMS 0x0000000615400000, 0x0000000615400000| Untracked 
| 156|0x0000000615600000, 0x0000000615600000, 0x0000000615800000|  0%| F|  |TAMS 0x0000000615600000, 0x0000000615600000| Untracked 
| 157|0x0000000615800000, 0x0000000615800000, 0x0000000615a00000|  0%| F|  |TAMS 0x0000000615800000, 0x0000000615800000| Untracked 
| 158|0x0000000615a00000, 0x0000000615a00000, 0x0000000615c00000|  0%| F|  |TAMS 0x0000000615a00000, 0x0000000615a00000| Untracked 
| 159|0x0000000615c00000, 0x0000000615c00000, 0x0000000615e00000|  0%| F|  |TAMS 0x0000000615c00000, 0x0000000615c00000| Untracked 
| 160|0x0000000615e00000, 0x0000000615e00000, 0x0000000616000000|  0%| F|  |TAMS 0x0000000615e00000, 0x0000000615e00000| Untracked 
| 161|0x0000000616000000, 0x0000000616000000, 0x0000000616200000|  0%| F|  |TAMS 0x0000000616000000, 0x0000000616000000| Untracked 
| 162|0x0000000616200000, 0x0000000616200000, 0x0000000616400000|  0%| F|  |TAMS 0x0000000616200000, 0x0000000616200000| Untracked 
| 163|0x0000000616400000, 0x0000000616400000, 0x0000000616600000|  0%| F|  |TAMS 0x0000000616400000, 0x0000000616400000| Untracked 
| 164|0x0000000616600000, 0x0000000616600000, 0x0000000616800000|  0%| F|  |TAMS 0x0000000616600000, 0x0000000616600000| Untracked 
| 165|0x0000000616800000, 0x0000000616800000, 0x0000000616a00000|  0%| F|  |TAMS 0x0000000616800000, 0x0000000616800000| Untracked 
| 166|0x0000000616a00000, 0x0000000616a00000, 0x0000000616c00000|  0%| F|  |TAMS 0x0000000616a00000, 0x0000000616a00000| Untracked 
| 167|0x0000000616c00000, 0x0000000616c00000, 0x0000000616e00000|  0%| F|  |TAMS 0x0000000616c00000, 0x0000000616c00000| Untracked 
| 168|0x0000000616e00000, 0x0000000616e00000, 0x0000000617000000|  0%| F|  |TAMS 0x0000000616e00000, 0x0000000616e00000| Untracked 
| 169|0x0000000617000000, 0x0000000617000000, 0x0000000617200000|  0%| F|  |TAMS 0x0000000617000000, 0x0000000617000000| Untracked 
| 170|0x0000000617200000, 0x0000000617200000, 0x0000000617400000|  0%| F|  |TAMS 0x0000000617200000, 0x0000000617200000| Untracked 
| 171|0x0000000617400000, 0x0000000617400000, 0x0000000617600000|  0%| F|  |TAMS 0x0000000617400000, 0x0000000617400000| Untracked 
| 172|0x0000000617600000, 0x0000000617600000, 0x0000000617800000|  0%| F|  |TAMS 0x0000000617600000, 0x0000000617600000| Untracked 
| 173|0x0000000617800000, 0x0000000617800000, 0x0000000617a00000|  0%| F|  |TAMS 0x0000000617800000, 0x0000000617800000| Untracked 
| 174|0x0000000617a00000, 0x0000000617a00000, 0x0000000617c00000|  0%| F|  |TAMS 0x0000000617a00000, 0x0000000617a00000| Untracked 
| 175|0x0000000617c00000, 0x0000000617c00000, 0x0000000617e00000|  0%| F|  |TAMS 0x0000000617c00000, 0x0000000617c00000| Untracked 
| 176|0x0000000617e00000, 0x0000000617e00000, 0x0000000618000000|  0%| F|  |TAMS 0x0000000617e00000, 0x0000000617e00000| Untracked 
| 177|0x0000000618000000, 0x0000000618000000, 0x0000000618200000|  0%| F|  |TAMS 0x0000000618000000, 0x0000000618000000| Untracked 
| 178|0x0000000618200000, 0x0000000618200000, 0x0000000618400000|  0%| F|  |TAMS 0x0000000618200000, 0x0000000618200000| Untracked 
| 179|0x0000000618400000, 0x0000000618400000, 0x0000000618600000|  0%| F|  |TAMS 0x0000000618400000, 0x0000000618400000| Untracked 
| 180|0x0000000618600000, 0x0000000618600000, 0x0000000618800000|  0%| F|  |TAMS 0x0000000618600000, 0x0000000618600000| Untracked 
| 181|0x0000000618800000, 0x0000000618800000, 0x0000000618a00000|  0%| F|  |TAMS 0x0000000618800000, 0x0000000618800000| Untracked 
| 182|0x0000000618a00000, 0x0000000618a00000, 0x0000000618c00000|  0%| F|  |TAMS 0x0000000618a00000, 0x0000000618a00000| Untracked 
| 183|0x0000000618c00000, 0x0000000618c00000, 0x0000000618e00000|  0%| F|  |TAMS 0x0000000618c00000, 0x0000000618c00000| Untracked 
| 184|0x0000000618e00000, 0x0000000618e00000, 0x0000000619000000|  0%| F|  |TAMS 0x0000000618e00000, 0x0000000618e00000| Untracked 
| 185|0x0000000619000000, 0x0000000619000000, 0x0000000619200000|  0%| F|  |TAMS 0x0000000619000000, 0x0000000619000000| Untracked 
| 186|0x0000000619200000, 0x0000000619200000, 0x0000000619400000|  0%| F|  |TAMS 0x0000000619200000, 0x0000000619200000| Untracked 
| 187|0x0000000619400000, 0x0000000619400000, 0x0000000619600000|  0%| F|  |TAMS 0x0000000619400000, 0x0000000619400000| Untracked 
| 188|0x0000000619600000, 0x0000000619600000, 0x0000000619800000|  0%| F|  |TAMS 0x0000000619600000, 0x0000000619600000| Untracked 
| 189|0x0000000619800000, 0x0000000619800000, 0x0000000619a00000|  0%| F|  |TAMS 0x0000000619800000, 0x0000000619800000| Untracked 
| 190|0x0000000619a00000, 0x0000000619a00000, 0x0000000619c00000|  0%| F|  |TAMS 0x0000000619a00000, 0x0000000619a00000| Untracked 
| 191|0x0000000619c00000, 0x0000000619c00000, 0x0000000619e00000|  0%| F|  |TAMS 0x0000000619c00000, 0x0000000619c00000| Untracked 
| 192|0x0000000619e00000, 0x0000000619e00000, 0x000000061a000000|  0%| F|  |TAMS 0x0000000619e00000, 0x0000000619e00000| Untracked 
| 193|0x000000061a000000, 0x000000061a000000, 0x000000061a200000|  0%| F|  |TAMS 0x000000061a000000, 0x000000061a000000| Untracked 
| 194|0x000000061a200000, 0x000000061a200000, 0x000000061a400000|  0%| F|  |TAMS 0x000000061a200000, 0x000000061a200000| Untracked 
| 195|0x000000061a400000, 0x000000061a400000, 0x000000061a600000|  0%| F|  |TAMS 0x000000061a400000, 0x000000061a400000| Untracked 
| 196|0x000000061a600000, 0x000000061a600000, 0x000000061a800000|  0%| F|  |TAMS 0x000000061a600000, 0x000000061a600000| Untracked 
| 197|0x000000061a800000, 0x000000061a800000, 0x000000061aa00000|  0%| F|  |TAMS 0x000000061a800000, 0x000000061a800000| Untracked 
| 198|0x000000061aa00000, 0x000000061aa00000, 0x000000061ac00000|  0%| F|  |TAMS 0x000000061aa00000, 0x000000061aa00000| Untracked 
| 199|0x000000061ac00000, 0x000000061ac00000, 0x000000061ae00000|  0%| F|  |TAMS 0x000000061ac00000, 0x000000061ac00000| Untracked 
| 200|0x000000061ae00000, 0x000000061ae00000, 0x000000061b000000|  0%| F|  |TAMS 0x000000061ae00000, 0x000000061ae00000| Untracked 
| 201|0x000000061b000000, 0x000000061b000000, 0x000000061b200000|  0%| F|  |TAMS 0x000000061b000000, 0x000000061b000000| Untracked 
| 202|0x000000061b200000, 0x000000061b200000, 0x000000061b400000|  0%| F|  |TAMS 0x000000061b200000, 0x000000061b200000| Untracked 
| 203|0x000000061b400000, 0x000000061b400000, 0x000000061b600000|  0%| F|  |TAMS 0x000000061b400000, 0x000000061b400000| Untracked 
| 204|0x000000061b600000, 0x000000061b600000, 0x000000061b800000|  0%| F|  |TAMS 0x000000061b600000, 0x000000061b600000| Untracked 
| 205|0x000000061b800000, 0x000000061b800000, 0x000000061ba00000|  0%| F|  |TAMS 0x000000061b800000, 0x000000061b800000| Untracked 
| 206|0x000000061ba00000, 0x000000061ba00000, 0x000000061bc00000|  0%| F|  |TAMS 0x000000061ba00000, 0x000000061ba00000| Untracked 
| 207|0x000000061bc00000, 0x000000061bc00000, 0x000000061be00000|  0%| F|  |TAMS 0x000000061bc00000, 0x000000061bc00000| Untracked 
| 208|0x000000061be00000, 0x000000061be00000, 0x000000061c000000|  0%| F|  |TAMS 0x000000061be00000, 0x000000061be00000| Untracked 
| 209|0x000000061c000000, 0x000000061c000000, 0x000000061c200000|  0%| F|  |TAMS 0x000000061c000000, 0x000000061c000000| Untracked 
| 210|0x000000061c200000, 0x000000061c200000, 0x000000061c400000|  0%| F|  |TAMS 0x000000061c200000, 0x000000061c200000| Untracked 
| 211|0x000000061c400000, 0x000000061c400000, 0x000000061c600000|  0%| F|  |TAMS 0x000000061c400000, 0x000000061c400000| Untracked 
| 212|0x000000061c600000, 0x000000061c600000, 0x000000061c800000|  0%| F|  |TAMS 0x000000061c600000, 0x000000061c600000| Untracked 
| 213|0x000000061c800000, 0x000000061c800000, 0x000000061ca00000|  0%| F|  |TAMS 0x000000061c800000, 0x000000061c800000| Untracked 
| 214|0x000000061ca00000, 0x000000061ca00000, 0x000000061cc00000|  0%| F|  |TAMS 0x000000061ca00000, 0x000000061ca00000| Untracked 
| 215|0x000000061cc00000, 0x000000061cc00000, 0x000000061ce00000|  0%| F|  |TAMS 0x000000061cc00000, 0x000000061cc00000| Untracked 
| 216|0x000000061ce00000, 0x000000061ce00000, 0x000000061d000000|  0%| F|  |TAMS 0x000000061ce00000, 0x000000061ce00000| Untracked 
| 217|0x000000061d000000, 0x000000061d000000, 0x000000061d200000|  0%| F|  |TAMS 0x000000061d000000, 0x000000061d000000| Untracked 
| 218|0x000000061d200000, 0x000000061d200000, 0x000000061d400000|  0%| F|  |TAMS 0x000000061d200000, 0x000000061d200000| Untracked 
| 219|0x000000061d400000, 0x000000061d400000, 0x000000061d600000|  0%| F|  |TAMS 0x000000061d400000, 0x000000061d400000| Untracked 
| 220|0x000000061d600000, 0x000000061d600000, 0x000000061d800000|  0%| F|  |TAMS 0x000000061d600000, 0x000000061d600000| Untracked 
| 221|0x000000061d800000, 0x000000061d800000, 0x000000061da00000|  0%| F|  |TAMS 0x000000061d800000, 0x000000061d800000| Untracked 
| 222|0x000000061da00000, 0x000000061da00000, 0x000000061dc00000|  0%| F|  |TAMS 0x000000061da00000, 0x000000061da00000| Untracked 
| 223|0x000000061dc00000, 0x000000061dc00000, 0x000000061de00000|  0%| F|  |TAMS 0x000000061dc00000, 0x000000061dc00000| Untracked 
| 224|0x000000061de00000, 0x000000061de00000, 0x000000061e000000|  0%| F|  |TAMS 0x000000061de00000, 0x000000061de00000| Untracked 
| 225|0x000000061e000000, 0x000000061e000000, 0x000000061e200000|  0%| F|  |TAMS 0x000000061e000000, 0x000000061e000000| Untracked 
| 226|0x000000061e200000, 0x000000061e200000, 0x000000061e400000|  0%| F|  |TAMS 0x000000061e200000, 0x000000061e200000| Untracked 
| 227|0x000000061e400000, 0x000000061e400000, 0x000000061e600000|  0%| F|  |TAMS 0x000000061e400000, 0x000000061e400000| Untracked 
| 228|0x000000061e600000, 0x000000061e600000, 0x000000061e800000|  0%| F|  |TAMS 0x000000061e600000, 0x000000061e600000| Untracked 
| 229|0x000000061e800000, 0x000000061e800000, 0x000000061ea00000|  0%| F|  |TAMS 0x000000061e800000, 0x000000061e800000| Untracked 
| 230|0x000000061ea00000, 0x000000061ea00000, 0x000000061ec00000|  0%| F|  |TAMS 0x000000061ea00000, 0x000000061ea00000| Untracked 
| 231|0x000000061ec00000, 0x000000061ec00000, 0x000000061ee00000|  0%| F|  |TAMS 0x000000061ec00000, 0x000000061ec00000| Untracked 
| 232|0x000000061ee00000, 0x000000061ee00000, 0x000000061f000000|  0%| F|  |TAMS 0x000000061ee00000, 0x000000061ee00000| Untracked 
| 233|0x000000061f000000, 0x000000061f000000, 0x000000061f200000|  0%| F|  |TAMS 0x000000061f000000, 0x000000061f000000| Untracked 
| 234|0x000000061f200000, 0x000000061f200000, 0x000000061f400000|  0%| F|  |TAMS 0x000000061f200000, 0x000000061f200000| Untracked 
| 235|0x000000061f400000, 0x000000061f400000, 0x000000061f600000|  0%| F|  |TAMS 0x000000061f400000, 0x000000061f400000| Untracked 
| 236|0x000000061f600000, 0x000000061f600000, 0x000000061f800000|  0%| F|  |TAMS 0x000000061f600000, 0x000000061f600000| Untracked 
| 237|0x000000061f800000, 0x000000061f800000, 0x000000061fa00000|  0%| F|  |TAMS 0x000000061f800000, 0x000000061f800000| Untracked 
| 238|0x000000061fa00000, 0x000000061fa00000, 0x000000061fc00000|  0%| F|  |TAMS 0x000000061fa00000, 0x000000061fa00000| Untracked 
| 239|0x000000061fc00000, 0x000000061fc00000, 0x000000061fe00000|  0%| F|  |TAMS 0x000000061fc00000, 0x000000061fc00000| Untracked 
| 240|0x000000061fe00000, 0x000000061fe00000, 0x0000000620000000|  0%| F|  |TAMS 0x000000061fe00000, 0x000000061fe00000| Untracked 
| 241|0x0000000620000000, 0x0000000620000000, 0x0000000620200000|  0%| F|  |TAMS 0x0000000620000000, 0x0000000620000000| Untracked 
| 242|0x0000000620200000, 0x000000062026e360, 0x0000000620400000| 21%| S|CS|TAMS 0x0000000620200000, 0x0000000620200000| Complete 
| 243|0x0000000620400000, 0x0000000620600000, 0x0000000620600000|100%| S|CS|TAMS 0x0000000620400000, 0x0000000620400000| Complete 
| 244|0x0000000620600000, 0x0000000620600000, 0x0000000620800000|  0%| F|  |TAMS 0x0000000620600000, 0x0000000620600000| Untracked 
| 245|0x0000000620800000, 0x0000000620800000, 0x0000000620a00000|  0%| F|  |TAMS 0x0000000620800000, 0x0000000620800000| Untracked 
| 246|0x0000000620a00000, 0x0000000620a00000, 0x0000000620c00000|  0%| F|  |TAMS 0x0000000620a00000, 0x0000000620a00000| Untracked 
| 247|0x0000000620c00000, 0x0000000620c00000, 0x0000000620e00000|  0%| F|  |TAMS 0x0000000620c00000, 0x0000000620c00000| Untracked 
| 248|0x0000000620e00000, 0x0000000620e00000, 0x0000000621000000|  0%| F|  |TAMS 0x0000000620e00000, 0x0000000620e00000| Untracked 
| 249|0x0000000621000000, 0x0000000621000000, 0x0000000621200000|  0%| F|  |TAMS 0x0000000621000000, 0x0000000621000000| Untracked 
| 250|0x0000000621200000, 0x0000000621200000, 0x0000000621400000|  0%| F|  |TAMS 0x0000000621200000, 0x0000000621200000| Untracked 
| 251|0x0000000621400000, 0x0000000621400000, 0x0000000621600000|  0%| F|  |TAMS 0x0000000621400000, 0x0000000621400000| Untracked 
| 252|0x0000000621600000, 0x0000000621600000, 0x0000000621800000|  0%| F|  |TAMS 0x0000000621600000, 0x0000000621600000| Untracked 
| 253|0x0000000621800000, 0x0000000621800000, 0x0000000621a00000|  0%| F|  |TAMS 0x0000000621800000, 0x0000000621800000| Untracked 
| 254|0x0000000621a00000, 0x0000000621c00000, 0x0000000621c00000|100%| E|  |TAMS 0x0000000621a00000, 0x0000000621a00000| Complete 
| 255|0x0000000621c00000, 0x0000000621e00000, 0x0000000621e00000|100%| E|CS|TAMS 0x0000000621c00000, 0x0000000621c00000| Complete 

Card table byte_map: [0x000002bad83a0000,0x000002bad93a0000] _byte_map_base: 0x000002bad5391000

Marking Bits (Prev, Next): (CMBitMap*) 0x000002babf785978, (CMBitMap*) 0x000002babf7859b0
 Prev Bits: [0x000002bada3a0000, 0x000002bae2328000)
 Next Bits: [0x000002bae2330000, 0x000002baea2b8000)

Polling page: 0x000002babd720000

Metaspace:

Usage:
  Non-class:     11.69 MB capacity,    11.57 MB ( 99%) used,   112.48 KB ( <1%) free+waste,    18.31 KB ( <1%) overhead. 
      Class:      1.09 MB capacity,     1.00 MB ( 92%) used,    82.29 KB (  7%) free+waste,     8.19 KB ( <1%) overhead. 
       Both:     12.78 MB capacity,    12.57 MB ( 98%) used,   194.77 KB (  1%) free+waste,    26.50 KB ( <1%) overhead. 

Virtual space:
  Non-class space:       12.00 MB reserved,      11.75 MB ( 98%) committed 
      Class space:        1.00 GB reserved,       1.13 MB ( <1%) committed 
             Both:        1.01 GB reserved,      12.88 MB (  1%) committed 

Chunk freelists:
   Non-Class:  57.00 KB
       Class:  5.00 KB
        Both:  62.00 KB

MaxMetaspaceSize: 17179869184.00 GB
CompressedClassSpaceSize: 1.00 GB
Initial GC threshold: 20.80 MB
Current GC threshold: 20.80 MB
CDS: off

CodeHeap 'non-profiled nmethods': size=120000Kb used=351Kb max_used=351Kb free=119648Kb
 bounds [0x000002bacf910000, 0x000002bacfb80000, 0x000002bad6e40000]
CodeHeap 'profiled nmethods': size=120000Kb used=1678Kb max_used=1678Kb free=118321Kb
 bounds [0x000002bac83e0000, 0x000002bac8650000, 0x000002bacf910000]
CodeHeap 'non-nmethods': size=5760Kb used=1604Kb max_used=1617Kb free=4155Kb
 bounds [0x000002bac7e40000, 0x000002bac80b0000, 0x000002bac83e0000]
 total_blobs=2045 nmethods=1040 adapters=918
 compilation: enabled
              stopped_count=0, restarted_count=0
 full_count=0

Compilation events (20 events):
Event: 6.987 Thread 0x000002baeda2e800 nmethod 1029 0x000002bacf966b90 code [0x000002bacf966d40, 0x000002bacf966df8]
Event: 6.987 Thread 0x000002baeda2e800 1030       1       game.object.GameObject::GetObjectType (5 bytes)
Event: 6.987 Thread 0x000002baeda2e800 nmethod 1030 0x000002bacf966e90 code [0x000002bacf967040, 0x000002bacf9670f8]
Event: 7.120 Thread 0x000002baeda2e800 1033       3       game.Window::ShouldClose (8 bytes)
Event: 7.121 Thread 0x000002baeda2e800 nmethod 1033 0x000002bac8581410 code [0x000002bac8581600, 0x000002bac8581998]
Event: 7.121 Thread 0x000002baeda2e800 1034       3       org.lwjgl.glfw.GLFW::glfwWindowShouldClose (29 bytes)
Event: 7.121 Thread 0x000002baeda2e800 nmethod 1034 0x000002bac8581b10 code [0x000002bac8581ce0, 0x000002bac8581fd8]
Event: 7.137 Thread 0x000002baeda2e800 1035       3       game.Window::SwapRenderBuffers (14 bytes)
Event: 7.138 Thread 0x000002baeda2e800 nmethod 1035 0x000002bac8582110 code [0x000002bac8582300, 0x000002bac85826a8]
Event: 7.138 Thread 0x000002baeda2e800 1036       3       org.lwjgl.glfw.GLFW::glfwSwapBuffers (21 bytes)
Event: 7.138 Thread 0x000002baeda2e800 nmethod 1036 0x000002bac8582890 code [0x000002bac8582a60, 0x000002bac8582cf8]
Event: 7.238 Thread 0x000002baeda1f000 1037       4       auxiliar.TextureRegion::x (8 bytes)
Event: 7.238 Thread 0x000002baeda1f000 nmethod 1037 0x000002bacf967990 code [0x000002bacf967b20, 0x000002bacf967b98]
Event: 7.238 Thread 0x000002baeda1f000 1038       4       auxiliar.TextureRegion::y (8 bytes)
Event: 7.239 Thread 0x000002baeda1f000 nmethod 1038 0x000002bacf967c90 code [0x000002bacf967e20, 0x000002bacf967e98]
Event: 7.371 Thread 0x000002baeda2e800 1039       3       java.util.LinkedList$ListItr::<init> (47 bytes)
Event: 7.372 Thread 0x000002baeda2e800 nmethod 1039 0x000002bac8582e90 code [0x000002bac8583060, 0x000002bac8583348]
Event: 7.721 Thread 0x000002baeda2e800 1040       3       game.object.Entity.tank.Tank::update (9 bytes)
Event: 7.721 Thread 0x000002baeda2e800 nmethod 1040 0x000002bac8583490 code [0x000002bac8583660, 0x000002bac85837d8]
Event: 7.721 Thread 0x000002baeda2e800 1041       3       game.object.Entity.tank.Tank::CountDowns (36 bytes)

GC Heap History (2 events):
Event: 6.404 GC heap before
{Heap before GC invocations=0 (full 0):
 garbage-first heap   total 524288K, used 22528K [0x0000000601e00000, 0x0000000800000000)
  region size 2048K, 12 young (24576K), 0 survivors (0K)
 Metaspace       used 12829K, capacity 13090K, committed 13184K, reserved 1060864K
  class space    used 1021K, capacity 1115K, committed 1152K, reserved 1048576K
}
Event: 6.408 GC heap after
{Heap after GC invocations=1 (full 0):
 garbage-first heap   total 524288K, used 2488K [0x0000000601e00000, 0x0000000800000000)
  region size 2048K, 2 young (4096K), 2 survivors (4096K)
 Metaspace       used 12829K, capacity 13090K, committed 13184K, reserved 1060864K
  class space    used 1021K, capacity 1115K, committed 1152K, reserved 1048576K
}

Deoptimization events (20 events):
Event: 0.292 Thread 0x000002babf701000 DEOPT PACKING pc=0x000002bac8418868 sp=0x000000f95c2fbd10
Event: 0.292 Thread 0x000002babf701000 DEOPT UNPACKING pc=0x000002bac7e8a95e sp=0x000000f95c2fb168 mode 0
Event: 0.331 Thread 0x000002babf701000 DEOPT PACKING pc=0x000002bac841f942 sp=0x000000f95c2f99a0
Event: 0.331 Thread 0x000002babf701000 DEOPT UNPACKING pc=0x000002bac7e8a95e sp=0x000000f95c2f8e08 mode 0
Event: 0.345 Thread 0x000002babf701000 DEOPT PACKING pc=0x000002bac8406e50 sp=0x000000f95c2fbd90
Event: 0.345 Thread 0x000002babf701000 DEOPT UNPACKING pc=0x000002bac7e8a95e sp=0x000000f95c2fb218 mode 0
Event: 1.791 Thread 0x000002babf701000 Uncommon trap: trap_request=0xffffff5c fr.pc=0x000002bacf938e78 relative=0x0000000000000058
Event: 1.792 Thread 0x000002babf701000 Uncommon trap: reason=speculate_null_assert action=make_not_entrant pc=0x000002bacf938e78 method=sun.misc.Unsafe.getLong(Ljava/lang/Object;J)J @ 5 c2
Event: 1.792 Thread 0x000002babf701000 DEOPT PACKING pc=0x000002bacf938e78 sp=0x000000f95c2fee10
Event: 1.792 Thread 0x000002babf701000 DEOPT UNPACKING pc=0x000002bac7e8a1af sp=0x000000f95c2fed98 mode 2
Event: 1.935 Thread 0x000002babf701000 DEOPT PACKING pc=0x000002bac841397f sp=0x000000f95c2fdcb0
Event: 1.935 Thread 0x000002babf701000 DEOPT UNPACKING pc=0x000002bac7e8a95e sp=0x000000f95c2fd128 mode 0
Event: 2.815 Thread 0x000002babf701000 DEOPT PACKING pc=0x000002bac854e14e sp=0x000000f95c2feca0
Event: 2.815 Thread 0x000002babf701000 DEOPT UNPACKING pc=0x000002bac7e8a95e sp=0x000000f95c2fe1a8 mode 0
Event: 2.821 Thread 0x000002babf701000 Uncommon trap: trap_request=0xffffff4d fr.pc=0x000002bacf95804c relative=0x000000000000076c
Event: 2.822 Thread 0x000002babf701000 Uncommon trap: reason=unstable_if action=reinterpret pc=0x000002bacf95804c method=org.sqlite.SQLiteJDBCLoader.contentsEquals(Ljava/io/InputStream;Ljava/io/InputStream;)Z @ 39 c2
Event: 2.822 Thread 0x000002babf701000 DEOPT PACKING pc=0x000002bacf95804c sp=0x000000f95c2fecd0
Event: 2.822 Thread 0x000002babf701000 DEOPT UNPACKING pc=0x000002bac7e8a1af sp=0x000000f95c2feca8 mode 2
Event: 6.471 Thread 0x000002babf701000 DEOPT PACKING pc=0x000002bac857b26b sp=0x000000f95c2ff210
Event: 6.471 Thread 0x000002babf701000 DEOPT UNPACKING pc=0x000002bac7e8a95e sp=0x000000f95c2fe718 mode 0

Classes redefined (0 events):
No events

Internal exceptions (20 events):
Event: 0.426 Thread 0x000002babf701000 Exception <a 'java/security/PrivilegedActionException'{0x0000000621927788}> (0x0000000621927788) thrown at [./src/hotspot/share/prims/jvm.cpp, line 1306]
Event: 0.426 Thread 0x000002babf701000 Exception <a 'java/security/PrivilegedActionException'{0x0000000621927a58}> (0x0000000621927a58) thrown at [./src/hotspot/share/prims/jvm.cpp, line 1306]
Event: 0.426 Thread 0x000002babf701000 Exception <a 'java/security/PrivilegedActionException'{0x0000000621929898}> (0x0000000621929898) thrown at [./src/hotspot/share/prims/jvm.cpp, line 1306]
Event: 0.426 Thread 0x000002babf701000 Exception <a 'java/security/PrivilegedActionException'{0x0000000621929b68}> (0x0000000621929b68) thrown at [./src/hotspot/share/prims/jvm.cpp, line 1306]
Event: 0.426 Thread 0x000002babf701000 Exception <a 'java/security/PrivilegedActionException'{0x000000062192b9a8}> (0x000000062192b9a8) thrown at [./src/hotspot/share/prims/jvm.cpp, line 1306]
Event: 0.426 Thread 0x000002babf701000 Exception <a 'java/security/PrivilegedActionException'{0x000000062192bc78}> (0x000000062192bc78) thrown at [./src/hotspot/share/prims/jvm.cpp, line 1306]
Event: 0.426 Thread 0x000002babf701000 Exception <a 'java/security/PrivilegedActionException'{0x000000062192da68}> (0x000000062192da68) thrown at [./src/hotspot/share/prims/jvm.cpp, line 1306]
Event: 0.426 Thread 0x000002babf701000 Exception <a 'java/security/PrivilegedActionException'{0x000000062192dd38}> (0x000000062192dd38) thrown at [./src/hotspot/share/prims/jvm.cpp, line 1306]
Event: 0.468 Thread 0x000002babf701000 Exception <a 'sun/nio/fs/WindowsException'{0x0000000621635ba8}> (0x0000000621635ba8) thrown at [./src/hotspot/share/prims/jni.cpp, line 616]
Event: 0.468 Thread 0x000002babf701000 Exception <a 'sun/nio/fs/WindowsException'{0x0000000621635f08}> (0x0000000621635f08) thrown at [./src/hotspot/share/prims/jni.cpp, line 616]
Event: 1.722 Thread 0x000002babf701000 Exception <a 'sun/nio/fs/WindowsException'{0x00000006216e8240}> (0x00000006216e8240) thrown at [./src/hotspot/share/prims/jni.cpp, line 616]
Event: 1.722 Thread 0x000002babf701000 Exception <a 'sun/nio/fs/WindowsException'{0x00000006216e85e8}> (0x00000006216e85e8) thrown at [./src/hotspot/share/prims/jni.cpp, line 616]
Event: 1.729 Thread 0x000002babf701000 Exception <a 'sun/nio/fs/WindowsException'{0x00000006217002e8}> (0x00000006217002e8) thrown at [./src/hotspot/share/prims/jni.cpp, line 616]
Event: 1.729 Thread 0x000002babf701000 Exception <a 'sun/nio/fs/WindowsException'{0x00000006217005c8}> (0x00000006217005c8) thrown at [./src/hotspot/share/prims/jni.cpp, line 616]
Event: 1.840 Thread 0x000002babf701000 Exception <a 'java/lang/NoSuchMethodError'{0x00000006217f7e68}: 'void java.lang.invoke.DirectMethodHandle$Holder.invokeStaticInit(java.lang.Object, long, int, int, int, int)'> (0x00000006217f7e68) thrown at [./src/hotspot/share/interpreter/linkResolver.cpp, line 773]
Event: 1.843 Thread 0x000002babf701000 Exception <a 'java/lang/NoSuchMethodError'{0x0000000621408380}: 'void java.lang.invoke.DirectMethodHandle$Holder.invokeStatic(java.lang.Object, long, int, int)'> (0x0000000621408380) thrown at [./src/hotspot/share/interpreter/linkResolver.cpp, line 773]
Event: 1.957 Thread 0x000002babf701000 Exception <a 'sun/nio/fs/WindowsException'{0x00000006215abca8}> (0x00000006215abca8) thrown at [./src/hotspot/share/prims/jni.cpp, line 616]
Event: 1.957 Thread 0x000002babf701000 Exception <a 'sun/nio/fs/WindowsException'{0x00000006215ac028}> (0x00000006215ac028) thrown at [./src/hotspot/share/prims/jni.cpp, line 616]
Event: 2.274 Thread 0x000002babf701000 Exception <a 'java/lang/NoSuchMethodError'{0x0000000620ec2ef8}: 'java.lang.Object java.lang.invoke.DirectMethodHandle$Holder.invokeStaticInit(java.lang.Object, int, int, int, int)'> (0x0000000620ec2ef8) thrown at [./src/hotspot/share/interpreter/linkResolver.cpp, line 773]
Event: 2.748 Thread 0x000002babf701000 Exception <a 'java/lang/NoSuchMethodError'{0x0000000620f82068}: 'java.lang.Object java.lang.invoke.DirectMethodHandle$Holder.invokeStaticInit(java.lang.Object, java.lang.Object, int, int, int, int)'> (0x0000000620f82068) thrown at [./src/hotspot/share/interpreter/linkResolver.cpp, line 773]

Events (20 events):
Event: 6.419 loading class java/util/concurrent/atomic/AtomicReferenceFieldUpdater$AtomicReferenceFieldUpdaterImpl$1
Event: 6.419 loading class java/util/concurrent/atomic/AtomicReferenceFieldUpdater$AtomicReferenceFieldUpdaterImpl$1 done
Event: 6.419 Executing VM operation: RevokeBias
Event: 6.419 Executing VM operation: RevokeBias done
Event: 6.419 Executing VM operation: RevokeBias
Event: 6.419 Executing VM operation: RevokeBias done
Event: 6.419 Executing VM operation: RevokeBias
Event: 6.420 Executing VM operation: RevokeBias done
Event: 6.420 Executing VM operation: RevokeBias
Event: 6.420 Executing VM operation: RevokeBias done
Event: 6.420 Executing VM operation: RevokeBias
Event: 6.420 Executing VM operation: RevokeBias done
Event: 6.420 Executing VM operation: RevokeBias
Event: 6.420 Executing VM operation: RevokeBias done
Event: 6.420 Executing VM operation: RevokeBias
Event: 6.420 Executing VM operation: RevokeBias done
Event: 6.421 Executing VM operation: RevokeBias
Event: 6.421 Executing VM operation: RevokeBias done
Event: 7.107 Loaded shared library C:\Users\bqrry\AppData\Local\Temp\lwjglBqrry\3.3.1-build-7\lwjgl.dll
Event: 7.111 Loaded shared library C:\Users\bqrry\AppData\Local\Temp\lwjglBqrry\3.3.1-build-7\lwjgl.dll


Dynamic libraries:
0x00007ff697470000 - 0x00007ff69747d000 	C:\Users\bqrry\.jdks\corretto-11.0.14.1\bin\java.exe
0x00007ffb44b30000 - 0x00007ffb44d25000 	C:\Windows\SYSTEM32\ntdll.dll
0x00007ffb43a30000 - 0x00007ffb43aed000 	C:\Windows\System32\KERNEL32.DLL
0x00007ffb427a0000 - 0x00007ffb42a6d000 	C:\Windows\System32\KERNELBASE.dll
0x00007ffb42670000 - 0x00007ffb42770000 	C:\Windows\System32\ucrtbase.dll
0x00007ffb3aaf0000 - 0x00007ffb3ab07000 	C:\Users\bqrry\.jdks\corretto-11.0.14.1\bin\jli.dll
0x00007ffb39e70000 - 0x00007ffb39e89000 	C:\Users\bqrry\.jdks\corretto-11.0.14.1\bin\VCRUNTIME140.dll
0x00007ffb431d0000 - 0x00007ffb43370000 	C:\Windows\System32\USER32.dll
0x00007ffb29110000 - 0x00007ffb293aa000 	C:\Windows\WinSxS\amd64_microsoft.windows.common-controls_6595b64144ccf1df_6.0.19041.1110_none_60b5254171f9507e\COMCTL32.dll
0x00007ffb42b50000 - 0x00007ffb42b72000 	C:\Windows\System32\win32u.dll
0x00007ffb44150000 - 0x00007ffb441ee000 	C:\Windows\System32\msvcrt.dll
0x00007ffb42d80000 - 0x00007ffb42daa000 	C:\Windows\System32\GDI32.dll
0x00007ffb42360000 - 0x00007ffb4246b000 	C:\Windows\System32\gdi32full.dll
0x00007ffb425d0000 - 0x00007ffb4266d000 	C:\Windows\System32\msvcp_win.dll
0x00007ffb435f0000 - 0x00007ffb43620000 	C:\Windows\System32\IMM32.DLL
0x00007ffb1dcc0000 - 0x00007ffb1dd5b000 	C:\Users\bqrry\.jdks\corretto-11.0.14.1\bin\msvcp140.dll
0x00007ffaea9c0000 - 0x00007ffaeb543000 	C:\Users\bqrry\.jdks\corretto-11.0.14.1\bin\server\jvm.dll
0x00007ffb43850000 - 0x00007ffb438fe000 	C:\Windows\System32\ADVAPI32.dll
0x00007ffb43af0000 - 0x00007ffb43b8c000 	C:\Windows\System32\sechost.dll
0x00007ffb43900000 - 0x00007ffb43a25000 	C:\Windows\System32\RPCRT4.dll
0x00007ffb43b90000 - 0x00007ffb43b98000 	C:\Windows\System32\PSAPI.DLL
0x00007ffb3d910000 - 0x00007ffb3d919000 	C:\Windows\SYSTEM32\WSOCK32.dll
0x00007ffb38dc0000 - 0x00007ffb38de7000 	C:\Windows\SYSTEM32\WINMM.dll
0x00007ffb3b420000 - 0x00007ffb3b42a000 	C:\Windows\SYSTEM32\VERSION.dll
0x00007ffb43710000 - 0x00007ffb4377b000 	C:\Windows\System32\WS2_32.dll
0x00007ffb40a90000 - 0x00007ffb40aa2000 	C:\Windows\SYSTEM32\kernel.appcore.dll
0x00007ffb3d850000 - 0x00007ffb3d860000 	C:\Users\bqrry\.jdks\corretto-11.0.14.1\bin\verify.dll
0x00007ffb3ff60000 - 0x00007ffb40144000 	C:\Windows\SYSTEM32\DBGHELP.DLL
0x00007ffb32410000 - 0x00007ffb3243c000 	C:\Windows\SYSTEM32\dbgcore.DLL
0x00007ffb42a70000 - 0x00007ffb42af2000 	C:\Windows\System32\bcryptPrimitives.dll
0x00007ffb1fa00000 - 0x00007ffb1fa28000 	C:\Users\bqrry\.jdks\corretto-11.0.14.1\bin\java.dll
0x00007ffb3d7e0000 - 0x00007ffb3d7ea000 	C:\Users\bqrry\.jdks\corretto-11.0.14.1\bin\jimage.dll
0x00007ffb2b520000 - 0x00007ffb2b538000 	C:\Users\bqrry\.jdks\corretto-11.0.14.1\bin\zip.dll
0x00007ffb443a0000 - 0x00007ffb44ae4000 	C:\Windows\System32\SHELL32.dll
0x00007ffb402e0000 - 0x00007ffb40a74000 	C:\Windows\SYSTEM32\windows.storage.dll
0x00007ffb42e70000 - 0x00007ffb431c4000 	C:\Windows\System32\combase.dll
0x00007ffb41bc0000 - 0x00007ffb41bec000 	C:\Windows\SYSTEM32\Wldp.dll
0x00007ffb43420000 - 0x00007ffb434cd000 	C:\Windows\System32\SHCORE.dll
0x00007ffb42d20000 - 0x00007ffb42d75000 	C:\Windows\System32\shlwapi.dll
0x00007ffb42180000 - 0x00007ffb4219f000 	C:\Windows\SYSTEM32\profapi.dll
0x00007ffb2b4c0000 - 0x00007ffb2b4d9000 	C:\Users\bqrry\.jdks\corretto-11.0.14.1\bin\net.dll
0x00007ffb39e90000 - 0x00007ffb39f9a000 	C:\Windows\SYSTEM32\WINHTTP.dll
0x00007ffb419a0000 - 0x00007ffb41a0a000 	C:\Windows\system32\mswsock.dll
0x00007ffb1ea10000 - 0x00007ffb1ea23000 	C:\Users\bqrry\.jdks\corretto-11.0.14.1\bin\nio.dll
0x00007ffafbd00000 - 0x00007ffafbd75000 	C:\Users\bqrry\AppData\Local\Temp\lwjglBqrry\3.3.1-build-7\lwjgl.dll
0x00007ffb0a580000 - 0x00007ffb0a5e1000 	C:\Users\bqrry\AppData\Local\Temp\lwjglBqrry\3.3.1-build-7\glfw.dll
0x00007ffafb5d0000 - 0x00007ffafb615000 	C:\Windows\SYSTEM32\dinput8.dll
0x00007ffb1a2b0000 - 0x00007ffb1a2c1000 	C:\Windows\SYSTEM32\xinput1_4.dll
0x00007ffb42b00000 - 0x00007ffb42b4e000 	C:\Windows\System32\cfgmgr32.dll
0x00007ffb41ff0000 - 0x00007ffb4201c000 	C:\Windows\SYSTEM32\DEVOBJ.dll
0x00007ffb3f9d0000 - 0x00007ffb3f9ff000 	C:\Windows\SYSTEM32\dwmapi.dll
0x00007ffb20060000 - 0x00007ffb201b2000 	C:\Windows\SYSTEM32\inputhost.dll
0x00007ffb43780000 - 0x00007ffb4384d000 	C:\Windows\System32\OLEAUT32.dll
0x00007ffb3d970000 - 0x00007ffb3da66000 	C:\Windows\SYSTEM32\PROPSYS.dll
0x00007ffb3f3e0000 - 0x00007ffb3f4d2000 	C:\Windows\SYSTEM32\CoreMessaging.dll
0x00007ffb3dce0000 - 0x00007ffb3de34000 	C:\Windows\SYSTEM32\wintypes.dll
0x00007ffb3f080000 - 0x00007ffb3f3de000 	C:\Windows\SYSTEM32\CoreUIComponents.dll
0x00007ffb40f00000 - 0x00007ffb40f33000 	C:\Windows\SYSTEM32\ntmarta.dll
0x00007ffb3f7e0000 - 0x00007ffb3f87e000 	C:\Windows\system32\uxtheme.dll
0x00007ffb42c00000 - 0x00007ffb42d15000 	C:\Windows\System32\MSCTF.dll
0x00007ffb1b460000 - 0x00007ffb1b586000 	C:\Windows\SYSTEM32\opengl32.dll
0x00007ffb1c710000 - 0x00007ffb1c73c000 	C:\Windows\SYSTEM32\GLU32.dll
0x00007ffb43540000 - 0x00007ffb435e9000 	C:\Windows\System32\clbcatq.dll
0x00007ffadf850000 - 0x00007ffae081a000 	C:\Windows\System32\DriverStore\FileRepository\iigd_dch.inf_amd64_5d54dd32fa1ef4d4\ig9icd64.dll
0x00007ffb43ba0000 - 0x00007ffb43cca000 	C:\Windows\System32\ole32.dll
0x00007ffb40b00000 - 0x00007ffb40bf3000 	C:\Windows\system32\dxgi.dll
0x00007ffb32110000 - 0x00007ffb3234f000 	C:\Windows\System32\DriverStore\FileRepository\iigd_dch.inf_amd64_5d54dd32fa1ef4d4\igdgmm64.dll
0x00007ffb2f490000 - 0x00007ffb32059000 	C:\Windows\System32\DriverStore\FileRepository\iigd_dch.inf_amd64_5d54dd32fa1ef4d4\igc64.dll
0x00007ffb417d0000 - 0x00007ffb4181b000 	C:\Windows\SYSTEM32\powrprof.dll
0x00007ffb41640000 - 0x00007ffb41652000 	C:\Windows\SYSTEM32\UMPDC.dll
0x00007ffaf5ef0000 - 0x00007ffaf62fc000 	C:\Windows\System32\DriverStore\FileRepository\iigd_dch.inf_amd64_5d54dd32fa1ef4d4\igdml64.dll
0x00007ffb22450000 - 0x00007ffb22549000 	C:\Windows\SYSTEM32\textinputframework.dll
0x00007ffafb570000 - 0x00007ffafb5cd000 	C:\Users\bqrry\AppData\Local\Temp\lwjglBqrry\3.3.1-build-7\lwjgl_opengl.dll
0x00007ffb00000000 - 0x00007ffb00081000 	C:\Users\bqrry\AppData\Local\Temp\lwjglBqrry\3.3.1-build-7\lwjgl_stb.dll
0x00007ffb41c00000 - 0x00007ffb41c18000 	C:\Windows\SYSTEM32\CRYPTSP.dll
0x00007ffb412d0000 - 0x00007ffb41304000 	C:\Windows\system32\rsaenh.dll
0x00007ffb42770000 - 0x00007ffb42797000 	C:\Windows\System32\bcrypt.dll
0x00007ffb42140000 - 0x00007ffb4216e000 	C:\Windows\SYSTEM32\USERENV.dll
0x00007ffb41b30000 - 0x00007ffb41b3c000 	C:\Windows\SYSTEM32\CRYPTBASE.dll
0x00007ffb41660000 - 0x00007ffb4169b000 	C:\Windows\SYSTEM32\IPHLPAPI.DLL
0x00007ffb43530000 - 0x00007ffb43538000 	C:\Windows\System32\NSI.dll
0x00007ffb3aff0000 - 0x00007ffb3b007000 	C:\Windows\SYSTEM32\dhcpcsvc6.DLL
0x00007ffb3afd0000 - 0x00007ffb3afed000 	C:\Windows\SYSTEM32\dhcpcsvc.DLL
0x00007ffb416a0000 - 0x00007ffb4176b000 	C:\Windows\SYSTEM32\DNSAPI.dll
0x000000006d580000 - 0x000000006d63d000 	C:\Users\bqrry\AppData\Local\Temp\sqlite-3.8.11.2-68b4fc0b-9ab0-4168-931b-784b26157ca5-sqlitejdbc.dll

dbghelp: loaded successfully - version: 4.0.5 - missing functions: none
symbol engine: initialized successfully - sym options: 0x614 - pdb path: .;C:\Users\bqrry\.jdks\corretto-11.0.14.1\bin;C:\Windows\SYSTEM32;C:\Windows\WinSxS\amd64_microsoft.windows.common-controls_6595b64144ccf1df_6.0.19041.1110_none_60b5254171f9507e;C:\Users\bqrry\.jdks\corretto-11.0.14.1\bin\server;C:\Users\bqrry\AppData\Local\Temp\lwjglBqrry\3.3.1-build-7;C:\Windows\System32\DriverStore\FileRepository\iigd_dch.inf_amd64_5d54dd32fa1ef4d4;C:\Users\bqrry\AppData\Local\Temp

VM Arguments:
jvm_args: -Dfile.encoding=windows-1252 -Duser.country=US -Duser.language=en -Duser.variant 
java_command: Main
java_class_path (initial): C:\Users\bqrry\Desktop\trash stuff\STUDY\PAOO\PAOO_Project\build\classes\java\main;C:\Users\bqrry\Desktop\trash stuff\STUDY\PAOO\PAOO_Project\build\resources\main;C:\Users\bqrry\.gradle\caches\modules-2\files-2.1\org.lwjgl\lwjgl-assimp\3.3.1\312072f451794f25670aebb0160ce6ec88aff842\lwjgl-assimp-3.3.1.jar;C:\Users\bqrry\.gradle\caches\modules-2\files-2.1\org.lwjgl\lwjgl-assimp\3.3.1\bfa2a0d57acbf952b716d0ad8a3acbd7ad9f5639\lwjgl-assimp-3.3.1-natives-windows.jar;C:\Users\bqrry\.gradle\caches\modules-2\files-2.1\org.lwjgl\lwjgl-glfw\3.3.1\cbac1b8d30cb4795149c1ef540f912671a8616d0\lwjgl-glfw-3.3.1.jar;C:\Users\bqrry\.gradle\caches\modules-2\files-2.1\org.lwjgl\lwjgl-glfw\3.3.1\ed892f945cf7e79c8756796f32d00fa4ceaf573b\lwjgl-glfw-3.3.1-natives-windows.jar;C:\Users\bqrry\.gradle\caches\modules-2\files-2.1\org.lwjgl\lwjgl-nfd\3.3.1\622318116996ddcff449b46cb38f0fdee39b8ac3\lwjgl-nfd-3.3.1.jar;C:\Users\bqrry\.gradle\caches\modules-2\files-2.1\org.lwjgl\lwjgl-nfd\3.3.1\869fe532a50455e8b2d924f498bfb95f80b41aed\lwjgl-nfd-3.3.1-natives-windows.jar;C:\Users\bqrry\.gradle\caches\modules-2\files-2.1\org.lwjgl\lwjgl-openal\3.3.1\2623a6b8ae1dfcd880738656a9f0243d2e6840bd\lwjgl-openal-3.3.1.jar;C:\Users\bqrry\.gradle\caches\modules-2\files-2.1\org.lwjgl\lwjgl-openal\3.3.1\30a474d0e57193d7bc128849a3ab66bc9316fdb1\lwjgl-openal-3.3.1-natives-windows.jar;C:\Users\bqrry\.gradle\caches\modules-2\files-2.1\org.lwjgl\lwjgl-opengl\3.3.1\831a5533a21a5f4f81bbc51bb13e9899319b5411\lwjgl-opengl-3.3.1.jar;C:\Users\bqrry\.gradle\caches\modules-2\files-2.1\org.lwjgl\lwjgl-opengl\3.3.1\c1807e9bd571402787d7e37e3029776ae2513bb8\lwjgl-opengl-3.3.1-natives-windows.jar;C:\Users\bqrry\.gradle\caches\modules-2\files-2.1\org.lwjgl\lwjgl-stb\3.3.1\b119297cf8ed01f247abe8685857f8e7fcf5980f\lwjgl-stb-3.3.1.jar;C:\Users\bqrry\.gradle\caches\modules-2\files-2.1\org.lwjgl\lwjgl-stb\3.3.1\86315914ac119efdb02dc9e8e978ade84f1702af\lwjgl-stb-3.3.1-natives-windows.jar;C:\Users\bqrry\.gradle\cache
Launcher Type: SUN_STANDARD

[Global flags]
     intx CICompilerCount                          = 4                                         {product} {ergonomic}
     uint ConcGCThreads                            = 3                                         {product} {ergonomic}
     uint G1ConcRefinementThreads                  = 10                                        {product} {ergonomic}
   size_t G1HeapRegionSize                         = 2097152                                   {product} {ergonomic}
    uintx GCDrainStackTargetSize                   = 64                                        {product} {ergonomic}
   size_t InitialHeapSize                          = 536870912                                 {product} {ergonomic}
   size_t MarkStackSize                            = 4194304                                   {product} {ergonomic}
   size_t MaxHeapSize                              = 8558477312                                {product} {ergonomic}
   size_t MaxNewSize                               = 5133828096                                {product} {ergonomic}
   size_t MinHeapDeltaBytes                        = 2097152                                   {product} {ergonomic}
    uintx NonNMethodCodeHeapSize                   = 5836300                                {pd product} {ergonomic}
    uintx NonProfiledCodeHeapSize                  = 122910970                              {pd product} {ergonomic}
    uintx ProfiledCodeHeapSize                     = 122910970                              {pd product} {ergonomic}
    uintx ReservedCodeCacheSize                    = 251658240                              {pd product} {ergonomic}
     bool SegmentedCodeCache                       = true                                      {product} {ergonomic}
     bool UseCompressedClassPointers               = true                                 {lp64_product} {ergonomic}
     bool UseCompressedOops                        = true                                 {lp64_product} {ergonomic}
     bool UseG1GC                                  = true                                      {product} {ergonomic}
     bool UseLargePagesIndividualAllocation        = false                                  {pd product} {ergonomic}

Logging:
Log output configuration:
 #0: stdout all=warning uptime,level,tags
 #1: stderr all=off uptime,level,tags

Environment Variables:
PATH=C:\Program Files (x86)\Common Files\Oracle\Java\javapath;C:\Program Files (x86)\VMware\VMware Workstation\bin\;C:\Windows\system32;C:\Windows;C:\Windows\System32\Wbem;C:\Windows\System32\WindowsPowerShell\v1.0\;C:\Windows\System32\OpenSSH\;C:\Program Files\NVIDIA Corporation\NVIDIA NvDLISR;C:\Program Files\Microsoft SQL Server\150\Tools\Binn\;C:\Program Files\dotnet\;C:\Program Files\Git\cmd;C:\Users\bqrry\AppData\Local\Microsoft\WindowsApps;C:\Users\bqrry\.dotnet\tools;C:\Program Files\JetBrains\IntelliJ IDEA Community Edition 2021.3.2\bin;
USERNAME=Bqrry
OS=Windows_NT
PROCESSOR_IDENTIFIER=Intel64 Family 6 Model 158 Stepping 10, GenuineIntel



---------------  S Y S T E M  ---------------

OS: Windows 10 , 64 bit Build 19041 (10.0.19041.1706)
OS uptime: 0 days 14:54 hours
Hyper-V role detected

CPU:total 12 (initial active 12) (6 cores per cpu, 2 threads per core) family 6 model 158 stepping 10 microcode 0xea, cmov, cx8, fxsr, mmx, sse, sse2, sse3, ssse3, sse4.1, sse4.2, popcnt, avx, avx2, aes, clmul, erms, 3dnowpref, lzcnt, ht, tsc, tscinvbit, bmi1, bmi2, adx, fma

Memory: 4k page, system-wide physical 32647M (20676M free)
TotalPageFile size 37511M (AvailPageFile size 23438M)
current process WorkingSet (physical memory assigned to process): 160M, peak: 160M
current process commit charge ("private bytes"): 660M, peak: 663M

vm_info: OpenJDK 64-Bit Server VM (11.0.14.1+10-LTS) for windows-amd64 JRE (11.0.14.1+10-LTS), built on Feb  8 2022 00:13:20 by "Administrator" with unknown MS VC++:1916

END.
