#
# A fatal error has been detected by the Java Runtime Environment:
#
#  EXCEPTION_ACCESS_VIOLATION (0xc0000005) at pc=0x00007ffafae87850, pid=15260, tid=9628
#
# JRE version: OpenJDK Runtime Environment Corretto-11.0.14.10.1 (11.0.14.1+10) (build 11.0.14.1+10-LTS)
# Java VM: OpenJDK 64-Bit Server VM Corretto-11.0.14.10.1 (11.0.14.1+10-LTS, mixed mode, tiered, compressed oops, g1 gc, windows-amd64)
# Problematic frame:
# V  [jvm.dll+0x2b7850]
#
# No core dump will be written. Minidumps are not enabled by default on client versions of Windows
#
# If you would like to submit a bug report, please visit:
#   https://github.com/corretto/corretto-11/issues/
#

---------------  S U M M A R Y ------------

Command Line: -Dfile.encoding=windows-1252 -Duser.country=US -Duser.language=en -Duser.variant Main

Host: Intel(R) Core(TM) i7-9750H CPU @ 2.60GHz, 12 cores, 31G,  Windows 10 , 64 bit Build 19041 (10.0.19041.1706)
Time: Wed May 25 10:09:14 2022 GTB Daylight Time elapsed time: 61.666016 seconds (0d 0h 1m 1s)

---------------  T H R E A D  ---------------

Current thread (0x0000023063785000):  JavaThread "C1 CompilerThread0" daemon [_thread_in_vm, id=9628, stack(0x000000dbbb500000,0x000000dbbb600000)]


Current CompileTask:
C1:  61666 1065 %     3       auxiliar.PathFinding.AStar::FindPath @ 249 (508 bytes)

Stack: [0x000000dbbb500000,0x000000dbbb600000],  sp=0x000000dbbb5fe520,  free space=1017k
Native frames: (J=compiled Java code, j=interpreted, Vv=VM code, C=native code)
V  [jvm.dll+0x2b7850]
V  [jvm.dll+0x7401a7]
V  [jvm.dll+0x7402b3]
V  [jvm.dll+0x1a60cb]
V  [jvm.dll+0x1a5fed]
V  [jvm.dll+0x1a5bb9]
V  [jvm.dll+0x1a5a12]
V  [jvm.dll+0x1a87a7]
V  [jvm.dll+0x1a58fa]
V  [jvm.dll+0x1a57a3]
V  [jvm.dll+0x1bc259]
V  [jvm.dll+0x12f89a]
V  [jvm.dll+0x136d59]
V  [jvm.dll+0x135234]
V  [jvm.dll+0x12ef1b]
V  [jvm.dll+0x13eeba]
V  [jvm.dll+0x12a219]
V  [jvm.dll+0x12a580]
V  [jvm.dll+0x12a83f]
V  [jvm.dll+0x129ae4]
V  [jvm.dll+0x12b9f7]
V  [jvm.dll+0x217574]
V  [jvm.dll+0x2157bb]
V  [jvm.dll+0x76e0c0]
V  [jvm.dll+0x767024]
V  [jvm.dll+0x61d486]
C  [ucrtbase.dll+0x21bb2]
C  [KERNEL32.DLL+0x17034]
C  [ntdll.dll+0x52651]


siginfo: EXCEPTION_ACCESS_VIOLATION (0xc0000005), reading address 0xffffffffffffffff


Register to memory mapping:

RIP=0x00007ffafae87850 jvm.dll
RAX=0x00000230638a1bf0 points into unknown readable memory: 0x0000000000000000 | 00 00 00 00 00 00 00 00
RBX=0x4b27c466fd9711b2 is an unknown value
RCX=0x0 is NULL
RDX=0x00000000ffffd8f1 is an unknown value
RSP=0x000000dbbb5fe520 is pointing into the stack for thread: 0x0000023063785000
RBP=0x0000023069fd62e0 points into unknown readable memory: 0x726fa5f3000c0011 | 11 00 0c 00 f3 a5 6f 72
RSI=0x0000000620400cc8 is an oop: jdk.internal.loader.ClassLoaders$AppClassLoader 
{0x0000000620400cc8} - klass: 'jdk/internal/loader/ClassLoaders$AppClassLoader'
RDI=0x00000230636d3e70 points into unknown readable memory: 0x000000b400000002 | 02 00 00 00 b4 00 00 00
R8 =0x0000023069fd62e0 points into unknown readable memory: 0x726fa5f3000c0011 | 11 00 0c 00 f3 a5 6f 72
R9 =0x0 is NULL
R10=0x000000008bf9a5f3 is an unknown value
R11=0x000002306a23fa10 points into unknown readable memory: 0x00007ffafb465c20 | 20 5c 46 fb fa 7f 00 00
R12=0x000000dbbb5fe7d0 is pointing into the stack for thread: 0x0000023063785000
R13=0x00000230637ab2f0 points into unknown readable memory: 0x00007ffafb463db0 | b0 3d 46 fb fa 7f 00 00
R14=0x0000023063785000 is a thread
R15=0x00007ffafb6b15b0 jvm.dll


Registers:
RAX=0x00000230638a1bf0, RBX=0x4b27c466fd9711b2, RCX=0x0000000000000000, RDX=0x00000000ffffd8f1
RSP=0x000000dbbb5fe520, RBP=0x0000023069fd62e0, RSI=0x0000000620400cc8, RDI=0x00000230636d3e70
R8 =0x0000023069fd62e0, R9 =0x0000000000000000, R10=0x000000008bf9a5f3, R11=0x000002306a23fa10
R12=0x000000dbbb5fe7d0, R13=0x00000230637ab2f0, R14=0x0000023063785000, R15=0x00007ffafb6b15b0
RIP=0x00007ffafae87850, EFLAGS=0x0000000000010206

Top of Stack: (sp=0x000000dbbb5fe520)
0x000000dbbb5fe520:   0000023063e37090 0000023063e3dbc0
0x000000dbbb5fe530:   0000023063e3f078 0000000000010388
0x000000dbbb5fe540:   0000000000000000 00007ffafb3101a7
0x000000dbbb5fe550:   0000000800115708 00007ffafad89156
0x000000dbbb5fe560:   0000023063785000 00007ffafb1beed0
0x000000dbbb5fe570:   0000023034d25840 00007ffafb3102b3
0x000000dbbb5fe580:   0000000000000000 0000023069fd62e0
0x000000dbbb5fe590:   0000000000000000 00007ffafb1bf32e
0x000000dbbb5fe5a0:   0000023034d25840 000000dbbb5fe7d0
0x000000dbbb5fe5b0:   0000023069fd62e0 0000023063785000
0x000000dbbb5fe5c0:   0000023034d09060 00007ffafad760cb
0x000000dbbb5fe5d0:   0000023034d25840 0000023034d25848
0x000000dbbb5fe5e0:   0000000000000000 0000000000000000
0x000000dbbb5fe5f0:   0000000044d0773a 00007ffafad8d4da
0x000000dbbb5fe600:   0000000000000000 0000023034d25840
0x000000dbbb5fe610:   0000023034d25848 00000230635e97c0 

Instructions: (pc=0x00007ffafae87850)
0x00007ffafae87750:   8b bc 24 f0 00 00 00 4c 8b b4 24 f8 00 00 00 4c
0x00007ffafae87760:   8b ac 24 00 01 00 00 4c 8b a4 24 08 01 00 00 48
0x00007ffafae87770:   8b bc 24 10 01 00 00 48 8b b4 24 38 01 00 00 48
0x00007ffafae87780:   8b ac 24 30 01 00 00 48 8b 9c 24 28 01 00 00 48
0x00007ffafae87790:   8b 8c 24 e0 00 00 00 48 33 cc e8 21 6c 52 00 48
0x00007ffafae877a0:   81 c4 18 01 00 00 c3 cc cc cc cc cc cc cc cc cc
0x00007ffafae877b0:   48 89 5c 24 08 57 48 83 ec 20 48 8b d9 48 8b fa
0x00007ffafae877c0:   48 8b 49 10 48 8b 01 ff 90 c8 00 00 00 48 3b f8
0x00007ffafae877d0:   74 30 48 8b 5b 18 48 85 db 74 1a 0f 1f 44 00 00
0x00007ffafae877e0:   48 8b cb e8 88 ad 39 00 48 3b c7 74 15 48 8b 1b
0x00007ffafae877f0:   48 85 db 75 eb 32 c0 48 8b 5c 24 30 48 83 c4 20
0x00007ffafae87800:   5f c3 48 8b 5c 24 30 b0 01 48 83 c4 20 5f c3 cc
0x00007ffafae87810:   0f b6 05 79 46 7f 00 c3 cc cc cc cc cc cc cc cc
0x00007ffafae87820:   40 53 48 83 ec 20 44 8b d2 33 d2 41 8b c2 f7 31
0x00007ffafae87830:   48 8b 41 08 48 63 da 48 8b 1c d8 48 85 db 74 36
0x00007ffafae87840:   0f b6 0d 84 59 7f 00 ba f1 d8 ff ff 0f 1f 40 00
0x00007ffafae87850:   44 39 13 75 17 48 8b 43 10 4c 39 40 18 75 0d 84
0x00007ffafae87860:   c9 74 1b 66 39 90 c8 00 00 00 75 12 48 8b 5b 08
0x00007ffafae87870:   48 83 e3 fe 75 da 33 c0 48 83 c4 20 5b c3 80 3d
0x00007ffafae87880:   83 36 81 00 00 74 19 4d 85 c9 74 14 49 8b 11 48
0x00007ffafae87890:   85 d2 74 0c 48 8b cb e8 14 ff ff ff 84 c0 74 d6
0x00007ffafae878a0:   48 8b 43 10 48 83 c4 20 5b c3 cc cc cc cc cc cc
0x00007ffafae878b0:   48 8b 41 08 48 63 d2 48 8b 04 d0 48 85 c0 74 37
0x00007ffafae878c0:   0f b6 15 04 59 7f 00 41 ba f1 d8 ff ff 0f 1f 00
0x00007ffafae878d0:   44 39 00 75 18 48 8b 48 10 4c 39 49 18 75 0e 84
0x00007ffafae878e0:   d2 74 17 66 44 39 91 c8 00 00 00 75 0d 48 8b 40
0x00007ffafae878f0:   08 48 83 e0 fe 75 d9 33 c0 c3 48 8b c1 c3 cc cc
0x00007ffafae87900:   48 8b 41 08 48 63 d2 48 8b 04 d0 48 85 c0 74 20
0x00007ffafae87910:   48 8b 4c 24 28 44 39 00 75 0c 4c 39 48 10 75 06
0x00007ffafae87920:   48 39 48 18 74 0c 48 8b 40 08 48 83 e0 fe 75 e5
0x00007ffafae87930:   33 c0 c3 cc cc cc cc cc cc cc cc cc cc cc cc cc
0x00007ffafae87940:   48 89 5c 24 08 57 48 83 ec 20 48 8b 42 18 48 8b 


Stack slot to memory mapping:
stack at sp + 0 slots: 0x0000023063e37090 points into unknown readable memory: 0x0000000000000000 | 00 00 00 00 00 00 00 00
stack at sp + 1 slots: 0x0000023063e3dbc0 points into unknown readable memory: 0x0000023063e329f0 | f0 29 e3 63 30 02 00 00
stack at sp + 2 slots: 0x0000023063e3f078 points into unknown readable memory: 0x1037ee8d05b565c8 | c8 65 b5 05 8d ee 37 10
stack at sp + 3 slots: 0x0000000000010388 is an unknown value
stack at sp + 4 slots: 0x0 is NULL
stack at sp + 5 slots: 0x00007ffafb3101a7 jvm.dll
stack at sp + 6 slots: 0x0000000800115708 is a pointer to class: 
org.joml.Vector2f {0x0000000800115710}
stack at sp + 7 slots: 0x00007ffafad89156 jvm.dll


---------------  P R O C E S S  ---------------

Threads class SMR info:
_java_thread_list=0x0000023064214bf0, length=10, elements={
0x0000023034d0c800, 0x00000230636ee800, 0x0000023063717800, 0x000002306376c800,
0x000002306376e000, 0x000002306376f000, 0x000002306377b000, 0x0000023063785000,
0x0000023063793000, 0x00000230638f3800
}

Java Threads: ( => current thread )
  0x0000023034d0c800 JavaThread "main" [_thread_in_native, id=16256, stack(0x000000dbba800000,0x000000dbba900000)]
  0x00000230636ee800 JavaThread "Reference Handler" daemon [_thread_blocked, id=17376, stack(0x000000dbbaf00000,0x000000dbbb000000)]
  0x0000023063717800 JavaThread "Finalizer" daemon [_thread_blocked, id=16592, stack(0x000000dbbb000000,0x000000dbbb100000)]
  0x000002306376c800 JavaThread "Signal Dispatcher" daemon [_thread_blocked, id=2696, stack(0x000000dbbb100000,0x000000dbbb200000)]
  0x000002306376e000 JavaThread "Attach Listener" daemon [_thread_blocked, id=8100, stack(0x000000dbbb200000,0x000000dbbb300000)]
  0x000002306376f000 JavaThread "Service Thread" daemon [_thread_blocked, id=2400, stack(0x000000dbbb300000,0x000000dbbb400000)]
  0x000002306377b000 JavaThread "C2 CompilerThread0" daemon [_thread_blocked, id=4304, stack(0x000000dbbb400000,0x000000dbbb500000)]
=>0x0000023063785000 JavaThread "C1 CompilerThread0" daemon [_thread_in_vm, id=9628, stack(0x000000dbbb500000,0x000000dbbb600000)]
  0x0000023063793000 JavaThread "Sweeper thread" daemon [_thread_blocked, id=17440, stack(0x000000dbbb600000,0x000000dbbb700000)]
  0x00000230638f3800 JavaThread "Common-Cleaner" daemon [_thread_blocked, id=12912, stack(0x000000dbbb800000,0x000000dbbb900000)]

Other Threads:
  0x00000230636ec800 VMThread "VM Thread" [stack: 0x000000dbbae00000,0x000000dbbaf00000] [id=14172]
  0x00000230638f1800 WatcherThread [stack: 0x000000dbbb700000,0x000000dbbb800000] [id=16444]
  0x0000023034d25000 GCTaskThread "GC Thread#0" [stack: 0x000000dbba900000,0x000000dbbaa00000] [id=10236]
  0x000002306a441000 GCTaskThread "GC Thread#1" [stack: 0x000000dbbc000000,0x000000dbbc100000] [id=10392]
  0x000002306a317000 GCTaskThread "GC Thread#2" [stack: 0x000000dbbc100000,0x000000dbbc200000] [id=17744]
  0x000002306a318000 GCTaskThread "GC Thread#3" [stack: 0x000000dbbc200000,0x000000dbbc300000] [id=11520]
  0x0000023069fd7000 GCTaskThread "GC Thread#4" [stack: 0x000000dbbc300000,0x000000dbbc400000] [id=14560]
  0x0000023069fd7800 GCTaskThread "GC Thread#5" [stack: 0x000000dbbc400000,0x000000dbbc500000] [id=10368]
  0x0000023069fd8800 GCTaskThread "GC Thread#6" [stack: 0x000000dbbc500000,0x000000dbbc600000] [id=13920]
  0x0000023069eb1800 GCTaskThread "GC Thread#7" [stack: 0x000000dbbc600000,0x000000dbbc700000] [id=18144]
  0x0000023069eb4800 GCTaskThread "GC Thread#8" [stack: 0x000000dbbc700000,0x000000dbbc800000] [id=9716]
  0x0000023069eb5800 GCTaskThread "GC Thread#9" [stack: 0x000000dbbc800000,0x000000dbbc900000] [id=13216]
  0x0000023034da8000 ConcurrentGCThread "G1 Main Marker" [stack: 0x000000dbbaa00000,0x000000dbbab00000] [id=17640]
  0x0000023034da9800 ConcurrentGCThread "G1 Conc#0" [stack: 0x000000dbbab00000,0x000000dbbac00000] [id=9676]
  0x0000023062d46000 ConcurrentGCThread "G1 Refine#0" [stack: 0x000000dbbac00000,0x000000dbbad00000] [id=15492]
  0x0000023062d49000 ConcurrentGCThread "G1 Young RemSet Sampling" [stack: 0x000000dbbad00000,0x000000dbbae00000] [id=16236]

Threads with active compile tasks:
C1 CompilerThread0  61811 1065 %     3       auxiliar.PathFinding.AStar::FindPath @ 249 (508 bytes)

VM state:not at safepoint (normal execution)

VM Mutex/Monitor currently owned by a thread:  ([mutex/lock_event])
[0x0000023034d09060] Compile_lock - owner thread: 0x0000023063785000

Heap address: 0x0000000601e00000, size: 8162 MB, Compressed Oops mode: Zero based, Oop shift amount: 3
Narrow klass base: 0x0000000800000000, Narrow klass shift: 0
Compressed class space size: 1073741824 Address: 0x0000000800000000

Heap:
 garbage-first heap   total 524288K, used 102841K [0x0000000601e00000, 0x0000000800000000)
  region size 2048K, 52 young (106496K), 2 survivors (4096K)
 Metaspace       used 12892K, capacity 13154K, committed 13440K, reserved 1060864K
  class space    used 1024K, capacity 1115K, committed 1152K, reserved 1048576K
Heap Regions: E=young(eden), S=young(survivor), O=old, HS=humongous(starts), HC=humongous(continues), CS=collection set, F=free, A=archive, TAMS=top-at-mark-start (previous, next)
|   0|0x0000000601e00000, 0x0000000601e00000, 0x0000000602000000|  0%| F|  |TAMS 0x0000000601e00000, 0x0000000601e00000| Untracked 
|   1|0x0000000602000000, 0x0000000602000000, 0x0000000602200000|  0%| F|  |TAMS 0x0000000602000000, 0x0000000602000000| Untracked 
|   2|0x0000000602200000, 0x0000000602200000, 0x0000000602400000|  0%| F|  |TAMS 0x0000000602200000, 0x0000000602200000| Untracked 
|   3|0x0000000602400000, 0x0000000602400000, 0x0000000602600000|  0%| F|  |TAMS 0x0000000602400000, 0x0000000602400000| Untracked 
|   4|0x0000000602600000, 0x0000000602600000, 0x0000000602800000|  0%| F|  |TAMS 0x0000000602600000, 0x0000000602600000| Untracked 
|   5|0x0000000602800000, 0x0000000602800000, 0x0000000602a00000|  0%| F|  |TAMS 0x0000000602800000, 0x0000000602800000| Untracked 
|   6|0x0000000602a00000, 0x0000000602a00000, 0x0000000602c00000|  0%| F|  |TAMS 0x0000000602a00000, 0x0000000602a00000| Untracked 
|   7|0x0000000602c00000, 0x0000000602c00000, 0x0000000602e00000|  0%| F|  |TAMS 0x0000000602c00000, 0x0000000602c00000| Untracked 
|   8|0x0000000602e00000, 0x0000000602e00000, 0x0000000603000000|  0%| F|  |TAMS 0x0000000602e00000, 0x0000000602e00000| Untracked 
|   9|0x0000000603000000, 0x0000000603000000, 0x0000000603200000|  0%| F|  |TAMS 0x0000000603000000, 0x0000000603000000| Untracked 
|  10|0x0000000603200000, 0x0000000603200000, 0x0000000603400000|  0%| F|  |TAMS 0x0000000603200000, 0x0000000603200000| Untracked 
|  11|0x0000000603400000, 0x0000000603400000, 0x0000000603600000|  0%| F|  |TAMS 0x0000000603400000, 0x0000000603400000| Untracked 
|  12|0x0000000603600000, 0x0000000603600000, 0x0000000603800000|  0%| F|  |TAMS 0x0000000603600000, 0x0000000603600000| Untracked 
|  13|0x0000000603800000, 0x0000000603800000, 0x0000000603a00000|  0%| F|  |TAMS 0x0000000603800000, 0x0000000603800000| Untracked 
|  14|0x0000000603a00000, 0x0000000603a00000, 0x0000000603c00000|  0%| F|  |TAMS 0x0000000603a00000, 0x0000000603a00000| Untracked 
|  15|0x0000000603c00000, 0x0000000603c00000, 0x0000000603e00000|  0%| F|  |TAMS 0x0000000603c00000, 0x0000000603c00000| Untracked 
|  16|0x0000000603e00000, 0x0000000603e00000, 0x0000000604000000|  0%| F|  |TAMS 0x0000000603e00000, 0x0000000603e00000| Untracked 
|  17|0x0000000604000000, 0x0000000604000000, 0x0000000604200000|  0%| F|  |TAMS 0x0000000604000000, 0x0000000604000000| Untracked 
|  18|0x0000000604200000, 0x0000000604200000, 0x0000000604400000|  0%| F|  |TAMS 0x0000000604200000, 0x0000000604200000| Untracked 
|  19|0x0000000604400000, 0x0000000604400000, 0x0000000604600000|  0%| F|  |TAMS 0x0000000604400000, 0x0000000604400000| Untracked 
|  20|0x0000000604600000, 0x0000000604600000, 0x0000000604800000|  0%| F|  |TAMS 0x0000000604600000, 0x0000000604600000| Untracked 
|  21|0x0000000604800000, 0x0000000604800000, 0x0000000604a00000|  0%| F|  |TAMS 0x0000000604800000, 0x0000000604800000| Untracked 
|  22|0x0000000604a00000, 0x0000000604a00000, 0x0000000604c00000|  0%| F|  |TAMS 0x0000000604a00000, 0x0000000604a00000| Untracked 
|  23|0x0000000604c00000, 0x0000000604c00000, 0x0000000604e00000|  0%| F|  |TAMS 0x0000000604c00000, 0x0000000604c00000| Untracked 
|  24|0x0000000604e00000, 0x0000000604e00000, 0x0000000605000000|  0%| F|  |TAMS 0x0000000604e00000, 0x0000000604e00000| Untracked 
|  25|0x0000000605000000, 0x0000000605000000, 0x0000000605200000|  0%| F|  |TAMS 0x0000000605000000, 0x0000000605000000| Untracked 
|  26|0x0000000605200000, 0x0000000605200000, 0x0000000605400000|  0%| F|  |TAMS 0x0000000605200000, 0x0000000605200000| Untracked 
|  27|0x0000000605400000, 0x0000000605400000, 0x0000000605600000|  0%| F|  |TAMS 0x0000000605400000, 0x0000000605400000| Untracked 
|  28|0x0000000605600000, 0x0000000605600000, 0x0000000605800000|  0%| F|  |TAMS 0x0000000605600000, 0x0000000605600000| Untracked 
|  29|0x0000000605800000, 0x0000000605800000, 0x0000000605a00000|  0%| F|  |TAMS 0x0000000605800000, 0x0000000605800000| Untracked 
|  30|0x0000000605a00000, 0x0000000605a00000, 0x0000000605c00000|  0%| F|  |TAMS 0x0000000605a00000, 0x0000000605a00000| Untracked 
|  31|0x0000000605c00000, 0x0000000605c00000, 0x0000000605e00000|  0%| F|  |TAMS 0x0000000605c00000, 0x0000000605c00000| Untracked 
|  32|0x0000000605e00000, 0x0000000605e00000, 0x0000000606000000|  0%| F|  |TAMS 0x0000000605e00000, 0x0000000605e00000| Untracked 
|  33|0x0000000606000000, 0x0000000606000000, 0x0000000606200000|  0%| F|  |TAMS 0x0000000606000000, 0x0000000606000000| Untracked 
|  34|0x0000000606200000, 0x0000000606200000, 0x0000000606400000|  0%| F|  |TAMS 0x0000000606200000, 0x0000000606200000| Untracked 
|  35|0x0000000606400000, 0x0000000606400000, 0x0000000606600000|  0%| F|  |TAMS 0x0000000606400000, 0x0000000606400000| Untracked 
|  36|0x0000000606600000, 0x0000000606600000, 0x0000000606800000|  0%| F|  |TAMS 0x0000000606600000, 0x0000000606600000| Untracked 
|  37|0x0000000606800000, 0x0000000606800000, 0x0000000606a00000|  0%| F|  |TAMS 0x0000000606800000, 0x0000000606800000| Untracked 
|  38|0x0000000606a00000, 0x0000000606a00000, 0x0000000606c00000|  0%| F|  |TAMS 0x0000000606a00000, 0x0000000606a00000| Untracked 
|  39|0x0000000606c00000, 0x0000000606c00000, 0x0000000606e00000|  0%| F|  |TAMS 0x0000000606c00000, 0x0000000606c00000| Untracked 
|  40|0x0000000606e00000, 0x0000000606e00000, 0x0000000607000000|  0%| F|  |TAMS 0x0000000606e00000, 0x0000000606e00000| Untracked 
|  41|0x0000000607000000, 0x0000000607000000, 0x0000000607200000|  0%| F|  |TAMS 0x0000000607000000, 0x0000000607000000| Untracked 
|  42|0x0000000607200000, 0x0000000607200000, 0x0000000607400000|  0%| F|  |TAMS 0x0000000607200000, 0x0000000607200000| Untracked 
|  43|0x0000000607400000, 0x0000000607400000, 0x0000000607600000|  0%| F|  |TAMS 0x0000000607400000, 0x0000000607400000| Untracked 
|  44|0x0000000607600000, 0x0000000607600000, 0x0000000607800000|  0%| F|  |TAMS 0x0000000607600000, 0x0000000607600000| Untracked 
|  45|0x0000000607800000, 0x0000000607800000, 0x0000000607a00000|  0%| F|  |TAMS 0x0000000607800000, 0x0000000607800000| Untracked 
|  46|0x0000000607a00000, 0x0000000607a00000, 0x0000000607c00000|  0%| F|  |TAMS 0x0000000607a00000, 0x0000000607a00000| Untracked 
|  47|0x0000000607c00000, 0x0000000607c00000, 0x0000000607e00000|  0%| F|  |TAMS 0x0000000607c00000, 0x0000000607c00000| Untracked 
|  48|0x0000000607e00000, 0x0000000607e00000, 0x0000000608000000|  0%| F|  |TAMS 0x0000000607e00000, 0x0000000607e00000| Untracked 
|  49|0x0000000608000000, 0x0000000608000000, 0x0000000608200000|  0%| F|  |TAMS 0x0000000608000000, 0x0000000608000000| Untracked 
|  50|0x0000000608200000, 0x0000000608200000, 0x0000000608400000|  0%| F|  |TAMS 0x0000000608200000, 0x0000000608200000| Untracked 
|  51|0x0000000608400000, 0x0000000608400000, 0x0000000608600000|  0%| F|  |TAMS 0x0000000608400000, 0x0000000608400000| Untracked 
|  52|0x0000000608600000, 0x0000000608600000, 0x0000000608800000|  0%| F|  |TAMS 0x0000000608600000, 0x0000000608600000| Untracked 
|  53|0x0000000608800000, 0x0000000608800000, 0x0000000608a00000|  0%| F|  |TAMS 0x0000000608800000, 0x0000000608800000| Untracked 
|  54|0x0000000608a00000, 0x0000000608a00000, 0x0000000608c00000|  0%| F|  |TAMS 0x0000000608a00000, 0x0000000608a00000| Untracked 
|  55|0x0000000608c00000, 0x0000000608c00000, 0x0000000608e00000|  0%| F|  |TAMS 0x0000000608c00000, 0x0000000608c00000| Untracked 
|  56|0x0000000608e00000, 0x0000000608e00000, 0x0000000609000000|  0%| F|  |TAMS 0x0000000608e00000, 0x0000000608e00000| Untracked 
|  57|0x0000000609000000, 0x0000000609000000, 0x0000000609200000|  0%| F|  |TAMS 0x0000000609000000, 0x0000000609000000| Untracked 
|  58|0x0000000609200000, 0x0000000609200000, 0x0000000609400000|  0%| F|  |TAMS 0x0000000609200000, 0x0000000609200000| Untracked 
|  59|0x0000000609400000, 0x0000000609400000, 0x0000000609600000|  0%| F|  |TAMS 0x0000000609400000, 0x0000000609400000| Untracked 
|  60|0x0000000609600000, 0x0000000609600000, 0x0000000609800000|  0%| F|  |TAMS 0x0000000609600000, 0x0000000609600000| Untracked 
|  61|0x0000000609800000, 0x0000000609800000, 0x0000000609a00000|  0%| F|  |TAMS 0x0000000609800000, 0x0000000609800000| Untracked 
|  62|0x0000000609a00000, 0x0000000609a00000, 0x0000000609c00000|  0%| F|  |TAMS 0x0000000609a00000, 0x0000000609a00000| Untracked 
|  63|0x0000000609c00000, 0x0000000609c00000, 0x0000000609e00000|  0%| F|  |TAMS 0x0000000609c00000, 0x0000000609c00000| Untracked 
|  64|0x0000000609e00000, 0x0000000609e00000, 0x000000060a000000|  0%| F|  |TAMS 0x0000000609e00000, 0x0000000609e00000| Untracked 
|  65|0x000000060a000000, 0x000000060a000000, 0x000000060a200000|  0%| F|  |TAMS 0x000000060a000000, 0x000000060a000000| Untracked 
|  66|0x000000060a200000, 0x000000060a200000, 0x000000060a400000|  0%| F|  |TAMS 0x000000060a200000, 0x000000060a200000| Untracked 
|  67|0x000000060a400000, 0x000000060a400000, 0x000000060a600000|  0%| F|  |TAMS 0x000000060a400000, 0x000000060a400000| Untracked 
|  68|0x000000060a600000, 0x000000060a600000, 0x000000060a800000|  0%| F|  |TAMS 0x000000060a600000, 0x000000060a600000| Untracked 
|  69|0x000000060a800000, 0x000000060a800000, 0x000000060aa00000|  0%| F|  |TAMS 0x000000060a800000, 0x000000060a800000| Untracked 
|  70|0x000000060aa00000, 0x000000060aa00000, 0x000000060ac00000|  0%| F|  |TAMS 0x000000060aa00000, 0x000000060aa00000| Untracked 
|  71|0x000000060ac00000, 0x000000060ac00000, 0x000000060ae00000|  0%| F|  |TAMS 0x000000060ac00000, 0x000000060ac00000| Untracked 
|  72|0x000000060ae00000, 0x000000060ae00000, 0x000000060b000000|  0%| F|  |TAMS 0x000000060ae00000, 0x000000060ae00000| Untracked 
|  73|0x000000060b000000, 0x000000060b000000, 0x000000060b200000|  0%| F|  |TAMS 0x000000060b000000, 0x000000060b000000| Untracked 
|  74|0x000000060b200000, 0x000000060b200000, 0x000000060b400000|  0%| F|  |TAMS 0x000000060b200000, 0x000000060b200000| Untracked 
|  75|0x000000060b400000, 0x000000060b400000, 0x000000060b600000|  0%| F|  |TAMS 0x000000060b400000, 0x000000060b400000| Untracked 
|  76|0x000000060b600000, 0x000000060b600000, 0x000000060b800000|  0%| F|  |TAMS 0x000000060b600000, 0x000000060b600000| Untracked 
|  77|0x000000060b800000, 0x000000060b800000, 0x000000060ba00000|  0%| F|  |TAMS 0x000000060b800000, 0x000000060b800000| Untracked 
|  78|0x000000060ba00000, 0x000000060ba00000, 0x000000060bc00000|  0%| F|  |TAMS 0x000000060ba00000, 0x000000060ba00000| Untracked 
|  79|0x000000060bc00000, 0x000000060bc00000, 0x000000060be00000|  0%| F|  |TAMS 0x000000060bc00000, 0x000000060bc00000| Untracked 
|  80|0x000000060be00000, 0x000000060be00000, 0x000000060c000000|  0%| F|  |TAMS 0x000000060be00000, 0x000000060be00000| Untracked 
|  81|0x000000060c000000, 0x000000060c000000, 0x000000060c200000|  0%| F|  |TAMS 0x000000060c000000, 0x000000060c000000| Untracked 
|  82|0x000000060c200000, 0x000000060c200000, 0x000000060c400000|  0%| F|  |TAMS 0x000000060c200000, 0x000000060c200000| Untracked 
|  83|0x000000060c400000, 0x000000060c400000, 0x000000060c600000|  0%| F|  |TAMS 0x000000060c400000, 0x000000060c400000| Untracked 
|  84|0x000000060c600000, 0x000000060c600000, 0x000000060c800000|  0%| F|  |TAMS 0x000000060c600000, 0x000000060c600000| Untracked 
|  85|0x000000060c800000, 0x000000060c800000, 0x000000060ca00000|  0%| F|  |TAMS 0x000000060c800000, 0x000000060c800000| Untracked 
|  86|0x000000060ca00000, 0x000000060ca00000, 0x000000060cc00000|  0%| F|  |TAMS 0x000000060ca00000, 0x000000060ca00000| Untracked 
|  87|0x000000060cc00000, 0x000000060cc00000, 0x000000060ce00000|  0%| F|  |TAMS 0x000000060cc00000, 0x000000060cc00000| Untracked 
|  88|0x000000060ce00000, 0x000000060ce00000, 0x000000060d000000|  0%| F|  |TAMS 0x000000060ce00000, 0x000000060ce00000| Untracked 
|  89|0x000000060d000000, 0x000000060d000000, 0x000000060d200000|  0%| F|  |TAMS 0x000000060d000000, 0x000000060d000000| Untracked 
|  90|0x000000060d200000, 0x000000060d200000, 0x000000060d400000|  0%| F|  |TAMS 0x000000060d200000, 0x000000060d200000| Untracked 
|  91|0x000000060d400000, 0x000000060d400000, 0x000000060d600000|  0%| F|  |TAMS 0x000000060d400000, 0x000000060d400000| Untracked 
|  92|0x000000060d600000, 0x000000060d600000, 0x000000060d800000|  0%| F|  |TAMS 0x000000060d600000, 0x000000060d600000| Untracked 
|  93|0x000000060d800000, 0x000000060d800000, 0x000000060da00000|  0%| F|  |TAMS 0x000000060d800000, 0x000000060d800000| Untracked 
|  94|0x000000060da00000, 0x000000060da00000, 0x000000060dc00000|  0%| F|  |TAMS 0x000000060da00000, 0x000000060da00000| Untracked 
|  95|0x000000060dc00000, 0x000000060dc00000, 0x000000060de00000|  0%| F|  |TAMS 0x000000060dc00000, 0x000000060dc00000| Untracked 
|  96|0x000000060de00000, 0x000000060de00000, 0x000000060e000000|  0%| F|  |TAMS 0x000000060de00000, 0x000000060de00000| Untracked 
|  97|0x000000060e000000, 0x000000060e000000, 0x000000060e200000|  0%| F|  |TAMS 0x000000060e000000, 0x000000060e000000| Untracked 
|  98|0x000000060e200000, 0x000000060e200000, 0x000000060e400000|  0%| F|  |TAMS 0x000000060e200000, 0x000000060e200000| Untracked 
|  99|0x000000060e400000, 0x000000060e400000, 0x000000060e600000|  0%| F|  |TAMS 0x000000060e400000, 0x000000060e400000| Untracked 
| 100|0x000000060e600000, 0x000000060e600000, 0x000000060e800000|  0%| F|  |TAMS 0x000000060e600000, 0x000000060e600000| Untracked 
| 101|0x000000060e800000, 0x000000060e800000, 0x000000060ea00000|  0%| F|  |TAMS 0x000000060e800000, 0x000000060e800000| Untracked 
| 102|0x000000060ea00000, 0x000000060ea00000, 0x000000060ec00000|  0%| F|  |TAMS 0x000000060ea00000, 0x000000060ea00000| Untracked 
| 103|0x000000060ec00000, 0x000000060ec00000, 0x000000060ee00000|  0%| F|  |TAMS 0x000000060ec00000, 0x000000060ec00000| Untracked 
| 104|0x000000060ee00000, 0x000000060ee00000, 0x000000060f000000|  0%| F|  |TAMS 0x000000060ee00000, 0x000000060ee00000| Untracked 
| 105|0x000000060f000000, 0x000000060f000000, 0x000000060f200000|  0%| F|  |TAMS 0x000000060f000000, 0x000000060f000000| Untracked 
| 106|0x000000060f200000, 0x000000060f200000, 0x000000060f400000|  0%| F|  |TAMS 0x000000060f200000, 0x000000060f200000| Untracked 
| 107|0x000000060f400000, 0x000000060f400000, 0x000000060f600000|  0%| F|  |TAMS 0x000000060f400000, 0x000000060f400000| Untracked 
| 108|0x000000060f600000, 0x000000060f600000, 0x000000060f800000|  0%| F|  |TAMS 0x000000060f600000, 0x000000060f600000| Untracked 
| 109|0x000000060f800000, 0x000000060f800000, 0x000000060fa00000|  0%| F|  |TAMS 0x000000060f800000, 0x000000060f800000| Untracked 
| 110|0x000000060fa00000, 0x000000060fa00000, 0x000000060fc00000|  0%| F|  |TAMS 0x000000060fa00000, 0x000000060fa00000| Untracked 
| 111|0x000000060fc00000, 0x000000060fc00000, 0x000000060fe00000|  0%| F|  |TAMS 0x000000060fc00000, 0x000000060fc00000| Untracked 
| 112|0x000000060fe00000, 0x000000060fe00000, 0x0000000610000000|  0%| F|  |TAMS 0x000000060fe00000, 0x000000060fe00000| Untracked 
| 113|0x0000000610000000, 0x0000000610000000, 0x0000000610200000|  0%| F|  |TAMS 0x0000000610000000, 0x0000000610000000| Untracked 
| 114|0x0000000610200000, 0x0000000610200000, 0x0000000610400000|  0%| F|  |TAMS 0x0000000610200000, 0x0000000610200000| Untracked 
| 115|0x0000000610400000, 0x0000000610400000, 0x0000000610600000|  0%| F|  |TAMS 0x0000000610400000, 0x0000000610400000| Untracked 
| 116|0x0000000610600000, 0x0000000610600000, 0x0000000610800000|  0%| F|  |TAMS 0x0000000610600000, 0x0000000610600000| Untracked 
| 117|0x0000000610800000, 0x0000000610800000, 0x0000000610a00000|  0%| F|  |TAMS 0x0000000610800000, 0x0000000610800000| Untracked 
| 118|0x0000000610a00000, 0x0000000610a00000, 0x0000000610c00000|  0%| F|  |TAMS 0x0000000610a00000, 0x0000000610a00000| Untracked 
| 119|0x0000000610c00000, 0x0000000610c00000, 0x0000000610e00000|  0%| F|  |TAMS 0x0000000610c00000, 0x0000000610c00000| Untracked 
| 120|0x0000000610e00000, 0x0000000610e00000, 0x0000000611000000|  0%| F|  |TAMS 0x0000000610e00000, 0x0000000610e00000| Untracked 
| 121|0x0000000611000000, 0x0000000611000000, 0x0000000611200000|  0%| F|  |TAMS 0x0000000611000000, 0x0000000611000000| Untracked 
| 122|0x0000000611200000, 0x0000000611200000, 0x0000000611400000|  0%| F|  |TAMS 0x0000000611200000, 0x0000000611200000| Untracked 
| 123|0x0000000611400000, 0x0000000611400000, 0x0000000611600000|  0%| F|  |TAMS 0x0000000611400000, 0x0000000611400000| Untracked 
| 124|0x0000000611600000, 0x0000000611600000, 0x0000000611800000|  0%| F|  |TAMS 0x0000000611600000, 0x0000000611600000| Untracked 
| 125|0x0000000611800000, 0x0000000611800000, 0x0000000611a00000|  0%| F|  |TAMS 0x0000000611800000, 0x0000000611800000| Untracked 
| 126|0x0000000611a00000, 0x0000000611a00000, 0x0000000611c00000|  0%| F|  |TAMS 0x0000000611a00000, 0x0000000611a00000| Untracked 
| 127|0x0000000611c00000, 0x0000000611c00000, 0x0000000611e00000|  0%| F|  |TAMS 0x0000000611c00000, 0x0000000611c00000| Untracked 
| 128|0x0000000611e00000, 0x0000000611e00000, 0x0000000612000000|  0%| F|  |TAMS 0x0000000611e00000, 0x0000000611e00000| Untracked 
| 129|0x0000000612000000, 0x0000000612000000, 0x0000000612200000|  0%| F|  |TAMS 0x0000000612000000, 0x0000000612000000| Untracked 
| 130|0x0000000612200000, 0x0000000612200000, 0x0000000612400000|  0%| F|  |TAMS 0x0000000612200000, 0x0000000612200000| Untracked 
| 131|0x0000000612400000, 0x0000000612400000, 0x0000000612600000|  0%| F|  |TAMS 0x0000000612400000, 0x0000000612400000| Untracked 
| 132|0x0000000612600000, 0x0000000612600000, 0x0000000612800000|  0%| F|  |TAMS 0x0000000612600000, 0x0000000612600000| Untracked 
| 133|0x0000000612800000, 0x0000000612800000, 0x0000000612a00000|  0%| F|  |TAMS 0x0000000612800000, 0x0000000612800000| Untracked 
| 134|0x0000000612a00000, 0x0000000612a00000, 0x0000000612c00000|  0%| F|  |TAMS 0x0000000612a00000, 0x0000000612a00000| Untracked 
| 135|0x0000000612c00000, 0x0000000612c00000, 0x0000000612e00000|  0%| F|  |TAMS 0x0000000612c00000, 0x0000000612c00000| Untracked 
| 136|0x0000000612e00000, 0x0000000612e00000, 0x0000000613000000|  0%| F|  |TAMS 0x0000000612e00000, 0x0000000612e00000| Untracked 
| 137|0x0000000613000000, 0x0000000613000000, 0x0000000613200000|  0%| F|  |TAMS 0x0000000613000000, 0x0000000613000000| Untracked 
| 138|0x0000000613200000, 0x0000000613200000, 0x0000000613400000|  0%| F|  |TAMS 0x0000000613200000, 0x0000000613200000| Untracked 
| 139|0x0000000613400000, 0x0000000613400000, 0x0000000613600000|  0%| F|  |TAMS 0x0000000613400000, 0x0000000613400000| Untracked 
| 140|0x0000000613600000, 0x0000000613600000, 0x0000000613800000|  0%| F|  |TAMS 0x0000000613600000, 0x0000000613600000| Untracked 
| 141|0x0000000613800000, 0x0000000613800000, 0x0000000613a00000|  0%| F|  |TAMS 0x0000000613800000, 0x0000000613800000| Untracked 
| 142|0x0000000613a00000, 0x0000000613a00000, 0x0000000613c00000|  0%| F|  |TAMS 0x0000000613a00000, 0x0000000613a00000| Untracked 
| 143|0x0000000613c00000, 0x0000000613c00000, 0x0000000613e00000|  0%| F|  |TAMS 0x0000000613c00000, 0x0000000613c00000| Untracked 
| 144|0x0000000613e00000, 0x0000000613e00000, 0x0000000614000000|  0%| F|  |TAMS 0x0000000613e00000, 0x0000000613e00000| Untracked 
| 145|0x0000000614000000, 0x0000000614000000, 0x0000000614200000|  0%| F|  |TAMS 0x0000000614000000, 0x0000000614000000| Untracked 
| 146|0x0000000614200000, 0x0000000614200000, 0x0000000614400000|  0%| F|  |TAMS 0x0000000614200000, 0x0000000614200000| Untracked 
| 147|0x0000000614400000, 0x0000000614400000, 0x0000000614600000|  0%| F|  |TAMS 0x0000000614400000, 0x0000000614400000| Untracked 
| 148|0x0000000614600000, 0x0000000614600000, 0x0000000614800000|  0%| F|  |TAMS 0x0000000614600000, 0x0000000614600000| Untracked 
| 149|0x0000000614800000, 0x0000000614800000, 0x0000000614a00000|  0%| F|  |TAMS 0x0000000614800000, 0x0000000614800000| Untracked 
| 150|0x0000000614a00000, 0x0000000614a00000, 0x0000000614c00000|  0%| F|  |TAMS 0x0000000614a00000, 0x0000000614a00000| Untracked 
| 151|0x0000000614c00000, 0x0000000614c00000, 0x0000000614e00000|  0%| F|  |TAMS 0x0000000614c00000, 0x0000000614c00000| Untracked 
| 152|0x0000000614e00000, 0x0000000614e00000, 0x0000000615000000|  0%| F|  |TAMS 0x0000000614e00000, 0x0000000614e00000| Untracked 
| 153|0x0000000615000000, 0x0000000615000000, 0x0000000615200000|  0%| F|  |TAMS 0x0000000615000000, 0x0000000615000000| Untracked 
| 154|0x0000000615200000, 0x0000000615200000, 0x0000000615400000|  0%| F|  |TAMS 0x0000000615200000, 0x0000000615200000| Untracked 
| 155|0x0000000615400000, 0x0000000615400000, 0x0000000615600000|  0%| F|  |TAMS 0x0000000615400000, 0x0000000615400000| Untracked 
| 156|0x0000000615600000, 0x0000000615600000, 0x0000000615800000|  0%| F|  |TAMS 0x0000000615600000, 0x0000000615600000| Untracked 
| 157|0x0000000615800000, 0x0000000615800000, 0x0000000615a00000|  0%| F|  |TAMS 0x0000000615800000, 0x0000000615800000| Untracked 
| 158|0x0000000615a00000, 0x0000000615a00000, 0x0000000615c00000|  0%| F|  |TAMS 0x0000000615a00000, 0x0000000615a00000| Untracked 
| 159|0x0000000615c00000, 0x0000000615c00000, 0x0000000615e00000|  0%| F|  |TAMS 0x0000000615c00000, 0x0000000615c00000| Untracked 
| 160|0x0000000615e00000, 0x0000000615e00000, 0x0000000616000000|  0%| F|  |TAMS 0x0000000615e00000, 0x0000000615e00000| Untracked 
| 161|0x0000000616000000, 0x0000000616000000, 0x0000000616200000|  0%| F|  |TAMS 0x0000000616000000, 0x0000000616000000| Untracked 
| 162|0x0000000616200000, 0x0000000616200000, 0x0000000616400000|  0%| F|  |TAMS 0x0000000616200000, 0x0000000616200000| Untracked 
| 163|0x0000000616400000, 0x0000000616400000, 0x0000000616600000|  0%| F|  |TAMS 0x0000000616400000, 0x0000000616400000| Untracked 
| 164|0x0000000616600000, 0x0000000616600000, 0x0000000616800000|  0%| F|  |TAMS 0x0000000616600000, 0x0000000616600000| Untracked 
| 165|0x0000000616800000, 0x0000000616800000, 0x0000000616a00000|  0%| F|  |TAMS 0x0000000616800000, 0x0000000616800000| Untracked 
| 166|0x0000000616a00000, 0x0000000616a00000, 0x0000000616c00000|  0%| F|  |TAMS 0x0000000616a00000, 0x0000000616a00000| Untracked 
| 167|0x0000000616c00000, 0x0000000616c00000, 0x0000000616e00000|  0%| F|  |TAMS 0x0000000616c00000, 0x0000000616c00000| Untracked 
| 168|0x0000000616e00000, 0x0000000616e00000, 0x0000000617000000|  0%| F|  |TAMS 0x0000000616e00000, 0x0000000616e00000| Untracked 
| 169|0x0000000617000000, 0x0000000617000000, 0x0000000617200000|  0%| F|  |TAMS 0x0000000617000000, 0x0000000617000000| Untracked 
| 170|0x0000000617200000, 0x0000000617200000, 0x0000000617400000|  0%| F|  |TAMS 0x0000000617200000, 0x0000000617200000| Untracked 
| 171|0x0000000617400000, 0x0000000617400000, 0x0000000617600000|  0%| F|  |TAMS 0x0000000617400000, 0x0000000617400000| Untracked 
| 172|0x0000000617600000, 0x0000000617600000, 0x0000000617800000|  0%| F|  |TAMS 0x0000000617600000, 0x0000000617600000| Untracked 
| 173|0x0000000617800000, 0x0000000617800000, 0x0000000617a00000|  0%| F|  |TAMS 0x0000000617800000, 0x0000000617800000| Untracked 
| 174|0x0000000617a00000, 0x0000000617a00000, 0x0000000617c00000|  0%| F|  |TAMS 0x0000000617a00000, 0x0000000617a00000| Untracked 
| 175|0x0000000617c00000, 0x0000000617c00000, 0x0000000617e00000|  0%| F|  |TAMS 0x0000000617c00000, 0x0000000617c00000| Untracked 
| 176|0x0000000617e00000, 0x0000000617e00000, 0x0000000618000000|  0%| F|  |TAMS 0x0000000617e00000, 0x0000000617e00000| Untracked 
| 177|0x0000000618000000, 0x0000000618000000, 0x0000000618200000|  0%| F|  |TAMS 0x0000000618000000, 0x0000000618000000| Untracked 
| 178|0x0000000618200000, 0x0000000618200000, 0x0000000618400000|  0%| F|  |TAMS 0x0000000618200000, 0x0000000618200000| Untracked 
| 179|0x0000000618400000, 0x0000000618400000, 0x0000000618600000|  0%| F|  |TAMS 0x0000000618400000, 0x0000000618400000| Untracked 
| 180|0x0000000618600000, 0x0000000618600000, 0x0000000618800000|  0%| F|  |TAMS 0x0000000618600000, 0x0000000618600000| Untracked 
| 181|0x0000000618800000, 0x0000000618800000, 0x0000000618a00000|  0%| F|  |TAMS 0x0000000618800000, 0x0000000618800000| Untracked 
| 182|0x0000000618a00000, 0x0000000618a00000, 0x0000000618c00000|  0%| F|  |TAMS 0x0000000618a00000, 0x0000000618a00000| Untracked 
| 183|0x0000000618c00000, 0x0000000618c00000, 0x0000000618e00000|  0%| F|  |TAMS 0x0000000618c00000, 0x0000000618c00000| Untracked 
| 184|0x0000000618e00000, 0x0000000618e00000, 0x0000000619000000|  0%| F|  |TAMS 0x0000000618e00000, 0x0000000618e00000| Untracked 
| 185|0x0000000619000000, 0x0000000619000000, 0x0000000619200000|  0%| F|  |TAMS 0x0000000619000000, 0x0000000619000000| Untracked 
| 186|0x0000000619200000, 0x0000000619200000, 0x0000000619400000|  0%| F|  |TAMS 0x0000000619200000, 0x0000000619200000| Untracked 
| 187|0x0000000619400000, 0x0000000619400000, 0x0000000619600000|  0%| F|  |TAMS 0x0000000619400000, 0x0000000619400000| Untracked 
| 188|0x0000000619600000, 0x0000000619600000, 0x0000000619800000|  0%| F|  |TAMS 0x0000000619600000, 0x0000000619600000| Untracked 
| 189|0x0000000619800000, 0x0000000619800000, 0x0000000619a00000|  0%| F|  |TAMS 0x0000000619800000, 0x0000000619800000| Untracked 
| 190|0x0000000619a00000, 0x0000000619a00000, 0x0000000619c00000|  0%| F|  |TAMS 0x0000000619a00000, 0x0000000619a00000| Untracked 
| 191|0x0000000619c00000, 0x0000000619c00000, 0x0000000619e00000|  0%| F|  |TAMS 0x0000000619c00000, 0x0000000619c00000| Untracked 
| 192|0x0000000619e00000, 0x0000000619e00000, 0x000000061a000000|  0%| F|  |TAMS 0x0000000619e00000, 0x0000000619e00000| Untracked 
| 193|0x000000061a000000, 0x000000061a000000, 0x000000061a200000|  0%| F|  |TAMS 0x000000061a000000, 0x000000061a000000| Untracked 
| 194|0x000000061a200000, 0x000000061a200000, 0x000000061a400000|  0%| F|  |TAMS 0x000000061a200000, 0x000000061a200000| Untracked 
| 195|0x000000061a400000, 0x000000061a400000, 0x000000061a600000|  0%| F|  |TAMS 0x000000061a400000, 0x000000061a400000| Untracked 
| 196|0x000000061a600000, 0x000000061a600000, 0x000000061a800000|  0%| F|  |TAMS 0x000000061a600000, 0x000000061a600000| Untracked 
| 197|0x000000061a800000, 0x000000061a800000, 0x000000061aa00000|  0%| F|  |TAMS 0x000000061a800000, 0x000000061a800000| Untracked 
| 198|0x000000061aa00000, 0x000000061aa00000, 0x000000061ac00000|  0%| F|  |TAMS 0x000000061aa00000, 0x000000061aa00000| Untracked 
| 199|0x000000061ac00000, 0x000000061ac00000, 0x000000061ae00000|  0%| F|  |TAMS 0x000000061ac00000, 0x000000061ac00000| Untracked 
| 200|0x000000061ae00000, 0x000000061ae00000, 0x000000061b000000|  0%| F|  |TAMS 0x000000061ae00000, 0x000000061ae00000| Untracked 
| 201|0x000000061b000000, 0x000000061b000000, 0x000000061b200000|  0%| F|  |TAMS 0x000000061b000000, 0x000000061b000000| Untracked 
| 202|0x000000061b200000, 0x000000061b200000, 0x000000061b400000|  0%| F|  |TAMS 0x000000061b200000, 0x000000061b200000| Untracked 
| 203|0x000000061b400000, 0x000000061b400000, 0x000000061b600000|  0%| F|  |TAMS 0x000000061b400000, 0x000000061b400000| Untracked 
| 204|0x000000061b600000, 0x000000061b700800, 0x000000061b800000| 50%| E|  |TAMS 0x000000061b600000, 0x000000061b600000| Complete 
| 205|0x000000061b800000, 0x000000061ba00000, 0x000000061ba00000|100%| E|CS|TAMS 0x000000061b800000, 0x000000061b800000| Complete 
| 206|0x000000061ba00000, 0x000000061bc00000, 0x000000061bc00000|100%| E|CS|TAMS 0x000000061ba00000, 0x000000061ba00000| Complete 
| 207|0x000000061bc00000, 0x000000061be00000, 0x000000061be00000|100%| E|CS|TAMS 0x000000061bc00000, 0x000000061bc00000| Complete 
| 208|0x000000061be00000, 0x000000061c000000, 0x000000061c000000|100%| E|CS|TAMS 0x000000061be00000, 0x000000061be00000| Complete 
| 209|0x000000061c000000, 0x000000061c200000, 0x000000061c200000|100%| E|CS|TAMS 0x000000061c000000, 0x000000061c000000| Complete 
| 210|0x000000061c200000, 0x000000061c400000, 0x000000061c400000|100%| E|CS|TAMS 0x000000061c200000, 0x000000061c200000| Complete 
| 211|0x000000061c400000, 0x000000061c600000, 0x000000061c600000|100%| E|CS|TAMS 0x000000061c400000, 0x000000061c400000| Complete 
| 212|0x000000061c600000, 0x000000061c800000, 0x000000061c800000|100%| E|CS|TAMS 0x000000061c600000, 0x000000061c600000| Complete 
| 213|0x000000061c800000, 0x000000061ca00000, 0x000000061ca00000|100%| E|CS|TAMS 0x000000061c800000, 0x000000061c800000| Complete 
| 214|0x000000061ca00000, 0x000000061cc00000, 0x000000061cc00000|100%| E|CS|TAMS 0x000000061ca00000, 0x000000061ca00000| Complete 
| 215|0x000000061cc00000, 0x000000061ce00000, 0x000000061ce00000|100%| E|CS|TAMS 0x000000061cc00000, 0x000000061cc00000| Complete 
| 216|0x000000061ce00000, 0x000000061d000000, 0x000000061d000000|100%| E|CS|TAMS 0x000000061ce00000, 0x000000061ce00000| Complete 
| 217|0x000000061d000000, 0x000000061d200000, 0x000000061d200000|100%| E|CS|TAMS 0x000000061d000000, 0x000000061d000000| Complete 
| 218|0x000000061d200000, 0x000000061d400000, 0x000000061d400000|100%| E|CS|TAMS 0x000000061d200000, 0x000000061d200000| Complete 
| 219|0x000000061d400000, 0x000000061d600000, 0x000000061d600000|100%| E|CS|TAMS 0x000000061d400000, 0x000000061d400000| Complete 
| 220|0x000000061d600000, 0x000000061d800000, 0x000000061d800000|100%| E|CS|TAMS 0x000000061d600000, 0x000000061d600000| Complete 
| 221|0x000000061d800000, 0x000000061da00000, 0x000000061da00000|100%| E|CS|TAMS 0x000000061d800000, 0x000000061d800000| Complete 
| 222|0x000000061da00000, 0x000000061dc00000, 0x000000061dc00000|100%| E|CS|TAMS 0x000000061da00000, 0x000000061da00000| Complete 
| 223|0x000000061dc00000, 0x000000061de00000, 0x000000061de00000|100%| E|CS|TAMS 0x000000061dc00000, 0x000000061dc00000| Complete 
| 224|0x000000061de00000, 0x000000061e000000, 0x000000061e000000|100%| E|CS|TAMS 0x000000061de00000, 0x000000061de00000| Complete 
| 225|0x000000061e000000, 0x000000061e200000, 0x000000061e200000|100%| E|CS|TAMS 0x000000061e000000, 0x000000061e000000| Complete 
| 226|0x000000061e200000, 0x000000061e400000, 0x000000061e400000|100%| E|CS|TAMS 0x000000061e200000, 0x000000061e200000| Complete 
| 227|0x000000061e400000, 0x000000061e600000, 0x000000061e600000|100%| E|CS|TAMS 0x000000061e400000, 0x000000061e400000| Complete 
| 228|0x000000061e600000, 0x000000061e800000, 0x000000061e800000|100%| E|CS|TAMS 0x000000061e600000, 0x000000061e600000| Complete 
| 229|0x000000061e800000, 0x000000061ea00000, 0x000000061ea00000|100%| E|CS|TAMS 0x000000061e800000, 0x000000061e800000| Complete 
| 230|0x000000061ea00000, 0x000000061ec00000, 0x000000061ec00000|100%| E|CS|TAMS 0x000000061ea00000, 0x000000061ea00000| Complete 
| 231|0x000000061ec00000, 0x000000061ee00000, 0x000000061ee00000|100%| E|CS|TAMS 0x000000061ec00000, 0x000000061ec00000| Complete 
| 232|0x000000061ee00000, 0x000000061f000000, 0x000000061f000000|100%| E|CS|TAMS 0x000000061ee00000, 0x000000061ee00000| Complete 
| 233|0x000000061f000000, 0x000000061f200000, 0x000000061f200000|100%| E|CS|TAMS 0x000000061f000000, 0x000000061f000000| Complete 
| 234|0x000000061f200000, 0x000000061f400000, 0x000000061f400000|100%| E|CS|TAMS 0x000000061f200000, 0x000000061f200000| Complete 
| 235|0x000000061f400000, 0x000000061f600000, 0x000000061f600000|100%| E|CS|TAMS 0x000000061f400000, 0x000000061f400000| Complete 
| 236|0x000000061f600000, 0x000000061f800000, 0x000000061f800000|100%| E|CS|TAMS 0x000000061f600000, 0x000000061f600000| Complete 
| 237|0x000000061f800000, 0x000000061fa00000, 0x000000061fa00000|100%| E|CS|TAMS 0x000000061f800000, 0x000000061f800000| Complete 
| 238|0x000000061fa00000, 0x000000061fc00000, 0x000000061fc00000|100%| E|CS|TAMS 0x000000061fa00000, 0x000000061fa00000| Complete 
| 239|0x000000061fc00000, 0x000000061fe00000, 0x000000061fe00000|100%| E|CS|TAMS 0x000000061fc00000, 0x000000061fc00000| Complete 
| 240|0x000000061fe00000, 0x0000000620000000, 0x0000000620000000|100%| E|CS|TAMS 0x000000061fe00000, 0x000000061fe00000| Complete 
| 241|0x0000000620000000, 0x0000000620200000, 0x0000000620200000|100%| E|CS|TAMS 0x0000000620000000, 0x0000000620000000| Complete 
| 242|0x0000000620200000, 0x000000062026e478, 0x0000000620400000| 21%| S|CS|TAMS 0x0000000620200000, 0x0000000620200000| Complete 
| 243|0x0000000620400000, 0x0000000620600000, 0x0000000620600000|100%| S|CS|TAMS 0x0000000620400000, 0x0000000620400000| Complete 
| 244|0x0000000620600000, 0x0000000620800000, 0x0000000620800000|100%| E|CS|TAMS 0x0000000620600000, 0x0000000620600000| Complete 
| 245|0x0000000620800000, 0x0000000620a00000, 0x0000000620a00000|100%| E|CS|TAMS 0x0000000620800000, 0x0000000620800000| Complete 
| 246|0x0000000620a00000, 0x0000000620c00000, 0x0000000620c00000|100%| E|CS|TAMS 0x0000000620a00000, 0x0000000620a00000| Complete 
| 247|0x0000000620c00000, 0x0000000620e00000, 0x0000000620e00000|100%| E|CS|TAMS 0x0000000620c00000, 0x0000000620c00000| Complete 
| 248|0x0000000620e00000, 0x0000000621000000, 0x0000000621000000|100%| E|CS|TAMS 0x0000000620e00000, 0x0000000620e00000| Complete 
| 249|0x0000000621000000, 0x0000000621200000, 0x0000000621200000|100%| E|CS|TAMS 0x0000000621000000, 0x0000000621000000| Complete 
| 250|0x0000000621200000, 0x0000000621400000, 0x0000000621400000|100%| E|CS|TAMS 0x0000000621200000, 0x0000000621200000| Complete 
| 251|0x0000000621400000, 0x0000000621600000, 0x0000000621600000|100%| E|CS|TAMS 0x0000000621400000, 0x0000000621400000| Complete 
| 252|0x0000000621600000, 0x0000000621800000, 0x0000000621800000|100%| E|CS|TAMS 0x0000000621600000, 0x0000000621600000| Complete 
| 253|0x0000000621800000, 0x0000000621a00000, 0x0000000621a00000|100%| E|CS|TAMS 0x0000000621800000, 0x0000000621800000| Complete 
| 254|0x0000000621a00000, 0x0000000621c00000, 0x0000000621c00000|100%| E|CS|TAMS 0x0000000621a00000, 0x0000000621a00000| Complete 
| 255|0x0000000621c00000, 0x0000000621e00000, 0x0000000621e00000|100%| E|CS|TAMS 0x0000000621c00000, 0x0000000621c00000| Complete 

Card table byte_map: [0x000002304e0e0000,0x000002304f0e0000] _byte_map_base: 0x000002304b0d1000

Marking Bits (Prev, Next): (CMBitMap*) 0x0000023034d97778, (CMBitMap*) 0x0000023034d977b0
 Prev Bits: [0x00000230500e0000, 0x0000023058068000)
 Next Bits: [0x0000023058070000, 0x000002305fff8000)

Polling page: 0x00000230332b0000

Metaspace:

Usage:
  Non-class:     11.76 MB capacity,    11.59 MB ( 99%) used,   152.52 KB (  1%) free+waste,    18.38 KB ( <1%) overhead. 
      Class:      1.09 MB capacity,     1.00 MB ( 92%) used,    82.28 KB (  7%) free+waste,     8.19 KB ( <1%) overhead. 
       Both:     12.85 MB capacity,    12.59 MB ( 98%) used,   234.80 KB (  2%) free+waste,    26.56 KB ( <1%) overhead. 

Virtual space:
  Non-class space:       12.00 MB reserved,      12.00 MB (100%) committed 
      Class space:        1.00 GB reserved,       1.13 MB ( <1%) committed 
             Both:        1.01 GB reserved,      13.13 MB (  1%) committed 

Chunk freelists:
   Non-Class:  57.00 KB
       Class:  5.00 KB
        Both:  62.00 KB

MaxMetaspaceSize: 17179869184.00 GB
CompressedClassSpaceSize: 1.00 GB
Initial GC threshold: 20.80 MB
Current GC threshold: 20.80 MB
CDS: off

CodeHeap 'non-profiled nmethods': size=120000Kb used=391Kb max_used=391Kb free=119608Kb
 bounds [0x0000023044f20000, 0x0000023045190000, 0x000002304c450000]
CodeHeap 'profiled nmethods': size=120000Kb used=1729Kb max_used=1729Kb free=118270Kb
 bounds [0x000002303d9f0000, 0x000002303dc60000, 0x0000023044f20000]
CodeHeap 'non-nmethods': size=5760Kb used=1604Kb max_used=1620Kb free=4155Kb
 bounds [0x000002303d450000, 0x000002303d6c0000, 0x000002303d9f0000]
 total_blobs=2069 nmethods=1064 adapters=918
 compilation: enabled
              stopped_count=0, restarted_count=0
 full_count=0

Compilation events (20 events):
Event: 36.450 Thread 0x0000023063785000 nmethod 1055 0x000002303db9ff10 code [0x000002303dba0100, 0x000002303dba04d8]
Event: 40.567 Thread 0x000002306377b000 1056       4       java.util.ArrayList::iterator (9 bytes)
Event: 40.568 Thread 0x000002306377b000 nmethod 1056 0x0000023044f7ac90 code [0x0000023044f7ae20, 0x0000023044f7af18]
Event: 41.217 Thread 0x000002306377b000 1057       4       java.util.PriorityQueue::add (6 bytes)
Event: 41.224 Thread 0x000002306377b000 nmethod 1057 0x0000023044f7b010 code [0x0000023044f7b1c0, 0x0000023044f7b898]
Event: 42.550 Thread 0x000002306377b000 1058       4       java.util.PriorityQueue::poll (81 bytes)
Event: 42.557 Thread 0x000002306377b000 nmethod 1058 0x0000023044f7bc10 code [0x0000023044f7bde0, 0x0000023044f7c518]
Event: 48.067 Thread 0x000002306377b000 1059       4       game.object.Entity.tank.Tank::update (9 bytes)
Event: 48.068 Thread 0x000002306377b000 nmethod 1059 0x0000023044f7ca10 code [0x0000023044f7cbc0, 0x0000023044f7cc88]
Event: 56.601 Thread 0x000002306377b000 1060       4       game.object.Entity.tank.Tank::Movement (434 bytes)
Event: 56.606 Thread 0x000002306377b000 nmethod 1060 0x0000023044f7cd90 code [0x0000023044f7cfc0, 0x0000023044f7d738]
Event: 56.606 Thread 0x000002306377b000 1061       4       game.object.Entity.tank.Tank::render (140 bytes)
Event: 56.613 Thread 0x000002306377b000 nmethod 1061 0x0000023044f7db10 code [0x0000023044f7dd80, 0x0000023044f7e6c8]
Event: 56.613 Thread 0x000002306377b000 1062       4       game.object.Entity.tank.Field::render (151 bytes)
Event: 56.615 Thread 0x000002306377b000 nmethod 1062 0x0000023044f7ec10 code [0x0000023044f7ee00, 0x0000023044f7f148]
Event: 59.767 Thread 0x000002306377b000 1063       4       game.object.GameObject::getPosition (42 bytes)
Event: 59.768 Thread 0x000002306377b000 nmethod 1063 0x0000023044f7f390 code [0x0000023044f7f560, 0x0000023044f7f698]
Event: 59.801 Thread 0x000002306377b000 1064       4       game.level.Scene::Render (88 bytes)
Event: 59.835 Thread 0x000002306377b000 nmethod 1064 0x0000023044f7f790 code [0x0000023044f7faa0, 0x0000023044f80ce8]
Event: 61.651 Thread 0x0000023063785000 1065 %     3       auxiliar.PathFinding.AStar::FindPath @ 249 (508 bytes)

GC Heap History (2 events):
Event: 3.149 GC heap before
{Heap before GC invocations=0 (full 0):
 garbage-first heap   total 524288K, used 22528K [0x0000000601e00000, 0x0000000800000000)
  region size 2048K, 12 young (24576K), 0 survivors (0K)
 Metaspace       used 12817K, capacity 13090K, committed 13184K, reserved 1060864K
  class space    used 1021K, capacity 1115K, committed 1152K, reserved 1048576K
}
Event: 3.153 GC heap after
{Heap after GC invocations=1 (full 0):
 garbage-first heap   total 524288K, used 2489K [0x0000000601e00000, 0x0000000800000000)
  region size 2048K, 2 young (4096K), 2 survivors (4096K)
 Metaspace       used 12817K, capacity 13090K, committed 13184K, reserved 1060864K
  class space    used 1021K, capacity 1115K, committed 1152K, reserved 1048576K
}

Deoptimization events (20 events):
Event: 0.254 Thread 0x0000023034d0c800 DEOPT PACKING pc=0x0000023044f38600 sp=0x000000dbba8fba00
Event: 0.254 Thread 0x0000023034d0c800 DEOPT UNPACKING pc=0x000002303d49a1af sp=0x000000dbba8fb988 mode 2
Event: 0.614 Thread 0x0000023034d0c800 Uncommon trap: trap_request=0xffffff5c fr.pc=0x0000023044f46380 relative=0x0000000000000060
Event: 0.614 Thread 0x0000023034d0c800 Uncommon trap: reason=speculate_null_assert action=make_not_entrant pc=0x0000023044f46380 method=sun.misc.Unsafe.putLong(Ljava/lang/Object;JJ)V @ 7 c2
Event: 0.614 Thread 0x0000023034d0c800 DEOPT PACKING pc=0x0000023044f46380 sp=0x000000dbba8febb0
Event: 0.614 Thread 0x0000023034d0c800 DEOPT UNPACKING pc=0x000002303d49a1af sp=0x000000dbba8feb28 mode 2
Event: 0.708 Thread 0x0000023034d0c800 Uncommon trap: trap_request=0xffffff5c fr.pc=0x0000023044f48478 relative=0x0000000000000058
Event: 0.708 Thread 0x0000023034d0c800 Uncommon trap: reason=speculate_null_assert action=make_not_entrant pc=0x0000023044f48478 method=sun.misc.Unsafe.getLong(Ljava/lang/Object;J)J @ 5 c2
Event: 0.708 Thread 0x0000023034d0c800 DEOPT PACKING pc=0x0000023044f48478 sp=0x000000dbba8fed60
Event: 0.708 Thread 0x0000023034d0c800 DEOPT UNPACKING pc=0x000002303d49a1af sp=0x000000dbba8fece8 mode 2
Event: 0.738 Thread 0x0000023034d0c800 DEOPT PACKING pc=0x000002303da255ff sp=0x000000dbba8fd060
Event: 0.738 Thread 0x0000023034d0c800 DEOPT UNPACKING pc=0x000002303d49a95e sp=0x000000dbba8fc4d8 mode 0
Event: 1.268 Thread 0x0000023034d0c800 DEOPT PACKING pc=0x000002303db57e4e sp=0x000000dbba8fe910
Event: 1.268 Thread 0x0000023034d0c800 DEOPT UNPACKING pc=0x000002303d49a95e sp=0x000000dbba8fde18 mode 0
Event: 1.272 Thread 0x0000023034d0c800 Uncommon trap: trap_request=0xffffff4d fr.pc=0x0000023044f680cc relative=0x000000000000076c
Event: 1.272 Thread 0x0000023034d0c800 Uncommon trap: reason=unstable_if action=reinterpret pc=0x0000023044f680cc method=org.sqlite.SQLiteJDBCLoader.contentsEquals(Ljava/io/InputStream;Ljava/io/InputStream;)Z @ 39 c2
Event: 1.272 Thread 0x0000023034d0c800 DEOPT PACKING pc=0x0000023044f680cc sp=0x000000dbba8fe940
Event: 1.272 Thread 0x0000023034d0c800 DEOPT UNPACKING pc=0x000002303d49a1af sp=0x000000dbba8fe918 mode 2
Event: 3.216 Thread 0x0000023034d0c800 DEOPT PACKING pc=0x000002303db78f6b sp=0x000000dbba8fee80
Event: 3.216 Thread 0x0000023034d0c800 DEOPT UNPACKING pc=0x000002303d49a95e sp=0x000000dbba8fe388 mode 0

Classes redefined (0 events):
No events

Internal exceptions (20 events):
Event: 0.286 Thread 0x0000023034d0c800 Exception <a 'java/security/PrivilegedActionException'{0x0000000621927788}> (0x0000000621927788) thrown at [./src/hotspot/share/prims/jvm.cpp, line 1306]
Event: 0.286 Thread 0x0000023034d0c800 Exception <a 'java/security/PrivilegedActionException'{0x0000000621927a58}> (0x0000000621927a58) thrown at [./src/hotspot/share/prims/jvm.cpp, line 1306]
Event: 0.286 Thread 0x0000023034d0c800 Exception <a 'java/security/PrivilegedActionException'{0x0000000621929898}> (0x0000000621929898) thrown at [./src/hotspot/share/prims/jvm.cpp, line 1306]
Event: 0.286 Thread 0x0000023034d0c800 Exception <a 'java/security/PrivilegedActionException'{0x0000000621929b68}> (0x0000000621929b68) thrown at [./src/hotspot/share/prims/jvm.cpp, line 1306]
Event: 0.286 Thread 0x0000023034d0c800 Exception <a 'java/security/PrivilegedActionException'{0x000000062192b9a8}> (0x000000062192b9a8) thrown at [./src/hotspot/share/prims/jvm.cpp, line 1306]
Event: 0.286 Thread 0x0000023034d0c800 Exception <a 'java/security/PrivilegedActionException'{0x000000062192bc78}> (0x000000062192bc78) thrown at [./src/hotspot/share/prims/jvm.cpp, line 1306]
Event: 0.286 Thread 0x0000023034d0c800 Exception <a 'java/security/PrivilegedActionException'{0x000000062192da68}> (0x000000062192da68) thrown at [./src/hotspot/share/prims/jvm.cpp, line 1306]
Event: 0.286 Thread 0x0000023034d0c800 Exception <a 'java/security/PrivilegedActionException'{0x000000062192dd38}> (0x000000062192dd38) thrown at [./src/hotspot/share/prims/jvm.cpp, line 1306]
Event: 0.307 Thread 0x0000023034d0c800 Exception <a 'sun/nio/fs/WindowsException'{0x0000000621635b68}> (0x0000000621635b68) thrown at [./src/hotspot/share/prims/jni.cpp, line 616]
Event: 0.307 Thread 0x0000023034d0c800 Exception <a 'sun/nio/fs/WindowsException'{0x0000000621635ec8}> (0x0000000621635ec8) thrown at [./src/hotspot/share/prims/jni.cpp, line 616]
Event: 0.560 Thread 0x0000023034d0c800 Exception <a 'sun/nio/fs/WindowsException'{0x00000006216e8330}> (0x00000006216e8330) thrown at [./src/hotspot/share/prims/jni.cpp, line 616]
Event: 0.560 Thread 0x0000023034d0c800 Exception <a 'sun/nio/fs/WindowsException'{0x00000006216e86d8}> (0x00000006216e86d8) thrown at [./src/hotspot/share/prims/jni.cpp, line 616]
Event: 0.564 Thread 0x0000023034d0c800 Exception <a 'sun/nio/fs/WindowsException'{0x0000000621700440}> (0x0000000621700440) thrown at [./src/hotspot/share/prims/jni.cpp, line 616]
Event: 0.564 Thread 0x0000023034d0c800 Exception <a 'sun/nio/fs/WindowsException'{0x0000000621700720}> (0x0000000621700720) thrown at [./src/hotspot/share/prims/jni.cpp, line 616]
Event: 0.663 Thread 0x0000023034d0c800 Exception <a 'java/lang/NoSuchMethodError'{0x00000006217f7cb8}: 'void java.lang.invoke.DirectMethodHandle$Holder.invokeStaticInit(java.lang.Object, long, int, int, int, int)'> (0x00000006217f7cb8) thrown at [./src/hotspot/share/interpreter/linkResolver.cpp, line 773]
Event: 0.667 Thread 0x0000023034d0c800 Exception <a 'java/lang/NoSuchMethodError'{0x0000000621408288}: 'void java.lang.invoke.DirectMethodHandle$Holder.invokeStatic(java.lang.Object, long, int, int)'> (0x0000000621408288) thrown at [./src/hotspot/share/interpreter/linkResolver.cpp, line 773]
Event: 0.743 Thread 0x0000023034d0c800 Exception <a 'sun/nio/fs/WindowsException'{0x00000006215abd50}> (0x00000006215abd50) thrown at [./src/hotspot/share/prims/jni.cpp, line 616]
Event: 0.743 Thread 0x0000023034d0c800 Exception <a 'sun/nio/fs/WindowsException'{0x00000006215ac0d0}> (0x00000006215ac0d0) thrown at [./src/hotspot/share/prims/jni.cpp, line 616]
Event: 0.947 Thread 0x0000023034d0c800 Exception <a 'java/lang/NoSuchMethodError'{0x0000000620ec2ef8}: 'java.lang.Object java.lang.invoke.DirectMethodHandle$Holder.invokeStaticInit(java.lang.Object, int, int, int, int)'> (0x0000000620ec2ef8) thrown at [./src/hotspot/share/interpreter/linkResolver.cpp, line 773]
Event: 1.220 Thread 0x0000023034d0c800 Exception <a 'java/lang/NoSuchMethodError'{0x0000000620f7b980}: 'java.lang.Object java.lang.invoke.DirectMethodHandle$Holder.invokeStaticInit(java.lang.Object, java.lang.Object, int, int, int, int)'> (0x0000000620f7b980) thrown at [./src/hotspot/share/interpreter/linkResolver.cpp, line 773]

Events (20 events):
Event: 3.162 Executing VM operation: RevokeBias done
Event: 3.162 Executing VM operation: RevokeBias
Event: 3.162 Executing VM operation: RevokeBias done
Event: 3.162 Executing VM operation: RevokeBias
Event: 3.162 Executing VM operation: RevokeBias done
Event: 3.163 Executing VM operation: RevokeBias
Event: 3.163 Executing VM operation: RevokeBias done
Event: 3.420 Loaded shared library C:\Users\bqrry\AppData\Local\Temp\lwjglBqrry\3.3.1-build-7\lwjgl_opengl.dll
Event: 3.426 Loaded shared library C:\Users\bqrry\AppData\Local\Temp\lwjglBqrry\3.3.1-build-7\lwjgl_opengl.dll
Event: 4.584 Loaded shared library C:\Users\bqrry\.jdks\corretto-11.0.14.1\bin\java.dll
Event: 5.503 Loaded shared library C:\Users\bqrry\AppData\Local\Temp\lwjglBqrry\3.3.1-build-7\lwjgl_opengl.dll
Event: 5.520 Loaded shared library C:\Users\bqrry\AppData\Local\Temp\lwjglBqrry\3.3.1-build-7\lwjgl_opengl.dll
Event: 5.525 Loaded shared library C:\Users\bqrry\AppData\Local\Temp\lwjglBqrry\3.3.1-build-7\lwjgl.dll
Event: 5.527 Loaded shared library C:\Users\bqrry\AppData\Local\Temp\lwjglBqrry\3.3.1-build-7\lwjgl.dll
Event: 5.554 Loaded shared library C:\Users\bqrry\AppData\Local\Temp\lwjglBqrry\3.3.1-build-7\lwjgl_opengl.dll
Event: 7.670 Loaded shared library C:\Users\bqrry\AppData\Local\Temp\lwjglBqrry\3.3.1-build-7\lwjgl_opengl.dll
Event: 7.676 Loaded shared library C:\Users\bqrry\AppData\Local\Temp\lwjglBqrry\3.3.1-build-7\lwjgl_opengl.dll
Event: 7.680 Loaded shared library C:\Users\bqrry\AppData\Local\Temp\lwjglBqrry\3.3.1-build-7\lwjgl.dll
Event: 7.688 Loaded shared library C:\Users\bqrry\AppData\Local\Temp\lwjglBqrry\3.3.1-build-7\lwjgl_opengl.dll
Event: 9.806 Loaded shared library C:\Users\bqrry\AppData\Local\Temp\lwjglBqrry\3.3.1-build-7\lwjgl_opengl.dll


Dynamic libraries:
0x00007ff697470000 - 0x00007ff69747d000 	C:\Users\bqrry\.jdks\corretto-11.0.14.1\bin\java.exe
0x00007ffb44b30000 - 0x00007ffb44d25000 	C:\Windows\SYSTEM32\ntdll.dll
0x00007ffb43a30000 - 0x00007ffb43aed000 	C:\Windows\System32\KERNEL32.DLL
0x00007ffb427a0000 - 0x00007ffb42a6d000 	C:\Windows\System32\KERNELBASE.dll
0x00007ffb42670000 - 0x00007ffb42770000 	C:\Windows\System32\ucrtbase.dll
0x00007ffb3aaf0000 - 0x00007ffb3ab07000 	C:\Users\bqrry\.jdks\corretto-11.0.14.1\bin\jli.dll
0x00007ffb39e70000 - 0x00007ffb39e89000 	C:\Users\bqrry\.jdks\corretto-11.0.14.1\bin\VCRUNTIME140.dll
0x00007ffb431d0000 - 0x00007ffb43370000 	C:\Windows\System32\USER32.dll
0x00007ffb29110000 - 0x00007ffb293aa000 	C:\Windows\WinSxS\amd64_microsoft.windows.common-controls_6595b64144ccf1df_6.0.19041.1110_none_60b5254171f9507e\COMCTL32.dll
0x00007ffb42b50000 - 0x00007ffb42b72000 	C:\Windows\System32\win32u.dll
0x00007ffb44150000 - 0x00007ffb441ee000 	C:\Windows\System32\msvcrt.dll
0x00007ffb42d80000 - 0x00007ffb42daa000 	C:\Windows\System32\GDI32.dll
0x00007ffb42360000 - 0x00007ffb4246b000 	C:\Windows\System32\gdi32full.dll
0x00007ffb425d0000 - 0x00007ffb4266d000 	C:\Windows\System32\msvcp_win.dll
0x00007ffb435f0000 - 0x00007ffb43620000 	C:\Windows\System32\IMM32.DLL
0x00007ffb1dcc0000 - 0x00007ffb1dd5b000 	C:\Users\bqrry\.jdks\corretto-11.0.14.1\bin\msvcp140.dll
0x00007ffafabd0000 - 0x00007ffafb753000 	C:\Users\bqrry\.jdks\corretto-11.0.14.1\bin\server\jvm.dll
0x00007ffb43850000 - 0x00007ffb438fe000 	C:\Windows\System32\ADVAPI32.dll
0x00007ffb43af0000 - 0x00007ffb43b8c000 	C:\Windows\System32\sechost.dll
0x00007ffb43900000 - 0x00007ffb43a25000 	C:\Windows\System32\RPCRT4.dll
0x00007ffb43b90000 - 0x00007ffb43b98000 	C:\Windows\System32\PSAPI.DLL
0x00007ffb38dc0000 - 0x00007ffb38de7000 	C:\Windows\SYSTEM32\WINMM.dll
0x00007ffb3d910000 - 0x00007ffb3d919000 	C:\Windows\SYSTEM32\WSOCK32.dll
0x00007ffb3b420000 - 0x00007ffb3b42a000 	C:\Windows\SYSTEM32\VERSION.dll
0x00007ffb43710000 - 0x00007ffb4377b000 	C:\Windows\System32\WS2_32.dll
0x00007ffb40a90000 - 0x00007ffb40aa2000 	C:\Windows\SYSTEM32\kernel.appcore.dll
0x00007ffb2b610000 - 0x00007ffb2b620000 	C:\Users\bqrry\.jdks\corretto-11.0.14.1\bin\verify.dll
0x00007ffb3ff60000 - 0x00007ffb40144000 	C:\Windows\SYSTEM32\DBGHELP.DLL
0x00007ffb32410000 - 0x00007ffb3243c000 	C:\Windows\SYSTEM32\dbgcore.DLL
0x00007ffb42a70000 - 0x00007ffb42af2000 	C:\Windows\System32\bcryptPrimitives.dll
0x00007ffb1fa00000 - 0x00007ffb1fa28000 	C:\Users\bqrry\.jdks\corretto-11.0.14.1\bin\java.dll
0x00007ffb2b600000 - 0x00007ffb2b60a000 	C:\Users\bqrry\.jdks\corretto-11.0.14.1\bin\jimage.dll
0x00007ffb2b520000 - 0x00007ffb2b538000 	C:\Users\bqrry\.jdks\corretto-11.0.14.1\bin\zip.dll
0x00007ffb443a0000 - 0x00007ffb44ae4000 	C:\Windows\System32\SHELL32.dll
0x00007ffb402e0000 - 0x00007ffb40a74000 	C:\Windows\SYSTEM32\windows.storage.dll
0x00007ffb42e70000 - 0x00007ffb431c4000 	C:\Windows\System32\combase.dll
0x00007ffb41bc0000 - 0x00007ffb41bec000 	C:\Windows\SYSTEM32\Wldp.dll
0x00007ffb43420000 - 0x00007ffb434cd000 	C:\Windows\System32\SHCORE.dll
0x00007ffb42d20000 - 0x00007ffb42d75000 	C:\Windows\System32\shlwapi.dll
0x00007ffb42180000 - 0x00007ffb4219f000 	C:\Windows\SYSTEM32\profapi.dll
0x00007ffb2b4c0000 - 0x00007ffb2b4d9000 	C:\Users\bqrry\.jdks\corretto-11.0.14.1\bin\net.dll
0x00007ffb39e90000 - 0x00007ffb39f9a000 	C:\Windows\SYSTEM32\WINHTTP.dll
0x00007ffb419a0000 - 0x00007ffb41a0a000 	C:\Windows\system32\mswsock.dll
0x00007ffb1ea10000 - 0x00007ffb1ea23000 	C:\Users\bqrry\.jdks\corretto-11.0.14.1\bin\nio.dll
0x00007ffaff820000 - 0x00007ffaff895000 	C:\Users\bqrry\AppData\Local\Temp\lwjglBqrry\3.3.1-build-7\lwjgl.dll
0x00007ffaff7b0000 - 0x00007ffaff811000 	C:\Users\bqrry\AppData\Local\Temp\lwjglBqrry\3.3.1-build-7\glfw.dll
0x00007ffaff760000 - 0x00007ffaff7a5000 	C:\Windows\SYSTEM32\dinput8.dll
0x00007ffb1e310000 - 0x00007ffb1e321000 	C:\Windows\SYSTEM32\xinput1_4.dll
0x00007ffb42b00000 - 0x00007ffb42b4e000 	C:\Windows\System32\cfgmgr32.dll
0x00007ffb41ff0000 - 0x00007ffb4201c000 	C:\Windows\SYSTEM32\DEVOBJ.dll
0x00007ffb3f9d0000 - 0x00007ffb3f9ff000 	C:\Windows\SYSTEM32\dwmapi.dll
0x00007ffb20060000 - 0x00007ffb201b2000 	C:\Windows\SYSTEM32\inputhost.dll
0x00007ffb43780000 - 0x00007ffb4384d000 	C:\Windows\System32\OLEAUT32.dll
0x00007ffb3dce0000 - 0x00007ffb3de34000 	C:\Windows\SYSTEM32\wintypes.dll
0x00007ffb3d970000 - 0x00007ffb3da66000 	C:\Windows\SYSTEM32\PROPSYS.dll
0x00007ffb3f3e0000 - 0x00007ffb3f4d2000 	C:\Windows\SYSTEM32\CoreMessaging.dll
0x00007ffb3f080000 - 0x00007ffb3f3de000 	C:\Windows\SYSTEM32\CoreUIComponents.dll
0x00007ffb40f00000 - 0x00007ffb40f33000 	C:\Windows\SYSTEM32\ntmarta.dll
0x00007ffb3f7e0000 - 0x00007ffb3f87e000 	C:\Windows\system32\uxtheme.dll
0x00007ffb42c00000 - 0x00007ffb42d15000 	C:\Windows\System32\MSCTF.dll
0x00007ffb1b460000 - 0x00007ffb1b586000 	C:\Windows\SYSTEM32\opengl32.dll
0x00007ffb1c710000 - 0x00007ffb1c73c000 	C:\Windows\SYSTEM32\GLU32.dll
0x00007ffb43540000 - 0x00007ffb435e9000 	C:\Windows\System32\clbcatq.dll
0x00007ffaf9c00000 - 0x00007ffafabca000 	C:\Windows\System32\DriverStore\FileRepository\iigd_dch.inf_amd64_5d54dd32fa1ef4d4\ig9icd64.dll
0x00007ffb43ba0000 - 0x00007ffb43cca000 	C:\Windows\System32\ole32.dll
0x00007ffb40b00000 - 0x00007ffb40bf3000 	C:\Windows\system32\dxgi.dll
0x00007ffb32110000 - 0x00007ffb3234f000 	C:\Windows\System32\DriverStore\FileRepository\iigd_dch.inf_amd64_5d54dd32fa1ef4d4\igdgmm64.dll
0x00007ffb2f490000 - 0x00007ffb32059000 	C:\Windows\System32\DriverStore\FileRepository\iigd_dch.inf_amd64_5d54dd32fa1ef4d4\igc64.dll
0x00007ffb417d0000 - 0x00007ffb4181b000 	C:\Windows\SYSTEM32\powrprof.dll
0x00007ffb41640000 - 0x00007ffb41652000 	C:\Windows\SYSTEM32\UMPDC.dll
0x00007ffaf97f0000 - 0x00007ffaf9bfc000 	C:\Windows\System32\DriverStore\FileRepository\iigd_dch.inf_amd64_5d54dd32fa1ef4d4\igdml64.dll
0x00007ffb22450000 - 0x00007ffb22549000 	C:\Windows\SYSTEM32\textinputframework.dll
0x00007ffafe9b0000 - 0x00007ffafea0d000 	C:\Users\bqrry\AppData\Local\Temp\lwjglBqrry\3.3.1-build-7\lwjgl_opengl.dll
0x00007ffafe7f0000 - 0x00007ffafe871000 	C:\Users\bqrry\AppData\Local\Temp\lwjglBqrry\3.3.1-build-7\lwjgl_stb.dll
0x00007ffb41c00000 - 0x00007ffb41c18000 	C:\Windows\SYSTEM32\CRYPTSP.dll
0x00007ffb412d0000 - 0x00007ffb41304000 	C:\Windows\system32\rsaenh.dll
0x00007ffb42770000 - 0x00007ffb42797000 	C:\Windows\System32\bcrypt.dll
0x00007ffb42140000 - 0x00007ffb4216e000 	C:\Windows\SYSTEM32\USERENV.dll
0x00007ffb41b30000 - 0x00007ffb41b3c000 	C:\Windows\SYSTEM32\CRYPTBASE.dll
0x00007ffb41660000 - 0x00007ffb4169b000 	C:\Windows\SYSTEM32\IPHLPAPI.DLL
0x00007ffb43530000 - 0x00007ffb43538000 	C:\Windows\System32\NSI.dll
0x00007ffb3aff0000 - 0x00007ffb3b007000 	C:\Windows\SYSTEM32\dhcpcsvc6.DLL
0x00007ffb3afd0000 - 0x00007ffb3afed000 	C:\Windows\SYSTEM32\dhcpcsvc.DLL
0x00007ffb416a0000 - 0x00007ffb4176b000 	C:\Windows\SYSTEM32\DNSAPI.dll
0x000000006d580000 - 0x000000006d63d000 	C:\Users\bqrry\AppData\Local\Temp\sqlite-3.8.11.2-c48f34f5-8409-40d9-adaa-67053ec44550-sqlitejdbc.dll

dbghelp: loaded successfully - version: 4.0.5 - missing functions: none
symbol engine: initialized successfully - sym options: 0x614 - pdb path: .;C:\Users\bqrry\.jdks\corretto-11.0.14.1\bin;C:\Windows\SYSTEM32;C:\Windows\WinSxS\amd64_microsoft.windows.common-controls_6595b64144ccf1df_6.0.19041.1110_none_60b5254171f9507e;C:\Users\bqrry\.jdks\corretto-11.0.14.1\bin\server;C:\Users\bqrry\AppData\Local\Temp\lwjglBqrry\3.3.1-build-7;C:\Windows\System32\DriverStore\FileRepository\iigd_dch.inf_amd64_5d54dd32fa1ef4d4;C:\Users\bqrry\AppData\Local\Temp

VM Arguments:
jvm_args: -Dfile.encoding=windows-1252 -Duser.country=US -Duser.language=en -Duser.variant 
java_command: Main
java_class_path (initial): C:\Users\bqrry\Desktop\trash stuff\STUDY\PAOO\PAOO_Project\build\classes\java\main;C:\Users\bqrry\Desktop\trash stuff\STUDY\PAOO\PAOO_Project\build\resources\main;C:\Users\bqrry\.gradle\caches\modules-2\files-2.1\org.lwjgl\lwjgl-assimp\3.3.1\312072f451794f25670aebb0160ce6ec88aff842\lwjgl-assimp-3.3.1.jar;C:\Users\bqrry\.gradle\caches\modules-2\files-2.1\org.lwjgl\lwjgl-assimp\3.3.1\bfa2a0d57acbf952b716d0ad8a3acbd7ad9f5639\lwjgl-assimp-3.3.1-natives-windows.jar;C:\Users\bqrry\.gradle\caches\modules-2\files-2.1\org.lwjgl\lwjgl-glfw\3.3.1\cbac1b8d30cb4795149c1ef540f912671a8616d0\lwjgl-glfw-3.3.1.jar;C:\Users\bqrry\.gradle\caches\modules-2\files-2.1\org.lwjgl\lwjgl-glfw\3.3.1\ed892f945cf7e79c8756796f32d00fa4ceaf573b\lwjgl-glfw-3.3.1-natives-windows.jar;C:\Users\bqrry\.gradle\caches\modules-2\files-2.1\org.lwjgl\lwjgl-nfd\3.3.1\622318116996ddcff449b46cb38f0fdee39b8ac3\lwjgl-nfd-3.3.1.jar;C:\Users\bqrry\.gradle\caches\modules-2\files-2.1\org.lwjgl\lwjgl-nfd\3.3.1\869fe532a50455e8b2d924f498bfb95f80b41aed\lwjgl-nfd-3.3.1-natives-windows.jar;C:\Users\bqrry\.gradle\caches\modules-2\files-2.1\org.lwjgl\lwjgl-openal\3.3.1\2623a6b8ae1dfcd880738656a9f0243d2e6840bd\lwjgl-openal-3.3.1.jar;C:\Users\bqrry\.gradle\caches\modules-2\files-2.1\org.lwjgl\lwjgl-openal\3.3.1\30a474d0e57193d7bc128849a3ab66bc9316fdb1\lwjgl-openal-3.3.1-natives-windows.jar;C:\Users\bqrry\.gradle\caches\modules-2\files-2.1\org.lwjgl\lwjgl-opengl\3.3.1\831a5533a21a5f4f81bbc51bb13e9899319b5411\lwjgl-opengl-3.3.1.jar;C:\Users\bqrry\.gradle\caches\modules-2\files-2.1\org.lwjgl\lwjgl-opengl\3.3.1\c1807e9bd571402787d7e37e3029776ae2513bb8\lwjgl-opengl-3.3.1-natives-windows.jar;C:\Users\bqrry\.gradle\caches\modules-2\files-2.1\org.lwjgl\lwjgl-stb\3.3.1\b119297cf8ed01f247abe8685857f8e7fcf5980f\lwjgl-stb-3.3.1.jar;C:\Users\bqrry\.gradle\caches\modules-2\files-2.1\org.lwjgl\lwjgl-stb\3.3.1\86315914ac119efdb02dc9e8e978ade84f1702af\lwjgl-stb-3.3.1-natives-windows.jar;C:\Users\bqrry\.gradle\cache
Launcher Type: SUN_STANDARD

[Global flags]
     intx CICompilerCount                          = 4                                         {product} {ergonomic}
     uint ConcGCThreads                            = 3                                         {product} {ergonomic}
     uint G1ConcRefinementThreads                  = 10                                        {product} {ergonomic}
   size_t G1HeapRegionSize                         = 2097152                                   {product} {ergonomic}
    uintx GCDrainStackTargetSize                   = 64                                        {product} {ergonomic}
   size_t InitialHeapSize                          = 536870912                                 {product} {ergonomic}
   size_t MarkStackSize                            = 4194304                                   {product} {ergonomic}
   size_t MaxHeapSize                              = 8558477312                                {product} {ergonomic}
   size_t MaxNewSize                               = 5133828096                                {product} {ergonomic}
   size_t MinHeapDeltaBytes                        = 2097152                                   {product} {ergonomic}
    uintx NonNMethodCodeHeapSize                   = 5836300                                {pd product} {ergonomic}
    uintx NonProfiledCodeHeapSize                  = 122910970                              {pd product} {ergonomic}
    uintx ProfiledCodeHeapSize                     = 122910970                              {pd product} {ergonomic}
    uintx ReservedCodeCacheSize                    = 251658240                              {pd product} {ergonomic}
     bool SegmentedCodeCache                       = true                                      {product} {ergonomic}
     bool UseCompressedClassPointers               = true                                 {lp64_product} {ergonomic}
     bool UseCompressedOops                        = true                                 {lp64_product} {ergonomic}
     bool UseG1GC                                  = true                                      {product} {ergonomic}
     bool UseLargePagesIndividualAllocation        = false                                  {pd product} {ergonomic}

Logging:
Log output configuration:
 #0: stdout all=warning uptime,level,tags
 #1: stderr all=off uptime,level,tags

Environment Variables:
PATH=C:\Program Files (x86)\Common Files\Oracle\Java\javapath;C:\Program Files (x86)\VMware\VMware Workstation\bin\;C:\Windows\system32;C:\Windows;C:\Windows\System32\Wbem;C:\Windows\System32\WindowsPowerShell\v1.0\;C:\Windows\System32\OpenSSH\;C:\Program Files\NVIDIA Corporation\NVIDIA NvDLISR;C:\Program Files\Microsoft SQL Server\150\Tools\Binn\;C:\Program Files\dotnet\;C:\Program Files\Git\cmd;C:\Users\bqrry\AppData\Local\Microsoft\WindowsApps;C:\Users\bqrry\.dotnet\tools;C:\Program Files\JetBrains\IntelliJ IDEA Community Edition 2021.3.2\bin;
USERNAME=Bqrry
OS=Windows_NT
PROCESSOR_IDENTIFIER=Intel64 Family 6 Model 158 Stepping 10, GenuineIntel



---------------  S Y S T E M  ---------------

OS: Windows 10 , 64 bit Build 19041 (10.0.19041.1706)
OS uptime: 0 days 13:44 hours
Hyper-V role detected

CPU:total 12 (initial active 12) (6 cores per cpu, 2 threads per core) family 6 model 158 stepping 10 microcode 0xea, cmov, cx8, fxsr, mmx, sse, sse2, sse3, ssse3, sse4.1, sse4.2, popcnt, avx, avx2, aes, clmul, erms, 3dnowpref, lzcnt, ht, tsc, tscinvbit, bmi1, bmi2, adx, fma

Memory: 4k page, system-wide physical 32647M (21870M free)
TotalPageFile size 37511M (AvailPageFile size 25152M)
current process WorkingSet (physical memory assigned to process): 229M, peak: 232M
current process commit charge ("private bytes"): 653M, peak: 664M

vm_info: OpenJDK 64-Bit Server VM (11.0.14.1+10-LTS) for windows-amd64 JRE (11.0.14.1+10-LTS), built on Feb  8 2022 00:13:20 by "Administrator" with unknown MS VC++:1916

END.
