#
# A fatal error has been detected by the Java Runtime Environment:
#
#  EXCEPTION_ACCESS_VIOLATION (0xc0000005) at pc=0x00007ffcdd1bfacd, pid=12504, tid=9396
#
# JRE version: OpenJDK Runtime Environment Corretto-11.0.14.10.1 (11.0.14.1+10) (build 11.0.14.1+10-LTS)
# Java VM: OpenJDK 64-Bit Server VM Corretto-11.0.14.10.1 (11.0.14.1+10-LTS, mixed mode, tiered, compressed oops, g1 gc, windows-amd64)
# Problematic frame:
# C  [lwjgl_opengl.dll+0xfacd]
#
# No core dump will be written. Minidumps are not enabled by default on client versions of Windows
#
# If you would like to submit a bug report, please visit:
#   https://github.com/corretto/corretto-11/issues/
# The crash happened outside the Java Virtual Machine in native code.
# See problematic frame for where to report the bug.
#

---------------  S U M M A R Y ------------

Command Line: -Dfile.encoding=windows-1252 -Duser.country=US -Duser.language=en -Duser.variant Main

Host: Intel(R) Core(TM) i7-9750H CPU @ 2.60GHz, 12 cores, 31G,  Windows 10 , 64 bit Build 19041 (10.0.19041.1566)
Time: Thu Mar 24 21:38:30 2022 GTB Standard Time elapsed time: 0.436264 seconds (0d 0h 0m 0s)

---------------  T H R E A D  ---------------

Current thread (0x000002377579a000):  JavaThread "main" [_thread_in_native, id=9396, stack(0x0000009593500000,0x0000009593600000)]

Stack: [0x0000009593500000,0x0000009593600000],  sp=0x00000095935ff2f8,  free space=1020k
Native frames: (J=compiled Java code, j=interpreted, Vv=VM code, C=native code)
C  [lwjgl_opengl.dll+0xfacd]

Java frames: (J=compiled Java code, j=interpreted, Vv=VM code)
j  org.lwjgl.opengl.GL30C.nglGenVertexArrays(IJ)V+0
j  org.lwjgl.opengl.GL30C.glGenVertexArrays()I+20
j  org.lwjgl.opengl.GL30.glGenVertexArrays()I+0
j  renderer.Mesh.<init>([F[I)V+5
j  game.level.Scene.<init>()V+161
j  game.Game.<init>(IILjava/lang/String;)V+9
j  Main.main([Ljava/lang/String;)V+12
v  ~StubRoutines::call_stub

siginfo: EXCEPTION_ACCESS_VIOLATION (0xc0000005), reading address 0x00000000000013c8


Register to memory mapping:

RIP=0x00007ffcdd1bfacd lwjgl_opengl.dll
RAX=0x0000023726194dd0 points into unknown readable memory: 0x0000000000000000 | 00 00 00 00 00 00 00 00
RBX={method} {0x000002372588a100} 'nglGenVertexArrays' '(IJ)V' in 'org/lwjgl/opengl/GL30C'
RCX=0x0000000000000001 is an unknown value
RDX=0x0000023726194dbc points into unknown readable memory: 00 00 00 00
RSP=0x00000095935ff2f8 is pointing into the stack for thread: 0x000002377579a000
RBP=0x00000095935ff388 is pointing into the stack for thread: 0x000002377579a000
RSI=0x00000237258572b0 is pointing into metadata
RDI=0x000002370000a010 is at code_begin+1040 in an Interpreter codelet
invoke return entry points  [0x0000023700009c00, 0x000002370000a600]  2560 bytes
R8 =0x0000000000000001 is an unknown value
R9 =0x0000023726194dbc points into unknown readable memory: 00 00 00 00
R10=0x0 is NULL
R11=0x000000062176d368 is an oop: java.lang.Class 
{0x000000062176d368} - klass: 'java/lang/Class'
R12=0x0 is NULL
R13={method} {0x000002372588a100} 'nglGenVertexArrays' '(IJ)V' in 'org/lwjgl/opengl/GL30C'
R14=0x00000095935ff3b8 is pointing into the stack for thread: 0x000002377579a000
R15=0x000002377579a000 is a thread


Registers:
RAX=0x0000023726194dd0, RBX=0x000002372588a0f8, RCX=0x0000000000000001, RDX=0x0000023726194dbc
RSP=0x00000095935ff2f8, RBP=0x00000095935ff388, RSI=0x00000237258572b0, RDI=0x000002370000a010
R8 =0x0000000000000001, R9 =0x0000023726194dbc, R10=0x0000000000000000, R11=0x000000062176d368
R12=0x0000000000000000, R13=0x000002372588a0f8, R14=0x00000095935ff3b8, R15=0x000002377579a000
RIP=0x00007ffcdd1bfacd, EFLAGS=0x0000000000010206

Top of Stack: (sp=0x00000095935ff2f8)
0x00000095935ff2f8:   000002370000f777 000002370000a010
0x00000095935ff308:   000002370000f45c 000002372588a0f8
0x00000095935ff318:   00000095935ff388 00000237258572b0
0x00000095935ff328:   00000095935ff3a0 000002370000a010
0x00000095935ff338:   000002370000f416 00000095935ff340
0x00000095935ff348:   000002372588a0f8 00000095935ff3b8
0x00000095935ff358:   00000237258c20f8 0000000000000000
0x00000095935ff368:   000000062176d368 000002372588a0f8
0x00000095935ff378:   0000000000000000 00000095935ff3a8
0x00000095935ff388:   00000095935ff408 000002370000a527
0x00000095935ff398:   000000062176d368 000002370000c6f8
0x00000095935ff3a8:   0000023726194dbc 0000000000000000
0x00000095935ff3b8:   0000000000000001 00000095935ff3c0
0x00000095935ff3c8:   000002372588a27c 00000095935ff438
0x00000095935ff3d8:   00000237258c20f8 0000000000000000
0x00000095935ff3e8:   000000062176d368 000002372588a2e8 

Instructions: (pc=0x00007ffcdd1bfacd)
0x00007ffcdd1bf9cd:   98 13 00 00 cc cc cc cc cc cc cc cc cc cc cc cc
0x00007ffcdd1bf9dd:   cc cc cc 48 8b 01 48 8b 48 18 48 ff a1 a0 13 00
0x00007ffcdd1bf9ed:   00 cc cc 40 53 48 8b 01 41 8b d8 4c 8b 44 24 30
0x00007ffcdd1bf9fd:   41 8b d1 44 8b 4c 24 38 8b cb 4c 8b 50 18 5b 49
0x00007ffcdd1bfa0d:   ff a2 a8 13 00 00 cc cc cc cc cc cc cc cc cc cc
0x00007ffcdd1bfa1d:   cc cc cc 40 53 48 83 ec 40 48 8b 01 41 8b d8 44
0x00007ffcdd1bfa2d:   8b 44 24 70 41 8b d1 4c 8b 4c 24 78 8b cb 4c 8b
0x00007ffcdd1bfa3d:   50 18 48 8b 84 24 90 00 00 00 48 89 44 24 30 48
0x00007ffcdd1bfa4d:   8b 84 24 88 00 00 00 48 89 44 24 28 48 8b 84 24
0x00007ffcdd1bfa5d:   80 00 00 00 48 89 44 24 20 41 ff 92 b0 13 00 00
0x00007ffcdd1bfa6d:   48 83 c4 40 5b c3 cc cc cc cc cc cc cc cc cc cc
0x00007ffcdd1bfa7d:   cc cc cc 48 8b 01 41 8b c8 48 8b 50 18 48 ff a2
0x00007ffcdd1bfa8d:   b8 13 00 00 cc cc cc cc cc cc cc cc cc cc cc cc
0x00007ffcdd1bfa9d:   cc cc cc 48 8b 01 49 8b d1 41 8b c8 4c 8b 50 18
0x00007ffcdd1bfaad:   49 ff a2 c0 13 00 00 cc cc cc cc cc cc cc cc cc
0x00007ffcdd1bfabd:   cc cc cc 48 8b 01 49 8b d1 41 8b c8 4c 8b 50 18
0x00007ffcdd1bfacd:   49 ff a2 c8 13 00 00 cc cc cc cc cc cc cc cc cc
0x00007ffcdd1bfadd:   cc cc cc 48 8b 01 48 8b 48 18 48 8b 81 d0 13 00
0x00007ffcdd1bfaed:   00 41 8b c8 48 ff e0 cc cc cc cc cc cc cc cc cc
0x00007ffcdd1bfafd:   cc cc cc 40 53 48 8b 01 41 8b d8 44 8b 44 24 30
0x00007ffcdd1bfb0d:   41 8b d1 44 8b 4c 24 38 8b cb 4c 8b 50 18 5b 49
0x00007ffcdd1bfb1d:   ff a2 d8 13 00 00 cc cc cc cc cc cc cc cc cc cc
0x00007ffcdd1bfb2d:   cc cc cc 40 53 48 8b 01 41 8b d8 44 8b 44 24 30
0x00007ffcdd1bfb3d:   41 8b d1 4c 8b 4c 24 38 8b cb 4c 8b 50 18 8b 44
0x00007ffcdd1bfb4d:   24 40 89 44 24 30 5b 49 ff a2 e0 13 00 00 cc cc
0x00007ffcdd1bfb5d:   cc cc cc 40 53 48 8b 01 41 8b d8 4c 8b 44 24 30
0x00007ffcdd1bfb6d:   41 8b d1 4c 8b 4c 24 38 8b cb 4c 8b 50 18 48 8b
0x00007ffcdd1bfb7d:   44 24 40 48 89 44 24 30 5b 49 ff a2 e8 13 00 00
0x00007ffcdd1bfb8d:   cc cc cc 48 8b 01 41 8b c8 48 8b 50 18 48 ff a2
0x00007ffcdd1bfb9d:   f0 13 00 00 cc cc cc cc cc cc cc cc cc cc cc cc
0x00007ffcdd1bfbad:   cc cc cc 48 8b 01 45 8b d8 44 8b 44 24 28 41 8b
0x00007ffcdd1bfbbd:   d1 41 8b cb 4c 8b 50 18 49 ff a2 f8 13 00 00 cc 


Stack slot to memory mapping:
stack at sp + 0 slots: 0x000002370000f777 is at code_begin+1047 in an Interpreter codelet
method entry point (kind = native)  [0x000002370000f360, 0x000002370000fe00]  2720 bytes
stack at sp + 1 slots: 0x000002370000a010 is at code_begin+1040 in an Interpreter codelet
invoke return entry points  [0x0000023700009c00, 0x000002370000a600]  2560 bytes
stack at sp + 2 slots: 0x000002370000f45c is at code_begin+252 in an Interpreter codelet
method entry point (kind = native)  [0x000002370000f360, 0x000002370000fe00]  2720 bytes
stack at sp + 3 slots: {method} {0x000002372588a100} 'nglGenVertexArrays' '(IJ)V' in 'org/lwjgl/opengl/GL30C'
stack at sp + 4 slots: 0x00000095935ff388 is pointing into the stack for thread: 0x000002377579a000
stack at sp + 5 slots: 0x00000237258572b0 is pointing into metadata
stack at sp + 6 slots: 0x00000095935ff3a0 is pointing into the stack for thread: 0x000002377579a000
stack at sp + 7 slots: 0x000002370000a010 is at code_begin+1040 in an Interpreter codelet
invoke return entry points  [0x0000023700009c00, 0x000002370000a600]  2560 bytes


---------------  P R O C E S S  ---------------

Threads class SMR info:
_java_thread_list=0x0000023725c4dab0, length=10, elements={
0x000002377579a000, 0x0000023725a6c000, 0x0000023725a6d800, 0x0000023725aba800,
0x0000023725abc800, 0x0000023725abe000, 0x0000023725ac1000, 0x0000023725ac7800,
0x0000023725ae2000, 0x0000023725c4e000
}

Java Threads: ( => current thread )
=>0x000002377579a000 JavaThread "main" [_thread_in_native, id=9396, stack(0x0000009593500000,0x0000009593600000)]
  0x0000023725a6c000 JavaThread "Reference Handler" daemon [_thread_blocked, id=8096, stack(0x0000009593c00000,0x0000009593d00000)]
  0x0000023725a6d800 JavaThread "Finalizer" daemon [_thread_blocked, id=2728, stack(0x0000009593d00000,0x0000009593e00000)]
  0x0000023725aba800 JavaThread "Signal Dispatcher" daemon [_thread_blocked, id=6636, stack(0x0000009593e00000,0x0000009593f00000)]
  0x0000023725abc800 JavaThread "Attach Listener" daemon [_thread_blocked, id=760, stack(0x0000009593f00000,0x0000009594000000)]
  0x0000023725abe000 JavaThread "Service Thread" daemon [_thread_blocked, id=16804, stack(0x0000009594000000,0x0000009594100000)]
  0x0000023725ac1000 JavaThread "C2 CompilerThread0" daemon [_thread_blocked, id=18624, stack(0x0000009594100000,0x0000009594200000)]
  0x0000023725ac7800 JavaThread "C1 CompilerThread0" daemon [_thread_blocked, id=4876, stack(0x0000009594200000,0x0000009594300000)]
  0x0000023725ae2000 JavaThread "Sweeper thread" daemon [_thread_blocked, id=5232, stack(0x0000009594300000,0x0000009594400000)]
  0x0000023725c4e000 JavaThread "Common-Cleaner" daemon [_thread_blocked, id=13756, stack(0x0000009594500000,0x0000009594600000)]

Other Threads:
  0x0000023725a38800 VMThread "VM Thread" [stack: 0x0000009593b00000,0x0000009593c00000] [id=16092]
  0x0000023725c33800 WatcherThread [stack: 0x0000009594400000,0x0000009594500000] [id=18844]
  0x00000237757b2800 GCTaskThread "GC Thread#0" [stack: 0x0000009593600000,0x0000009593700000] [id=8656]
  0x0000023775833000 ConcurrentGCThread "G1 Main Marker" [stack: 0x0000009593700000,0x0000009593800000] [id=16544]
  0x0000023775834800 ConcurrentGCThread "G1 Conc#0" [stack: 0x0000009593800000,0x0000009593900000] [id=8248]
  0x000002372508f000 ConcurrentGCThread "G1 Refine#0" [stack: 0x0000009593900000,0x0000009593a00000] [id=11768]
  0x0000023725090000 ConcurrentGCThread "G1 Young RemSet Sampling" [stack: 0x0000009593a00000,0x0000009593b00000] [id=20060]

Threads with active compile tasks:

VM state:not at safepoint (normal execution)

VM Mutex/Monitor currently owned by a thread: None

Heap address: 0x0000000601e00000, size: 8162 MB, Compressed Oops mode: Zero based, Oop shift amount: 3
Narrow klass base: 0x0000000800000000, Narrow klass shift: 0
Compressed class space size: 1073741824 Address: 0x0000000800000000

Heap:
 garbage-first heap   total 524288K, used 6144K [0x0000000601e00000, 0x0000000800000000)
  region size 2048K, 4 young (8192K), 0 survivors (0K)
 Metaspace       used 8424K, capacity 8595K, committed 8704K, reserved 1056768K
  class space    used 656K, capacity 740K, committed 768K, reserved 1048576K
Heap Regions: E=young(eden), S=young(survivor), O=old, HS=humongous(starts), HC=humongous(continues), CS=collection set, F=free, A=archive, TAMS=top-at-mark-start (previous, next)
|   0|0x0000000601e00000, 0x0000000601e00000, 0x0000000602000000|  0%| F|  |TAMS 0x0000000601e00000, 0x0000000601e00000| Untracked 
|   1|0x0000000602000000, 0x0000000602000000, 0x0000000602200000|  0%| F|  |TAMS 0x0000000602000000, 0x0000000602000000| Untracked 
|   2|0x0000000602200000, 0x0000000602200000, 0x0000000602400000|  0%| F|  |TAMS 0x0000000602200000, 0x0000000602200000| Untracked 
|   3|0x0000000602400000, 0x0000000602400000, 0x0000000602600000|  0%| F|  |TAMS 0x0000000602400000, 0x0000000602400000| Untracked 
|   4|0x0000000602600000, 0x0000000602600000, 0x0000000602800000|  0%| F|  |TAMS 0x0000000602600000, 0x0000000602600000| Untracked 
|   5|0x0000000602800000, 0x0000000602800000, 0x0000000602a00000|  0%| F|  |TAMS 0x0000000602800000, 0x0000000602800000| Untracked 
|   6|0x0000000602a00000, 0x0000000602a00000, 0x0000000602c00000|  0%| F|  |TAMS 0x0000000602a00000, 0x0000000602a00000| Untracked 
|   7|0x0000000602c00000, 0x0000000602c00000, 0x0000000602e00000|  0%| F|  |TAMS 0x0000000602c00000, 0x0000000602c00000| Untracked 
|   8|0x0000000602e00000, 0x0000000602e00000, 0x0000000603000000|  0%| F|  |TAMS 0x0000000602e00000, 0x0000000602e00000| Untracked 
|   9|0x0000000603000000, 0x0000000603000000, 0x0000000603200000|  0%| F|  |TAMS 0x0000000603000000, 0x0000000603000000| Untracked 
|  10|0x0000000603200000, 0x0000000603200000, 0x0000000603400000|  0%| F|  |TAMS 0x0000000603200000, 0x0000000603200000| Untracked 
|  11|0x0000000603400000, 0x0000000603400000, 0x0000000603600000|  0%| F|  |TAMS 0x0000000603400000, 0x0000000603400000| Untracked 
|  12|0x0000000603600000, 0x0000000603600000, 0x0000000603800000|  0%| F|  |TAMS 0x0000000603600000, 0x0000000603600000| Untracked 
|  13|0x0000000603800000, 0x0000000603800000, 0x0000000603a00000|  0%| F|  |TAMS 0x0000000603800000, 0x0000000603800000| Untracked 
|  14|0x0000000603a00000, 0x0000000603a00000, 0x0000000603c00000|  0%| F|  |TAMS 0x0000000603a00000, 0x0000000603a00000| Untracked 
|  15|0x0000000603c00000, 0x0000000603c00000, 0x0000000603e00000|  0%| F|  |TAMS 0x0000000603c00000, 0x0000000603c00000| Untracked 
|  16|0x0000000603e00000, 0x0000000603e00000, 0x0000000604000000|  0%| F|  |TAMS 0x0000000603e00000, 0x0000000603e00000| Untracked 
|  17|0x0000000604000000, 0x0000000604000000, 0x0000000604200000|  0%| F|  |TAMS 0x0000000604000000, 0x0000000604000000| Untracked 
|  18|0x0000000604200000, 0x0000000604200000, 0x0000000604400000|  0%| F|  |TAMS 0x0000000604200000, 0x0000000604200000| Untracked 
|  19|0x0000000604400000, 0x0000000604400000, 0x0000000604600000|  0%| F|  |TAMS 0x0000000604400000, 0x0000000604400000| Untracked 
|  20|0x0000000604600000, 0x0000000604600000, 0x0000000604800000|  0%| F|  |TAMS 0x0000000604600000, 0x0000000604600000| Untracked 
|  21|0x0000000604800000, 0x0000000604800000, 0x0000000604a00000|  0%| F|  |TAMS 0x0000000604800000, 0x0000000604800000| Untracked 
|  22|0x0000000604a00000, 0x0000000604a00000, 0x0000000604c00000|  0%| F|  |TAMS 0x0000000604a00000, 0x0000000604a00000| Untracked 
|  23|0x0000000604c00000, 0x0000000604c00000, 0x0000000604e00000|  0%| F|  |TAMS 0x0000000604c00000, 0x0000000604c00000| Untracked 
|  24|0x0000000604e00000, 0x0000000604e00000, 0x0000000605000000|  0%| F|  |TAMS 0x0000000604e00000, 0x0000000604e00000| Untracked 
|  25|0x0000000605000000, 0x0000000605000000, 0x0000000605200000|  0%| F|  |TAMS 0x0000000605000000, 0x0000000605000000| Untracked 
|  26|0x0000000605200000, 0x0000000605200000, 0x0000000605400000|  0%| F|  |TAMS 0x0000000605200000, 0x0000000605200000| Untracked 
|  27|0x0000000605400000, 0x0000000605400000, 0x0000000605600000|  0%| F|  |TAMS 0x0000000605400000, 0x0000000605400000| Untracked 
|  28|0x0000000605600000, 0x0000000605600000, 0x0000000605800000|  0%| F|  |TAMS 0x0000000605600000, 0x0000000605600000| Untracked 
|  29|0x0000000605800000, 0x0000000605800000, 0x0000000605a00000|  0%| F|  |TAMS 0x0000000605800000, 0x0000000605800000| Untracked 
|  30|0x0000000605a00000, 0x0000000605a00000, 0x0000000605c00000|  0%| F|  |TAMS 0x0000000605a00000, 0x0000000605a00000| Untracked 
|  31|0x0000000605c00000, 0x0000000605c00000, 0x0000000605e00000|  0%| F|  |TAMS 0x0000000605c00000, 0x0000000605c00000| Untracked 
|  32|0x0000000605e00000, 0x0000000605e00000, 0x0000000606000000|  0%| F|  |TAMS 0x0000000605e00000, 0x0000000605e00000| Untracked 
|  33|0x0000000606000000, 0x0000000606000000, 0x0000000606200000|  0%| F|  |TAMS 0x0000000606000000, 0x0000000606000000| Untracked 
|  34|0x0000000606200000, 0x0000000606200000, 0x0000000606400000|  0%| F|  |TAMS 0x0000000606200000, 0x0000000606200000| Untracked 
|  35|0x0000000606400000, 0x0000000606400000, 0x0000000606600000|  0%| F|  |TAMS 0x0000000606400000, 0x0000000606400000| Untracked 
|  36|0x0000000606600000, 0x0000000606600000, 0x0000000606800000|  0%| F|  |TAMS 0x0000000606600000, 0x0000000606600000| Untracked 
|  37|0x0000000606800000, 0x0000000606800000, 0x0000000606a00000|  0%| F|  |TAMS 0x0000000606800000, 0x0000000606800000| Untracked 
|  38|0x0000000606a00000, 0x0000000606a00000, 0x0000000606c00000|  0%| F|  |TAMS 0x0000000606a00000, 0x0000000606a00000| Untracked 
|  39|0x0000000606c00000, 0x0000000606c00000, 0x0000000606e00000|  0%| F|  |TAMS 0x0000000606c00000, 0x0000000606c00000| Untracked 
|  40|0x0000000606e00000, 0x0000000606e00000, 0x0000000607000000|  0%| F|  |TAMS 0x0000000606e00000, 0x0000000606e00000| Untracked 
|  41|0x0000000607000000, 0x0000000607000000, 0x0000000607200000|  0%| F|  |TAMS 0x0000000607000000, 0x0000000607000000| Untracked 
|  42|0x0000000607200000, 0x0000000607200000, 0x0000000607400000|  0%| F|  |TAMS 0x0000000607200000, 0x0000000607200000| Untracked 
|  43|0x0000000607400000, 0x0000000607400000, 0x0000000607600000|  0%| F|  |TAMS 0x0000000607400000, 0x0000000607400000| Untracked 
|  44|0x0000000607600000, 0x0000000607600000, 0x0000000607800000|  0%| F|  |TAMS 0x0000000607600000, 0x0000000607600000| Untracked 
|  45|0x0000000607800000, 0x0000000607800000, 0x0000000607a00000|  0%| F|  |TAMS 0x0000000607800000, 0x0000000607800000| Untracked 
|  46|0x0000000607a00000, 0x0000000607a00000, 0x0000000607c00000|  0%| F|  |TAMS 0x0000000607a00000, 0x0000000607a00000| Untracked 
|  47|0x0000000607c00000, 0x0000000607c00000, 0x0000000607e00000|  0%| F|  |TAMS 0x0000000607c00000, 0x0000000607c00000| Untracked 
|  48|0x0000000607e00000, 0x0000000607e00000, 0x0000000608000000|  0%| F|  |TAMS 0x0000000607e00000, 0x0000000607e00000| Untracked 
|  49|0x0000000608000000, 0x0000000608000000, 0x0000000608200000|  0%| F|  |TAMS 0x0000000608000000, 0x0000000608000000| Untracked 
|  50|0x0000000608200000, 0x0000000608200000, 0x0000000608400000|  0%| F|  |TAMS 0x0000000608200000, 0x0000000608200000| Untracked 
|  51|0x0000000608400000, 0x0000000608400000, 0x0000000608600000|  0%| F|  |TAMS 0x0000000608400000, 0x0000000608400000| Untracked 
|  52|0x0000000608600000, 0x0000000608600000, 0x0000000608800000|  0%| F|  |TAMS 0x0000000608600000, 0x0000000608600000| Untracked 
|  53|0x0000000608800000, 0x0000000608800000, 0x0000000608a00000|  0%| F|  |TAMS 0x0000000608800000, 0x0000000608800000| Untracked 
|  54|0x0000000608a00000, 0x0000000608a00000, 0x0000000608c00000|  0%| F|  |TAMS 0x0000000608a00000, 0x0000000608a00000| Untracked 
|  55|0x0000000608c00000, 0x0000000608c00000, 0x0000000608e00000|  0%| F|  |TAMS 0x0000000608c00000, 0x0000000608c00000| Untracked 
|  56|0x0000000608e00000, 0x0000000608e00000, 0x0000000609000000|  0%| F|  |TAMS 0x0000000608e00000, 0x0000000608e00000| Untracked 
|  57|0x0000000609000000, 0x0000000609000000, 0x0000000609200000|  0%| F|  |TAMS 0x0000000609000000, 0x0000000609000000| Untracked 
|  58|0x0000000609200000, 0x0000000609200000, 0x0000000609400000|  0%| F|  |TAMS 0x0000000609200000, 0x0000000609200000| Untracked 
|  59|0x0000000609400000, 0x0000000609400000, 0x0000000609600000|  0%| F|  |TAMS 0x0000000609400000, 0x0000000609400000| Untracked 
|  60|0x0000000609600000, 0x0000000609600000, 0x0000000609800000|  0%| F|  |TAMS 0x0000000609600000, 0x0000000609600000| Untracked 
|  61|0x0000000609800000, 0x0000000609800000, 0x0000000609a00000|  0%| F|  |TAMS 0x0000000609800000, 0x0000000609800000| Untracked 
|  62|0x0000000609a00000, 0x0000000609a00000, 0x0000000609c00000|  0%| F|  |TAMS 0x0000000609a00000, 0x0000000609a00000| Untracked 
|  63|0x0000000609c00000, 0x0000000609c00000, 0x0000000609e00000|  0%| F|  |TAMS 0x0000000609c00000, 0x0000000609c00000| Untracked 
|  64|0x0000000609e00000, 0x0000000609e00000, 0x000000060a000000|  0%| F|  |TAMS 0x0000000609e00000, 0x0000000609e00000| Untracked 
|  65|0x000000060a000000, 0x000000060a000000, 0x000000060a200000|  0%| F|  |TAMS 0x000000060a000000, 0x000000060a000000| Untracked 
|  66|0x000000060a200000, 0x000000060a200000, 0x000000060a400000|  0%| F|  |TAMS 0x000000060a200000, 0x000000060a200000| Untracked 
|  67|0x000000060a400000, 0x000000060a400000, 0x000000060a600000|  0%| F|  |TAMS 0x000000060a400000, 0x000000060a400000| Untracked 
|  68|0x000000060a600000, 0x000000060a600000, 0x000000060a800000|  0%| F|  |TAMS 0x000000060a600000, 0x000000060a600000| Untracked 
|  69|0x000000060a800000, 0x000000060a800000, 0x000000060aa00000|  0%| F|  |TAMS 0x000000060a800000, 0x000000060a800000| Untracked 
|  70|0x000000060aa00000, 0x000000060aa00000, 0x000000060ac00000|  0%| F|  |TAMS 0x000000060aa00000, 0x000000060aa00000| Untracked 
|  71|0x000000060ac00000, 0x000000060ac00000, 0x000000060ae00000|  0%| F|  |TAMS 0x000000060ac00000, 0x000000060ac00000| Untracked 
|  72|0x000000060ae00000, 0x000000060ae00000, 0x000000060b000000|  0%| F|  |TAMS 0x000000060ae00000, 0x000000060ae00000| Untracked 
|  73|0x000000060b000000, 0x000000060b000000, 0x000000060b200000|  0%| F|  |TAMS 0x000000060b000000, 0x000000060b000000| Untracked 
|  74|0x000000060b200000, 0x000000060b200000, 0x000000060b400000|  0%| F|  |TAMS 0x000000060b200000, 0x000000060b200000| Untracked 
|  75|0x000000060b400000, 0x000000060b400000, 0x000000060b600000|  0%| F|  |TAMS 0x000000060b400000, 0x000000060b400000| Untracked 
|  76|0x000000060b600000, 0x000000060b600000, 0x000000060b800000|  0%| F|  |TAMS 0x000000060b600000, 0x000000060b600000| Untracked 
|  77|0x000000060b800000, 0x000000060b800000, 0x000000060ba00000|  0%| F|  |TAMS 0x000000060b800000, 0x000000060b800000| Untracked 
|  78|0x000000060ba00000, 0x000000060ba00000, 0x000000060bc00000|  0%| F|  |TAMS 0x000000060ba00000, 0x000000060ba00000| Untracked 
|  79|0x000000060bc00000, 0x000000060bc00000, 0x000000060be00000|  0%| F|  |TAMS 0x000000060bc00000, 0x000000060bc00000| Untracked 
|  80|0x000000060be00000, 0x000000060be00000, 0x000000060c000000|  0%| F|  |TAMS 0x000000060be00000, 0x000000060be00000| Untracked 
|  81|0x000000060c000000, 0x000000060c000000, 0x000000060c200000|  0%| F|  |TAMS 0x000000060c000000, 0x000000060c000000| Untracked 
|  82|0x000000060c200000, 0x000000060c200000, 0x000000060c400000|  0%| F|  |TAMS 0x000000060c200000, 0x000000060c200000| Untracked 
|  83|0x000000060c400000, 0x000000060c400000, 0x000000060c600000|  0%| F|  |TAMS 0x000000060c400000, 0x000000060c400000| Untracked 
|  84|0x000000060c600000, 0x000000060c600000, 0x000000060c800000|  0%| F|  |TAMS 0x000000060c600000, 0x000000060c600000| Untracked 
|  85|0x000000060c800000, 0x000000060c800000, 0x000000060ca00000|  0%| F|  |TAMS 0x000000060c800000, 0x000000060c800000| Untracked 
|  86|0x000000060ca00000, 0x000000060ca00000, 0x000000060cc00000|  0%| F|  |TAMS 0x000000060ca00000, 0x000000060ca00000| Untracked 
|  87|0x000000060cc00000, 0x000000060cc00000, 0x000000060ce00000|  0%| F|  |TAMS 0x000000060cc00000, 0x000000060cc00000| Untracked 
|  88|0x000000060ce00000, 0x000000060ce00000, 0x000000060d000000|  0%| F|  |TAMS 0x000000060ce00000, 0x000000060ce00000| Untracked 
|  89|0x000000060d000000, 0x000000060d000000, 0x000000060d200000|  0%| F|  |TAMS 0x000000060d000000, 0x000000060d000000| Untracked 
|  90|0x000000060d200000, 0x000000060d200000, 0x000000060d400000|  0%| F|  |TAMS 0x000000060d200000, 0x000000060d200000| Untracked 
|  91|0x000000060d400000, 0x000000060d400000, 0x000000060d600000|  0%| F|  |TAMS 0x000000060d400000, 0x000000060d400000| Untracked 
|  92|0x000000060d600000, 0x000000060d600000, 0x000000060d800000|  0%| F|  |TAMS 0x000000060d600000, 0x000000060d600000| Untracked 
|  93|0x000000060d800000, 0x000000060d800000, 0x000000060da00000|  0%| F|  |TAMS 0x000000060d800000, 0x000000060d800000| Untracked 
|  94|0x000000060da00000, 0x000000060da00000, 0x000000060dc00000|  0%| F|  |TAMS 0x000000060da00000, 0x000000060da00000| Untracked 
|  95|0x000000060dc00000, 0x000000060dc00000, 0x000000060de00000|  0%| F|  |TAMS 0x000000060dc00000, 0x000000060dc00000| Untracked 
|  96|0x000000060de00000, 0x000000060de00000, 0x000000060e000000|  0%| F|  |TAMS 0x000000060de00000, 0x000000060de00000| Untracked 
|  97|0x000000060e000000, 0x000000060e000000, 0x000000060e200000|  0%| F|  |TAMS 0x000000060e000000, 0x000000060e000000| Untracked 
|  98|0x000000060e200000, 0x000000060e200000, 0x000000060e400000|  0%| F|  |TAMS 0x000000060e200000, 0x000000060e200000| Untracked 
|  99|0x000000060e400000, 0x000000060e400000, 0x000000060e600000|  0%| F|  |TAMS 0x000000060e400000, 0x000000060e400000| Untracked 
| 100|0x000000060e600000, 0x000000060e600000, 0x000000060e800000|  0%| F|  |TAMS 0x000000060e600000, 0x000000060e600000| Untracked 
| 101|0x000000060e800000, 0x000000060e800000, 0x000000060ea00000|  0%| F|  |TAMS 0x000000060e800000, 0x000000060e800000| Untracked 
| 102|0x000000060ea00000, 0x000000060ea00000, 0x000000060ec00000|  0%| F|  |TAMS 0x000000060ea00000, 0x000000060ea00000| Untracked 
| 103|0x000000060ec00000, 0x000000060ec00000, 0x000000060ee00000|  0%| F|  |TAMS 0x000000060ec00000, 0x000000060ec00000| Untracked 
| 104|0x000000060ee00000, 0x000000060ee00000, 0x000000060f000000|  0%| F|  |TAMS 0x000000060ee00000, 0x000000060ee00000| Untracked 
| 105|0x000000060f000000, 0x000000060f000000, 0x000000060f200000|  0%| F|  |TAMS 0x000000060f000000, 0x000000060f000000| Untracked 
| 106|0x000000060f200000, 0x000000060f200000, 0x000000060f400000|  0%| F|  |TAMS 0x000000060f200000, 0x000000060f200000| Untracked 
| 107|0x000000060f400000, 0x000000060f400000, 0x000000060f600000|  0%| F|  |TAMS 0x000000060f400000, 0x000000060f400000| Untracked 
| 108|0x000000060f600000, 0x000000060f600000, 0x000000060f800000|  0%| F|  |TAMS 0x000000060f600000, 0x000000060f600000| Untracked 
| 109|0x000000060f800000, 0x000000060f800000, 0x000000060fa00000|  0%| F|  |TAMS 0x000000060f800000, 0x000000060f800000| Untracked 
| 110|0x000000060fa00000, 0x000000060fa00000, 0x000000060fc00000|  0%| F|  |TAMS 0x000000060fa00000, 0x000000060fa00000| Untracked 
| 111|0x000000060fc00000, 0x000000060fc00000, 0x000000060fe00000|  0%| F|  |TAMS 0x000000060fc00000, 0x000000060fc00000| Untracked 
| 112|0x000000060fe00000, 0x000000060fe00000, 0x0000000610000000|  0%| F|  |TAMS 0x000000060fe00000, 0x000000060fe00000| Untracked 
| 113|0x0000000610000000, 0x0000000610000000, 0x0000000610200000|  0%| F|  |TAMS 0x0000000610000000, 0x0000000610000000| Untracked 
| 114|0x0000000610200000, 0x0000000610200000, 0x0000000610400000|  0%| F|  |TAMS 0x0000000610200000, 0x0000000610200000| Untracked 
| 115|0x0000000610400000, 0x0000000610400000, 0x0000000610600000|  0%| F|  |TAMS 0x0000000610400000, 0x0000000610400000| Untracked 
| 116|0x0000000610600000, 0x0000000610600000, 0x0000000610800000|  0%| F|  |TAMS 0x0000000610600000, 0x0000000610600000| Untracked 
| 117|0x0000000610800000, 0x0000000610800000, 0x0000000610a00000|  0%| F|  |TAMS 0x0000000610800000, 0x0000000610800000| Untracked 
| 118|0x0000000610a00000, 0x0000000610a00000, 0x0000000610c00000|  0%| F|  |TAMS 0x0000000610a00000, 0x0000000610a00000| Untracked 
| 119|0x0000000610c00000, 0x0000000610c00000, 0x0000000610e00000|  0%| F|  |TAMS 0x0000000610c00000, 0x0000000610c00000| Untracked 
| 120|0x0000000610e00000, 0x0000000610e00000, 0x0000000611000000|  0%| F|  |TAMS 0x0000000610e00000, 0x0000000610e00000| Untracked 
| 121|0x0000000611000000, 0x0000000611000000, 0x0000000611200000|  0%| F|  |TAMS 0x0000000611000000, 0x0000000611000000| Untracked 
| 122|0x0000000611200000, 0x0000000611200000, 0x0000000611400000|  0%| F|  |TAMS 0x0000000611200000, 0x0000000611200000| Untracked 
| 123|0x0000000611400000, 0x0000000611400000, 0x0000000611600000|  0%| F|  |TAMS 0x0000000611400000, 0x0000000611400000| Untracked 
| 124|0x0000000611600000, 0x0000000611600000, 0x0000000611800000|  0%| F|  |TAMS 0x0000000611600000, 0x0000000611600000| Untracked 
| 125|0x0000000611800000, 0x0000000611800000, 0x0000000611a00000|  0%| F|  |TAMS 0x0000000611800000, 0x0000000611800000| Untracked 
| 126|0x0000000611a00000, 0x0000000611a00000, 0x0000000611c00000|  0%| F|  |TAMS 0x0000000611a00000, 0x0000000611a00000| Untracked 
| 127|0x0000000611c00000, 0x0000000611c00000, 0x0000000611e00000|  0%| F|  |TAMS 0x0000000611c00000, 0x0000000611c00000| Untracked 
| 128|0x0000000611e00000, 0x0000000611e00000, 0x0000000612000000|  0%| F|  |TAMS 0x0000000611e00000, 0x0000000611e00000| Untracked 
| 129|0x0000000612000000, 0x0000000612000000, 0x0000000612200000|  0%| F|  |TAMS 0x0000000612000000, 0x0000000612000000| Untracked 
| 130|0x0000000612200000, 0x0000000612200000, 0x0000000612400000|  0%| F|  |TAMS 0x0000000612200000, 0x0000000612200000| Untracked 
| 131|0x0000000612400000, 0x0000000612400000, 0x0000000612600000|  0%| F|  |TAMS 0x0000000612400000, 0x0000000612400000| Untracked 
| 132|0x0000000612600000, 0x0000000612600000, 0x0000000612800000|  0%| F|  |TAMS 0x0000000612600000, 0x0000000612600000| Untracked 
| 133|0x0000000612800000, 0x0000000612800000, 0x0000000612a00000|  0%| F|  |TAMS 0x0000000612800000, 0x0000000612800000| Untracked 
| 134|0x0000000612a00000, 0x0000000612a00000, 0x0000000612c00000|  0%| F|  |TAMS 0x0000000612a00000, 0x0000000612a00000| Untracked 
| 135|0x0000000612c00000, 0x0000000612c00000, 0x0000000612e00000|  0%| F|  |TAMS 0x0000000612c00000, 0x0000000612c00000| Untracked 
| 136|0x0000000612e00000, 0x0000000612e00000, 0x0000000613000000|  0%| F|  |TAMS 0x0000000612e00000, 0x0000000612e00000| Untracked 
| 137|0x0000000613000000, 0x0000000613000000, 0x0000000613200000|  0%| F|  |TAMS 0x0000000613000000, 0x0000000613000000| Untracked 
| 138|0x0000000613200000, 0x0000000613200000, 0x0000000613400000|  0%| F|  |TAMS 0x0000000613200000, 0x0000000613200000| Untracked 
| 139|0x0000000613400000, 0x0000000613400000, 0x0000000613600000|  0%| F|  |TAMS 0x0000000613400000, 0x0000000613400000| Untracked 
| 140|0x0000000613600000, 0x0000000613600000, 0x0000000613800000|  0%| F|  |TAMS 0x0000000613600000, 0x0000000613600000| Untracked 
| 141|0x0000000613800000, 0x0000000613800000, 0x0000000613a00000|  0%| F|  |TAMS 0x0000000613800000, 0x0000000613800000| Untracked 
| 142|0x0000000613a00000, 0x0000000613a00000, 0x0000000613c00000|  0%| F|  |TAMS 0x0000000613a00000, 0x0000000613a00000| Untracked 
| 143|0x0000000613c00000, 0x0000000613c00000, 0x0000000613e00000|  0%| F|  |TAMS 0x0000000613c00000, 0x0000000613c00000| Untracked 
| 144|0x0000000613e00000, 0x0000000613e00000, 0x0000000614000000|  0%| F|  |TAMS 0x0000000613e00000, 0x0000000613e00000| Untracked 
| 145|0x0000000614000000, 0x0000000614000000, 0x0000000614200000|  0%| F|  |TAMS 0x0000000614000000, 0x0000000614000000| Untracked 
| 146|0x0000000614200000, 0x0000000614200000, 0x0000000614400000|  0%| F|  |TAMS 0x0000000614200000, 0x0000000614200000| Untracked 
| 147|0x0000000614400000, 0x0000000614400000, 0x0000000614600000|  0%| F|  |TAMS 0x0000000614400000, 0x0000000614400000| Untracked 
| 148|0x0000000614600000, 0x0000000614600000, 0x0000000614800000|  0%| F|  |TAMS 0x0000000614600000, 0x0000000614600000| Untracked 
| 149|0x0000000614800000, 0x0000000614800000, 0x0000000614a00000|  0%| F|  |TAMS 0x0000000614800000, 0x0000000614800000| Untracked 
| 150|0x0000000614a00000, 0x0000000614a00000, 0x0000000614c00000|  0%| F|  |TAMS 0x0000000614a00000, 0x0000000614a00000| Untracked 
| 151|0x0000000614c00000, 0x0000000614c00000, 0x0000000614e00000|  0%| F|  |TAMS 0x0000000614c00000, 0x0000000614c00000| Untracked 
| 152|0x0000000614e00000, 0x0000000614e00000, 0x0000000615000000|  0%| F|  |TAMS 0x0000000614e00000, 0x0000000614e00000| Untracked 
| 153|0x0000000615000000, 0x0000000615000000, 0x0000000615200000|  0%| F|  |TAMS 0x0000000615000000, 0x0000000615000000| Untracked 
| 154|0x0000000615200000, 0x0000000615200000, 0x0000000615400000|  0%| F|  |TAMS 0x0000000615200000, 0x0000000615200000| Untracked 
| 155|0x0000000615400000, 0x0000000615400000, 0x0000000615600000|  0%| F|  |TAMS 0x0000000615400000, 0x0000000615400000| Untracked 
| 156|0x0000000615600000, 0x0000000615600000, 0x0000000615800000|  0%| F|  |TAMS 0x0000000615600000, 0x0000000615600000| Untracked 
| 157|0x0000000615800000, 0x0000000615800000, 0x0000000615a00000|  0%| F|  |TAMS 0x0000000615800000, 0x0000000615800000| Untracked 
| 158|0x0000000615a00000, 0x0000000615a00000, 0x0000000615c00000|  0%| F|  |TAMS 0x0000000615a00000, 0x0000000615a00000| Untracked 
| 159|0x0000000615c00000, 0x0000000615c00000, 0x0000000615e00000|  0%| F|  |TAMS 0x0000000615c00000, 0x0000000615c00000| Untracked 
| 160|0x0000000615e00000, 0x0000000615e00000, 0x0000000616000000|  0%| F|  |TAMS 0x0000000615e00000, 0x0000000615e00000| Untracked 
| 161|0x0000000616000000, 0x0000000616000000, 0x0000000616200000|  0%| F|  |TAMS 0x0000000616000000, 0x0000000616000000| Untracked 
| 162|0x0000000616200000, 0x0000000616200000, 0x0000000616400000|  0%| F|  |TAMS 0x0000000616200000, 0x0000000616200000| Untracked 
| 163|0x0000000616400000, 0x0000000616400000, 0x0000000616600000|  0%| F|  |TAMS 0x0000000616400000, 0x0000000616400000| Untracked 
| 164|0x0000000616600000, 0x0000000616600000, 0x0000000616800000|  0%| F|  |TAMS 0x0000000616600000, 0x0000000616600000| Untracked 
| 165|0x0000000616800000, 0x0000000616800000, 0x0000000616a00000|  0%| F|  |TAMS 0x0000000616800000, 0x0000000616800000| Untracked 
| 166|0x0000000616a00000, 0x0000000616a00000, 0x0000000616c00000|  0%| F|  |TAMS 0x0000000616a00000, 0x0000000616a00000| Untracked 
| 167|0x0000000616c00000, 0x0000000616c00000, 0x0000000616e00000|  0%| F|  |TAMS 0x0000000616c00000, 0x0000000616c00000| Untracked 
| 168|0x0000000616e00000, 0x0000000616e00000, 0x0000000617000000|  0%| F|  |TAMS 0x0000000616e00000, 0x0000000616e00000| Untracked 
| 169|0x0000000617000000, 0x0000000617000000, 0x0000000617200000|  0%| F|  |TAMS 0x0000000617000000, 0x0000000617000000| Untracked 
| 170|0x0000000617200000, 0x0000000617200000, 0x0000000617400000|  0%| F|  |TAMS 0x0000000617200000, 0x0000000617200000| Untracked 
| 171|0x0000000617400000, 0x0000000617400000, 0x0000000617600000|  0%| F|  |TAMS 0x0000000617400000, 0x0000000617400000| Untracked 
| 172|0x0000000617600000, 0x0000000617600000, 0x0000000617800000|  0%| F|  |TAMS 0x0000000617600000, 0x0000000617600000| Untracked 
| 173|0x0000000617800000, 0x0000000617800000, 0x0000000617a00000|  0%| F|  |TAMS 0x0000000617800000, 0x0000000617800000| Untracked 
| 174|0x0000000617a00000, 0x0000000617a00000, 0x0000000617c00000|  0%| F|  |TAMS 0x0000000617a00000, 0x0000000617a00000| Untracked 
| 175|0x0000000617c00000, 0x0000000617c00000, 0x0000000617e00000|  0%| F|  |TAMS 0x0000000617c00000, 0x0000000617c00000| Untracked 
| 176|0x0000000617e00000, 0x0000000617e00000, 0x0000000618000000|  0%| F|  |TAMS 0x0000000617e00000, 0x0000000617e00000| Untracked 
| 177|0x0000000618000000, 0x0000000618000000, 0x0000000618200000|  0%| F|  |TAMS 0x0000000618000000, 0x0000000618000000| Untracked 
| 178|0x0000000618200000, 0x0000000618200000, 0x0000000618400000|  0%| F|  |TAMS 0x0000000618200000, 0x0000000618200000| Untracked 
| 179|0x0000000618400000, 0x0000000618400000, 0x0000000618600000|  0%| F|  |TAMS 0x0000000618400000, 0x0000000618400000| Untracked 
| 180|0x0000000618600000, 0x0000000618600000, 0x0000000618800000|  0%| F|  |TAMS 0x0000000618600000, 0x0000000618600000| Untracked 
| 181|0x0000000618800000, 0x0000000618800000, 0x0000000618a00000|  0%| F|  |TAMS 0x0000000618800000, 0x0000000618800000| Untracked 
| 182|0x0000000618a00000, 0x0000000618a00000, 0x0000000618c00000|  0%| F|  |TAMS 0x0000000618a00000, 0x0000000618a00000| Untracked 
| 183|0x0000000618c00000, 0x0000000618c00000, 0x0000000618e00000|  0%| F|  |TAMS 0x0000000618c00000, 0x0000000618c00000| Untracked 
| 184|0x0000000618e00000, 0x0000000618e00000, 0x0000000619000000|  0%| F|  |TAMS 0x0000000618e00000, 0x0000000618e00000| Untracked 
| 185|0x0000000619000000, 0x0000000619000000, 0x0000000619200000|  0%| F|  |TAMS 0x0000000619000000, 0x0000000619000000| Untracked 
| 186|0x0000000619200000, 0x0000000619200000, 0x0000000619400000|  0%| F|  |TAMS 0x0000000619200000, 0x0000000619200000| Untracked 
| 187|0x0000000619400000, 0x0000000619400000, 0x0000000619600000|  0%| F|  |TAMS 0x0000000619400000, 0x0000000619400000| Untracked 
| 188|0x0000000619600000, 0x0000000619600000, 0x0000000619800000|  0%| F|  |TAMS 0x0000000619600000, 0x0000000619600000| Untracked 
| 189|0x0000000619800000, 0x0000000619800000, 0x0000000619a00000|  0%| F|  |TAMS 0x0000000619800000, 0x0000000619800000| Untracked 
| 190|0x0000000619a00000, 0x0000000619a00000, 0x0000000619c00000|  0%| F|  |TAMS 0x0000000619a00000, 0x0000000619a00000| Untracked 
| 191|0x0000000619c00000, 0x0000000619c00000, 0x0000000619e00000|  0%| F|  |TAMS 0x0000000619c00000, 0x0000000619c00000| Untracked 
| 192|0x0000000619e00000, 0x0000000619e00000, 0x000000061a000000|  0%| F|  |TAMS 0x0000000619e00000, 0x0000000619e00000| Untracked 
| 193|0x000000061a000000, 0x000000061a000000, 0x000000061a200000|  0%| F|  |TAMS 0x000000061a000000, 0x000000061a000000| Untracked 
| 194|0x000000061a200000, 0x000000061a200000, 0x000000061a400000|  0%| F|  |TAMS 0x000000061a200000, 0x000000061a200000| Untracked 
| 195|0x000000061a400000, 0x000000061a400000, 0x000000061a600000|  0%| F|  |TAMS 0x000000061a400000, 0x000000061a400000| Untracked 
| 196|0x000000061a600000, 0x000000061a600000, 0x000000061a800000|  0%| F|  |TAMS 0x000000061a600000, 0x000000061a600000| Untracked 
| 197|0x000000061a800000, 0x000000061a800000, 0x000000061aa00000|  0%| F|  |TAMS 0x000000061a800000, 0x000000061a800000| Untracked 
| 198|0x000000061aa00000, 0x000000061aa00000, 0x000000061ac00000|  0%| F|  |TAMS 0x000000061aa00000, 0x000000061aa00000| Untracked 
| 199|0x000000061ac00000, 0x000000061ac00000, 0x000000061ae00000|  0%| F|  |TAMS 0x000000061ac00000, 0x000000061ac00000| Untracked 
| 200|0x000000061ae00000, 0x000000061ae00000, 0x000000061b000000|  0%| F|  |TAMS 0x000000061ae00000, 0x000000061ae00000| Untracked 
| 201|0x000000061b000000, 0x000000061b000000, 0x000000061b200000|  0%| F|  |TAMS 0x000000061b000000, 0x000000061b000000| Untracked 
| 202|0x000000061b200000, 0x000000061b200000, 0x000000061b400000|  0%| F|  |TAMS 0x000000061b200000, 0x000000061b200000| Untracked 
| 203|0x000000061b400000, 0x000000061b400000, 0x000000061b600000|  0%| F|  |TAMS 0x000000061b400000, 0x000000061b400000| Untracked 
| 204|0x000000061b600000, 0x000000061b600000, 0x000000061b800000|  0%| F|  |TAMS 0x000000061b600000, 0x000000061b600000| Untracked 
| 205|0x000000061b800000, 0x000000061b800000, 0x000000061ba00000|  0%| F|  |TAMS 0x000000061b800000, 0x000000061b800000| Untracked 
| 206|0x000000061ba00000, 0x000000061ba00000, 0x000000061bc00000|  0%| F|  |TAMS 0x000000061ba00000, 0x000000061ba00000| Untracked 
| 207|0x000000061bc00000, 0x000000061bc00000, 0x000000061be00000|  0%| F|  |TAMS 0x000000061bc00000, 0x000000061bc00000| Untracked 
| 208|0x000000061be00000, 0x000000061be00000, 0x000000061c000000|  0%| F|  |TAMS 0x000000061be00000, 0x000000061be00000| Untracked 
| 209|0x000000061c000000, 0x000000061c000000, 0x000000061c200000|  0%| F|  |TAMS 0x000000061c000000, 0x000000061c000000| Untracked 
| 210|0x000000061c200000, 0x000000061c200000, 0x000000061c400000|  0%| F|  |TAMS 0x000000061c200000, 0x000000061c200000| Untracked 
| 211|0x000000061c400000, 0x000000061c400000, 0x000000061c600000|  0%| F|  |TAMS 0x000000061c400000, 0x000000061c400000| Untracked 
| 212|0x000000061c600000, 0x000000061c600000, 0x000000061c800000|  0%| F|  |TAMS 0x000000061c600000, 0x000000061c600000| Untracked 
| 213|0x000000061c800000, 0x000000061c800000, 0x000000061ca00000|  0%| F|  |TAMS 0x000000061c800000, 0x000000061c800000| Untracked 
| 214|0x000000061ca00000, 0x000000061ca00000, 0x000000061cc00000|  0%| F|  |TAMS 0x000000061ca00000, 0x000000061ca00000| Untracked 
| 215|0x000000061cc00000, 0x000000061cc00000, 0x000000061ce00000|  0%| F|  |TAMS 0x000000061cc00000, 0x000000061cc00000| Untracked 
| 216|0x000000061ce00000, 0x000000061ce00000, 0x000000061d000000|  0%| F|  |TAMS 0x000000061ce00000, 0x000000061ce00000| Untracked 
| 217|0x000000061d000000, 0x000000061d000000, 0x000000061d200000|  0%| F|  |TAMS 0x000000061d000000, 0x000000061d000000| Untracked 
| 218|0x000000061d200000, 0x000000061d200000, 0x000000061d400000|  0%| F|  |TAMS 0x000000061d200000, 0x000000061d200000| Untracked 
| 219|0x000000061d400000, 0x000000061d400000, 0x000000061d600000|  0%| F|  |TAMS 0x000000061d400000, 0x000000061d400000| Untracked 
| 220|0x000000061d600000, 0x000000061d600000, 0x000000061d800000|  0%| F|  |TAMS 0x000000061d600000, 0x000000061d600000| Untracked 
| 221|0x000000061d800000, 0x000000061d800000, 0x000000061da00000|  0%| F|  |TAMS 0x000000061d800000, 0x000000061d800000| Untracked 
| 222|0x000000061da00000, 0x000000061da00000, 0x000000061dc00000|  0%| F|  |TAMS 0x000000061da00000, 0x000000061da00000| Untracked 
| 223|0x000000061dc00000, 0x000000061dc00000, 0x000000061de00000|  0%| F|  |TAMS 0x000000061dc00000, 0x000000061dc00000| Untracked 
| 224|0x000000061de00000, 0x000000061de00000, 0x000000061e000000|  0%| F|  |TAMS 0x000000061de00000, 0x000000061de00000| Untracked 
| 225|0x000000061e000000, 0x000000061e000000, 0x000000061e200000|  0%| F|  |TAMS 0x000000061e000000, 0x000000061e000000| Untracked 
| 226|0x000000061e200000, 0x000000061e200000, 0x000000061e400000|  0%| F|  |TAMS 0x000000061e200000, 0x000000061e200000| Untracked 
| 227|0x000000061e400000, 0x000000061e400000, 0x000000061e600000|  0%| F|  |TAMS 0x000000061e400000, 0x000000061e400000| Untracked 
| 228|0x000000061e600000, 0x000000061e600000, 0x000000061e800000|  0%| F|  |TAMS 0x000000061e600000, 0x000000061e600000| Untracked 
| 229|0x000000061e800000, 0x000000061e800000, 0x000000061ea00000|  0%| F|  |TAMS 0x000000061e800000, 0x000000061e800000| Untracked 
| 230|0x000000061ea00000, 0x000000061ea00000, 0x000000061ec00000|  0%| F|  |TAMS 0x000000061ea00000, 0x000000061ea00000| Untracked 
| 231|0x000000061ec00000, 0x000000061ec00000, 0x000000061ee00000|  0%| F|  |TAMS 0x000000061ec00000, 0x000000061ec00000| Untracked 
| 232|0x000000061ee00000, 0x000000061ee00000, 0x000000061f000000|  0%| F|  |TAMS 0x000000061ee00000, 0x000000061ee00000| Untracked 
| 233|0x000000061f000000, 0x000000061f000000, 0x000000061f200000|  0%| F|  |TAMS 0x000000061f000000, 0x000000061f000000| Untracked 
| 234|0x000000061f200000, 0x000000061f200000, 0x000000061f400000|  0%| F|  |TAMS 0x000000061f200000, 0x000000061f200000| Untracked 
| 235|0x000000061f400000, 0x000000061f400000, 0x000000061f600000|  0%| F|  |TAMS 0x000000061f400000, 0x000000061f400000| Untracked 
| 236|0x000000061f600000, 0x000000061f600000, 0x000000061f800000|  0%| F|  |TAMS 0x000000061f600000, 0x000000061f600000| Untracked 
| 237|0x000000061f800000, 0x000000061f800000, 0x000000061fa00000|  0%| F|  |TAMS 0x000000061f800000, 0x000000061f800000| Untracked 
| 238|0x000000061fa00000, 0x000000061fa00000, 0x000000061fc00000|  0%| F|  |TAMS 0x000000061fa00000, 0x000000061fa00000| Untracked 
| 239|0x000000061fc00000, 0x000000061fc00000, 0x000000061fe00000|  0%| F|  |TAMS 0x000000061fc00000, 0x000000061fc00000| Untracked 
| 240|0x000000061fe00000, 0x000000061fe00000, 0x0000000620000000|  0%| F|  |TAMS 0x000000061fe00000, 0x000000061fe00000| Untracked 
| 241|0x0000000620000000, 0x0000000620000000, 0x0000000620200000|  0%| F|  |TAMS 0x0000000620000000, 0x0000000620000000| Untracked 
| 242|0x0000000620200000, 0x0000000620200000, 0x0000000620400000|  0%| F|  |TAMS 0x0000000620200000, 0x0000000620200000| Untracked 
| 243|0x0000000620400000, 0x0000000620400000, 0x0000000620600000|  0%| F|  |TAMS 0x0000000620400000, 0x0000000620400000| Untracked 
| 244|0x0000000620600000, 0x0000000620600000, 0x0000000620800000|  0%| F|  |TAMS 0x0000000620600000, 0x0000000620600000| Untracked 
| 245|0x0000000620800000, 0x0000000620800000, 0x0000000620a00000|  0%| F|  |TAMS 0x0000000620800000, 0x0000000620800000| Untracked 
| 246|0x0000000620a00000, 0x0000000620a00000, 0x0000000620c00000|  0%| F|  |TAMS 0x0000000620a00000, 0x0000000620a00000| Untracked 
| 247|0x0000000620c00000, 0x0000000620c00000, 0x0000000620e00000|  0%| F|  |TAMS 0x0000000620c00000, 0x0000000620c00000| Untracked 
| 248|0x0000000620e00000, 0x0000000620e00000, 0x0000000621000000|  0%| F|  |TAMS 0x0000000620e00000, 0x0000000620e00000| Untracked 
| 249|0x0000000621000000, 0x0000000621000000, 0x0000000621200000|  0%| F|  |TAMS 0x0000000621000000, 0x0000000621000000| Untracked 
| 250|0x0000000621200000, 0x0000000621200000, 0x0000000621400000|  0%| F|  |TAMS 0x0000000621200000, 0x0000000621200000| Untracked 
| 251|0x0000000621400000, 0x0000000621400000, 0x0000000621600000|  0%| F|  |TAMS 0x0000000621400000, 0x0000000621400000| Untracked 
| 252|0x0000000621600000, 0x00000006217f57a0, 0x0000000621800000| 97%| E|  |TAMS 0x0000000621600000, 0x0000000621600000| Complete 
| 253|0x0000000621800000, 0x0000000621a00000, 0x0000000621a00000|100%| E|CS|TAMS 0x0000000621800000, 0x0000000621800000| Complete 
| 254|0x0000000621a00000, 0x0000000621c00000, 0x0000000621c00000|100%| E|CS|TAMS 0x0000000621a00000, 0x0000000621a00000| Complete 
| 255|0x0000000621c00000, 0x0000000621e00000, 0x0000000621e00000|100%| E|CS|TAMS 0x0000000621c00000, 0x0000000621c00000| Complete 

Card table byte_map: [0x0000023710450000,0x0000023711450000] _byte_map_base: 0x000002370d441000

Marking Bits (Prev, Next): (CMBitMap*) 0x00000237758225b8, (CMBitMap*) 0x00000237758225f0
 Prev Bits: [0x0000023712450000, 0x000002371a3d8000)
 Next Bits: [0x000002371a3e0000, 0x0000023722368000)

Polling page: 0x0000023775570000

Metaspace:

Usage:
  Non-class:      7.67 MB capacity,     7.59 MB ( 99%) used,    78.04 KB ( <1%) free+waste,     9.06 KB ( <1%) overhead. 
      Class:    740.00 KB capacity,   656.33 KB ( 89%) used,    79.30 KB ( 11%) free+waste,     4.38 KB ( <1%) overhead. 
       Both:      8.39 MB capacity,     8.23 MB ( 98%) used,   157.34 KB (  2%) free+waste,    13.44 KB ( <1%) overhead. 

Virtual space:
  Non-class space:        8.00 MB reserved,       7.75 MB ( 97%) committed 
      Class space:        1.00 GB reserved,     768.00 KB ( <1%) committed 
             Both:        1.01 GB reserved,       8.50 MB ( <1%) committed 

Chunk freelists:
   Non-Class:  17.00 KB
       Class:  28.00 KB
        Both:  45.00 KB

MaxMetaspaceSize: 17179869184.00 GB
CompressedClassSpaceSize: 1.00 GB
Initial GC threshold: 20.80 MB
Current GC threshold: 20.80 MB
CDS: off

CodeHeap 'non-profiled nmethods': size=120000Kb used=143Kb max_used=143Kb free=119856Kb
 bounds [0x0000023707ad0000, 0x0000023707d40000, 0x000002370f000000]
CodeHeap 'profiled nmethods': size=120000Kb used=656Kb max_used=656Kb free=119343Kb
 bounds [0x00000237005a0000, 0x0000023700810000, 0x0000023707ad0000]
CodeHeap 'non-nmethods': size=5760Kb used=1164Kb max_used=1179Kb free=4595Kb
 bounds [0x0000023700000000, 0x0000023700270000, 0x00000237005a0000]
 total_blobs=865 nmethods=439 adapters=339
 compilation: enabled
              stopped_count=0, restarted_count=0
 full_count=0

Compilation events (20 events):
Event: 0.407 Thread 0x0000023725ac7800  431       3       org.lwjgl.system.MemoryUtil::memPutAddress (29 bytes)
Event: 0.408 Thread 0x0000023725ac7800 nmethod 431 0x000002370063f210 code [0x000002370063f3c0, 0x000002370063f5b8]
Event: 0.408 Thread 0x0000023725ac7800  426       3       java.lang.String::toLowerCase (8 bytes)
Event: 0.409 Thread 0x0000023725ac7800 nmethod 426 0x000002370063f690 code [0x000002370063f880, 0x000002370063fbf8]
Event: 0.410 Thread 0x0000023725ac7800  427       3       java.util.Locale::getDefault (4 bytes)
Event: 0.410 Thread 0x0000023725ac7800 nmethod 427 0x000002370063fd10 code [0x000002370063fec0, 0x000002370063ffb8]
Event: 0.412 Thread 0x0000023725ac7800  433       1       java.net.URLStreamHandler::getDefaultPort (2 bytes)
Event: 0.412 Thread 0x0000023725ac7800 nmethod 433 0x0000023707af2010 code [0x0000023707af21c0, 0x0000023707af2278]
Event: 0.413 Thread 0x0000023725ac1000 nmethod 432 0x0000023707af2310 code [0x0000023707af24a0, 0x0000023707af26b8]
Event: 0.415 Thread 0x0000023725ac1000  434       4       java.util.zip.ZipFile$Source::getEntryPos (206 bytes)
Event: 0.416 Thread 0x0000023725ac7800  435       1       java.security.CodeSource::getLocation (5 bytes)
Event: 0.416 Thread 0x0000023725ac7800 nmethod 435 0x0000023707af2810 code [0x0000023707af29c0, 0x0000023707af2a78]
Event: 0.416 Thread 0x0000023725ac7800  436       3       java.util.zip.Inflater::ensureOpen (47 bytes)
Event: 0.416 Thread 0x0000023725ac7800 nmethod 436 0x0000023700640010 code [0x00000237006401e0, 0x0000023700640428]
Event: 0.417 Thread 0x0000023725ac7800  437       3       java.net.URLStreamHandler::setURL (73 bytes)
Event: 0.419 Thread 0x0000023725ac7800 nmethod 437 0x0000023700640510 code [0x00000237006407e0, 0x00000237006414f8]
Event: 0.419 Thread 0x0000023725ac7800  438   !   3       java.net.URL::set (114 bytes)
Event: 0.421 Thread 0x0000023725ac7800 nmethod 438 0x0000023700641a10 code [0x0000023700641ca0, 0x0000023700642ab8]
Event: 0.424 Thread 0x0000023725ac7800  439       3       sun.net.util.IPAddressUtil::scan (92 bytes)
Event: 0.425 Thread 0x0000023725ac7800 nmethod 439 0x0000023700642f10 code [0x0000023700643180, 0x0000023700643c78]

GC Heap History (0 events):
No events

Deoptimization events (18 events):
Event: 0.136 Thread 0x000002377579a000 Uncommon trap: trap_request=0xffffff4d fr.pc=0x0000023707ad1694 relative=0x0000000000000074
Event: 0.136 Thread 0x000002377579a000 Uncommon trap: reason=unstable_if action=reinterpret pc=0x0000023707ad1694 method=java.lang.String.isLatin1()Z @ 10 c2
Event: 0.136 Thread 0x000002377579a000 DEOPT PACKING pc=0x0000023707ad1694 sp=0x00000095935ff090
Event: 0.136 Thread 0x000002377579a000 DEOPT UNPACKING pc=0x000002370004a1af sp=0x00000095935fefd0 mode 2
Event: 0.138 Thread 0x000002377579a000 Uncommon trap: trap_request=0xffffff4d fr.pc=0x0000023707ad4b28 relative=0x0000000000000188
Event: 0.138 Thread 0x000002377579a000 Uncommon trap: reason=unstable_if action=reinterpret pc=0x0000023707ad4b28 method=java.lang.String.hashCode()I @ 14 c2
Event: 0.138 Thread 0x000002377579a000 DEOPT PACKING pc=0x0000023707ad4b28 sp=0x00000095935fd8d0
Event: 0.138 Thread 0x000002377579a000 DEOPT UNPACKING pc=0x000002370004a1af sp=0x00000095935fd868 mode 2
Event: 0.228 Thread 0x000002377579a000 DEOPT PACKING pc=0x00000237005d3d68 sp=0x00000095935f9320
Event: 0.228 Thread 0x000002377579a000 DEOPT UNPACKING pc=0x000002370004a95e sp=0x00000095935f8778 mode 0
Event: 0.267 Thread 0x000002377579a000 DEOPT PACKING pc=0x00000237005d8f42 sp=0x00000095935fa480
Event: 0.267 Thread 0x000002377579a000 DEOPT UNPACKING pc=0x000002370004a95e sp=0x00000095935f98e8 mode 0
Event: 0.279 Thread 0x000002377579a000 DEOPT PACKING pc=0x00000237005c7ad0 sp=0x00000095935fbcd0
Event: 0.279 Thread 0x000002377579a000 DEOPT UNPACKING pc=0x000002370004a95e sp=0x00000095935fb158 mode 0
Event: 0.327 Thread 0x000002377579a000 Uncommon trap: trap_request=0xffffff4d fr.pc=0x0000023707adb980 relative=0x0000000000000060
Event: 0.327 Thread 0x000002377579a000 Uncommon trap: reason=unstable_if action=reinterpret pc=0x0000023707adb980 method=java.io.WinNTFileSystem.isSlash(C)Z @ 9 c2
Event: 0.327 Thread 0x000002377579a000 DEOPT PACKING pc=0x0000023707adb980 sp=0x00000095935fbe10
Event: 0.327 Thread 0x000002377579a000 DEOPT UNPACKING pc=0x000002370004a1af sp=0x00000095935fbd98 mode 2

Classes redefined (0 events):
No events

Internal exceptions (20 events):
Event: 0.350 Thread 0x000002377579a000 Exception <a 'sun/nio/fs/WindowsException'{0x0000000621963738}> (0x0000000621963738) thrown at [./src/hotspot/share/prims/jni.cpp, line 616]
Event: 0.354 Thread 0x000002377579a000 Exception <a 'sun/nio/fs/WindowsException'{0x000000062197b448}> (0x000000062197b448) thrown at [./src/hotspot/share/prims/jni.cpp, line 616]
Event: 0.354 Thread 0x000002377579a000 Exception <a 'sun/nio/fs/WindowsException'{0x000000062197b728}> (0x000000062197b728) thrown at [./src/hotspot/share/prims/jni.cpp, line 616]
Event: 0.375 Thread 0x000002377579a000 Exception <a 'java/lang/NoSuchMethodError'{0x00000006219e94b8}: 'int java.lang.invoke.DirectMethodHandle$Holder.invokeStaticInit(java.lang.Object, java.lang.Object, int, long)'> (0x00000006219e94b8) thrown at [./src/hotspot/share/interpreter/linkResolver.cpp, line 773]
Event: 0.376 Thread 0x000002377579a000 Exception <a 'java/lang/NoSuchMethodError'{0x00000006219eeb58}: 'java.lang.Object java.lang.invoke.Invokers$Holder.linkToTargetMethod(java.lang.Object, int, java.lang.Object)'> (0x00000006219eeb58) thrown at [./src/hotspot/share/interpreter/linkResolver.cpp, line 773]
Event: 0.379 Thread 0x000002377579a000 Exception <a 'java/lang/NoSuchMethodError'{0x00000006216014b8}: 'int java.lang.invoke.DirectMethodHandle$Holder.invokeStaticInit(java.lang.Object, java.lang.Object, long, long)'> (0x00000006216014b8) thrown at [./src/hotspot/share/interpreter/linkResolver.cpp, line 773]
Event: 0.380 Thread 0x000002377579a000 Exception <a 'java/lang/NoSuchMethodError'{0x000000062160cec0}: 'java.lang.Object java.lang.invoke.Invokers$Holder.linkToTargetMethod(java.lang.Object, long, java.lang.Object)'> (0x000000062160cec0) thrown at [./src/hotspot/share/interpreter/linkResolver.cpp, line 773]
Event: 0.381 Thread 0x000002377579a000 Exception <a 'java/lang/NoSuchMethodError'{0x00000006216131f8}: 'int java.lang.invoke.DirectMethodHandle$Holder.invokeStaticInit(java.lang.Object, java.lang.Object, java.lang.Object, long)'> (0x00000006216131f8) thrown at [./src/hotspot/share/interpreter/linkResolver.cpp, line 773]
Event: 0.394 Thread 0x000002377579a000 Exception <a 'java/security/PrivilegedActionException'{0x000000062164d490}> (0x000000062164d490) thrown at [./src/hotspot/share/prims/jvm.cpp, line 1306]
Event: 0.394 Thread 0x000002377579a000 Exception <a 'java/security/PrivilegedActionException'{0x000000062164da08}> (0x000000062164da08) thrown at [./src/hotspot/share/prims/jvm.cpp, line 1306]
Event: 0.395 Thread 0x000002377579a000 Exception <a 'java/security/PrivilegedActionException'{0x000000062164fab8}> (0x000000062164fab8) thrown at [./src/hotspot/share/prims/jvm.cpp, line 1306]
Event: 0.395 Thread 0x000002377579a000 Exception <a 'java/security/PrivilegedActionException'{0x0000000621650030}> (0x0000000621650030) thrown at [./src/hotspot/share/prims/jvm.cpp, line 1306]
Event: 0.395 Thread 0x000002377579a000 Exception <a 'java/security/PrivilegedActionException'{0x00000006216520c8}> (0x00000006216520c8) thrown at [./src/hotspot/share/prims/jvm.cpp, line 1306]
Event: 0.395 Thread 0x000002377579a000 Exception <a 'java/security/PrivilegedActionException'{0x0000000621652640}> (0x0000000621652640) thrown at [./src/hotspot/share/prims/jvm.cpp, line 1306]
Event: 0.395 Thread 0x000002377579a000 Exception <a 'java/security/PrivilegedActionException'{0x0000000621654728}> (0x0000000621654728) thrown at [./src/hotspot/share/prims/jvm.cpp, line 1306]
Event: 0.395 Thread 0x000002377579a000 Exception <a 'java/security/PrivilegedActionException'{0x0000000621654ca0}> (0x0000000621654ca0) thrown at [./src/hotspot/share/prims/jvm.cpp, line 1306]
Event: 0.395 Thread 0x000002377579a000 Exception <a 'java/security/PrivilegedActionException'{0x0000000621656d88}> (0x0000000621656d88) thrown at [./src/hotspot/share/prims/jvm.cpp, line 1306]
Event: 0.395 Thread 0x000002377579a000 Exception <a 'java/security/PrivilegedActionException'{0x0000000621657300}> (0x0000000621657300) thrown at [./src/hotspot/share/prims/jvm.cpp, line 1306]
Event: 0.395 Thread 0x000002377579a000 Exception <a 'java/security/PrivilegedActionException'{0x0000000621659398}> (0x0000000621659398) thrown at [./src/hotspot/share/prims/jvm.cpp, line 1306]
Event: 0.395 Thread 0x000002377579a000 Exception <a 'java/security/PrivilegedActionException'{0x0000000621659910}> (0x0000000621659910) thrown at [./src/hotspot/share/prims/jvm.cpp, line 1306]

Events (20 events):
Event: 0.404 loading class org/lwjgl/system/SharedLibrary$Delegate
Event: 0.404 loading class org/lwjgl/system/SharedLibrary$Delegate done
Event: 0.406 loading class org/lwjgl/opengl/GL30C
Event: 0.406 loading class org/lwjgl/opengl/GL30C done
Event: 0.411 loading class org/lwjgl/opengl/GL21C
Event: 0.411 loading class org/lwjgl/opengl/GL21C done
Event: 0.412 loading class org/lwjgl/opengl/GL20C
Event: 0.412 loading class org/lwjgl/opengl/GL20C done
Event: 0.414 loading class org/lwjgl/opengl/GL15C
Event: 0.414 loading class org/lwjgl/opengl/GL15C done
Event: 0.415 loading class org/lwjgl/opengl/GL14C
Event: 0.415 loading class org/lwjgl/opengl/GL14C done
Event: 0.416 loading class org/lwjgl/opengl/GL13C
Event: 0.416 loading class org/lwjgl/opengl/GL13C done
Event: 0.417 loading class org/lwjgl/opengl/GL12C
Event: 0.417 loading class org/lwjgl/opengl/GL12C done
Event: 0.417 loading class org/lwjgl/opengl/GL11C
Event: 0.417 loading class org/lwjgl/opengl/GL11C done
Event: 0.424 loading class org/lwjgl/system/libc/LibCString
Event: 0.424 loading class org/lwjgl/system/libc/LibCString done


Dynamic libraries:
0x00007ff6afff0000 - 0x00007ff6afffd000 	C:\Users\bqrry\.jdks\corretto-11.0.14.1\bin\java.exe
0x00007ffd36450000 - 0x00007ffd36645000 	C:\Windows\SYSTEM32\ntdll.dll
0x00007ffd35f90000 - 0x00007ffd3604e000 	C:\Windows\System32\KERNEL32.DLL
0x00007ffd33bd0000 - 0x00007ffd33e98000 	C:\Windows\System32\KERNELBASE.dll
0x00007ffd33f40000 - 0x00007ffd34040000 	C:\Windows\System32\ucrtbase.dll
0x00007ffd2dd10000 - 0x00007ffd2dd27000 	C:\Users\bqrry\.jdks\corretto-11.0.14.1\bin\jli.dll
0x00007ffd2d430000 - 0x00007ffd2d449000 	C:\Users\bqrry\.jdks\corretto-11.0.14.1\bin\VCRUNTIME140.dll
0x00007ffd36050000 - 0x00007ffd361f0000 	C:\Windows\System32\USER32.dll
0x00007ffd1e620000 - 0x00007ffd1e8ba000 	C:\Windows\WinSxS\amd64_microsoft.windows.common-controls_6595b64144ccf1df_6.0.19041.1110_none_60b5254171f9507e\COMCTL32.dll
0x00007ffd33b70000 - 0x00007ffd33b92000 	C:\Windows\System32\win32u.dll
0x00007ffd355c0000 - 0x00007ffd3565e000 	C:\Windows\System32\msvcrt.dll
0x00007ffd35f60000 - 0x00007ffd35f8b000 	C:\Windows\System32\GDI32.dll
0x00007ffd34140000 - 0x00007ffd3424b000 	C:\Windows\System32\gdi32full.dll
0x00007ffd33ea0000 - 0x00007ffd33f3d000 	C:\Windows\System32\msvcp_win.dll
0x00007ffd34540000 - 0x00007ffd34570000 	C:\Windows\System32\IMM32.DLL
0x00007ffd10930000 - 0x00007ffd109cb000 	C:\Users\bqrry\.jdks\corretto-11.0.14.1\bin\msvcp140.dll
0x00007ffcd9290000 - 0x00007ffcd9e13000 	C:\Users\bqrry\.jdks\corretto-11.0.14.1\bin\server\jvm.dll
0x00007ffd34570000 - 0x00007ffd3461e000 	C:\Windows\System32\ADVAPI32.dll
0x00007ffd35770000 - 0x00007ffd3580c000 	C:\Windows\System32\sechost.dll
0x00007ffd35ad0000 - 0x00007ffd35bf5000 	C:\Windows\System32\RPCRT4.dll
0x00007ffd34ed0000 - 0x00007ffd34ed8000 	C:\Windows\System32\PSAPI.DLL
0x00007ffd2d420000 - 0x00007ffd2d429000 	C:\Windows\SYSTEM32\WSOCK32.dll
0x00007ffd1ea70000 - 0x00007ffd1ea97000 	C:\Windows\SYSTEM32\WINMM.dll
0x00007ffd2c780000 - 0x00007ffd2c78a000 	C:\Windows\SYSTEM32\VERSION.dll
0x00007ffd35a60000 - 0x00007ffd35acb000 	C:\Windows\System32\WS2_32.dll
0x00007ffd31c20000 - 0x00007ffd31c32000 	C:\Windows\SYSTEM32\kernel.appcore.dll
0x00007ffd2ddc0000 - 0x00007ffd2ddd0000 	C:\Users\bqrry\.jdks\corretto-11.0.14.1\bin\verify.dll
0x00007ffd31320000 - 0x00007ffd31504000 	C:\Windows\SYSTEM32\DBGHELP.DLL
0x00007ffd1ebd0000 - 0x00007ffd1ebfc000 	C:\Windows\SYSTEM32\dbgcore.DLL
0x00007ffd34040000 - 0x00007ffd340c2000 	C:\Windows\System32\bcryptPrimitives.dll
0x00007ffd10900000 - 0x00007ffd10928000 	C:\Users\bqrry\.jdks\corretto-11.0.14.1\bin\java.dll
0x00007ffd2dd40000 - 0x00007ffd2dd4a000 	C:\Users\bqrry\.jdks\corretto-11.0.14.1\bin\jimage.dll
0x00007ffd1ade0000 - 0x00007ffd1adf8000 	C:\Users\bqrry\.jdks\corretto-11.0.14.1\bin\zip.dll
0x00007ffd34780000 - 0x00007ffd34ec4000 	C:\Windows\System32\SHELL32.dll
0x00007ffd31c40000 - 0x00007ffd323d4000 	C:\Windows\SYSTEM32\windows.storage.dll
0x00007ffd35c00000 - 0x00007ffd35f54000 	C:\Windows\System32\combase.dll
0x00007ffd334f0000 - 0x00007ffd3351c000 	C:\Windows\SYSTEM32\Wldp.dll
0x00007ffd36340000 - 0x00007ffd363ed000 	C:\Windows\System32\SHCORE.dll
0x00007ffd36210000 - 0x00007ffd36265000 	C:\Windows\System32\shlwapi.dll
0x00007ffd33ab0000 - 0x00007ffd33acf000 	C:\Windows\SYSTEM32\profapi.dll
0x00007ffd108e0000 - 0x00007ffd108f9000 	C:\Users\bqrry\.jdks\corretto-11.0.14.1\bin\net.dll
0x00007ffd28380000 - 0x00007ffd28489000 	C:\Windows\SYSTEM32\WINHTTP.dll
0x00007ffd332d0000 - 0x00007ffd3333a000 	C:\Windows\system32\mswsock.dll
0x00007ffd108c0000 - 0x00007ffd108d3000 	C:\Users\bqrry\.jdks\corretto-11.0.14.1\bin\nio.dll
0x00007ffcd85f0000 - 0x00007ffcd8665000 	C:\Users\bqrry\AppData\Local\Temp\lwjglBqrry\3.3.1-build-7\lwjgl.dll
0x00007ffcdd1b0000 - 0x00007ffcdd20d000 	C:\Users\bqrry\AppData\Local\Temp\lwjglBqrry\3.3.1-build-7\lwjgl_opengl.dll
0x00007ffd1c810000 - 0x00007ffd1c936000 	C:\Windows\SYSTEM32\opengl32.dll
0x00007ffd1c7e0000 - 0x00007ffd1c80c000 	C:\Windows\SYSTEM32\GLU32.dll

dbghelp: loaded successfully - version: 4.0.5 - missing functions: none
symbol engine: initialized successfully - sym options: 0x614 - pdb path: .;C:\Users\bqrry\.jdks\corretto-11.0.14.1\bin;C:\Windows\SYSTEM32;C:\Windows\WinSxS\amd64_microsoft.windows.common-controls_6595b64144ccf1df_6.0.19041.1110_none_60b5254171f9507e;C:\Users\bqrry\.jdks\corretto-11.0.14.1\bin\server;C:\Users\bqrry\AppData\Local\Temp\lwjglBqrry\3.3.1-build-7

VM Arguments:
jvm_args: -Dfile.encoding=windows-1252 -Duser.country=US -Duser.language=en -Duser.variant 
java_command: Main
java_class_path (initial): C:\Users\bqrry\Desktop\STUDY\PAOO\PAOO_Project\build\classes\java\main;C:\Users\bqrry\Desktop\STUDY\PAOO\PAOO_Project\build\resources\main;C:\Users\bqrry\.gradle\caches\modules-2\files-2.1\org.lwjgl\lwjgl-assimp\3.3.1\312072f451794f25670aebb0160ce6ec88aff842\lwjgl-assimp-3.3.1.jar;C:\Users\bqrry\.gradle\caches\modules-2\files-2.1\org.lwjgl\lwjgl-assimp\3.3.1\bfa2a0d57acbf952b716d0ad8a3acbd7ad9f5639\lwjgl-assimp-3.3.1-natives-windows.jar;C:\Users\bqrry\.gradle\caches\modules-2\files-2.1\org.lwjgl\lwjgl-glfw\3.3.1\cbac1b8d30cb4795149c1ef540f912671a8616d0\lwjgl-glfw-3.3.1.jar;C:\Users\bqrry\.gradle\caches\modules-2\files-2.1\org.lwjgl\lwjgl-glfw\3.3.1\ed892f945cf7e79c8756796f32d00fa4ceaf573b\lwjgl-glfw-3.3.1-natives-windows.jar;C:\Users\bqrry\.gradle\caches\modules-2\files-2.1\org.lwjgl\lwjgl-nfd\3.3.1\622318116996ddcff449b46cb38f0fdee39b8ac3\lwjgl-nfd-3.3.1.jar;C:\Users\bqrry\.gradle\caches\modules-2\files-2.1\org.lwjgl\lwjgl-nfd\3.3.1\869fe532a50455e8b2d924f498bfb95f80b41aed\lwjgl-nfd-3.3.1-natives-windows.jar;C:\Users\bqrry\.gradle\caches\modules-2\files-2.1\org.lwjgl\lwjgl-openal\3.3.1\2623a6b8ae1dfcd880738656a9f0243d2e6840bd\lwjgl-openal-3.3.1.jar;C:\Users\bqrry\.gradle\caches\modules-2\files-2.1\org.lwjgl\lwjgl-openal\3.3.1\30a474d0e57193d7bc128849a3ab66bc9316fdb1\lwjgl-openal-3.3.1-natives-windows.jar;C:\Users\bqrry\.gradle\caches\modules-2\files-2.1\org.lwjgl\lwjgl-opengl\3.3.1\831a5533a21a5f4f81bbc51bb13e9899319b5411\lwjgl-opengl-3.3.1.jar;C:\Users\bqrry\.gradle\caches\modules-2\files-2.1\org.lwjgl\lwjgl-opengl\3.3.1\c1807e9bd571402787d7e37e3029776ae2513bb8\lwjgl-opengl-3.3.1-natives-windows.jar;C:\Users\bqrry\.gradle\caches\modules-2\files-2.1\org.lwjgl\lwjgl-stb\3.3.1\b119297cf8ed01f247abe8685857f8e7fcf5980f\lwjgl-stb-3.3.1.jar;C:\Users\bqrry\.gradle\caches\modules-2\files-2.1\org.lwjgl\lwjgl-stb\3.3.1\86315914ac119efdb02dc9e8e978ade84f1702af\lwjgl-stb-3.3.1-natives-windows.jar;C:\Users\bqrry\.gradle\caches\modules-2\files-2.1\or
Launcher Type: SUN_STANDARD

[Global flags]
     intx CICompilerCount                          = 4                                         {product} {ergonomic}
     uint ConcGCThreads                            = 3                                         {product} {ergonomic}
     uint G1ConcRefinementThreads                  = 10                                        {product} {ergonomic}
   size_t G1HeapRegionSize                         = 2097152                                   {product} {ergonomic}
    uintx GCDrainStackTargetSize                   = 64                                        {product} {ergonomic}
   size_t InitialHeapSize                          = 536870912                                 {product} {ergonomic}
   size_t MarkStackSize                            = 4194304                                   {product} {ergonomic}
   size_t MaxHeapSize                              = 8558477312                                {product} {ergonomic}
   size_t MaxNewSize                               = 5133828096                                {product} {ergonomic}
   size_t MinHeapDeltaBytes                        = 2097152                                   {product} {ergonomic}
    uintx NonNMethodCodeHeapSize                   = 5836300                                {pd product} {ergonomic}
    uintx NonProfiledCodeHeapSize                  = 122910970                              {pd product} {ergonomic}
    uintx ProfiledCodeHeapSize                     = 122910970                              {pd product} {ergonomic}
    uintx ReservedCodeCacheSize                    = 251658240                              {pd product} {ergonomic}
     bool SegmentedCodeCache                       = true                                      {product} {ergonomic}
     bool UseCompressedClassPointers               = true                                 {lp64_product} {ergonomic}
     bool UseCompressedOops                        = true                                 {lp64_product} {ergonomic}
     bool UseG1GC                                  = true                                      {product} {ergonomic}
     bool UseLargePagesIndividualAllocation        = false                                  {pd product} {ergonomic}

Logging:
Log output configuration:
 #0: stdout all=warning uptime,level,tags
 #1: stderr all=off uptime,level,tags

Environment Variables:
PATH=C:\Program Files (x86)\VMware\VMware Workstation\bin\;C:\Windows\system32;C:\Windows;C:\Windows\System32\Wbem;C:\Windows\System32\WindowsPowerShell\v1.0\;C:\Windows\System32\OpenSSH\;C:\Program Files\NVIDIA Corporation\NVIDIA NvDLISR;C:\Program Files\Microsoft SQL Server\150\Tools\Binn\;C:\Program Files\dotnet\;C:\Program Files\Git\cmd;C:\Users\bqrry\AppData\Local\Microsoft\WindowsApps;C:\Users\bqrry\.dotnet\tools;C:\Program Files\JetBrains\IntelliJ IDEA Community Edition 2021.3.2\bin;
USERNAME=Bqrry
OS=Windows_NT
PROCESSOR_IDENTIFIER=Intel64 Family 6 Model 158 Stepping 10, GenuineIntel



---------------  S Y S T E M  ---------------

OS: Windows 10 , 64 bit Build 19041 (10.0.19041.1566)
OS uptime: 0 days 5:36 hours
Hyper-V role detected

CPU:total 12 (initial active 12) (6 cores per cpu, 2 threads per core) family 6 model 158 stepping 10 microcode 0xea, cmov, cx8, fxsr, mmx, sse, sse2, sse3, ssse3, sse4.1, sse4.2, popcnt, avx, avx2, aes, clmul, erms, 3dnowpref, lzcnt, ht, tsc, tscinvbit, bmi1, bmi2, adx, fma

Memory: 4k page, system-wide physical 32647M (21100M free)
TotalPageFile size 37511M (AvailPageFile size 23894M)
current process WorkingSet (physical memory assigned to process): 63M, peak: 63M
current process commit charge ("private bytes"): 616M, peak: 616M

vm_info: OpenJDK 64-Bit Server VM (11.0.14.1+10-LTS) for windows-amd64 JRE (11.0.14.1+10-LTS), built on Feb  8 2022 00:13:20 by "Administrator" with unknown MS VC++:1916

END.
