#
# A fatal error has been detected by the Java Runtime Environment:
#
#  EXCEPTION_ACCESS_VIOLATION (0xc0000005) at pc=0x00007ffb44b55bb6, pid=10548, tid=3028
#
# JRE version: OpenJDK Runtime Environment Corretto-11.0.14.10.1 (11.0.14.1+10) (build 11.0.14.1+10-LTS)
# Java VM: OpenJDK 64-Bit Server VM Corretto-11.0.14.10.1 (11.0.14.1+10-LTS, mixed mode, tiered, compressed oops, g1 gc, windows-amd64)
# Problematic frame:
# C  [ntdll.dll+0x25bb6]
#
# No core dump will be written. Minidumps are not enabled by default on client versions of Windows
#
# If you would like to submit a bug report, please visit:
#   https://github.com/corretto/corretto-11/issues/
# The crash happened outside the Java Virtual Machine in native code.
# See problematic frame for where to report the bug.
#

---------------  S U M M A R Y ------------

Command Line: -Dfile.encoding=windows-1252 -Duser.country=US -Duser.language=en -Duser.variant Main

Host: Intel(R) Core(TM) i7-9750H CPU @ 2.60GHz, 12 cores, 31G,  Windows 10 , 64 bit Build 19041 (10.0.19041.1706)
Time: Wed May 25 08:26:07 2022 GTB Daylight Time elapsed time: 19.419589 seconds (0d 0h 0m 19s)

---------------  T H R E A D  ---------------

Current thread (0x000002148bb31000):  JavaThread "main" [_thread_in_native, id=3028, stack(0x000000235a700000,0x000000235a800000)]

Stack: [0x000000235a700000,0x000000235a800000],  sp=0x000000235a7fef10,  free space=1019k
Native frames: (J=compiled Java code, j=interpreted, Vv=VM code, C=native code)
C  [ntdll.dll+0x25bb6]
C  [ntdll.dll+0x247b1]
C  [lwjgl.dll+0x325e4]

Java frames: (J=compiled Java code, j=interpreted, Vv=VM code)
j  org.lwjgl.system.libc.LibCStdlib.nfree(J)V+0
j  org.lwjgl.system.MemoryManage$StdlibAllocator.free(J)V+1
j  org.lwjgl.system.MemoryUtil.nmemFree(J)V+4
j  org.lwjgl.system.MemoryUtil.memFree(Ljava/nio/Buffer;)V+14
j  Managers.Renderer.Clear()V+18
j  game.Game.run()V+593
j  Main.main([Ljava/lang/String;)V+17
v  ~StubRoutines::call_stub

siginfo: EXCEPTION_ACCESS_VIOLATION (0xc0000005), reading address 0x00000214bc64ffff


Register to memory mapping:

RIP=0x00007ffb44b55bb6 ntdll.dll
RAX=0x0 is NULL
RBX=0x0000021489880000 points into unknown readable memory: 0x0000000000000000 | 00 00 00 00 00 00 00 00
RCX=0x0000021489880000 points into unknown readable memory: 0x0000000000000000 | 00 00 00 00 00 00 00 00
RDX=0x00000214bc650000 points into unknown readable memory: 0xba360b613b19999a | 9a 99 19 3b 61 0b 36 ba
RSP=0x000000235a7fef10 is pointing into the stack for thread: 0x000002148bb31000
RBP=0x0 is NULL
RSI=0x0000021489880000 points into unknown readable memory: 0x0000000000000000 | 00 00 00 00 00 00 00 00
RDI=0x0 is NULL
R8 =0x0 is NULL
R9 =0x0 is NULL
R10=0x000002149427f748 is at code_begin+1000 in an Interpreter codelet
method entry point (kind = native)  [0x000002149427f360, 0x000002149427fe00]  2720 bytes
R11=0x00000006219d06f0 is an oop: java.lang.Class 
{0x00000006219d06f0} - klass: 'java/lang/Class'
R12=0x0 is NULL
R13=0x00000214bc650000 points into unknown readable memory: 0xba360b613b19999a | 9a 99 19 3b 61 0b 36 ba
R14=0x00000214bc64fff0 is an unknown value
R15=0x000002148bb31000 is a thread


Registers:
RAX=0x0000000000000000, RBX=0x0000021489880000, RCX=0x0000021489880000, RDX=0x00000214bc650000
RSP=0x000000235a7fef10, RBP=0x0000000000000000, RSI=0x0000021489880000, RDI=0x0000000000000000
R8 =0x0000000000000000, R9 =0x0000000000000000, R10=0x000002149427f748, R11=0x00000006219d06f0
R12=0x0000000000000000, R13=0x00000214bc650000, R14=0x00000214bc64fff0, R15=0x000002148bb31000
RIP=0x00007ffb44b55bb6, EFLAGS=0x0000000000010246

Top of Stack: (sp=0x000000235a7fef10)
0x000000235a7fef10:   000002148bb31000 00000000000000b6
0x000000235a7fef20:   00000008000c0a98 000000235a7ff280
0x000000235a7fef30:   0000000000000000 00000214c2935be8
0x000000235a7fef40:   000002148bb31000 00007ffaff1ceac4
0x000000235a7fef50:   00000214c2935be8 0000000000001000
0x000000235a7fef60:   000000235a7ff090 000002148bb31000
0x000000235a7fef70:   000002148bb30a00 0000000000000000
0x000000235a7fef80:   0000000000001000 00007ffaff2f7ca8
0x000000235a7fef90:   00000214b99dd608 000000235a7ff280
0x000000235a7fefa0:   000002148bb31000 000000235a7ff0e8
0x000000235a7fefb0:   00000214b9b955b0 0000000000000000
0x000000235a7fefc0:   00000214bc650000 00007ffb44b547b1
0x000000235a7fefd0:   000000008bb30a00 0000021489880000
0x000000235a7fefe0:   000000235a7ff0c0 0000000000000000
0x000000235a7feff0:   0000000000000000 0000000800000000
0x000000235a7ff000:   0000000000000042 00007ffb1db925e4 

Instructions: (pc=0x00007ffb44b55bb6)
0x00007ffb44b55ab6:   85 c0 0f 85 03 0e 08 00 b9 80 03 fe 7f 40 38 39
0x00007ffb44b55ac6:   0f 84 2f fe ff ff e9 0c 0e 08 00 45 33 c0 48 8b
0x00007ffb44b55ad6:   d3 49 8b ce e8 c1 0e fe ff e8 6c ed ff ff 85 c0
0x00007ffb44b55ae6:   0f 85 9b 0e 08 00 b9 80 03 fe 7f 40 38 39 0f 84
0x00007ffb44b55af6:   01 fe ff ff e9 a4 0e 08 00 41 b8 02 00 00 00 e9
0x00007ffb44b55b06:   60 fc ff ff f7 41 74 00 00 00 01 75 4e f6 41 78
0x00007ffb44b55b16:   01 0f 85 2d 0f 08 00 41 f6 c5 0f 0f 84 87 00 00
0x00007ffb44b55b26:   00 45 33 c9 48 89 7c 24 28 4d 8b c5 48 89 7c 24
0x00007ffb44b55b36:   20 48 8b d6 41 8d 49 09 e8 79 83 0e 00 4d 85 f6
0x00007ffb44b55b46:   0f 84 0b 0f 08 00 41 80 7d ff 05 0f 84 31 0f 08
0x00007ffb44b55b56:   00 41 38 7e 0f 0f 8c 96 10 08 00 8b d5 4d 8b cd
0x00007ffb44b55b66:   83 ca 02 4d 8b c6 48 8b ce e8 8c 00 00 00 44 0f
0x00007ffb44b55b76:   b6 f8 84 c0 0f 84 9b fd ff ff 48 8b 84 24 e0 00
0x00007ffb44b55b86:   00 00 48 85 c0 74 03 66 89 38 4d 85 e4 74 04 49
0x00007ffb44b55b96:   89 3c 24 48 8b ce e8 7f ec ff ff 85 c0 0f 84 72
0x00007ffb44b55ba6:   fd ff ff e9 9a 15 08 00 4c 8d 72 f0 41 0f 0d 0e
0x00007ffb44b55bb6:   41 80 7e 0f 05 75 0c 41 0f b6 46 0e 48 c1 e0 04
0x00007ffb44b55bc6:   4c 2b f0 41 f6 46 0f 3f 0f 85 6f ff ff ff 45 33
0x00007ffb44b55bd6:   c9 48 89 7c 24 28 4d 8b c6 48 89 7c 24 20 48 8b
0x00007ffb44b55be6:   d6 41 8d 49 08 e8 cc 82 0e 00 4c 8b f7 e9 4b ff
0x00007ffb44b55bf6:   ff ff cc cc cc cc cc cc cc cc 48 89 5c 24 10 48
0x00007ffb44b55c06:   89 74 24 20 4c 89 44 24 18 48 89 4c 24 08 57 41
0x00007ffb44b55c16:   54 41 55 41 56 41 57 48 81 ec 80 01 00 00 4d 8b
0x00007ffb44b55c26:   f8 8b fa 48 8b d9 41 b4 01 44 88 64 24 41 c6 44
0x00007ffb44b55c36:   24 40 00 c7 44 24 74 01 00 00 00 45 33 ed 4c 89
0x00007ffb44b55c46:   ac 24 88 00 00 00 66 44 89 6c 24 44 49 3b c8 75
0x00007ffb44b55c56:   39 4c 89 6c 24 28 4c 89 6c 24 20 45 33 c9 48 8b
0x00007ffb44b55c66:   d1 41 8d 4d 09 e8 4c 82 0e 00 33 c0 4c 8d 9c 24
0x00007ffb44b55c76:   80 01 00 00 49 8b 5b 38 49 8b 73 48 49 8b e3 41
0x00007ffb44b55c86:   5f 41 5e 41 5d 41 5c 5f c3 cc 0b 79 74 f7 c7 60
0x00007ffb44b55c96:   0f 01 7d 74 28 45 32 e4 44 88 64 24 41 41 b8 04
0x00007ffb44b55ca6:   00 00 00 f7 c7 00 00 00 61 74 18 0f ba e7 1c 72 


Stack slot to memory mapping:
stack at sp + 0 slots: 0x000002148bb31000 is a thread
stack at sp + 1 slots: 0x00000000000000b6 is an unknown value
stack at sp + 2 slots: 0x00000008000c0a98 is a pointer to class: 
Managers.Renderer {0x00000008000c0aa0}
stack at sp + 3 slots: 0x000000235a7ff280 is pointing into the stack for thread: 0x000002148bb31000
stack at sp + 4 slots: 0x0 is NULL
stack at sp + 5 slots: 0x00000214c2935be8 is pointing into metadata
stack at sp + 6 slots: 0x000002148bb31000 is a thread
stack at sp + 7 slots: 0x00007ffaff1ceac4 jvm.dll


---------------  P R O C E S S  ---------------

Threads class SMR info:
_java_thread_list=0x00000214b9fe4470, length=10, elements={
0x000002148bb31000, 0x00000214b9dcb000, 0x00000214b9dec000, 0x00000214b9e49800,
0x00000214b9e4b800, 0x00000214b9e4d000, 0x00000214b9e51000, 0x00000214b9e55800,
0x00000214b9e60000, 0x00000214b9fe6800
}

Java Threads: ( => current thread )
=>0x000002148bb31000 JavaThread "main" [_thread_in_native, id=3028, stack(0x000000235a700000,0x000000235a800000)]
  0x00000214b9dcb000 JavaThread "Reference Handler" daemon [_thread_blocked, id=8064, stack(0x000000235ae00000,0x000000235af00000)]
  0x00000214b9dec000 JavaThread "Finalizer" daemon [_thread_blocked, id=16656, stack(0x000000235af00000,0x000000235b000000)]
  0x00000214b9e49800 JavaThread "Signal Dispatcher" daemon [_thread_blocked, id=992, stack(0x000000235b000000,0x000000235b100000)]
  0x00000214b9e4b800 JavaThread "Attach Listener" daemon [_thread_blocked, id=4748, stack(0x000000235b100000,0x000000235b200000)]
  0x00000214b9e4d000 JavaThread "Service Thread" daemon [_thread_blocked, id=14220, stack(0x000000235b200000,0x000000235b300000)]
  0x00000214b9e51000 JavaThread "C2 CompilerThread0" daemon [_thread_blocked, id=9052, stack(0x000000235b300000,0x000000235b400000)]
  0x00000214b9e55800 JavaThread "C1 CompilerThread0" daemon [_thread_blocked, id=1140, stack(0x000000235b400000,0x000000235b500000)]
  0x00000214b9e60000 JavaThread "Sweeper thread" daemon [_thread_blocked, id=17516, stack(0x000000235b500000,0x000000235b600000)]
  0x00000214b9fe6800 JavaThread "Common-Cleaner" daemon [_thread_blocked, id=2548, stack(0x000000235b700000,0x000000235b800000)]

Other Threads:
  0x00000214b9dc9000 VMThread "VM Thread" [stack: 0x000000235ad00000,0x000000235ae00000] [id=13128]
  0x00000214b9fd8000 WatcherThread [stack: 0x000000235b600000,0x000000235b700000] [id=13016]
  0x000002148bb42800 GCTaskThread "GC Thread#0" [stack: 0x000000235a800000,0x000000235a900000] [id=13216]
  0x000002148bbc7800 ConcurrentGCThread "G1 Main Marker" [stack: 0x000000235a900000,0x000000235aa00000] [id=4836]
  0x000002148bbc9000 ConcurrentGCThread "G1 Conc#0" [stack: 0x000000235aa00000,0x000000235ab00000] [id=2532]
  0x00000214b9422800 ConcurrentGCThread "G1 Refine#0" [stack: 0x000000235ab00000,0x000000235ac00000] [id=8212]
  0x00000214b9423800 ConcurrentGCThread "G1 Young RemSet Sampling" [stack: 0x000000235ac00000,0x000000235ad00000] [id=15324]

Threads with active compile tasks:

VM state:not at safepoint (normal execution)

VM Mutex/Monitor currently owned by a thread: None

Heap address: 0x0000000601e00000, size: 8162 MB, Compressed Oops mode: Zero based, Oop shift amount: 3
Narrow klass base: 0x0000000800000000, Narrow klass shift: 0
Compressed class space size: 1073741824 Address: 0x0000000800000000

Heap:
 garbage-first heap   total 524288K, used 14336K [0x0000000601e00000, 0x0000000800000000)
  region size 2048K, 9 young (18432K), 0 survivors (0K)
 Metaspace       used 12800K, capacity 13090K, committed 13184K, reserved 1060864K
  class space    used 1018K, capacity 1115K, committed 1152K, reserved 1048576K
Heap Regions: E=young(eden), S=young(survivor), O=old, HS=humongous(starts), HC=humongous(continues), CS=collection set, F=free, A=archive, TAMS=top-at-mark-start (previous, next)
|   0|0x0000000601e00000, 0x0000000601e00000, 0x0000000602000000|  0%| F|  |TAMS 0x0000000601e00000, 0x0000000601e00000| Untracked 
|   1|0x0000000602000000, 0x0000000602000000, 0x0000000602200000|  0%| F|  |TAMS 0x0000000602000000, 0x0000000602000000| Untracked 
|   2|0x0000000602200000, 0x0000000602200000, 0x0000000602400000|  0%| F|  |TAMS 0x0000000602200000, 0x0000000602200000| Untracked 
|   3|0x0000000602400000, 0x0000000602400000, 0x0000000602600000|  0%| F|  |TAMS 0x0000000602400000, 0x0000000602400000| Untracked 
|   4|0x0000000602600000, 0x0000000602600000, 0x0000000602800000|  0%| F|  |TAMS 0x0000000602600000, 0x0000000602600000| Untracked 
|   5|0x0000000602800000, 0x0000000602800000, 0x0000000602a00000|  0%| F|  |TAMS 0x0000000602800000, 0x0000000602800000| Untracked 
|   6|0x0000000602a00000, 0x0000000602a00000, 0x0000000602c00000|  0%| F|  |TAMS 0x0000000602a00000, 0x0000000602a00000| Untracked 
|   7|0x0000000602c00000, 0x0000000602c00000, 0x0000000602e00000|  0%| F|  |TAMS 0x0000000602c00000, 0x0000000602c00000| Untracked 
|   8|0x0000000602e00000, 0x0000000602e00000, 0x0000000603000000|  0%| F|  |TAMS 0x0000000602e00000, 0x0000000602e00000| Untracked 
|   9|0x0000000603000000, 0x0000000603000000, 0x0000000603200000|  0%| F|  |TAMS 0x0000000603000000, 0x0000000603000000| Untracked 
|  10|0x0000000603200000, 0x0000000603200000, 0x0000000603400000|  0%| F|  |TAMS 0x0000000603200000, 0x0000000603200000| Untracked 
|  11|0x0000000603400000, 0x0000000603400000, 0x0000000603600000|  0%| F|  |TAMS 0x0000000603400000, 0x0000000603400000| Untracked 
|  12|0x0000000603600000, 0x0000000603600000, 0x0000000603800000|  0%| F|  |TAMS 0x0000000603600000, 0x0000000603600000| Untracked 
|  13|0x0000000603800000, 0x0000000603800000, 0x0000000603a00000|  0%| F|  |TAMS 0x0000000603800000, 0x0000000603800000| Untracked 
|  14|0x0000000603a00000, 0x0000000603a00000, 0x0000000603c00000|  0%| F|  |TAMS 0x0000000603a00000, 0x0000000603a00000| Untracked 
|  15|0x0000000603c00000, 0x0000000603c00000, 0x0000000603e00000|  0%| F|  |TAMS 0x0000000603c00000, 0x0000000603c00000| Untracked 
|  16|0x0000000603e00000, 0x0000000603e00000, 0x0000000604000000|  0%| F|  |TAMS 0x0000000603e00000, 0x0000000603e00000| Untracked 
|  17|0x0000000604000000, 0x0000000604000000, 0x0000000604200000|  0%| F|  |TAMS 0x0000000604000000, 0x0000000604000000| Untracked 
|  18|0x0000000604200000, 0x0000000604200000, 0x0000000604400000|  0%| F|  |TAMS 0x0000000604200000, 0x0000000604200000| Untracked 
|  19|0x0000000604400000, 0x0000000604400000, 0x0000000604600000|  0%| F|  |TAMS 0x0000000604400000, 0x0000000604400000| Untracked 
|  20|0x0000000604600000, 0x0000000604600000, 0x0000000604800000|  0%| F|  |TAMS 0x0000000604600000, 0x0000000604600000| Untracked 
|  21|0x0000000604800000, 0x0000000604800000, 0x0000000604a00000|  0%| F|  |TAMS 0x0000000604800000, 0x0000000604800000| Untracked 
|  22|0x0000000604a00000, 0x0000000604a00000, 0x0000000604c00000|  0%| F|  |TAMS 0x0000000604a00000, 0x0000000604a00000| Untracked 
|  23|0x0000000604c00000, 0x0000000604c00000, 0x0000000604e00000|  0%| F|  |TAMS 0x0000000604c00000, 0x0000000604c00000| Untracked 
|  24|0x0000000604e00000, 0x0000000604e00000, 0x0000000605000000|  0%| F|  |TAMS 0x0000000604e00000, 0x0000000604e00000| Untracked 
|  25|0x0000000605000000, 0x0000000605000000, 0x0000000605200000|  0%| F|  |TAMS 0x0000000605000000, 0x0000000605000000| Untracked 
|  26|0x0000000605200000, 0x0000000605200000, 0x0000000605400000|  0%| F|  |TAMS 0x0000000605200000, 0x0000000605200000| Untracked 
|  27|0x0000000605400000, 0x0000000605400000, 0x0000000605600000|  0%| F|  |TAMS 0x0000000605400000, 0x0000000605400000| Untracked 
|  28|0x0000000605600000, 0x0000000605600000, 0x0000000605800000|  0%| F|  |TAMS 0x0000000605600000, 0x0000000605600000| Untracked 
|  29|0x0000000605800000, 0x0000000605800000, 0x0000000605a00000|  0%| F|  |TAMS 0x0000000605800000, 0x0000000605800000| Untracked 
|  30|0x0000000605a00000, 0x0000000605a00000, 0x0000000605c00000|  0%| F|  |TAMS 0x0000000605a00000, 0x0000000605a00000| Untracked 
|  31|0x0000000605c00000, 0x0000000605c00000, 0x0000000605e00000|  0%| F|  |TAMS 0x0000000605c00000, 0x0000000605c00000| Untracked 
|  32|0x0000000605e00000, 0x0000000605e00000, 0x0000000606000000|  0%| F|  |TAMS 0x0000000605e00000, 0x0000000605e00000| Untracked 
|  33|0x0000000606000000, 0x0000000606000000, 0x0000000606200000|  0%| F|  |TAMS 0x0000000606000000, 0x0000000606000000| Untracked 
|  34|0x0000000606200000, 0x0000000606200000, 0x0000000606400000|  0%| F|  |TAMS 0x0000000606200000, 0x0000000606200000| Untracked 
|  35|0x0000000606400000, 0x0000000606400000, 0x0000000606600000|  0%| F|  |TAMS 0x0000000606400000, 0x0000000606400000| Untracked 
|  36|0x0000000606600000, 0x0000000606600000, 0x0000000606800000|  0%| F|  |TAMS 0x0000000606600000, 0x0000000606600000| Untracked 
|  37|0x0000000606800000, 0x0000000606800000, 0x0000000606a00000|  0%| F|  |TAMS 0x0000000606800000, 0x0000000606800000| Untracked 
|  38|0x0000000606a00000, 0x0000000606a00000, 0x0000000606c00000|  0%| F|  |TAMS 0x0000000606a00000, 0x0000000606a00000| Untracked 
|  39|0x0000000606c00000, 0x0000000606c00000, 0x0000000606e00000|  0%| F|  |TAMS 0x0000000606c00000, 0x0000000606c00000| Untracked 
|  40|0x0000000606e00000, 0x0000000606e00000, 0x0000000607000000|  0%| F|  |TAMS 0x0000000606e00000, 0x0000000606e00000| Untracked 
|  41|0x0000000607000000, 0x0000000607000000, 0x0000000607200000|  0%| F|  |TAMS 0x0000000607000000, 0x0000000607000000| Untracked 
|  42|0x0000000607200000, 0x0000000607200000, 0x0000000607400000|  0%| F|  |TAMS 0x0000000607200000, 0x0000000607200000| Untracked 
|  43|0x0000000607400000, 0x0000000607400000, 0x0000000607600000|  0%| F|  |TAMS 0x0000000607400000, 0x0000000607400000| Untracked 
|  44|0x0000000607600000, 0x0000000607600000, 0x0000000607800000|  0%| F|  |TAMS 0x0000000607600000, 0x0000000607600000| Untracked 
|  45|0x0000000607800000, 0x0000000607800000, 0x0000000607a00000|  0%| F|  |TAMS 0x0000000607800000, 0x0000000607800000| Untracked 
|  46|0x0000000607a00000, 0x0000000607a00000, 0x0000000607c00000|  0%| F|  |TAMS 0x0000000607a00000, 0x0000000607a00000| Untracked 
|  47|0x0000000607c00000, 0x0000000607c00000, 0x0000000607e00000|  0%| F|  |TAMS 0x0000000607c00000, 0x0000000607c00000| Untracked 
|  48|0x0000000607e00000, 0x0000000607e00000, 0x0000000608000000|  0%| F|  |TAMS 0x0000000607e00000, 0x0000000607e00000| Untracked 
|  49|0x0000000608000000, 0x0000000608000000, 0x0000000608200000|  0%| F|  |TAMS 0x0000000608000000, 0x0000000608000000| Untracked 
|  50|0x0000000608200000, 0x0000000608200000, 0x0000000608400000|  0%| F|  |TAMS 0x0000000608200000, 0x0000000608200000| Untracked 
|  51|0x0000000608400000, 0x0000000608400000, 0x0000000608600000|  0%| F|  |TAMS 0x0000000608400000, 0x0000000608400000| Untracked 
|  52|0x0000000608600000, 0x0000000608600000, 0x0000000608800000|  0%| F|  |TAMS 0x0000000608600000, 0x0000000608600000| Untracked 
|  53|0x0000000608800000, 0x0000000608800000, 0x0000000608a00000|  0%| F|  |TAMS 0x0000000608800000, 0x0000000608800000| Untracked 
|  54|0x0000000608a00000, 0x0000000608a00000, 0x0000000608c00000|  0%| F|  |TAMS 0x0000000608a00000, 0x0000000608a00000| Untracked 
|  55|0x0000000608c00000, 0x0000000608c00000, 0x0000000608e00000|  0%| F|  |TAMS 0x0000000608c00000, 0x0000000608c00000| Untracked 
|  56|0x0000000608e00000, 0x0000000608e00000, 0x0000000609000000|  0%| F|  |TAMS 0x0000000608e00000, 0x0000000608e00000| Untracked 
|  57|0x0000000609000000, 0x0000000609000000, 0x0000000609200000|  0%| F|  |TAMS 0x0000000609000000, 0x0000000609000000| Untracked 
|  58|0x0000000609200000, 0x0000000609200000, 0x0000000609400000|  0%| F|  |TAMS 0x0000000609200000, 0x0000000609200000| Untracked 
|  59|0x0000000609400000, 0x0000000609400000, 0x0000000609600000|  0%| F|  |TAMS 0x0000000609400000, 0x0000000609400000| Untracked 
|  60|0x0000000609600000, 0x0000000609600000, 0x0000000609800000|  0%| F|  |TAMS 0x0000000609600000, 0x0000000609600000| Untracked 
|  61|0x0000000609800000, 0x0000000609800000, 0x0000000609a00000|  0%| F|  |TAMS 0x0000000609800000, 0x0000000609800000| Untracked 
|  62|0x0000000609a00000, 0x0000000609a00000, 0x0000000609c00000|  0%| F|  |TAMS 0x0000000609a00000, 0x0000000609a00000| Untracked 
|  63|0x0000000609c00000, 0x0000000609c00000, 0x0000000609e00000|  0%| F|  |TAMS 0x0000000609c00000, 0x0000000609c00000| Untracked 
|  64|0x0000000609e00000, 0x0000000609e00000, 0x000000060a000000|  0%| F|  |TAMS 0x0000000609e00000, 0x0000000609e00000| Untracked 
|  65|0x000000060a000000, 0x000000060a000000, 0x000000060a200000|  0%| F|  |TAMS 0x000000060a000000, 0x000000060a000000| Untracked 
|  66|0x000000060a200000, 0x000000060a200000, 0x000000060a400000|  0%| F|  |TAMS 0x000000060a200000, 0x000000060a200000| Untracked 
|  67|0x000000060a400000, 0x000000060a400000, 0x000000060a600000|  0%| F|  |TAMS 0x000000060a400000, 0x000000060a400000| Untracked 
|  68|0x000000060a600000, 0x000000060a600000, 0x000000060a800000|  0%| F|  |TAMS 0x000000060a600000, 0x000000060a600000| Untracked 
|  69|0x000000060a800000, 0x000000060a800000, 0x000000060aa00000|  0%| F|  |TAMS 0x000000060a800000, 0x000000060a800000| Untracked 
|  70|0x000000060aa00000, 0x000000060aa00000, 0x000000060ac00000|  0%| F|  |TAMS 0x000000060aa00000, 0x000000060aa00000| Untracked 
|  71|0x000000060ac00000, 0x000000060ac00000, 0x000000060ae00000|  0%| F|  |TAMS 0x000000060ac00000, 0x000000060ac00000| Untracked 
|  72|0x000000060ae00000, 0x000000060ae00000, 0x000000060b000000|  0%| F|  |TAMS 0x000000060ae00000, 0x000000060ae00000| Untracked 
|  73|0x000000060b000000, 0x000000060b000000, 0x000000060b200000|  0%| F|  |TAMS 0x000000060b000000, 0x000000060b000000| Untracked 
|  74|0x000000060b200000, 0x000000060b200000, 0x000000060b400000|  0%| F|  |TAMS 0x000000060b200000, 0x000000060b200000| Untracked 
|  75|0x000000060b400000, 0x000000060b400000, 0x000000060b600000|  0%| F|  |TAMS 0x000000060b400000, 0x000000060b400000| Untracked 
|  76|0x000000060b600000, 0x000000060b600000, 0x000000060b800000|  0%| F|  |TAMS 0x000000060b600000, 0x000000060b600000| Untracked 
|  77|0x000000060b800000, 0x000000060b800000, 0x000000060ba00000|  0%| F|  |TAMS 0x000000060b800000, 0x000000060b800000| Untracked 
|  78|0x000000060ba00000, 0x000000060ba00000, 0x000000060bc00000|  0%| F|  |TAMS 0x000000060ba00000, 0x000000060ba00000| Untracked 
|  79|0x000000060bc00000, 0x000000060bc00000, 0x000000060be00000|  0%| F|  |TAMS 0x000000060bc00000, 0x000000060bc00000| Untracked 
|  80|0x000000060be00000, 0x000000060be00000, 0x000000060c000000|  0%| F|  |TAMS 0x000000060be00000, 0x000000060be00000| Untracked 
|  81|0x000000060c000000, 0x000000060c000000, 0x000000060c200000|  0%| F|  |TAMS 0x000000060c000000, 0x000000060c000000| Untracked 
|  82|0x000000060c200000, 0x000000060c200000, 0x000000060c400000|  0%| F|  |TAMS 0x000000060c200000, 0x000000060c200000| Untracked 
|  83|0x000000060c400000, 0x000000060c400000, 0x000000060c600000|  0%| F|  |TAMS 0x000000060c400000, 0x000000060c400000| Untracked 
|  84|0x000000060c600000, 0x000000060c600000, 0x000000060c800000|  0%| F|  |TAMS 0x000000060c600000, 0x000000060c600000| Untracked 
|  85|0x000000060c800000, 0x000000060c800000, 0x000000060ca00000|  0%| F|  |TAMS 0x000000060c800000, 0x000000060c800000| Untracked 
|  86|0x000000060ca00000, 0x000000060ca00000, 0x000000060cc00000|  0%| F|  |TAMS 0x000000060ca00000, 0x000000060ca00000| Untracked 
|  87|0x000000060cc00000, 0x000000060cc00000, 0x000000060ce00000|  0%| F|  |TAMS 0x000000060cc00000, 0x000000060cc00000| Untracked 
|  88|0x000000060ce00000, 0x000000060ce00000, 0x000000060d000000|  0%| F|  |TAMS 0x000000060ce00000, 0x000000060ce00000| Untracked 
|  89|0x000000060d000000, 0x000000060d000000, 0x000000060d200000|  0%| F|  |TAMS 0x000000060d000000, 0x000000060d000000| Untracked 
|  90|0x000000060d200000, 0x000000060d200000, 0x000000060d400000|  0%| F|  |TAMS 0x000000060d200000, 0x000000060d200000| Untracked 
|  91|0x000000060d400000, 0x000000060d400000, 0x000000060d600000|  0%| F|  |TAMS 0x000000060d400000, 0x000000060d400000| Untracked 
|  92|0x000000060d600000, 0x000000060d600000, 0x000000060d800000|  0%| F|  |TAMS 0x000000060d600000, 0x000000060d600000| Untracked 
|  93|0x000000060d800000, 0x000000060d800000, 0x000000060da00000|  0%| F|  |TAMS 0x000000060d800000, 0x000000060d800000| Untracked 
|  94|0x000000060da00000, 0x000000060da00000, 0x000000060dc00000|  0%| F|  |TAMS 0x000000060da00000, 0x000000060da00000| Untracked 
|  95|0x000000060dc00000, 0x000000060dc00000, 0x000000060de00000|  0%| F|  |TAMS 0x000000060dc00000, 0x000000060dc00000| Untracked 
|  96|0x000000060de00000, 0x000000060de00000, 0x000000060e000000|  0%| F|  |TAMS 0x000000060de00000, 0x000000060de00000| Untracked 
|  97|0x000000060e000000, 0x000000060e000000, 0x000000060e200000|  0%| F|  |TAMS 0x000000060e000000, 0x000000060e000000| Untracked 
|  98|0x000000060e200000, 0x000000060e200000, 0x000000060e400000|  0%| F|  |TAMS 0x000000060e200000, 0x000000060e200000| Untracked 
|  99|0x000000060e400000, 0x000000060e400000, 0x000000060e600000|  0%| F|  |TAMS 0x000000060e400000, 0x000000060e400000| Untracked 
| 100|0x000000060e600000, 0x000000060e600000, 0x000000060e800000|  0%| F|  |TAMS 0x000000060e600000, 0x000000060e600000| Untracked 
| 101|0x000000060e800000, 0x000000060e800000, 0x000000060ea00000|  0%| F|  |TAMS 0x000000060e800000, 0x000000060e800000| Untracked 
| 102|0x000000060ea00000, 0x000000060ea00000, 0x000000060ec00000|  0%| F|  |TAMS 0x000000060ea00000, 0x000000060ea00000| Untracked 
| 103|0x000000060ec00000, 0x000000060ec00000, 0x000000060ee00000|  0%| F|  |TAMS 0x000000060ec00000, 0x000000060ec00000| Untracked 
| 104|0x000000060ee00000, 0x000000060ee00000, 0x000000060f000000|  0%| F|  |TAMS 0x000000060ee00000, 0x000000060ee00000| Untracked 
| 105|0x000000060f000000, 0x000000060f000000, 0x000000060f200000|  0%| F|  |TAMS 0x000000060f000000, 0x000000060f000000| Untracked 
| 106|0x000000060f200000, 0x000000060f200000, 0x000000060f400000|  0%| F|  |TAMS 0x000000060f200000, 0x000000060f200000| Untracked 
| 107|0x000000060f400000, 0x000000060f400000, 0x000000060f600000|  0%| F|  |TAMS 0x000000060f400000, 0x000000060f400000| Untracked 
| 108|0x000000060f600000, 0x000000060f600000, 0x000000060f800000|  0%| F|  |TAMS 0x000000060f600000, 0x000000060f600000| Untracked 
| 109|0x000000060f800000, 0x000000060f800000, 0x000000060fa00000|  0%| F|  |TAMS 0x000000060f800000, 0x000000060f800000| Untracked 
| 110|0x000000060fa00000, 0x000000060fa00000, 0x000000060fc00000|  0%| F|  |TAMS 0x000000060fa00000, 0x000000060fa00000| Untracked 
| 111|0x000000060fc00000, 0x000000060fc00000, 0x000000060fe00000|  0%| F|  |TAMS 0x000000060fc00000, 0x000000060fc00000| Untracked 
| 112|0x000000060fe00000, 0x000000060fe00000, 0x0000000610000000|  0%| F|  |TAMS 0x000000060fe00000, 0x000000060fe00000| Untracked 
| 113|0x0000000610000000, 0x0000000610000000, 0x0000000610200000|  0%| F|  |TAMS 0x0000000610000000, 0x0000000610000000| Untracked 
| 114|0x0000000610200000, 0x0000000610200000, 0x0000000610400000|  0%| F|  |TAMS 0x0000000610200000, 0x0000000610200000| Untracked 
| 115|0x0000000610400000, 0x0000000610400000, 0x0000000610600000|  0%| F|  |TAMS 0x0000000610400000, 0x0000000610400000| Untracked 
| 116|0x0000000610600000, 0x0000000610600000, 0x0000000610800000|  0%| F|  |TAMS 0x0000000610600000, 0x0000000610600000| Untracked 
| 117|0x0000000610800000, 0x0000000610800000, 0x0000000610a00000|  0%| F|  |TAMS 0x0000000610800000, 0x0000000610800000| Untracked 
| 118|0x0000000610a00000, 0x0000000610a00000, 0x0000000610c00000|  0%| F|  |TAMS 0x0000000610a00000, 0x0000000610a00000| Untracked 
| 119|0x0000000610c00000, 0x0000000610c00000, 0x0000000610e00000|  0%| F|  |TAMS 0x0000000610c00000, 0x0000000610c00000| Untracked 
| 120|0x0000000610e00000, 0x0000000610e00000, 0x0000000611000000|  0%| F|  |TAMS 0x0000000610e00000, 0x0000000610e00000| Untracked 
| 121|0x0000000611000000, 0x0000000611000000, 0x0000000611200000|  0%| F|  |TAMS 0x0000000611000000, 0x0000000611000000| Untracked 
| 122|0x0000000611200000, 0x0000000611200000, 0x0000000611400000|  0%| F|  |TAMS 0x0000000611200000, 0x0000000611200000| Untracked 
| 123|0x0000000611400000, 0x0000000611400000, 0x0000000611600000|  0%| F|  |TAMS 0x0000000611400000, 0x0000000611400000| Untracked 
| 124|0x0000000611600000, 0x0000000611600000, 0x0000000611800000|  0%| F|  |TAMS 0x0000000611600000, 0x0000000611600000| Untracked 
| 125|0x0000000611800000, 0x0000000611800000, 0x0000000611a00000|  0%| F|  |TAMS 0x0000000611800000, 0x0000000611800000| Untracked 
| 126|0x0000000611a00000, 0x0000000611a00000, 0x0000000611c00000|  0%| F|  |TAMS 0x0000000611a00000, 0x0000000611a00000| Untracked 
| 127|0x0000000611c00000, 0x0000000611c00000, 0x0000000611e00000|  0%| F|  |TAMS 0x0000000611c00000, 0x0000000611c00000| Untracked 
| 128|0x0000000611e00000, 0x0000000611e00000, 0x0000000612000000|  0%| F|  |TAMS 0x0000000611e00000, 0x0000000611e00000| Untracked 
| 129|0x0000000612000000, 0x0000000612000000, 0x0000000612200000|  0%| F|  |TAMS 0x0000000612000000, 0x0000000612000000| Untracked 
| 130|0x0000000612200000, 0x0000000612200000, 0x0000000612400000|  0%| F|  |TAMS 0x0000000612200000, 0x0000000612200000| Untracked 
| 131|0x0000000612400000, 0x0000000612400000, 0x0000000612600000|  0%| F|  |TAMS 0x0000000612400000, 0x0000000612400000| Untracked 
| 132|0x0000000612600000, 0x0000000612600000, 0x0000000612800000|  0%| F|  |TAMS 0x0000000612600000, 0x0000000612600000| Untracked 
| 133|0x0000000612800000, 0x0000000612800000, 0x0000000612a00000|  0%| F|  |TAMS 0x0000000612800000, 0x0000000612800000| Untracked 
| 134|0x0000000612a00000, 0x0000000612a00000, 0x0000000612c00000|  0%| F|  |TAMS 0x0000000612a00000, 0x0000000612a00000| Untracked 
| 135|0x0000000612c00000, 0x0000000612c00000, 0x0000000612e00000|  0%| F|  |TAMS 0x0000000612c00000, 0x0000000612c00000| Untracked 
| 136|0x0000000612e00000, 0x0000000612e00000, 0x0000000613000000|  0%| F|  |TAMS 0x0000000612e00000, 0x0000000612e00000| Untracked 
| 137|0x0000000613000000, 0x0000000613000000, 0x0000000613200000|  0%| F|  |TAMS 0x0000000613000000, 0x0000000613000000| Untracked 
| 138|0x0000000613200000, 0x0000000613200000, 0x0000000613400000|  0%| F|  |TAMS 0x0000000613200000, 0x0000000613200000| Untracked 
| 139|0x0000000613400000, 0x0000000613400000, 0x0000000613600000|  0%| F|  |TAMS 0x0000000613400000, 0x0000000613400000| Untracked 
| 140|0x0000000613600000, 0x0000000613600000, 0x0000000613800000|  0%| F|  |TAMS 0x0000000613600000, 0x0000000613600000| Untracked 
| 141|0x0000000613800000, 0x0000000613800000, 0x0000000613a00000|  0%| F|  |TAMS 0x0000000613800000, 0x0000000613800000| Untracked 
| 142|0x0000000613a00000, 0x0000000613a00000, 0x0000000613c00000|  0%| F|  |TAMS 0x0000000613a00000, 0x0000000613a00000| Untracked 
| 143|0x0000000613c00000, 0x0000000613c00000, 0x0000000613e00000|  0%| F|  |TAMS 0x0000000613c00000, 0x0000000613c00000| Untracked 
| 144|0x0000000613e00000, 0x0000000613e00000, 0x0000000614000000|  0%| F|  |TAMS 0x0000000613e00000, 0x0000000613e00000| Untracked 
| 145|0x0000000614000000, 0x0000000614000000, 0x0000000614200000|  0%| F|  |TAMS 0x0000000614000000, 0x0000000614000000| Untracked 
| 146|0x0000000614200000, 0x0000000614200000, 0x0000000614400000|  0%| F|  |TAMS 0x0000000614200000, 0x0000000614200000| Untracked 
| 147|0x0000000614400000, 0x0000000614400000, 0x0000000614600000|  0%| F|  |TAMS 0x0000000614400000, 0x0000000614400000| Untracked 
| 148|0x0000000614600000, 0x0000000614600000, 0x0000000614800000|  0%| F|  |TAMS 0x0000000614600000, 0x0000000614600000| Untracked 
| 149|0x0000000614800000, 0x0000000614800000, 0x0000000614a00000|  0%| F|  |TAMS 0x0000000614800000, 0x0000000614800000| Untracked 
| 150|0x0000000614a00000, 0x0000000614a00000, 0x0000000614c00000|  0%| F|  |TAMS 0x0000000614a00000, 0x0000000614a00000| Untracked 
| 151|0x0000000614c00000, 0x0000000614c00000, 0x0000000614e00000|  0%| F|  |TAMS 0x0000000614c00000, 0x0000000614c00000| Untracked 
| 152|0x0000000614e00000, 0x0000000614e00000, 0x0000000615000000|  0%| F|  |TAMS 0x0000000614e00000, 0x0000000614e00000| Untracked 
| 153|0x0000000615000000, 0x0000000615000000, 0x0000000615200000|  0%| F|  |TAMS 0x0000000615000000, 0x0000000615000000| Untracked 
| 154|0x0000000615200000, 0x0000000615200000, 0x0000000615400000|  0%| F|  |TAMS 0x0000000615200000, 0x0000000615200000| Untracked 
| 155|0x0000000615400000, 0x0000000615400000, 0x0000000615600000|  0%| F|  |TAMS 0x0000000615400000, 0x0000000615400000| Untracked 
| 156|0x0000000615600000, 0x0000000615600000, 0x0000000615800000|  0%| F|  |TAMS 0x0000000615600000, 0x0000000615600000| Untracked 
| 157|0x0000000615800000, 0x0000000615800000, 0x0000000615a00000|  0%| F|  |TAMS 0x0000000615800000, 0x0000000615800000| Untracked 
| 158|0x0000000615a00000, 0x0000000615a00000, 0x0000000615c00000|  0%| F|  |TAMS 0x0000000615a00000, 0x0000000615a00000| Untracked 
| 159|0x0000000615c00000, 0x0000000615c00000, 0x0000000615e00000|  0%| F|  |TAMS 0x0000000615c00000, 0x0000000615c00000| Untracked 
| 160|0x0000000615e00000, 0x0000000615e00000, 0x0000000616000000|  0%| F|  |TAMS 0x0000000615e00000, 0x0000000615e00000| Untracked 
| 161|0x0000000616000000, 0x0000000616000000, 0x0000000616200000|  0%| F|  |TAMS 0x0000000616000000, 0x0000000616000000| Untracked 
| 162|0x0000000616200000, 0x0000000616200000, 0x0000000616400000|  0%| F|  |TAMS 0x0000000616200000, 0x0000000616200000| Untracked 
| 163|0x0000000616400000, 0x0000000616400000, 0x0000000616600000|  0%| F|  |TAMS 0x0000000616400000, 0x0000000616400000| Untracked 
| 164|0x0000000616600000, 0x0000000616600000, 0x0000000616800000|  0%| F|  |TAMS 0x0000000616600000, 0x0000000616600000| Untracked 
| 165|0x0000000616800000, 0x0000000616800000, 0x0000000616a00000|  0%| F|  |TAMS 0x0000000616800000, 0x0000000616800000| Untracked 
| 166|0x0000000616a00000, 0x0000000616a00000, 0x0000000616c00000|  0%| F|  |TAMS 0x0000000616a00000, 0x0000000616a00000| Untracked 
| 167|0x0000000616c00000, 0x0000000616c00000, 0x0000000616e00000|  0%| F|  |TAMS 0x0000000616c00000, 0x0000000616c00000| Untracked 
| 168|0x0000000616e00000, 0x0000000616e00000, 0x0000000617000000|  0%| F|  |TAMS 0x0000000616e00000, 0x0000000616e00000| Untracked 
| 169|0x0000000617000000, 0x0000000617000000, 0x0000000617200000|  0%| F|  |TAMS 0x0000000617000000, 0x0000000617000000| Untracked 
| 170|0x0000000617200000, 0x0000000617200000, 0x0000000617400000|  0%| F|  |TAMS 0x0000000617200000, 0x0000000617200000| Untracked 
| 171|0x0000000617400000, 0x0000000617400000, 0x0000000617600000|  0%| F|  |TAMS 0x0000000617400000, 0x0000000617400000| Untracked 
| 172|0x0000000617600000, 0x0000000617600000, 0x0000000617800000|  0%| F|  |TAMS 0x0000000617600000, 0x0000000617600000| Untracked 
| 173|0x0000000617800000, 0x0000000617800000, 0x0000000617a00000|  0%| F|  |TAMS 0x0000000617800000, 0x0000000617800000| Untracked 
| 174|0x0000000617a00000, 0x0000000617a00000, 0x0000000617c00000|  0%| F|  |TAMS 0x0000000617a00000, 0x0000000617a00000| Untracked 
| 175|0x0000000617c00000, 0x0000000617c00000, 0x0000000617e00000|  0%| F|  |TAMS 0x0000000617c00000, 0x0000000617c00000| Untracked 
| 176|0x0000000617e00000, 0x0000000617e00000, 0x0000000618000000|  0%| F|  |TAMS 0x0000000617e00000, 0x0000000617e00000| Untracked 
| 177|0x0000000618000000, 0x0000000618000000, 0x0000000618200000|  0%| F|  |TAMS 0x0000000618000000, 0x0000000618000000| Untracked 
| 178|0x0000000618200000, 0x0000000618200000, 0x0000000618400000|  0%| F|  |TAMS 0x0000000618200000, 0x0000000618200000| Untracked 
| 179|0x0000000618400000, 0x0000000618400000, 0x0000000618600000|  0%| F|  |TAMS 0x0000000618400000, 0x0000000618400000| Untracked 
| 180|0x0000000618600000, 0x0000000618600000, 0x0000000618800000|  0%| F|  |TAMS 0x0000000618600000, 0x0000000618600000| Untracked 
| 181|0x0000000618800000, 0x0000000618800000, 0x0000000618a00000|  0%| F|  |TAMS 0x0000000618800000, 0x0000000618800000| Untracked 
| 182|0x0000000618a00000, 0x0000000618a00000, 0x0000000618c00000|  0%| F|  |TAMS 0x0000000618a00000, 0x0000000618a00000| Untracked 
| 183|0x0000000618c00000, 0x0000000618c00000, 0x0000000618e00000|  0%| F|  |TAMS 0x0000000618c00000, 0x0000000618c00000| Untracked 
| 184|0x0000000618e00000, 0x0000000618e00000, 0x0000000619000000|  0%| F|  |TAMS 0x0000000618e00000, 0x0000000618e00000| Untracked 
| 185|0x0000000619000000, 0x0000000619000000, 0x0000000619200000|  0%| F|  |TAMS 0x0000000619000000, 0x0000000619000000| Untracked 
| 186|0x0000000619200000, 0x0000000619200000, 0x0000000619400000|  0%| F|  |TAMS 0x0000000619200000, 0x0000000619200000| Untracked 
| 187|0x0000000619400000, 0x0000000619400000, 0x0000000619600000|  0%| F|  |TAMS 0x0000000619400000, 0x0000000619400000| Untracked 
| 188|0x0000000619600000, 0x0000000619600000, 0x0000000619800000|  0%| F|  |TAMS 0x0000000619600000, 0x0000000619600000| Untracked 
| 189|0x0000000619800000, 0x0000000619800000, 0x0000000619a00000|  0%| F|  |TAMS 0x0000000619800000, 0x0000000619800000| Untracked 
| 190|0x0000000619a00000, 0x0000000619a00000, 0x0000000619c00000|  0%| F|  |TAMS 0x0000000619a00000, 0x0000000619a00000| Untracked 
| 191|0x0000000619c00000, 0x0000000619c00000, 0x0000000619e00000|  0%| F|  |TAMS 0x0000000619c00000, 0x0000000619c00000| Untracked 
| 192|0x0000000619e00000, 0x0000000619e00000, 0x000000061a000000|  0%| F|  |TAMS 0x0000000619e00000, 0x0000000619e00000| Untracked 
| 193|0x000000061a000000, 0x000000061a000000, 0x000000061a200000|  0%| F|  |TAMS 0x000000061a000000, 0x000000061a000000| Untracked 
| 194|0x000000061a200000, 0x000000061a200000, 0x000000061a400000|  0%| F|  |TAMS 0x000000061a200000, 0x000000061a200000| Untracked 
| 195|0x000000061a400000, 0x000000061a400000, 0x000000061a600000|  0%| F|  |TAMS 0x000000061a400000, 0x000000061a400000| Untracked 
| 196|0x000000061a600000, 0x000000061a600000, 0x000000061a800000|  0%| F|  |TAMS 0x000000061a600000, 0x000000061a600000| Untracked 
| 197|0x000000061a800000, 0x000000061a800000, 0x000000061aa00000|  0%| F|  |TAMS 0x000000061a800000, 0x000000061a800000| Untracked 
| 198|0x000000061aa00000, 0x000000061aa00000, 0x000000061ac00000|  0%| F|  |TAMS 0x000000061aa00000, 0x000000061aa00000| Untracked 
| 199|0x000000061ac00000, 0x000000061ac00000, 0x000000061ae00000|  0%| F|  |TAMS 0x000000061ac00000, 0x000000061ac00000| Untracked 
| 200|0x000000061ae00000, 0x000000061ae00000, 0x000000061b000000|  0%| F|  |TAMS 0x000000061ae00000, 0x000000061ae00000| Untracked 
| 201|0x000000061b000000, 0x000000061b000000, 0x000000061b200000|  0%| F|  |TAMS 0x000000061b000000, 0x000000061b000000| Untracked 
| 202|0x000000061b200000, 0x000000061b200000, 0x000000061b400000|  0%| F|  |TAMS 0x000000061b200000, 0x000000061b200000| Untracked 
| 203|0x000000061b400000, 0x000000061b400000, 0x000000061b600000|  0%| F|  |TAMS 0x000000061b400000, 0x000000061b400000| Untracked 
| 204|0x000000061b600000, 0x000000061b600000, 0x000000061b800000|  0%| F|  |TAMS 0x000000061b600000, 0x000000061b600000| Untracked 
| 205|0x000000061b800000, 0x000000061b800000, 0x000000061ba00000|  0%| F|  |TAMS 0x000000061b800000, 0x000000061b800000| Untracked 
| 206|0x000000061ba00000, 0x000000061ba00000, 0x000000061bc00000|  0%| F|  |TAMS 0x000000061ba00000, 0x000000061ba00000| Untracked 
| 207|0x000000061bc00000, 0x000000061bc00000, 0x000000061be00000|  0%| F|  |TAMS 0x000000061bc00000, 0x000000061bc00000| Untracked 
| 208|0x000000061be00000, 0x000000061be00000, 0x000000061c000000|  0%| F|  |TAMS 0x000000061be00000, 0x000000061be00000| Untracked 
| 209|0x000000061c000000, 0x000000061c000000, 0x000000061c200000|  0%| F|  |TAMS 0x000000061c000000, 0x000000061c000000| Untracked 
| 210|0x000000061c200000, 0x000000061c200000, 0x000000061c400000|  0%| F|  |TAMS 0x000000061c200000, 0x000000061c200000| Untracked 
| 211|0x000000061c400000, 0x000000061c400000, 0x000000061c600000|  0%| F|  |TAMS 0x000000061c400000, 0x000000061c400000| Untracked 
| 212|0x000000061c600000, 0x000000061c600000, 0x000000061c800000|  0%| F|  |TAMS 0x000000061c600000, 0x000000061c600000| Untracked 
| 213|0x000000061c800000, 0x000000061c800000, 0x000000061ca00000|  0%| F|  |TAMS 0x000000061c800000, 0x000000061c800000| Untracked 
| 214|0x000000061ca00000, 0x000000061ca00000, 0x000000061cc00000|  0%| F|  |TAMS 0x000000061ca00000, 0x000000061ca00000| Untracked 
| 215|0x000000061cc00000, 0x000000061cc00000, 0x000000061ce00000|  0%| F|  |TAMS 0x000000061cc00000, 0x000000061cc00000| Untracked 
| 216|0x000000061ce00000, 0x000000061ce00000, 0x000000061d000000|  0%| F|  |TAMS 0x000000061ce00000, 0x000000061ce00000| Untracked 
| 217|0x000000061d000000, 0x000000061d000000, 0x000000061d200000|  0%| F|  |TAMS 0x000000061d000000, 0x000000061d000000| Untracked 
| 218|0x000000061d200000, 0x000000061d200000, 0x000000061d400000|  0%| F|  |TAMS 0x000000061d200000, 0x000000061d200000| Untracked 
| 219|0x000000061d400000, 0x000000061d400000, 0x000000061d600000|  0%| F|  |TAMS 0x000000061d400000, 0x000000061d400000| Untracked 
| 220|0x000000061d600000, 0x000000061d600000, 0x000000061d800000|  0%| F|  |TAMS 0x000000061d600000, 0x000000061d600000| Untracked 
| 221|0x000000061d800000, 0x000000061d800000, 0x000000061da00000|  0%| F|  |TAMS 0x000000061d800000, 0x000000061d800000| Untracked 
| 222|0x000000061da00000, 0x000000061da00000, 0x000000061dc00000|  0%| F|  |TAMS 0x000000061da00000, 0x000000061da00000| Untracked 
| 223|0x000000061dc00000, 0x000000061dc00000, 0x000000061de00000|  0%| F|  |TAMS 0x000000061dc00000, 0x000000061dc00000| Untracked 
| 224|0x000000061de00000, 0x000000061de00000, 0x000000061e000000|  0%| F|  |TAMS 0x000000061de00000, 0x000000061de00000| Untracked 
| 225|0x000000061e000000, 0x000000061e000000, 0x000000061e200000|  0%| F|  |TAMS 0x000000061e000000, 0x000000061e000000| Untracked 
| 226|0x000000061e200000, 0x000000061e200000, 0x000000061e400000|  0%| F|  |TAMS 0x000000061e200000, 0x000000061e200000| Untracked 
| 227|0x000000061e400000, 0x000000061e400000, 0x000000061e600000|  0%| F|  |TAMS 0x000000061e400000, 0x000000061e400000| Untracked 
| 228|0x000000061e600000, 0x000000061e600000, 0x000000061e800000|  0%| F|  |TAMS 0x000000061e600000, 0x000000061e600000| Untracked 
| 229|0x000000061e800000, 0x000000061e800000, 0x000000061ea00000|  0%| F|  |TAMS 0x000000061e800000, 0x000000061e800000| Untracked 
| 230|0x000000061ea00000, 0x000000061ea00000, 0x000000061ec00000|  0%| F|  |TAMS 0x000000061ea00000, 0x000000061ea00000| Untracked 
| 231|0x000000061ec00000, 0x000000061ec00000, 0x000000061ee00000|  0%| F|  |TAMS 0x000000061ec00000, 0x000000061ec00000| Untracked 
| 232|0x000000061ee00000, 0x000000061ee00000, 0x000000061f000000|  0%| F|  |TAMS 0x000000061ee00000, 0x000000061ee00000| Untracked 
| 233|0x000000061f000000, 0x000000061f000000, 0x000000061f200000|  0%| F|  |TAMS 0x000000061f000000, 0x000000061f000000| Untracked 
| 234|0x000000061f200000, 0x000000061f200000, 0x000000061f400000|  0%| F|  |TAMS 0x000000061f200000, 0x000000061f200000| Untracked 
| 235|0x000000061f400000, 0x000000061f400000, 0x000000061f600000|  0%| F|  |TAMS 0x000000061f400000, 0x000000061f400000| Untracked 
| 236|0x000000061f600000, 0x000000061f600000, 0x000000061f800000|  0%| F|  |TAMS 0x000000061f600000, 0x000000061f600000| Untracked 
| 237|0x000000061f800000, 0x000000061f800000, 0x000000061fa00000|  0%| F|  |TAMS 0x000000061f800000, 0x000000061f800000| Untracked 
| 238|0x000000061fa00000, 0x000000061fa00000, 0x000000061fc00000|  0%| F|  |TAMS 0x000000061fa00000, 0x000000061fa00000| Untracked 
| 239|0x000000061fc00000, 0x000000061fc00000, 0x000000061fe00000|  0%| F|  |TAMS 0x000000061fc00000, 0x000000061fc00000| Untracked 
| 240|0x000000061fe00000, 0x000000061fe00000, 0x0000000620000000|  0%| F|  |TAMS 0x000000061fe00000, 0x000000061fe00000| Untracked 
| 241|0x0000000620000000, 0x0000000620000000, 0x0000000620200000|  0%| F|  |TAMS 0x0000000620000000, 0x0000000620000000| Untracked 
| 242|0x0000000620200000, 0x0000000620200000, 0x0000000620400000|  0%| F|  |TAMS 0x0000000620200000, 0x0000000620200000| Untracked 
| 243|0x0000000620400000, 0x0000000620400000, 0x0000000620600000|  0%| F|  |TAMS 0x0000000620400000, 0x0000000620400000| Untracked 
| 244|0x0000000620600000, 0x0000000620600000, 0x0000000620800000|  0%| F|  |TAMS 0x0000000620600000, 0x0000000620600000| Untracked 
| 245|0x0000000620800000, 0x0000000620800000, 0x0000000620a00000|  0%| F|  |TAMS 0x0000000620800000, 0x0000000620800000| Untracked 
| 246|0x0000000620a00000, 0x0000000620a00000, 0x0000000620c00000|  0%| F|  |TAMS 0x0000000620a00000, 0x0000000620a00000| Untracked 
| 247|0x0000000620c00000, 0x0000000620d71390, 0x0000000620e00000| 72%| E|  |TAMS 0x0000000620c00000, 0x0000000620c00000| Complete 
| 248|0x0000000620e00000, 0x0000000621000000, 0x0000000621000000|100%| E|CS|TAMS 0x0000000620e00000, 0x0000000620e00000| Complete 
| 249|0x0000000621000000, 0x0000000621200000, 0x0000000621200000|100%| E|CS|TAMS 0x0000000621000000, 0x0000000621000000| Complete 
| 250|0x0000000621200000, 0x0000000621400000, 0x0000000621400000|100%| E|CS|TAMS 0x0000000621200000, 0x0000000621200000| Complete 
| 251|0x0000000621400000, 0x00000006215ff920, 0x0000000621600000| 99%| E|  |TAMS 0x0000000621400000, 0x0000000621400000| Complete 
| 252|0x0000000621600000, 0x0000000621800000, 0x0000000621800000|100%| E|CS|TAMS 0x0000000621600000, 0x0000000621600000| Complete 
| 253|0x0000000621800000, 0x0000000621a00000, 0x0000000621a00000|100%| E|CS|TAMS 0x0000000621800000, 0x0000000621800000| Complete 
| 254|0x0000000621a00000, 0x0000000621c00000, 0x0000000621c00000|100%| E|CS|TAMS 0x0000000621a00000, 0x0000000621a00000| Complete 
| 255|0x0000000621c00000, 0x0000000621e00000, 0x0000000621e00000|100%| E|CS|TAMS 0x0000000621c00000, 0x0000000621c00000| Complete 

Card table byte_map: [0x00000214a47e0000,0x00000214a57e0000] _byte_map_base: 0x00000214a17d1000

Marking Bits (Prev, Next): (CMBitMap*) 0x000002148bbb6bd8, (CMBitMap*) 0x000002148bbb6c10
 Prev Bits: [0x00000214a67e0000, 0x00000214ae768000)
 Next Bits: [0x00000214ae770000, 0x00000214b66f8000)

Polling page: 0x0000021489aa0000

Metaspace:

Usage:
  Non-class:     11.69 MB capacity,    11.51 MB ( 98%) used,   174.73 KB (  1%) free+waste,    18.31 KB ( <1%) overhead. 
      Class:      1.09 MB capacity,  1018.66 KB ( 91%) used,    88.16 KB (  8%) free+waste,     8.19 KB ( <1%) overhead. 
       Both:     12.78 MB capacity,    12.50 MB ( 98%) used,   262.88 KB (  2%) free+waste,    26.50 KB ( <1%) overhead. 

Virtual space:
  Non-class space:       12.00 MB reserved,      11.75 MB ( 98%) committed 
      Class space:        1.00 GB reserved,       1.13 MB ( <1%) committed 
             Both:        1.01 GB reserved,      12.88 MB (  1%) committed 

Chunk freelists:
   Non-Class:  57.00 KB
       Class:  5.00 KB
        Both:  62.00 KB

MaxMetaspaceSize: 17179869184.00 GB
CompressedClassSpaceSize: 1.00 GB
Initial GC threshold: 20.80 MB
Current GC threshold: 20.80 MB
CDS: off

CodeHeap 'non-profiled nmethods': size=120000Kb used=335Kb max_used=335Kb free=119664Kb
 bounds [0x000002149bd40000, 0x000002149bfb0000, 0x00000214a3270000]
CodeHeap 'profiled nmethods': size=120000Kb used=1629Kb max_used=1629Kb free=118370Kb
 bounds [0x0000021494810000, 0x0000021494a80000, 0x000002149bd40000]
CodeHeap 'non-nmethods': size=5760Kb used=1603Kb max_used=1619Kb free=4156Kb
 bounds [0x0000021494270000, 0x00000214944e0000, 0x0000021494810000]
 total_blobs=2017 nmethods=1012 adapters=918
 compilation: enabled
              stopped_count=0, restarted_count=0
 full_count=0

Compilation events (20 events):
Event: 9.877 Thread 0x00000214b9e55800 1003       3       game.menu.Menu::Render (45 bytes)
Event: 9.878 Thread 0x00000214b9e55800 nmethod 1003 0x00000214949a5690 code [0x00000214949a5900, 0x00000214949a6138]
Event: 9.878 Thread 0x00000214b9e55800 1004       3       renderer.Texture::Bind (18 bytes)
Event: 9.878 Thread 0x00000214b9e55800 nmethod 1004 0x00000214949a6490 code [0x00000214949a6660, 0x00000214949a6878]
Event: 10.493 Thread 0x00000214b9e55800 1005       3       sun.misc.Unsafe::getInt (9 bytes)
Event: 10.493 Thread 0x00000214b9e55800 nmethod 1005 0x00000214949a6990 code [0x00000214949a6b40, 0x00000214949a6c38]
Event: 10.944 Thread 0x00000214b9e55800 1006       3       org.lwjgl.system.MemoryUtil::memGetInt (9 bytes)
Event: 10.944 Thread 0x00000214b9e55800 nmethod 1006 0x00000214949a6d10 code [0x00000214949a6ec0, 0x00000214949a7098]
Event: 13.875 Thread 0x00000214b9e51000 1007       4       java.nio.MappedByteBuffer::flip (5 bytes)
Event: 13.876 Thread 0x00000214b9e51000 nmethod 1007 0x000002149bd92190 code [0x000002149bd92320, 0x000002149bd92398]
Event: 14.407 Thread 0x00000214b9e51000 1008       4       org.lwjgl.system.APIUtil::apiGetMappedBuffer (51 bytes)
Event: 14.408 Thread 0x00000214b9e51000 nmethod 1008 0x000002149bd92490 code [0x000002149bd92620, 0x000002149bd926d8]
Event: 14.708 Thread 0x00000214b9e51000 1009       4       java.nio.MappedByteBuffer::clear (5 bytes)
Event: 14.709 Thread 0x00000214b9e51000 nmethod 1009 0x000002149bd92810 code [0x000002149bd929a0, 0x000002149bd92a18]
Event: 14.977 Thread 0x00000214b9e51000 1010       4       java.util.ArrayList$Itr::hasNext (20 bytes)
Event: 14.978 Thread 0x00000214b9e51000 nmethod 1010 0x000002149bd92b10 code [0x000002149bd92ca0, 0x000002149bd92d38]
Event: 17.059 Thread 0x00000214b9e51000 1011       4       Managers.Renderer::Present (222 bytes)
Event: 17.063 Thread 0x00000214b9e51000 nmethod 1011 0x000002149bd92e10 code [0x000002149bd930a0, 0x000002149bd93648]
Event: 19.348 Thread 0x00000214b9e55800 1012       3       java.util.concurrent.ConcurrentHashMap::sumCount (60 bytes)
Event: 19.348 Thread 0x00000214b9e55800 nmethod 1012 0x00000214949a7190 code [0x00000214949a7340, 0x00000214949a7598]

GC Heap History (0 events):
No events

Deoptimization events (20 events):
Event: 0.094 Thread 0x000002148bb31000 DEOPT PACKING pc=0x000002149bd4451c sp=0x000000235a7fd5b0
Event: 0.094 Thread 0x000002148bb31000 DEOPT UNPACKING pc=0x00000214942ba1af sp=0x000000235a7fd548 mode 2
Event: 0.165 Thread 0x000002148bb31000 DEOPT PACKING pc=0x0000021494845e68 sp=0x000000235a7f9890
Event: 0.165 Thread 0x000002148bb31000 DEOPT UNPACKING pc=0x00000214942ba95e sp=0x000000235a7f8ce8 mode 0
Event: 0.183 Thread 0x000002148bb31000 DEOPT PACKING pc=0x000002149484fd42 sp=0x000000235a7f7c80
Event: 0.183 Thread 0x000002148bb31000 DEOPT UNPACKING pc=0x00000214942ba95e sp=0x000000235a7f70e8 mode 0
Event: 0.192 Thread 0x000002148bb31000 DEOPT PACKING pc=0x0000021494837150 sp=0x000000235a7f83b0
Event: 0.192 Thread 0x000002148bb31000 DEOPT UNPACKING pc=0x00000214942ba95e sp=0x000000235a7f7850 mode 0
Event: 0.524 Thread 0x000002148bb31000 Uncommon trap: trap_request=0xffffff5c fr.pc=0x000002149bd68b78 relative=0x0000000000000058
Event: 0.524 Thread 0x000002148bb31000 Uncommon trap: reason=speculate_null_assert action=make_not_entrant pc=0x000002149bd68b78 method=sun.misc.Unsafe.getLong(Ljava/lang/Object;J)J @ 5 c2
Event: 0.524 Thread 0x000002148bb31000 DEOPT PACKING pc=0x000002149bd68b78 sp=0x000000235a7fec60
Event: 0.524 Thread 0x000002148bb31000 DEOPT UNPACKING pc=0x00000214942ba1af sp=0x000000235a7febe8 mode 2
Event: 0.736 Thread 0x000002148bb31000 DEOPT PACKING pc=0x000002149484e6ff sp=0x000000235a7fde10
Event: 0.736 Thread 0x000002148bb31000 DEOPT UNPACKING pc=0x00000214942ba95e sp=0x000000235a7fd260 mode 0
Event: 1.327 Thread 0x000002148bb31000 DEOPT PACKING pc=0x000002149497d34e sp=0x000000235a7feb10
Event: 1.327 Thread 0x000002148bb31000 DEOPT UNPACKING pc=0x00000214942ba95e sp=0x000000235a7fe018 mode 0
Event: 1.331 Thread 0x000002148bb31000 Uncommon trap: trap_request=0xffffff4d fr.pc=0x000002149bd8804c relative=0x000000000000076c
Event: 1.331 Thread 0x000002148bb31000 Uncommon trap: reason=unstable_if action=reinterpret pc=0x000002149bd8804c method=org.sqlite.SQLiteJDBCLoader.contentsEquals(Ljava/io/InputStream;Ljava/io/InputStream;)Z @ 39 c2
Event: 1.331 Thread 0x000002148bb31000 DEOPT PACKING pc=0x000002149bd8804c sp=0x000000235a7feb40
Event: 1.331 Thread 0x000002148bb31000 DEOPT UNPACKING pc=0x00000214942ba1af sp=0x000000235a7feb18 mode 2

Classes redefined (0 events):
No events

Internal exceptions (20 events):
Event: 0.241 Thread 0x000002148bb31000 Exception <a 'java/security/PrivilegedActionException'{0x0000000621927670}> (0x0000000621927670) thrown at [./src/hotspot/share/prims/jvm.cpp, line 1306]
Event: 0.241 Thread 0x000002148bb31000 Exception <a 'java/security/PrivilegedActionException'{0x0000000621927940}> (0x0000000621927940) thrown at [./src/hotspot/share/prims/jvm.cpp, line 1306]
Event: 0.241 Thread 0x000002148bb31000 Exception <a 'java/security/PrivilegedActionException'{0x0000000621929780}> (0x0000000621929780) thrown at [./src/hotspot/share/prims/jvm.cpp, line 1306]
Event: 0.241 Thread 0x000002148bb31000 Exception <a 'java/security/PrivilegedActionException'{0x0000000621929a50}> (0x0000000621929a50) thrown at [./src/hotspot/share/prims/jvm.cpp, line 1306]
Event: 0.241 Thread 0x000002148bb31000 Exception <a 'java/security/PrivilegedActionException'{0x000000062192b890}> (0x000000062192b890) thrown at [./src/hotspot/share/prims/jvm.cpp, line 1306]
Event: 0.241 Thread 0x000002148bb31000 Exception <a 'java/security/PrivilegedActionException'{0x000000062192bb60}> (0x000000062192bb60) thrown at [./src/hotspot/share/prims/jvm.cpp, line 1306]
Event: 0.241 Thread 0x000002148bb31000 Exception <a 'java/security/PrivilegedActionException'{0x000000062192d950}> (0x000000062192d950) thrown at [./src/hotspot/share/prims/jvm.cpp, line 1306]
Event: 0.241 Thread 0x000002148bb31000 Exception <a 'java/security/PrivilegedActionException'{0x000000062192dc20}> (0x000000062192dc20) thrown at [./src/hotspot/share/prims/jvm.cpp, line 1306]
Event: 0.264 Thread 0x000002148bb31000 Exception <a 'sun/nio/fs/WindowsException'{0x0000000621635ba8}> (0x0000000621635ba8) thrown at [./src/hotspot/share/prims/jni.cpp, line 616]
Event: 0.264 Thread 0x000002148bb31000 Exception <a 'sun/nio/fs/WindowsException'{0x0000000621635f08}> (0x0000000621635f08) thrown at [./src/hotspot/share/prims/jni.cpp, line 616]
Event: 0.484 Thread 0x000002148bb31000 Exception <a 'sun/nio/fs/WindowsException'{0x00000006216e8330}> (0x00000006216e8330) thrown at [./src/hotspot/share/prims/jni.cpp, line 616]
Event: 0.484 Thread 0x000002148bb31000 Exception <a 'sun/nio/fs/WindowsException'{0x00000006216e86d8}> (0x00000006216e86d8) thrown at [./src/hotspot/share/prims/jni.cpp, line 616]
Event: 0.488 Thread 0x000002148bb31000 Exception <a 'sun/nio/fs/WindowsException'{0x0000000621700440}> (0x0000000621700440) thrown at [./src/hotspot/share/prims/jni.cpp, line 616]
Event: 0.488 Thread 0x000002148bb31000 Exception <a 'sun/nio/fs/WindowsException'{0x0000000621700720}> (0x0000000621700720) thrown at [./src/hotspot/share/prims/jni.cpp, line 616]
Event: 0.550 Thread 0x000002148bb31000 Exception <a 'java/lang/NoSuchMethodError'{0x00000006217f7cb8}: 'void java.lang.invoke.DirectMethodHandle$Holder.invokeStaticInit(java.lang.Object, long, int, int, int, int)'> (0x00000006217f7cb8) thrown at [./src/hotspot/share/interpreter/linkResolver.cpp, line 773]
Event: 0.552 Thread 0x000002148bb31000 Exception <a 'java/lang/NoSuchMethodError'{0x00000006214081c8}: 'void java.lang.invoke.DirectMethodHandle$Holder.invokeStatic(java.lang.Object, long, int, int)'> (0x00000006214081c8) thrown at [./src/hotspot/share/interpreter/linkResolver.cpp, line 773]
Event: 0.625 Thread 0x000002148bb31000 Exception <a 'sun/nio/fs/WindowsException'{0x00000006215abca8}> (0x00000006215abca8) thrown at [./src/hotspot/share/prims/jni.cpp, line 616]
Event: 0.625 Thread 0x000002148bb31000 Exception <a 'sun/nio/fs/WindowsException'{0x00000006215ac028}> (0x00000006215ac028) thrown at [./src/hotspot/share/prims/jni.cpp, line 616]
Event: 0.872 Thread 0x000002148bb31000 Exception <a 'java/lang/NoSuchMethodError'{0x0000000620f7aa00}: 'java.lang.Object java.lang.invoke.DirectMethodHandle$Holder.invokeStaticInit(java.lang.Object, int, int, int, int)'> (0x0000000620f7aa00) thrown at [./src/hotspot/share/interpreter/linkResolver.cpp, line 773]
Event: 1.255 Thread 0x000002148bb31000 Exception <a 'java/lang/NoSuchMethodError'{0x0000000620c31bd0}: 'java.lang.Object java.lang.invoke.DirectMethodHandle$Holder.invokeStaticInit(java.lang.Object, java.lang.Object, int, int, int, int)'> (0x0000000620c31bd0) thrown at [./src/hotspot/share/interpreter/linkResolver.cpp, line 773]

Events (20 events):
Event: 1.363 loading class Managers/Renderer$1
Event: 1.363 loading class Managers/Renderer$1 done
Event: 1.696 Loaded shared library C:\Users\bqrry\AppData\Local\Temp\lwjglBqrry\3.3.1-build-7\lwjgl.dll
Event: 1.713 Loaded shared library C:\Users\bqrry\AppData\Local\Temp\lwjglBqrry\3.3.1-build-7\lwjgl_opengl.dll
Event: 1.719 Loaded shared library C:\Users\bqrry\AppData\Local\Temp\lwjglBqrry\3.3.1-build-7\lwjgl_opengl.dll
Event: 2.031 Loaded shared library C:\Users\bqrry\AppData\Local\Temp\lwjglBqrry\3.3.1-build-7\lwjgl_opengl.dll
Event: 2.047 Loaded shared library C:\Users\bqrry\AppData\Local\Temp\lwjglBqrry\3.3.1-build-7\lwjgl_opengl.dll
Event: 2.061 Loaded shared library C:\Users\bqrry\AppData\Local\Temp\lwjglBqrry\3.3.1-build-7\lwjgl_opengl.dll
Event: 2.069 Loaded shared library C:\Users\bqrry\AppData\Local\Temp\lwjglBqrry\3.3.1-build-7\lwjgl_opengl.dll
Event: 2.415 Loaded shared library C:\Users\bqrry\AppData\Local\Temp\lwjglBqrry\3.3.1-build-7\lwjgl_opengl.dll
Event: 2.421 Loaded shared library C:\Users\bqrry\AppData\Local\Temp\lwjglBqrry\3.3.1-build-7\lwjgl_opengl.dll
Event: 2.428 Loaded shared library C:\Users\bqrry\AppData\Local\Temp\lwjglBqrry\3.3.1-build-7\lwjgl_opengl.dll
Event: 2.434 Loaded shared library C:\Users\bqrry\AppData\Local\Temp\lwjglBqrry\3.3.1-build-7\lwjgl_opengl.dll
Event: 4.677 Loaded shared library C:\Users\bqrry\.jdks\corretto-11.0.14.1\bin\java.dll
Event: 5.595 Loaded shared library C:\Users\bqrry\AppData\Local\Temp\lwjglBqrry\3.3.1-build-7\lwjgl.dll
Event: 5.597 Loaded shared library C:\Users\bqrry\AppData\Local\Temp\lwjglBqrry\3.3.1-build-7\lwjgl.dll
Event: 7.745 Loaded shared library C:\Users\bqrry\AppData\Local\Temp\lwjglBqrry\3.3.1-build-7\lwjgl.dll
Event: 7.765 Loaded shared library C:\Users\bqrry\AppData\Local\Temp\lwjglBqrry\3.3.1-build-7\lwjgl_opengl.dll
Event: 19.347 loading class org/lwjgl/glfw/Callbacks
Event: 19.347 loading class org/lwjgl/glfw/Callbacks done


Dynamic libraries:
0x00007ff697470000 - 0x00007ff69747d000 	C:\Users\bqrry\.jdks\corretto-11.0.14.1\bin\java.exe
0x00007ffb44b30000 - 0x00007ffb44d25000 	C:\Windows\SYSTEM32\ntdll.dll
0x00007ffb43a30000 - 0x00007ffb43aed000 	C:\Windows\System32\KERNEL32.DLL
0x00007ffb427a0000 - 0x00007ffb42a6d000 	C:\Windows\System32\KERNELBASE.dll
0x00007ffb42670000 - 0x00007ffb42770000 	C:\Windows\System32\ucrtbase.dll
0x00007ffb3ccd0000 - 0x00007ffb3cce7000 	C:\Users\bqrry\.jdks\corretto-11.0.14.1\bin\jli.dll
0x00007ffb3c6b0000 - 0x00007ffb3c6c9000 	C:\Users\bqrry\.jdks\corretto-11.0.14.1\bin\VCRUNTIME140.dll
0x00007ffb431d0000 - 0x00007ffb43370000 	C:\Windows\System32\USER32.dll
0x00007ffb29110000 - 0x00007ffb293aa000 	C:\Windows\WinSxS\amd64_microsoft.windows.common-controls_6595b64144ccf1df_6.0.19041.1110_none_60b5254171f9507e\COMCTL32.dll
0x00007ffb42b50000 - 0x00007ffb42b72000 	C:\Windows\System32\win32u.dll
0x00007ffb44150000 - 0x00007ffb441ee000 	C:\Windows\System32\msvcrt.dll
0x00007ffb42d80000 - 0x00007ffb42daa000 	C:\Windows\System32\GDI32.dll
0x00007ffb42360000 - 0x00007ffb4246b000 	C:\Windows\System32\gdi32full.dll
0x00007ffb425d0000 - 0x00007ffb4266d000 	C:\Windows\System32\msvcp_win.dll
0x00007ffb435f0000 - 0x00007ffb43620000 	C:\Windows\System32\IMM32.DLL
0x00007ffb1dc90000 - 0x00007ffb1dd2b000 	C:\Users\bqrry\.jdks\corretto-11.0.14.1\bin\msvcp140.dll
0x00007ffafef80000 - 0x00007ffaffb03000 	C:\Users\bqrry\.jdks\corretto-11.0.14.1\bin\server\jvm.dll
0x00007ffb43850000 - 0x00007ffb438fe000 	C:\Windows\System32\ADVAPI32.dll
0x00007ffb43af0000 - 0x00007ffb43b8c000 	C:\Windows\System32\sechost.dll
0x00007ffb43900000 - 0x00007ffb43a25000 	C:\Windows\System32\RPCRT4.dll
0x00007ffb43b90000 - 0x00007ffb43b98000 	C:\Windows\System32\PSAPI.DLL
0x00007ffb3d8d0000 - 0x00007ffb3d8d9000 	C:\Windows\SYSTEM32\WSOCK32.dll
0x00007ffb38dc0000 - 0x00007ffb38de7000 	C:\Windows\SYSTEM32\WINMM.dll
0x00007ffb3b420000 - 0x00007ffb3b42a000 	C:\Windows\SYSTEM32\VERSION.dll
0x00007ffb43710000 - 0x00007ffb4377b000 	C:\Windows\System32\WS2_32.dll
0x00007ffb40a90000 - 0x00007ffb40aa2000 	C:\Windows\SYSTEM32\kernel.appcore.dll
0x00007ffb3cc60000 - 0x00007ffb3cc70000 	C:\Users\bqrry\.jdks\corretto-11.0.14.1\bin\verify.dll
0x00007ffb3ff60000 - 0x00007ffb40144000 	C:\Windows\SYSTEM32\DBGHELP.DLL
0x00007ffb32410000 - 0x00007ffb3243c000 	C:\Windows\SYSTEM32\dbgcore.DLL
0x00007ffb42a70000 - 0x00007ffb42af2000 	C:\Windows\System32\bcryptPrimitives.dll
0x00007ffb2b5f0000 - 0x00007ffb2b618000 	C:\Users\bqrry\.jdks\corretto-11.0.14.1\bin\java.dll
0x00007ffb3ab00000 - 0x00007ffb3ab0a000 	C:\Users\bqrry\.jdks\corretto-11.0.14.1\bin\jimage.dll
0x00007ffb39e70000 - 0x00007ffb39e88000 	C:\Users\bqrry\.jdks\corretto-11.0.14.1\bin\zip.dll
0x00007ffb443a0000 - 0x00007ffb44ae4000 	C:\Windows\System32\SHELL32.dll
0x00007ffb402e0000 - 0x00007ffb40a74000 	C:\Windows\SYSTEM32\windows.storage.dll
0x00007ffb42e70000 - 0x00007ffb431c4000 	C:\Windows\System32\combase.dll
0x00007ffb41bc0000 - 0x00007ffb41bec000 	C:\Windows\SYSTEM32\Wldp.dll
0x00007ffb43420000 - 0x00007ffb434cd000 	C:\Windows\System32\SHCORE.dll
0x00007ffb42d20000 - 0x00007ffb42d75000 	C:\Windows\System32\shlwapi.dll
0x00007ffb42180000 - 0x00007ffb4219f000 	C:\Windows\SYSTEM32\profapi.dll
0x00007ffb2b520000 - 0x00007ffb2b539000 	C:\Users\bqrry\.jdks\corretto-11.0.14.1\bin\net.dll
0x00007ffb39e90000 - 0x00007ffb39f9a000 	C:\Windows\SYSTEM32\WINHTTP.dll
0x00007ffb419a0000 - 0x00007ffb41a0a000 	C:\Windows\system32\mswsock.dll
0x00007ffb2b4c0000 - 0x00007ffb2b4d3000 	C:\Users\bqrry\.jdks\corretto-11.0.14.1\bin\nio.dll
0x00007ffb1db60000 - 0x00007ffb1dbd5000 	C:\Users\bqrry\AppData\Local\Temp\lwjglBqrry\3.3.1-build-7\lwjgl.dll
0x00007ffb0a580000 - 0x00007ffb0a5e1000 	C:\Users\bqrry\AppData\Local\Temp\lwjglBqrry\3.3.1-build-7\glfw.dll
0x00007ffb1a480000 - 0x00007ffb1a4c5000 	C:\Windows\SYSTEM32\dinput8.dll
0x00007ffb1ea00000 - 0x00007ffb1ea11000 	C:\Windows\SYSTEM32\xinput1_4.dll
0x00007ffb42b00000 - 0x00007ffb42b4e000 	C:\Windows\System32\cfgmgr32.dll
0x00007ffb41ff0000 - 0x00007ffb4201c000 	C:\Windows\SYSTEM32\DEVOBJ.dll
0x00007ffb3f9d0000 - 0x00007ffb3f9ff000 	C:\Windows\SYSTEM32\dwmapi.dll
0x00007ffb20060000 - 0x00007ffb201b2000 	C:\Windows\SYSTEM32\inputhost.dll
0x00007ffb43780000 - 0x00007ffb4384d000 	C:\Windows\System32\OLEAUT32.dll
0x00007ffb3f3e0000 - 0x00007ffb3f4d2000 	C:\Windows\SYSTEM32\CoreMessaging.dll
0x00007ffb3dce0000 - 0x00007ffb3de34000 	C:\Windows\SYSTEM32\wintypes.dll
0x00007ffb3d970000 - 0x00007ffb3da66000 	C:\Windows\SYSTEM32\PROPSYS.dll
0x00007ffb3f080000 - 0x00007ffb3f3de000 	C:\Windows\SYSTEM32\CoreUIComponents.dll
0x00007ffb40f00000 - 0x00007ffb40f33000 	C:\Windows\SYSTEM32\ntmarta.dll
0x00007ffb3f7e0000 - 0x00007ffb3f87e000 	C:\Windows\system32\uxtheme.dll
0x00007ffb42c00000 - 0x00007ffb42d15000 	C:\Windows\System32\MSCTF.dll
0x00007ffb1b460000 - 0x00007ffb1b586000 	C:\Windows\SYSTEM32\opengl32.dll
0x00007ffb1c710000 - 0x00007ffb1c73c000 	C:\Windows\SYSTEM32\GLU32.dll
0x00007ffb43540000 - 0x00007ffb435e9000 	C:\Windows\System32\clbcatq.dll
0x00007ffafdfb0000 - 0x00007ffafef7a000 	C:\Windows\System32\DriverStore\FileRepository\iigd_dch.inf_amd64_5d54dd32fa1ef4d4\ig9icd64.dll
0x00007ffb43ba0000 - 0x00007ffb43cca000 	C:\Windows\System32\ole32.dll
0x00007ffb40b00000 - 0x00007ffb40bf3000 	C:\Windows\system32\dxgi.dll
0x00007ffb32110000 - 0x00007ffb3234f000 	C:\Windows\System32\DriverStore\FileRepository\iigd_dch.inf_amd64_5d54dd32fa1ef4d4\igdgmm64.dll
0x00007ffb2f490000 - 0x00007ffb32059000 	C:\Windows\System32\DriverStore\FileRepository\iigd_dch.inf_amd64_5d54dd32fa1ef4d4\igc64.dll
0x00007ffb417d0000 - 0x00007ffb4181b000 	C:\Windows\SYSTEM32\powrprof.dll
0x00007ffb41640000 - 0x00007ffb41652000 	C:\Windows\SYSTEM32\UMPDC.dll
0x00007ffb22450000 - 0x00007ffb22549000 	C:\Windows\SYSTEM32\textinputframework.dll
0x00007ffb09d50000 - 0x00007ffb09dad000 	C:\Users\bqrry\AppData\Local\Temp\lwjglBqrry\3.3.1-build-7\lwjgl_opengl.dll
0x00007ffb09ae0000 - 0x00007ffb09b61000 	C:\Users\bqrry\AppData\Local\Temp\lwjglBqrry\3.3.1-build-7\lwjgl_stb.dll
0x00007ffb41c00000 - 0x00007ffb41c18000 	C:\Windows\SYSTEM32\CRYPTSP.dll
0x00007ffb412d0000 - 0x00007ffb41304000 	C:\Windows\system32\rsaenh.dll
0x00007ffb42770000 - 0x00007ffb42797000 	C:\Windows\System32\bcrypt.dll
0x00007ffb42140000 - 0x00007ffb4216e000 	C:\Windows\SYSTEM32\USERENV.dll
0x00007ffb41b30000 - 0x00007ffb41b3c000 	C:\Windows\SYSTEM32\CRYPTBASE.dll
0x00007ffb41660000 - 0x00007ffb4169b000 	C:\Windows\SYSTEM32\IPHLPAPI.DLL
0x00007ffb43530000 - 0x00007ffb43538000 	C:\Windows\System32\NSI.dll
0x00007ffb3aff0000 - 0x00007ffb3b007000 	C:\Windows\SYSTEM32\dhcpcsvc6.DLL
0x00007ffb3afd0000 - 0x00007ffb3afed000 	C:\Windows\SYSTEM32\dhcpcsvc.DLL
0x00007ffb416a0000 - 0x00007ffb4176b000 	C:\Windows\SYSTEM32\DNSAPI.dll
0x000000006d580000 - 0x000000006d63d000 	C:\Users\bqrry\AppData\Local\Temp\sqlite-3.8.11.2-ae3cb71a-05f0-44a9-980b-451749409361-sqlitejdbc.dll

dbghelp: loaded successfully - version: 4.0.5 - missing functions: none
symbol engine: initialized successfully - sym options: 0x614 - pdb path: .;C:\Users\bqrry\.jdks\corretto-11.0.14.1\bin;C:\Windows\SYSTEM32;C:\Windows\WinSxS\amd64_microsoft.windows.common-controls_6595b64144ccf1df_6.0.19041.1110_none_60b5254171f9507e;C:\Users\bqrry\.jdks\corretto-11.0.14.1\bin\server;C:\Users\bqrry\AppData\Local\Temp\lwjglBqrry\3.3.1-build-7;C:\Windows\System32\DriverStore\FileRepository\iigd_dch.inf_amd64_5d54dd32fa1ef4d4;C:\Users\bqrry\AppData\Local\Temp

VM Arguments:
jvm_args: -Dfile.encoding=windows-1252 -Duser.country=US -Duser.language=en -Duser.variant 
java_command: Main
java_class_path (initial): C:\Users\bqrry\Desktop\trash stuff\STUDY\PAOO\PAOO_Project\build\classes\java\main;C:\Users\bqrry\Desktop\trash stuff\STUDY\PAOO\PAOO_Project\build\resources\main;C:\Users\bqrry\.gradle\caches\modules-2\files-2.1\org.lwjgl\lwjgl-assimp\3.3.1\312072f451794f25670aebb0160ce6ec88aff842\lwjgl-assimp-3.3.1.jar;C:\Users\bqrry\.gradle\caches\modules-2\files-2.1\org.lwjgl\lwjgl-assimp\3.3.1\bfa2a0d57acbf952b716d0ad8a3acbd7ad9f5639\lwjgl-assimp-3.3.1-natives-windows.jar;C:\Users\bqrry\.gradle\caches\modules-2\files-2.1\org.lwjgl\lwjgl-glfw\3.3.1\cbac1b8d30cb4795149c1ef540f912671a8616d0\lwjgl-glfw-3.3.1.jar;C:\Users\bqrry\.gradle\caches\modules-2\files-2.1\org.lwjgl\lwjgl-glfw\3.3.1\ed892f945cf7e79c8756796f32d00fa4ceaf573b\lwjgl-glfw-3.3.1-natives-windows.jar;C:\Users\bqrry\.gradle\caches\modules-2\files-2.1\org.lwjgl\lwjgl-nfd\3.3.1\622318116996ddcff449b46cb38f0fdee39b8ac3\lwjgl-nfd-3.3.1.jar;C:\Users\bqrry\.gradle\caches\modules-2\files-2.1\org.lwjgl\lwjgl-nfd\3.3.1\869fe532a50455e8b2d924f498bfb95f80b41aed\lwjgl-nfd-3.3.1-natives-windows.jar;C:\Users\bqrry\.gradle\caches\modules-2\files-2.1\org.lwjgl\lwjgl-openal\3.3.1\2623a6b8ae1dfcd880738656a9f0243d2e6840bd\lwjgl-openal-3.3.1.jar;C:\Users\bqrry\.gradle\caches\modules-2\files-2.1\org.lwjgl\lwjgl-openal\3.3.1\30a474d0e57193d7bc128849a3ab66bc9316fdb1\lwjgl-openal-3.3.1-natives-windows.jar;C:\Users\bqrry\.gradle\caches\modules-2\files-2.1\org.lwjgl\lwjgl-opengl\3.3.1\831a5533a21a5f4f81bbc51bb13e9899319b5411\lwjgl-opengl-3.3.1.jar;C:\Users\bqrry\.gradle\caches\modules-2\files-2.1\org.lwjgl\lwjgl-opengl\3.3.1\c1807e9bd571402787d7e37e3029776ae2513bb8\lwjgl-opengl-3.3.1-natives-windows.jar;C:\Users\bqrry\.gradle\caches\modules-2\files-2.1\org.lwjgl\lwjgl-stb\3.3.1\b119297cf8ed01f247abe8685857f8e7fcf5980f\lwjgl-stb-3.3.1.jar;C:\Users\bqrry\.gradle\caches\modules-2\files-2.1\org.lwjgl\lwjgl-stb\3.3.1\86315914ac119efdb02dc9e8e978ade84f1702af\lwjgl-stb-3.3.1-natives-windows.jar;C:\Users\bqrry\.gradle\cache
Launcher Type: SUN_STANDARD

[Global flags]
     intx CICompilerCount                          = 4                                         {product} {ergonomic}
     uint ConcGCThreads                            = 3                                         {product} {ergonomic}
     uint G1ConcRefinementThreads                  = 10                                        {product} {ergonomic}
   size_t G1HeapRegionSize                         = 2097152                                   {product} {ergonomic}
    uintx GCDrainStackTargetSize                   = 64                                        {product} {ergonomic}
   size_t InitialHeapSize                          = 536870912                                 {product} {ergonomic}
   size_t MarkStackSize                            = 4194304                                   {product} {ergonomic}
   size_t MaxHeapSize                              = 8558477312                                {product} {ergonomic}
   size_t MaxNewSize                               = 5133828096                                {product} {ergonomic}
   size_t MinHeapDeltaBytes                        = 2097152                                   {product} {ergonomic}
    uintx NonNMethodCodeHeapSize                   = 5836300                                {pd product} {ergonomic}
    uintx NonProfiledCodeHeapSize                  = 122910970                              {pd product} {ergonomic}
    uintx ProfiledCodeHeapSize                     = 122910970                              {pd product} {ergonomic}
    uintx ReservedCodeCacheSize                    = 251658240                              {pd product} {ergonomic}
     bool SegmentedCodeCache                       = true                                      {product} {ergonomic}
     bool UseCompressedClassPointers               = true                                 {lp64_product} {ergonomic}
     bool UseCompressedOops                        = true                                 {lp64_product} {ergonomic}
     bool UseG1GC                                  = true                                      {product} {ergonomic}
     bool UseLargePagesIndividualAllocation        = false                                  {pd product} {ergonomic}

Logging:
Log output configuration:
 #0: stdout all=warning uptime,level,tags
 #1: stderr all=off uptime,level,tags

Environment Variables:
PATH=C:\Program Files (x86)\Common Files\Oracle\Java\javapath;C:\Program Files (x86)\VMware\VMware Workstation\bin\;C:\Windows\system32;C:\Windows;C:\Windows\System32\Wbem;C:\Windows\System32\WindowsPowerShell\v1.0\;C:\Windows\System32\OpenSSH\;C:\Program Files\NVIDIA Corporation\NVIDIA NvDLISR;C:\Program Files\Microsoft SQL Server\150\Tools\Binn\;C:\Program Files\dotnet\;C:\Program Files\Git\cmd;C:\Users\bqrry\AppData\Local\Microsoft\WindowsApps;C:\Users\bqrry\.dotnet\tools;C:\Program Files\JetBrains\IntelliJ IDEA Community Edition 2021.3.2\bin;
USERNAME=Bqrry
OS=Windows_NT
PROCESSOR_IDENTIFIER=Intel64 Family 6 Model 158 Stepping 10, GenuineIntel



---------------  S Y S T E M  ---------------

OS: Windows 10 , 64 bit Build 19041 (10.0.19041.1706)
OS uptime: 0 days 12:01 hours
Hyper-V role detected

CPU:total 12 (initial active 12) (6 cores per cpu, 2 threads per core) family 6 model 158 stepping 10 microcode 0xea, cmov, cx8, fxsr, mmx, sse, sse2, sse3, ssse3, sse4.1, sse4.2, popcnt, avx, avx2, aes, clmul, erms, 3dnowpref, lzcnt, ht, tsc, tscinvbit, bmi1, bmi2, adx, fma

Memory: 4k page, system-wide physical 32647M (22896M free)
TotalPageFile size 37511M (AvailPageFile size 26051M)
current process WorkingSet (physical memory assigned to process): 116M, peak: 153M
current process commit charge ("private bytes"): 641M, peak: 663M

vm_info: OpenJDK 64-Bit Server VM (11.0.14.1+10-LTS) for windows-amd64 JRE (11.0.14.1+10-LTS), built on Feb  8 2022 00:13:20 by "Administrator" with unknown MS VC++:1916

END.
